
Showing Recent Issues

Build target powernapv2new Watch App of project powernapv2new with configuration Debug

SwiftCompile normal arm64_32 Compiling\ ContentView.swift,\ PowerNapServices.swift /Users/michaellee/Documents/powernapv2new/powernapv2new\ Watch\ App/ContentView.swift /Users/michaellee/Documents/powernapv2new/powernapv2new\ Watch\ App/PowerNapServices.swift (in target 'powernapv2new Watch App' from project 'powernapv2new')
    cd /Users/michaellee/Documents/powernapv2new
    builtin-swiftTaskExecution -- /Applications/Xcode.app/Contents/Developer/Toolchains/XcodeDefault.xctoolchain/usr/bin/swift-frontend -frontend -c /Users/michaellee/Documents/powernapv2new/powernapv2new\ Watch\ App/Models/SharedTypes.swift /Users/michaellee/Documents/powernapv2new/powernapv2new\ Watch\ App/Models/UserSleepProfile.swift /Users/michaellee/Documents/powernapv2new/powernapv2new\ Watch\ App/Services/AdaptiveThresholdSystem.swift /Users/michaellee/Documents/powernapv2new/powernapv2new\ Watch\ App/Services/HeartRateAnomalyTracker.swift /Users/michaellee/Documents/powernapv2new/powernapv2new\ Watch\ App/Services/HeartRateService.swift /Users/michaellee/Documents/powernapv2new/powernapv2new\ Watch\ App/Services/HeartRateThresholdOptimizer.swift /Users/michaellee/Documents/powernapv2new/powernapv2new\ Watch\ App/Services/EnhancedLogManager.swift /Users/michaellee/Documents/powernapv2new/powernapv2new\ Watch\ App/Services/LogMigrationHelper.swift /Users/michaellee/Documents/powernapv2new/powernapv2new\ Watch\ App/Services/MotionService.swift /Users/michaellee/Documents/powernapv2new/powernapv2new\ Watch\ App/Services/SlidingWindow.swift /Users/michaellee/Documents/powernapv2new/powernapv2new\ Watch\ App/Views/MinimumNapDurationCalculator.swift /Users/michaellee/Documents/powernapv2new/powernapv2new\ Watch\ App/Views/SleepConfirmationTimeButton.swift /Users/michaellee/Documents/powernapv2new/powernapv2new\ Watch\ App/Views/SleepConfirmationTimeSettingView.swift -primary-file /Users/michaellee/Documents/powernapv2new/powernapv2new\ Watch\ App/ContentView.swift -primary-file /Users/michaellee/Documents/powernapv2new/powernapv2new\ Watch\ App/PowerNapServices.swift /Users/michaellee/Documents/powernapv2new/powernapv2new\ Watch\ App/powernapv2newApp.swift /Users/michaellee/Documents/powernapv2new/powernapv2new\ Watch\ App/SleepDetectionCoordinator.swift /Users/michaellee/Documents/powernapv2new/powernapv2new\ Watch\ App/SleepServices.swift /Users/michaellee/Library/Developer/Xcode/DerivedData/powernapv2new-aqnqdjigpfxhhbaezrjmudzroopa/Build/Intermediates.noindex/powernapv2new.build/Debug-watchos/powernapv2new\ Watch\ App.build/DerivedSources/GeneratedAssetSymbols.swift -emit-dependencies-path /Users/michaellee/Library/Developer/Xcode/DerivedData/powernapv2new-aqnqdjigpfxhhbaezrjmudzroopa/Build/Intermediates.noindex/powernapv2new.build/Debug-watchos/powernapv2new\ Watch\ App.build/Objects-normal/arm64_32/ContentView.d -emit-const-values-path /Users/michaellee/Library/Developer/Xcode/DerivedData/powernapv2new-aqnqdjigpfxhhbaezrjmudzroopa/Build/Intermediates.noindex/powernapv2new.build/Debug-watchos/powernapv2new\ Watch\ App.build/Objects-normal/arm64_32/ContentView.swiftconstvalues -emit-reference-dependencies-path /Users/michaellee/Library/Developer/Xcode/DerivedData/powernapv2new-aqnqdjigpfxhhbaezrjmudzroopa/Build/Intermediates.noindex/powernapv2new.build/Debug-watchos/powernapv2new\ Watch\ App.build/Objects-normal/arm64_32/ContentView.swiftdeps -serialize-diagnostics-path /Users/michaellee/Library/Developer/Xcode/DerivedData/powernapv2new-aqnqdjigpfxhhbaezrjmudzroopa/Build/Intermediates.noindex/powernapv2new.build/Debug-watchos/powernapv2new\ Watch\ App.build/Objects-normal/arm64_32/ContentView.dia -emit-dependencies-path /Users/michaellee/Library/Developer/Xcode/DerivedData/powernapv2new-aqnqdjigpfxhhbaezrjmudzroopa/Build/Intermediates.noindex/powernapv2new.build/Debug-watchos/powernapv2new\ Watch\ App.build/Objects-normal/arm64_32/PowerNapServices.d -emit-const-values-path /Users/michaellee/Library/Developer/Xcode/DerivedData/powernapv2new-aqnqdjigpfxhhbaezrjmudzroopa/Build/Intermediates.noindex/powernapv2new.build/Debug-watchos/powernapv2new\ Watch\ App.build/Objects-normal/arm64_32/PowerNapServices.swiftconstvalues -emit-reference-dependencies-path /Users/michaellee/Library/Developer/Xcode/DerivedData/powernapv2new-aqnqdjigpfxhhbaezrjmudzroopa/Build/Intermediates.noindex/powernapv2new.build/Debug-watchos/powernapv2new\ Watch\ App.build/Objects-normal/arm64_32/PowerNapServices.swiftdeps -serialize-diagnostics-path /Users/michaellee/Library/Developer/Xcode/DerivedData/powernapv2new-aqnqdjigpfxhhbaezrjmudzroopa/Build/Intermediates.noindex/powernapv2new.build/Debug-watchos/powernapv2new\ Watch\ App.build/Objects-normal/arm64_32/PowerNapServices.dia -emit-localized-strings -emit-localized-strings-path /Users/michaellee/Library/Developer/Xcode/DerivedData/powernapv2new-aqnqdjigpfxhhbaezrjmudzroopa/Build/Intermediates.noindex/powernapv2new.build/Debug-watchos/powernapv2new\ Watch\ App.build/Objects-normal/arm64_32 -target arm64_32-apple-watchos11.2 -enable-objc-interop -sdk /Applications/Xcode.app/Contents/Developer/Platforms/WatchOS.platform/Developer/SDKs/WatchOS11.2.sdk -I /Users/michaellee/Library/Developer/Xcode/DerivedData/powernapv2new-aqnqdjigpfxhhbaezrjmudzroopa/Build/Products/Debug-watchos -F /Users/michaellee/Library/Developer/Xcode/DerivedData/powernapv2new-aqnqdjigpfxhhbaezrjmudzroopa/Build/Products/Debug-watchos -no-color-diagnostics -enable-testing -g -debug-info-format\=dwarf -dwarf-version\=5 -module-cache-path /Users/michaellee/Library/Developer/Xcode/DerivedData/ModuleCache.noindex -profile-generate -profile-coverage-mapping -swift-version 5 -enforce-exclusivity\=checked -Onone -D DEBUG -serialize-debugging-options -const-gather-protocols-file /Users/michaellee/Library/Developer/Xcode/DerivedData/powernapv2new-aqnqdjigpfxhhbaezrjmudzroopa/Build/Intermediates.noindex/powernapv2new.build/Debug-watchos/powernapv2new\ Watch\ App.build/Objects-normal/arm64_32/powernapv2new\ Watch\ App_const_extract_protocols.json -enable-experimental-feature DebugDescriptionMacro -enable-experimental-feature OpaqueTypeErasure -enable-bare-slash-regex -empty-abi-descriptor -validate-clang-modules-once -clang-build-session-file /Users/michaellee/Library/Developer/Xcode/DerivedData/ModuleCache.noindex/Session.modulevalidation -Xcc -working-directory -Xcc /Users/michaellee/Documents/powernapv2new -resource-dir /Applications/Xcode.app/Contents/Developer/Toolchains/XcodeDefault.xctoolchain/usr/lib/swift -enable-anonymous-context-mangled-names -file-compilation-dir /Users/michaellee/Documents/powernapv2new -Xcc -D_LIBCPP_HARDENING_MODE\=_LIBCPP_HARDENING_MODE_DEBUG -Xcc -ivfsstatcache -Xcc /Users/michaellee/Library/Developer/Xcode/DerivedData/SDKStatCaches.noindex/watchos11.2-22S97-0b3b2baea7cb8f92e0e7a0ebd9acdf21.sdkstatcache -Xcc -I/Users/michaellee/Library/Developer/Xcode/DerivedData/powernapv2new-aqnqdjigpfxhhbaezrjmudzroopa/Build/Intermediates.noindex/powernapv2new.build/Debug-watchos/powernapv2new\ Watch\ App.build/swift-overrides.hmap -Xcc -iquote -Xcc /Users/michaellee/Library/Developer/Xcode/DerivedData/powernapv2new-aqnqdjigpfxhhbaezrjmudzroopa/Build/Intermediates.noindex/powernapv2new.build/Debug-watchos/powernapv2new\ Watch\ App.build/powernapv2new\ Watch\ App-generated-files.hmap -Xcc -I/Users/michaellee/Library/Developer/Xcode/DerivedData/powernapv2new-aqnqdjigpfxhhbaezrjmudzroopa/Build/Intermediates.noindex/powernapv2new.build/Debug-watchos/powernapv2new\ Watch\ App.build/powernapv2new\ Watch\ App-own-target-headers.hmap -Xcc -I/Users/michaellee/Library/Developer/Xcode/DerivedData/powernapv2new-aqnqdjigpfxhhbaezrjmudzroopa/Build/Intermediates.noindex/powernapv2new.build/Debug-watchos/powernapv2new\ Watch\ App.build/powernapv2new\ Watch\ App-all-target-headers.hmap -Xcc -iquote -Xcc /Users/michaellee/Library/Developer/Xcode/DerivedData/powernapv2new-aqnqdjigpfxhhbaezrjmudzroopa/Build/Intermediates.noindex/powernapv2new.build/Debug-watchos/powernapv2new\ Watch\ App.build/powernapv2new\ Watch\ App-project-headers.hmap -Xcc -I/Users/michaellee/Library/Developer/Xcode/DerivedData/powernapv2new-aqnqdjigpfxhhbaezrjmudzroopa/Build/Products/Debug-watchos/include -Xcc -I/Users/michaellee/Library/Developer/Xcode/DerivedData/powernapv2new-aqnqdjigpfxhhbaezrjmudzroopa/Build/Intermediates.noindex/powernapv2new.build/Debug-watchos/powernapv2new\ Watch\ App.build/DerivedSources-normal/arm64_32 -Xcc -I/Users/michaellee/Library/Developer/Xcode/DerivedData/powernapv2new-aqnqdjigpfxhhbaezrjmudzroopa/Build/Intermediates.noindex/powernapv2new.build/Debug-watchos/powernapv2new\ Watch\ App.build/DerivedSources/arm64_32 -Xcc -I/Users/michaellee/Library/Developer/Xcode/DerivedData/powernapv2new-aqnqdjigpfxhhbaezrjmudzroopa/Build/Intermediates.noindex/powernapv2new.build/Debug-watchos/powernapv2new\ Watch\ App.build/DerivedSources -Xcc -DDEBUG\=1 -module-name powernapv2new_Watch_App -frontend-parseable-output -disable-clang-spi -target-sdk-version 11.2 -target-sdk-name watchos11.2 -external-plugin-path /Applications/Xcode.app/Contents/Developer/Platforms/WatchOS.platform/Developer/usr/lib/swift/host/plugins\#/Applications/Xcode.app/Contents/Developer/Platforms/WatchOS.platform/Developer/usr/bin/swift-plugin-server -external-plugin-path /Applications/Xcode.app/Contents/Developer/Platforms/WatchOS.platform/Developer/usr/local/lib/swift/host/plugins\#/Applications/Xcode.app/Contents/Developer/Platforms/WatchOS.platform/Developer/usr/bin/swift-plugin-server -plugin-path /Applications/Xcode.app/Contents/Developer/Toolchains/XcodeDefault.xctoolchain/usr/lib/swift/host/plugins -plugin-path /Applications/Xcode.app/Contents/Developer/Toolchains/XcodeDefault.xctoolchain/usr/local/lib/swift/host/plugins -o /Users/michaellee/Library/Developer/Xcode/DerivedData/powernapv2new-aqnqdjigpfxhhbaezrjmudzroopa/Build/Intermediates.noindex/powernapv2new.build/Debug-watchos/powernapv2new\ Watch\ App.build/Objects-normal/arm64_32/ContentView.o -o /Users/michaellee/Library/Developer/Xcode/DerivedData/powernapv2new-aqnqdjigpfxhhbaezrjmudzroopa/Build/Intermediates.noindex/powernapv2new.build/Debug-watchos/powernapv2new\ Watch\ App.build/Objects-normal/arm64_32/PowerNapServices.o -index-unit-output-path /powernapv2new.build/Debug-watchos/powernapv2new\ Watch\ App.build/Objects-normal/arm64_32/ContentView.o -index-unit-output-path /powernapv2new.build/Debug-watchos/powernapv2new\ Watch\ App.build/Objects-normal/arm64_32/PowerNapServices.o -index-store-path /Users/michaellee/Library/Developer/Xcode/DerivedData/powernapv2new-aqnqdjigpfxhhbaezrjmudzroopa/Index.noindex/DataStore -index-system-modules

SwiftCompile normal arm64_32 /Users/michaellee/Documents/powernapv2new/powernapv2new\ Watch\ App/ContentView.swift (in target 'powernapv2new Watch App' from project 'powernapv2new')
    cd /Users/michaellee/Documents/powernapv2new
    /Applications/Xcode.app/Contents/Developer/Toolchains/XcodeDefault.xctoolchain/usr/bin/swift-frontend -c /Users/michaellee/Documents/powernapv2new/powernapv2new\ Watch\ App/Models/SharedTypes.swift /Users/michaellee/Documents/powernapv2new/powernapv2new\ Watch\ App/Models/UserSleepProfile.swift /Users/michaellee/Documents/powernapv2new/powernapv2new\ Watch\ App/Services/AdaptiveThresholdSystem.swift /Users/michaellee/Documents/powernapv2new/powernapv2new\ Watch\ App/Services/HeartRateAnomalyTracker.swift /Users/michaellee/Documents/powernapv2new/powernapv2new\ Watch\ App/Services/HeartRateService.swift /Users/michaellee/Documents/powernapv2new/powernapv2new\ Watch\ App/Services/HeartRateThresholdOptimizer.swift /Users/michaellee/Documents/powernapv2new/powernapv2new\ Watch\ App/Services/EnhancedLogManager.swift /Users/michaellee/Documents/powernapv2new/powernapv2new\ Watch\ App/Services/LogMigrationHelper.swift /Users/michaellee/Documents/powernapv2new/powernapv2new\ Watch\ App/Services/MotionService.swift /Users/michaellee/Documents/powernapv2new/powernapv2new\ Watch\ App/Services/SlidingWindow.swift /Users/michaellee/Documents/powernapv2new/powernapv2new\ Watch\ App/Views/MinimumNapDurationCalculator.swift /Users/michaellee/Documents/powernapv2new/powernapv2new\ Watch\ App/Views/SleepConfirmationTimeButton.swift /Users/michaellee/Documents/powernapv2new/powernapv2new\ Watch\ App/Views/SleepConfirmationTimeSettingView.swift -primary-file /Users/michaellee/Documents/powernapv2new/powernapv2new\ Watch\ App/ContentView.swift -primary-file /Users/michaellee/Documents/powernapv2new/powernapv2new\ Watch\ App/PowerNapServices.swift /Users/michaellee/Documents/powernapv2new/powernapv2new\ Watch\ App/powernapv2newApp.swift /Users/michaellee/Documents/powernapv2new/powernapv2new\ Watch\ App/SleepDetectionCoordinator.swift /Users/michaellee/Documents/powernapv2new/powernapv2new\ Watch\ App/SleepServices.swift /Users/michaellee/Library/Developer/Xcode/DerivedData/powernapv2new-aqnqdjigpfxhhbaezrjmudzroopa/Build/Intermediates.noindex/powernapv2new.build/Debug-watchos/powernapv2new\ Watch\ App.build/DerivedSources/GeneratedAssetSymbols.swift -emit-dependencies-path /Users/michaellee/Library/Developer/Xcode/DerivedData/powernapv2new-aqnqdjigpfxhhbaezrjmudzroopa/Build/Intermediates.noindex/powernapv2new.build/Debug-watchos/powernapv2new\ Watch\ App.build/Objects-normal/arm64_32/ContentView.d -emit-const-values-path /Users/michaellee/Library/Developer/Xcode/DerivedData/powernapv2new-aqnqdjigpfxhhbaezrjmudzroopa/Build/Intermediates.noindex/powernapv2new.build/Debug-watchos/powernapv2new\ Watch\ App.build/Objects-normal/arm64_32/ContentView.swiftconstvalues -emit-reference-dependencies-path /Users/michaellee/Library/Developer/Xcode/DerivedData/powernapv2new-aqnqdjigpfxhhbaezrjmudzroopa/Build/Intermediates.noindex/powernapv2new.build/Debug-watchos/powernapv2new\ Watch\ App.build/Objects-normal/arm64_32/ContentView.swiftdeps -serialize-diagnostics-path /Users/michaellee/Library/Developer/Xcode/DerivedData/powernapv2new-aqnqdjigpfxhhbaezrjmudzroopa/Build/Intermediates.noindex/powernapv2new.build/Debug-watchos/powernapv2new\ Watch\ App.build/Objects-normal/arm64_32/ContentView.dia -emit-dependencies-path /Users/michaellee/Library/Developer/Xcode/DerivedData/powernapv2new-aqnqdjigpfxhhbaezrjmudzroopa/Build/Intermediates.noindex/powernapv2new.build/Debug-watchos/powernapv2new\ Watch\ App.build/Objects-normal/arm64_32/PowerNapServices.d -emit-const-values-path /Users/michaellee/Library/Developer/Xcode/DerivedData/powernapv2new-aqnqdjigpfxhhbaezrjmudzroopa/Build/Intermediates.noindex/powernapv2new.build/Debug-watchos/powernapv2new\ Watch\ App.build/Objects-normal/arm64_32/PowerNapServices.swiftconstvalues -emit-reference-dependencies-path /Users/michaellee/Library/Developer/Xcode/DerivedData/powernapv2new-aqnqdjigpfxhhbaezrjmudzroopa/Build/Intermediates.noindex/powernapv2new.build/Debug-watchos/powernapv2new\ Watch\ App.build/Objects-normal/arm64_32/PowerNapServices.swiftdeps -serialize-diagnostics-path /Users/michaellee/Library/Developer/Xcode/DerivedData/powernapv2new-aqnqdjigpfxhhbaezrjmudzroopa/Build/Intermediates.noindex/powernapv2new.build/Debug-watchos/powernapv2new\ Watch\ App.build/Objects-normal/arm64_32/PowerNapServices.dia -emit-localized-strings -emit-localized-strings-path /Users/michaellee/Library/Developer/Xcode/DerivedData/powernapv2new-aqnqdjigpfxhhbaezrjmudzroopa/Build/Intermediates.noindex/powernapv2new.build/Debug-watchos/powernapv2new\ Watch\ App.build/Objects-normal/arm64_32 -target arm64_32-apple-watchos11.2 -enable-objc-interop -sdk /Applications/Xcode.app/Contents/Developer/Platforms/WatchOS.platform/Developer/SDKs/WatchOS11.2.sdk -I /Users/michaellee/Library/Developer/Xcode/DerivedData/powernapv2new-aqnqdjigpfxhhbaezrjmudzroopa/Build/Products/Debug-watchos -F /Users/michaellee/Library/Developer/Xcode/DerivedData/powernapv2new-aqnqdjigpfxhhbaezrjmudzroopa/Build/Products/Debug-watchos -no-color-diagnostics -enable-testing -g -debug-info-format\=dwarf -dwarf-version\=5 -module-cache-path /Users/michaellee/Library/Developer/Xcode/DerivedData/ModuleCache.noindex -profile-generate -profile-coverage-mapping -swift-version 5 -enforce-exclusivity\=checked -Onone -D DEBUG -serialize-debugging-options -const-gather-protocols-file /Users/michaellee/Library/Developer/Xcode/DerivedData/powernapv2new-aqnqdjigpfxhhbaezrjmudzroopa/Build/Intermediates.noindex/powernapv2new.build/Debug-watchos/powernapv2new\ Watch\ App.build/Objects-normal/arm64_32/powernapv2new\ Watch\ App_const_extract_protocols.json -enable-experimental-feature DebugDescriptionMacro -enable-experimental-feature OpaqueTypeErasure -enable-bare-slash-regex -empty-abi-descriptor -validate-clang-modules-once -clang-build-session-file /Users/michaellee/Library/Developer/Xcode/DerivedData/ModuleCache.noindex/Session.modulevalidation -Xcc -working-directory -Xcc /Users/michaellee/Documents/powernapv2new -resource-dir /Applications/Xcode.app/Contents/Developer/Toolchains/XcodeDefault.xctoolchain/usr/lib/swift -enable-anonymous-context-mangled-names -file-compilation-dir /Users/michaellee/Documents/powernapv2new -Xcc -D_LIBCPP_HARDENING_MODE\=_LIBCPP_HARDENING_MODE_DEBUG -Xcc -ivfsstatcache -Xcc /Users/michaellee/Library/Developer/Xcode/DerivedData/SDKStatCaches.noindex/watchos11.2-22S97-0b3b2baea7cb8f92e0e7a0ebd9acdf21.sdkstatcache -Xcc -I/Users/michaellee/Library/Developer/Xcode/DerivedData/powernapv2new-aqnqdjigpfxhhbaezrjmudzroopa/Build/Intermediates.noindex/powernapv2new.build/Debug-watchos/powernapv2new\ Watch\ App.build/swift-overrides.hmap -Xcc -iquote -Xcc /Users/michaellee/Library/Developer/Xcode/DerivedData/powernapv2new-aqnqdjigpfxhhbaezrjmudzroopa/Build/Intermediates.noindex/powernapv2new.build/Debug-watchos/powernapv2new\ Watch\ App.build/powernapv2new\ Watch\ App-generated-files.hmap -Xcc -I/Users/michaellee/Library/Developer/Xcode/DerivedData/powernapv2new-aqnqdjigpfxhhbaezrjmudzroopa/Build/Intermediates.noindex/powernapv2new.build/Debug-watchos/powernapv2new\ Watch\ App.build/powernapv2new\ Watch\ App-own-target-headers.hmap -Xcc -I/Users/michaellee/Library/Developer/Xcode/DerivedData/powernapv2new-aqnqdjigpfxhhbaezrjmudzroopa/Build/Intermediates.noindex/powernapv2new.build/Debug-watchos/powernapv2new\ Watch\ App.build/powernapv2new\ Watch\ App-all-target-headers.hmap -Xcc -iquote -Xcc /Users/michaellee/Library/Developer/Xcode/DerivedData/powernapv2new-aqnqdjigpfxhhbaezrjmudzroopa/Build/Intermediates.noindex/powernapv2new.build/Debug-watchos/powernapv2new\ Watch\ App.build/powernapv2new\ Watch\ App-project-headers.hmap -Xcc -I/Users/michaellee/Library/Developer/Xcode/DerivedData/powernapv2new-aqnqdjigpfxhhbaezrjmudzroopa/Build/Products/Debug-watchos/include -Xcc -I/Users/michaellee/Library/Developer/Xcode/DerivedData/powernapv2new-aqnqdjigpfxhhbaezrjmudzroopa/Build/Intermediates.noindex/powernapv2new.build/Debug-watchos/powernapv2new\ Watch\ App.build/DerivedSources-normal/arm64_32 -Xcc -I/Users/michaellee/Library/Developer/Xcode/DerivedData/powernapv2new-aqnqdjigpfxhhbaezrjmudzroopa/Build/Intermediates.noindex/powernapv2new.build/Debug-watchos/powernapv2new\ Watch\ App.build/DerivedSources/arm64_32 -Xcc -I/Users/michaellee/Library/Developer/Xcode/DerivedData/powernapv2new-aqnqdjigpfxhhbaezrjmudzroopa/Build/Intermediates.noindex/powernapv2new.build/Debug-watchos/powernapv2new\ Watch\ App.build/DerivedSources -Xcc -DDEBUG\=1 -module-name powernapv2new_Watch_App -frontend-parseable-output -disable-clang-spi -target-sdk-version 11.2 -target-sdk-name watchos11.2 -external-plugin-path /Applications/Xcode.app/Contents/Developer/Platforms/WatchOS.platform/Developer/usr/lib/swift/host/plugins\#/Applications/Xcode.app/Contents/Developer/Platforms/WatchOS.platform/Developer/usr/bin/swift-plugin-server -external-plugin-path /Applications/Xcode.app/Contents/Developer/Platforms/WatchOS.platform/Developer/usr/local/lib/swift/host/plugins\#/Applications/Xcode.app/Contents/Developer/Platforms/WatchOS.platform/Developer/usr/bin/swift-plugin-server -plugin-path /Applications/Xcode.app/Contents/Developer/Toolchains/XcodeDefault.xctoolchain/usr/lib/swift/host/plugins -plugin-path /Applications/Xcode.app/Contents/Developer/Toolchains/XcodeDefault.xctoolchain/usr/local/lib/swift/host/plugins -o /Users/michaellee/Library/Developer/Xcode/DerivedData/powernapv2new-aqnqdjigpfxhhbaezrjmudzroopa/Build/Intermediates.noindex/powernapv2new.build/Debug-watchos/powernapv2new\ Watch\ App.build/Objects-normal/arm64_32/ContentView.o -o /Users/michaellee/Library/Developer/Xcode/DerivedData/powernapv2new-aqnqdjigpfxhhbaezrjmudzroopa/Build/Intermediates.noindex/powernapv2new.build/Debug-watchos/powernapv2new\ Watch\ App.build/Objects-normal/arm64_32/PowerNapServices.o -index-unit-output-path /powernapv2new.build/Debug-watchos/powernapv2new\ Watch\ App.build/Objects-normal/arm64_32/ContentView.o -index-unit-output-path /powernapv2new.build/Debug-watchos/powernapv2new\ Watch\ App.build/Objects-normal/arm64_32/PowerNapServices.o -index-store-path /Users/michaellee/Library/Developer/Xcode/DerivedData/powernapv2new-aqnqdjigpfxhhbaezrjmudzroopa/Index.noindex/DataStore -index-system-modules

/Users/michaellee/Documents/powernapv2new/powernapv2new Watch App/ContentView.swift:325:35: error: value of type 'PowerNapViewModel' has no dynamic member 'simulateScenario1Feedback' using key path from root type 'PowerNapViewModel'
                        viewModel.simulateScenario1Feedback()
                        ~~~~~~~~~ ^~~~~~~~~~~~~~~~~~~~~~~~~
/Users/michaellee/Documents/powernapv2new/powernapv2new Watch App/ContentView.swift:325:25: error: referencing subscript 'subscript(dynamicMember:)' requires wrapper 'ObservedObject<PowerNapViewModel>.Wrapper'
                        viewModel.simulateScenario1Feedback()
                        ^
                        $
/Users/michaellee/Documents/powernapv2new/powernapv2new Watch App/ContentView.swift:325:35: error: cannot call value of non-function type 'Binding<Subject>'
                        viewModel.simulateScenario1Feedback()
                                  ^                        ~~
                                                           
/Users/michaellee/Documents/powernapv2new/powernapv2new Watch App/ContentView.swift:1279:25: error: no exact matches in call to initializer 
                return (Int(line[timeRange]), "不變")
Swift.Int:7:12: note: candidate expects value of type 'Float16' for parameter #1 (got 'Substring')
    public init(_ source: Float16)
           ^
Swift.Int:10:12: note: candidate expects value of type 'Float' for parameter #1 (got 'Substring')
    public init(_ source: Float)
           ^
Swift.Int:12:12: note: candidate expects value of type 'Double' for parameter #1 (got 'Substring')
    public init(_ source: Double)
           ^
Swift.Int:26:12: note: candidate expects value of type 'Builtin.Int32' for parameter #1 (got 'Substring')
    public init(_ _value: Builtin.Int32)
           ^
Swift.Int:59:12: note: candidate expects value of type 'Builtin.Word' for parameter #1 (got 'Substring')
    public init(_ _v: Builtin.Word)
           ^
CoreFoundation.Int:3:12: note: candidate expects value of type 'CGFloat' for parameter #1 (got 'Substring')
    public init(_ value: CGFloat)
           ^
Foundation.Int:4:12: note: candidate expects value of type 'NSNumber' for parameter #1 (got 'Substring')
    public init(_ number: __shared NSNumber)
           ^
/Users/michaellee/Documents/powernapv2new/powernapv2new Watch App/ContentView.swift:1494:43: error: value of type 'PowerNapViewModel' has no dynamic member 'setFragmentedSleepMode' using key path from root type 'PowerNapViewModel'
                                viewModel.setFragmentedSleepMode(false)
                                ~~~~~~~~~ ^~~~~~~~~~~~~~~~~~~~~~
/Users/michaellee/Documents/powernapv2new/powernapv2new Watch App/ContentView.swift:1494:33: error: referencing subscript 'subscript(dynamicMember:)' requires wrapper 'ObservedObject<PowerNapViewModel>.Wrapper'
                                viewModel.setFragmentedSleepMode(false)
                                ^
                                $
/Users/michaellee/Documents/powernapv2new/powernapv2new Watch App/ContentView.swift:1494:43: error: cannot call value of non-function type 'Binding<Subject>'
                                viewModel.setFragmentedSleepMode(false)
                                          ^
/Users/michaellee/Documents/powernapv2new/powernapv2new Watch App/ContentView.swift:1759:31: error: cannot call value of non-function type 'Binding<Subject>'
                    viewModel.stopAlarm()
                              ^        ~~
                                       
/Users/michaellee/Documents/powernapv2new/powernapv2new Watch App/ContentView.swift:1759:31: error: value of type 'PowerNapViewModel' has no dynamic member 'stopAlarm' using key path from root type 'PowerNapViewModel'
                    viewModel.stopAlarm()
                    ~~~~~~~~~ ^~~~~~~~~
/Users/michaellee/Documents/powernapv2new/powernapv2new Watch App/ContentView.swift:1759:21: error: referencing subscript 'subscript(dynamicMember:)' requires wrapper 'ObservedObject<PowerNapViewModel>.Wrapper'
                    viewModel.stopAlarm()
                    ^
                    $
/Users/michaellee/Documents/powernapv2new/powernapv2new Watch App/ContentView.swift:2301:46: error: value of type 'PowerNapViewModel' has no dynamic member 'setFragmentedSleepMode' using key path from root type 'PowerNapViewModel'
                            set: { viewModel.setFragmentedSleepMode($0) }
                                   ~~~~~~~~~ ^~~~~~~~~~~~~~~~~~~~~~
/Users/michaellee/Documents/powernapv2new/powernapv2new Watch App/ContentView.swift:2301:36: error: referencing subscript 'subscript(dynamicMember:)' requires wrapper 'ObservedObject<PowerNapViewModel>.Wrapper'
                            set: { viewModel.setFragmentedSleepMode($0) }
                                   ^
                                   $
/Users/michaellee/Documents/powernapv2new/powernapv2new Watch App/ContentView.swift:2301:46: error: cannot call value of non-function type 'Binding<Subject>'
                            set: { viewModel.setFragmentedSleepMode($0) }
                                             ^

/Users/michaellee/Documents/powernapv2new/powernapv2new Watch App/ContentView.swift:325:35: Value of type 'PowerNapViewModel' has no dynamic member 'simulateScenario1Feedback' using key path from root type 'PowerNapViewModel'

/Users/michaellee/Documents/powernapv2new/powernapv2new Watch App/ContentView.swift:325:25: Referencing subscript 'subscript(dynamicMember:)' requires wrapper 'ObservedObject<PowerNapViewModel>.Wrapper'

/Users/michaellee/Documents/powernapv2new/powernapv2new Watch App/ContentView.swift:325:35: Cannot call value of non-function type 'Binding<Subject>'

/Users/michaellee/Documents/powernapv2new/powernapv2new Watch App/ContentView.swift:1279:25: No exact matches in call to initializer 

/Users/michaellee/Documents/powernapv2new/powernapv2new Watch App/ContentView.swift:1494:43: Value of type 'PowerNapViewModel' has no dynamic member 'setFragmentedSleepMode' using key path from root type 'PowerNapViewModel'

/Users/michaellee/Documents/powernapv2new/powernapv2new Watch App/ContentView.swift:1494:33: Referencing subscript 'subscript(dynamicMember:)' requires wrapper 'ObservedObject<PowerNapViewModel>.Wrapper'

/Users/michaellee/Documents/powernapv2new/powernapv2new Watch App/ContentView.swift:1494:43: Cannot call value of non-function type 'Binding<Subject>'

/Users/michaellee/Documents/powernapv2new/powernapv2new Watch App/ContentView.swift:1759:31: Cannot call value of non-function type 'Binding<Subject>'

/Users/michaellee/Documents/powernapv2new/powernapv2new Watch App/ContentView.swift:1759:31: Value of type 'PowerNapViewModel' has no dynamic member 'stopAlarm' using key path from root type 'PowerNapViewModel'

/Users/michaellee/Documents/powernapv2new/powernapv2new Watch App/ContentView.swift:1759:21: Referencing subscript 'subscript(dynamicMember:)' requires wrapper 'ObservedObject<PowerNapViewModel>.Wrapper'

/Users/michaellee/Documents/powernapv2new/powernapv2new Watch App/ContentView.swift:2301:46: Value of type 'PowerNapViewModel' has no dynamic member 'setFragmentedSleepMode' using key path from root type 'PowerNapViewModel'

/Users/michaellee/Documents/powernapv2new/powernapv2new Watch App/ContentView.swift:2301:36: Referencing subscript 'subscript(dynamicMember:)' requires wrapper 'ObservedObject<PowerNapViewModel>.Wrapper'

/Users/michaellee/Documents/powernapv2new/powernapv2new Watch App/ContentView.swift:2301:46: Cannot call value of non-function type 'Binding<Subject>'

SwiftCompile normal arm64_32 /Users/michaellee/Documents/powernapv2new/powernapv2new\ Watch\ App/PowerNapServices.swift (in target 'powernapv2new Watch App' from project 'powernapv2new')
    cd /Users/michaellee/Documents/powernapv2new
    /Applications/Xcode.app/Contents/Developer/Toolchains/XcodeDefault.xctoolchain/usr/bin/swift-frontend -c /Users/michaellee/Documents/powernapv2new/powernapv2new\ Watch\ App/Models/SharedTypes.swift /Users/michaellee/Documents/powernapv2new/powernapv2new\ Watch\ App/Models/UserSleepProfile.swift /Users/michaellee/Documents/powernapv2new/powernapv2new\ Watch\ App/Services/AdaptiveThresholdSystem.swift /Users/michaellee/Documents/powernapv2new/powernapv2new\ Watch\ App/Services/HeartRateAnomalyTracker.swift /Users/michaellee/Documents/powernapv2new/powernapv2new\ Watch\ App/Services/HeartRateService.swift /Users/michaellee/Documents/powernapv2new/powernapv2new\ Watch\ App/Services/HeartRateThresholdOptimizer.swift /Users/michaellee/Documents/powernapv2new/powernapv2new\ Watch\ App/Services/EnhancedLogManager.swift /Users/michaellee/Documents/powernapv2new/powernapv2new\ Watch\ App/Services/LogMigrationHelper.swift /Users/michaellee/Documents/powernapv2new/powernapv2new\ Watch\ App/Services/MotionService.swift /Users/michaellee/Documents/powernapv2new/powernapv2new\ Watch\ App/Services/SlidingWindow.swift /Users/michaellee/Documents/powernapv2new/powernapv2new\ Watch\ App/Views/MinimumNapDurationCalculator.swift /Users/michaellee/Documents/powernapv2new/powernapv2new\ Watch\ App/Views/SleepConfirmationTimeButton.swift /Users/michaellee/Documents/powernapv2new/powernapv2new\ Watch\ App/Views/SleepConfirmationTimeSettingView.swift -primary-file /Users/michaellee/Documents/powernapv2new/powernapv2new\ Watch\ App/ContentView.swift -primary-file /Users/michaellee/Documents/powernapv2new/powernapv2new\ Watch\ App/PowerNapServices.swift /Users/michaellee/Documents/powernapv2new/powernapv2new\ Watch\ App/powernapv2newApp.swift /Users/michaellee/Documents/powernapv2new/powernapv2new\ Watch\ App/SleepDetectionCoordinator.swift /Users/michaellee/Documents/powernapv2new/powernapv2new\ Watch\ App/SleepServices.swift /Users/michaellee/Library/Developer/Xcode/DerivedData/powernapv2new-aqnqdjigpfxhhbaezrjmudzroopa/Build/Intermediates.noindex/powernapv2new.build/Debug-watchos/powernapv2new\ Watch\ App.build/DerivedSources/GeneratedAssetSymbols.swift -emit-dependencies-path /Users/michaellee/Library/Developer/Xcode/DerivedData/powernapv2new-aqnqdjigpfxhhbaezrjmudzroopa/Build/Intermediates.noindex/powernapv2new.build/Debug-watchos/powernapv2new\ Watch\ App.build/Objects-normal/arm64_32/ContentView.d -emit-const-values-path /Users/michaellee/Library/Developer/Xcode/DerivedData/powernapv2new-aqnqdjigpfxhhbaezrjmudzroopa/Build/Intermediates.noindex/powernapv2new.build/Debug-watchos/powernapv2new\ Watch\ App.build/Objects-normal/arm64_32/ContentView.swiftconstvalues -emit-reference-dependencies-path /Users/michaellee/Library/Developer/Xcode/DerivedData/powernapv2new-aqnqdjigpfxhhbaezrjmudzroopa/Build/Intermediates.noindex/powernapv2new.build/Debug-watchos/powernapv2new\ Watch\ App.build/Objects-normal/arm64_32/ContentView.swiftdeps -serialize-diagnostics-path /Users/michaellee/Library/Developer/Xcode/DerivedData/powernapv2new-aqnqdjigpfxhhbaezrjmudzroopa/Build/Intermediates.noindex/powernapv2new.build/Debug-watchos/powernapv2new\ Watch\ App.build/Objects-normal/arm64_32/ContentView.dia -emit-dependencies-path /Users/michaellee/Library/Developer/Xcode/DerivedData/powernapv2new-aqnqdjigpfxhhbaezrjmudzroopa/Build/Intermediates.noindex/powernapv2new.build/Debug-watchos/powernapv2new\ Watch\ App.build/Objects-normal/arm64_32/PowerNapServices.d -emit-const-values-path /Users/michaellee/Library/Developer/Xcode/DerivedData/powernapv2new-aqnqdjigpfxhhbaezrjmudzroopa/Build/Intermediates.noindex/powernapv2new.build/Debug-watchos/powernapv2new\ Watch\ App.build/Objects-normal/arm64_32/PowerNapServices.swiftconstvalues -emit-reference-dependencies-path /Users/michaellee/Library/Developer/Xcode/DerivedData/powernapv2new-aqnqdjigpfxhhbaezrjmudzroopa/Build/Intermediates.noindex/powernapv2new.build/Debug-watchos/powernapv2new\ Watch\ App.build/Objects-normal/arm64_32/PowerNapServices.swiftdeps -serialize-diagnostics-path /Users/michaellee/Library/Developer/Xcode/DerivedData/powernapv2new-aqnqdjigpfxhhbaezrjmudzroopa/Build/Intermediates.noindex/powernapv2new.build/Debug-watchos/powernapv2new\ Watch\ App.build/Objects-normal/arm64_32/PowerNapServices.dia -emit-localized-strings -emit-localized-strings-path /Users/michaellee/Library/Developer/Xcode/DerivedData/powernapv2new-aqnqdjigpfxhhbaezrjmudzroopa/Build/Intermediates.noindex/powernapv2new.build/Debug-watchos/powernapv2new\ Watch\ App.build/Objects-normal/arm64_32 -target arm64_32-apple-watchos11.2 -enable-objc-interop -sdk /Applications/Xcode.app/Contents/Developer/Platforms/WatchOS.platform/Developer/SDKs/WatchOS11.2.sdk -I /Users/michaellee/Library/Developer/Xcode/DerivedData/powernapv2new-aqnqdjigpfxhhbaezrjmudzroopa/Build/Products/Debug-watchos -F /Users/michaellee/Library/Developer/Xcode/DerivedData/powernapv2new-aqnqdjigpfxhhbaezrjmudzroopa/Build/Products/Debug-watchos -no-color-diagnostics -enable-testing -g -debug-info-format\=dwarf -dwarf-version\=5 -module-cache-path /Users/michaellee/Library/Developer/Xcode/DerivedData/ModuleCache.noindex -profile-generate -profile-coverage-mapping -swift-version 5 -enforce-exclusivity\=checked -Onone -D DEBUG -serialize-debugging-options -const-gather-protocols-file /Users/michaellee/Library/Developer/Xcode/DerivedData/powernapv2new-aqnqdjigpfxhhbaezrjmudzroopa/Build/Intermediates.noindex/powernapv2new.build/Debug-watchos/powernapv2new\ Watch\ App.build/Objects-normal/arm64_32/powernapv2new\ Watch\ App_const_extract_protocols.json -enable-experimental-feature DebugDescriptionMacro -enable-experimental-feature OpaqueTypeErasure -enable-bare-slash-regex -empty-abi-descriptor -validate-clang-modules-once -clang-build-session-file /Users/michaellee/Library/Developer/Xcode/DerivedData/ModuleCache.noindex/Session.modulevalidation -Xcc -working-directory -Xcc /Users/michaellee/Documents/powernapv2new -resource-dir /Applications/Xcode.app/Contents/Developer/Toolchains/XcodeDefault.xctoolchain/usr/lib/swift -enable-anonymous-context-mangled-names -file-compilation-dir /Users/michaellee/Documents/powernapv2new -Xcc -D_LIBCPP_HARDENING_MODE\=_LIBCPP_HARDENING_MODE_DEBUG -Xcc -ivfsstatcache -Xcc /Users/michaellee/Library/Developer/Xcode/DerivedData/SDKStatCaches.noindex/watchos11.2-22S97-0b3b2baea7cb8f92e0e7a0ebd9acdf21.sdkstatcache -Xcc -I/Users/michaellee/Library/Developer/Xcode/DerivedData/powernapv2new-aqnqdjigpfxhhbaezrjmudzroopa/Build/Intermediates.noindex/powernapv2new.build/Debug-watchos/powernapv2new\ Watch\ App.build/swift-overrides.hmap -Xcc -iquote -Xcc /Users/michaellee/Library/Developer/Xcode/DerivedData/powernapv2new-aqnqdjigpfxhhbaezrjmudzroopa/Build/Intermediates.noindex/powernapv2new.build/Debug-watchos/powernapv2new\ Watch\ App.build/powernapv2new\ Watch\ App-generated-files.hmap -Xcc -I/Users/michaellee/Library/Developer/Xcode/DerivedData/powernapv2new-aqnqdjigpfxhhbaezrjmudzroopa/Build/Intermediates.noindex/powernapv2new.build/Debug-watchos/powernapv2new\ Watch\ App.build/powernapv2new\ Watch\ App-own-target-headers.hmap -Xcc -I/Users/michaellee/Library/Developer/Xcode/DerivedData/powernapv2new-aqnqdjigpfxhhbaezrjmudzroopa/Build/Intermediates.noindex/powernapv2new.build/Debug-watchos/powernapv2new\ Watch\ App.build/powernapv2new\ Watch\ App-all-target-headers.hmap -Xcc -iquote -Xcc /Users/michaellee/Library/Developer/Xcode/DerivedData/powernapv2new-aqnqdjigpfxhhbaezrjmudzroopa/Build/Intermediates.noindex/powernapv2new.build/Debug-watchos/powernapv2new\ Watch\ App.build/powernapv2new\ Watch\ App-project-headers.hmap -Xcc -I/Users/michaellee/Library/Developer/Xcode/DerivedData/powernapv2new-aqnqdjigpfxhhbaezrjmudzroopa/Build/Products/Debug-watchos/include -Xcc -I/Users/michaellee/Library/Developer/Xcode/DerivedData/powernapv2new-aqnqdjigpfxhhbaezrjmudzroopa/Build/Intermediates.noindex/powernapv2new.build/Debug-watchos/powernapv2new\ Watch\ App.build/DerivedSources-normal/arm64_32 -Xcc -I/Users/michaellee/Library/Developer/Xcode/DerivedData/powernapv2new-aqnqdjigpfxhhbaezrjmudzroopa/Build/Intermediates.noindex/powernapv2new.build/Debug-watchos/powernapv2new\ Watch\ App.build/DerivedSources/arm64_32 -Xcc -I/Users/michaellee/Library/Developer/Xcode/DerivedData/powernapv2new-aqnqdjigpfxhhbaezrjmudzroopa/Build/Intermediates.noindex/powernapv2new.build/Debug-watchos/powernapv2new\ Watch\ App.build/DerivedSources -Xcc -DDEBUG\=1 -module-name powernapv2new_Watch_App -frontend-parseable-output -disable-clang-spi -target-sdk-version 11.2 -target-sdk-name watchos11.2 -external-plugin-path /Applications/Xcode.app/Contents/Developer/Platforms/WatchOS.platform/Developer/usr/lib/swift/host/plugins\#/Applications/Xcode.app/Contents/Developer/Platforms/WatchOS.platform/Developer/usr/bin/swift-plugin-server -external-plugin-path /Applications/Xcode.app/Contents/Developer/Platforms/WatchOS.platform/Developer/usr/local/lib/swift/host/plugins\#/Applications/Xcode.app/Contents/Developer/Platforms/WatchOS.platform/Developer/usr/bin/swift-plugin-server -plugin-path /Applications/Xcode.app/Contents/Developer/Toolchains/XcodeDefault.xctoolchain/usr/lib/swift/host/plugins -plugin-path /Applications/Xcode.app/Contents/Developer/Toolchains/XcodeDefault.xctoolchain/usr/local/lib/swift/host/plugins -o /Users/michaellee/Library/Developer/Xcode/DerivedData/powernapv2new-aqnqdjigpfxhhbaezrjmudzroopa/Build/Intermediates.noindex/powernapv2new.build/Debug-watchos/powernapv2new\ Watch\ App.build/Objects-normal/arm64_32/ContentView.o -o /Users/michaellee/Library/Developer/Xcode/DerivedData/powernapv2new-aqnqdjigpfxhhbaezrjmudzroopa/Build/Intermediates.noindex/powernapv2new.build/Debug-watchos/powernapv2new\ Watch\ App.build/Objects-normal/arm64_32/PowerNapServices.o -index-unit-output-path /powernapv2new.build/Debug-watchos/powernapv2new\ Watch\ App.build/Objects-normal/arm64_32/ContentView.o -index-unit-output-path /powernapv2new.build/Debug-watchos/powernapv2new\ Watch\ App.build/Objects-normal/arm64_32/PowerNapServices.o -index-store-path /Users/michaellee/Library/Developer/Xcode/DerivedData/powernapv2new-aqnqdjigpfxhhbaezrjmudzroopa/Index.noindex/DataStore -index-system-modules

/Users/michaellee/Documents/powernapv2new/powernapv2new Watch App/PowerNapServices.swift:1229:9: error: cannot find 'invalidateTimer' in scope
        invalidateTimer() // 確保napTimer被清理
/Users/michaellee/Documents/powernapv2new/powernapv2new Watch App/PowerNapServices.swift:1351:22: error: ambiguous use of 'getUserId()'
        let userId = getUserId()
                     ^
/Users/michaellee/Documents/powernapv2new/powernapv2new Watch App/PowerNapServices.swift:1384:18: note: found this candidate 
    private func getUserId() -> String {
                 ^
/Users/michaellee/Documents/powernapv2new/powernapv2new Watch App/PowerNapServices.swift:2136:18: note: found this candidate 
    private func getUserId() -> String? {
                 ^
/Users/michaellee/Documents/powernapv2new/powernapv2new Watch App/PowerNapServices.swift:1367:13: error: cannot find 'checkForAutomaticThresholdOptimization' in scope
            checkForAutomaticThresholdOptimization(userId: userId)
            ^~~~~~~~~~~~~~~~~~~~~~~~~~~~~~~~~~~~~~
/Users/michaellee/Documents/powernapv2new/powernapv2new Watch App/PowerNapServices.swift:1538:22: error: ambiguous use of 'getUserId()'
        let userId = getUserId()
                     ^
/Users/michaellee/Documents/powernapv2new/powernapv2new Watch App/PowerNapServices.swift:1384:18: note: found this candidate 
    private func getUserId() -> String {
                 ^
/Users/michaellee/Documents/powernapv2new/powernapv2new Watch App/PowerNapServices.swift:2136:18: note: found this candidate 
    private func getUserId() -> String? {
                 ^
/Users/michaellee/Documents/powernapv2new/powernapv2new Watch App/PowerNapServices.swift:1567:9: error: cannot find 'napStartTime' in scope
        napStartTime = Date()
        ^~~~~~~~~~~~
/Users/michaellee/Documents/powernapv2new/powernapv2new Watch App/PowerNapServices.swift:1568:9: error: cannot find 'alarmTime' in scope
        alarmTime = nil
        ^~~~~~~~~
/Users/michaellee/Documents/powernapv2new/powernapv2new Watch App/PowerNapServices.swift:1571:9: error: cannot find 'sleepDetectionTime' in scope
        sleepDetectionTime = nil
        ^~~~~~~~~~~~~~~~~~
/Users/michaellee/Documents/powernapv2new/powernapv2new Watch App/PowerNapServices.swift:1572:9: error: cannot find 'resetNapTimer' in scope
        resetNapTimer()
        ^~~~~~~~~~~~~
/Users/michaellee/Documents/powernapv2new/powernapv2new Watch App/PowerNapServices.swift:1579:9: error: cannot find 'setupSleepParameters' in scope
        setupSleepParameters()
        ^~~~~~~~~~~~~~~~~~~~
/Users/michaellee/Documents/powernapv2new/powernapv2new Watch App/PowerNapServices.swift:1582:9: error: cannot find 'startHeartRateMonitoring' in scope
        startHeartRateMonitoring()
        ^~~~~~~~~~~~~~~~~~~~~~~~
/Users/michaellee/Documents/powernapv2new/powernapv2new Watch App/PowerNapServices.swift:1585:9: error: cannot find 'startMotionMonitoring' in scope
        startMotionMonitoring()
        ^~~~~~~~~~~~~~~~~~~~~
/Users/michaellee/Documents/powernapv2new/powernapv2new Watch App/PowerNapServices.swift:1602:58: error: cannot find 'napStartTime' in scope
        let sessionDuration = stopTime.timeIntervalSince(napStartTime ?? Date())
                                                         ^~~~~~~~~~~~
/Users/michaellee/Documents/powernapv2new/powernapv2new Watch App/PowerNapServices.swift:1606:29: error: cannot find 'sleepDetectionTime' in scope
        if let sleepStart = sleepDetectionTime {
                            ^~~~~~~~~~~~~~~~~~
/Users/michaellee/Documents/powernapv2new/powernapv2new Watch App/PowerNapServices.swift:1616:9: error: cannot find 'statsTimer' in scope
        statsTimer?.invalidate()
        ^~~~~~~~~~
/Users/michaellee/Documents/powernapv2new/powernapv2new Watch App/PowerNapServices.swift:1617:9: error: cannot find 'statsTimer' in scope
        statsTimer = nil
        ^~~~~~~~~~
/Users/michaellee/Documents/powernapv2new/powernapv2new Watch App/PowerNapServices.swift:1624:21: error: type 'PowerNapViewModel.NapPhase' has no member 'inactive'
        napPhase = .inactive
                   ~^~~~~~~~
/Users/michaellee/Documents/powernapv2new/powernapv2new Watch App/PowerNapServices.swift:1631:12: error: cannot find 'sleepDetectionTime' in scope
        if sleepDetectionTime != nil {
           ^~~~~~~~~~~~~~~~~~
/Users/michaellee/Documents/powernapv2new/powernapv2new Watch App/PowerNapServices.swift:1663:30: error: value of type 'SleepServices' has no member 'processFeedback'
        SleepServices.shared.processFeedback(wasAccurate: wasAccurate)
        ~~~~~~~~~~~~~~~~~~~~ ^~~~~~~~~~~~~~~
/Users/michaellee/Documents/powernapv2new/powernapv2new Watch App/PowerNapServices.swift:1666:63: error: cannot find 'previousUserProfile' in scope
        if let profile = currentUserProfile, let oldProfile = previousUserProfile {
                                                              ^~~~~~~~~~~~~~~~~~~
/Users/michaellee/Documents/powernapv2new/powernapv2new Watch App/PowerNapServices.swift:1689:35: warning: result of call to 'startNewSession()' is unused
        EnhancedLogManager.shared.startNewSession()
                                  ^              ~~
/Users/michaellee/Documents/powernapv2new/powernapv2new Watch App/PowerNapServices.swift:1831:35: warning: result of call to 'endCurrentSession()' is unused
        EnhancedLogManager.shared.endCurrentSession()
                                  ^                ~~
/Users/michaellee/Documents/powernapv2new/powernapv2new Watch App/PowerNapServices.swift:1856:33: error: value of type 'HeartRateService' has no member 'getAverageHeartRate'
        return heartRateService.getAverageHeartRate() ?? currentHeartRate
               ~~~~~~~~~~~~~~~~ ^~~~~~~~~~~~~~~~~~~
/Users/michaellee/Documents/powernapv2new/powernapv2new Watch App/PowerNapServices.swift:1861:33: error: value of type 'HeartRateService' has no member 'getMinimumHeartRate'
        return heartRateService.getMinimumHeartRate() ?? (currentHeartRate * 0.95)
               ~~~~~~~~~~~~~~~~ ^~~~~~~~~~~~~~~~~~~
/Users/michaellee/Documents/powernapv2new/powernapv2new Watch App/PowerNapServices.swift:1893:23: error: type 'Published<SleepState>.Publisher.Output' (aka 'SleepState') has no member 'falling'
                case .falling:
                     ~^~~~~~~
/Users/michaellee/Documents/powernapv2new/powernapv2new Watch App/PowerNapServices.swift:1985:9: error: cannot find 'resetHeartRateBaseline' in scope
        resetHeartRateBaseline()
        ^~~~~~~~~~~~~~~~~~~~~~
/Users/michaellee/Documents/powernapv2new/powernapv2new Watch App/PowerNapServices.swift:2087:16: error: type of expression is ambiguous without a type annotation
        logger.info("已重置睡眠確認時間為 \(defaultDuration) 秒（基於\(currentAgeGroup)年齡組）")

/Users/michaellee/Documents/powernapv2new/powernapv2new Watch App/PowerNapServices.swift:1229:9: Cannot find 'invalidateTimer' in scope

/Users/michaellee/Documents/powernapv2new/powernapv2new Watch App/PowerNapServices.swift:1351:22: Ambiguous use of 'getUserId()'

/Users/michaellee/Documents/powernapv2new/powernapv2new Watch App/PowerNapServices.swift:1367:13: Cannot find 'checkForAutomaticThresholdOptimization' in scope

/Users/michaellee/Documents/powernapv2new/powernapv2new Watch App/PowerNapServices.swift:1538:22: Ambiguous use of 'getUserId()'

/Users/michaellee/Documents/powernapv2new/powernapv2new Watch App/PowerNapServices.swift:1567:9: Cannot find 'napStartTime' in scope

/Users/michaellee/Documents/powernapv2new/powernapv2new Watch App/PowerNapServices.swift:1568:9: Cannot find 'alarmTime' in scope

/Users/michaellee/Documents/powernapv2new/powernapv2new Watch App/PowerNapServices.swift:1571:9: Cannot find 'sleepDetectionTime' in scope

/Users/michaellee/Documents/powernapv2new/powernapv2new Watch App/PowerNapServices.swift:1572:9: Cannot find 'resetNapTimer' in scope

/Users/michaellee/Documents/powernapv2new/powernapv2new Watch App/PowerNapServices.swift:1579:9: Cannot find 'setupSleepParameters' in scope

/Users/michaellee/Documents/powernapv2new/powernapv2new Watch App/PowerNapServices.swift:1582:9: Cannot find 'startHeartRateMonitoring' in scope

/Users/michaellee/Documents/powernapv2new/powernapv2new Watch App/PowerNapServices.swift:1585:9: Cannot find 'startMotionMonitoring' in scope

/Users/michaellee/Documents/powernapv2new/powernapv2new Watch App/PowerNapServices.swift:1602:58: Cannot find 'napStartTime' in scope

/Users/michaellee/Documents/powernapv2new/powernapv2new Watch App/PowerNapServices.swift:1606:29: Cannot find 'sleepDetectionTime' in scope

/Users/michaellee/Documents/powernapv2new/powernapv2new Watch App/PowerNapServices.swift:1616:9: Cannot find 'statsTimer' in scope

/Users/michaellee/Documents/powernapv2new/powernapv2new Watch App/PowerNapServices.swift:1617:9: Cannot find 'statsTimer' in scope

/Users/michaellee/Documents/powernapv2new/powernapv2new Watch App/PowerNapServices.swift:1624:21: Type 'PowerNapViewModel.NapPhase' has no member 'inactive'

/Users/michaellee/Documents/powernapv2new/powernapv2new Watch App/PowerNapServices.swift:1631:12: Cannot find 'sleepDetectionTime' in scope

/Users/michaellee/Documents/powernapv2new/powernapv2new Watch App/PowerNapServices.swift:1663:30: Value of type 'SleepServices' has no member 'processFeedback'

/Users/michaellee/Documents/powernapv2new/powernapv2new Watch App/PowerNapServices.swift:1666:63: Cannot find 'previousUserProfile' in scope

/Users/michaellee/Documents/powernapv2new/powernapv2new Watch App/PowerNapServices.swift:1689:35: Result of call to 'startNewSession()' is unused

/Users/michaellee/Documents/powernapv2new/powernapv2new Watch App/PowerNapServices.swift:1831:35: Result of call to 'endCurrentSession()' is unused

/Users/michaellee/Documents/powernapv2new/powernapv2new Watch App/PowerNapServices.swift:1856:33: Value of type 'HeartRateService' has no member 'getAverageHeartRate'

/Users/michaellee/Documents/powernapv2new/powernapv2new Watch App/PowerNapServices.swift:1861:33: Value of type 'HeartRateService' has no member 'getMinimumHeartRate'

/Users/michaellee/Documents/powernapv2new/powernapv2new Watch App/PowerNapServices.swift:1893:23: Type 'Published<SleepState>.Publisher.Output' (aka 'SleepState') has no member 'falling'

/Users/michaellee/Documents/powernapv2new/powernapv2new Watch App/PowerNapServices.swift:1985:9: Cannot find 'resetHeartRateBaseline' in scope

/Users/michaellee/Documents/powernapv2new/powernapv2new Watch App/PowerNapServices.swift:2087:16: Type of expression is ambiguous without a type annotation

SwiftCompile normal arm64_32 Compiling\ EnhancedLogManager.swift,\ LogMigrationHelper.swift,\ MotionService.swift /Users/michaellee/Documents/powernapv2new/powernapv2new\ Watch\ App/Services/EnhancedLogManager.swift /Users/michaellee/Documents/powernapv2new/powernapv2new\ Watch\ App/Services/LogMigrationHelper.swift /Users/michaellee/Documents/powernapv2new/powernapv2new\ Watch\ App/Services/MotionService.swift (in target 'powernapv2new Watch App' from project 'powernapv2new')
    cd /Users/michaellee/Documents/powernapv2new
    builtin-swiftTaskExecution -- /Applications/Xcode.app/Contents/Developer/Toolchains/XcodeDefault.xctoolchain/usr/bin/swift-frontend -frontend -c /Users/michaellee/Documents/powernapv2new/powernapv2new\ Watch\ App/Models/SharedTypes.swift /Users/michaellee/Documents/powernapv2new/powernapv2new\ Watch\ App/Models/UserSleepProfile.swift /Users/michaellee/Documents/powernapv2new/powernapv2new\ Watch\ App/Services/AdaptiveThresholdSystem.swift /Users/michaellee/Documents/powernapv2new/powernapv2new\ Watch\ App/Services/HeartRateAnomalyTracker.swift /Users/michaellee/Documents/powernapv2new/powernapv2new\ Watch\ App/Services/HeartRateService.swift /Users/michaellee/Documents/powernapv2new/powernapv2new\ Watch\ App/Services/HeartRateThresholdOptimizer.swift -primary-file /Users/michaellee/Documents/powernapv2new/powernapv2new\ Watch\ App/Services/EnhancedLogManager.swift -primary-file /Users/michaellee/Documents/powernapv2new/powernapv2new\ Watch\ App/Services/LogMigrationHelper.swift -primary-file /Users/michaellee/Documents/powernapv2new/powernapv2new\ Watch\ App/Services/MotionService.swift /Users/michaellee/Documents/powernapv2new/powernapv2new\ Watch\ App/Services/SlidingWindow.swift /Users/michaellee/Documents/powernapv2new/powernapv2new\ Watch\ App/Views/MinimumNapDurationCalculator.swift /Users/michaellee/Documents/powernapv2new/powernapv2new\ Watch\ App/Views/SleepConfirmationTimeButton.swift /Users/michaellee/Documents/powernapv2new/powernapv2new\ Watch\ App/Views/SleepConfirmationTimeSettingView.swift /Users/michaellee/Documents/powernapv2new/powernapv2new\ Watch\ App/ContentView.swift /Users/michaellee/Documents/powernapv2new/powernapv2new\ Watch\ App/PowerNapServices.swift /Users/michaellee/Documents/powernapv2new/powernapv2new\ Watch\ App/powernapv2newApp.swift /Users/michaellee/Documents/powernapv2new/powernapv2new\ Watch\ App/SleepDetectionCoordinator.swift /Users/michaellee/Documents/powernapv2new/powernapv2new\ Watch\ App/SleepServices.swift /Users/michaellee/Library/Developer/Xcode/DerivedData/powernapv2new-aqnqdjigpfxhhbaezrjmudzroopa/Build/Intermediates.noindex/powernapv2new.build/Debug-watchos/powernapv2new\ Watch\ App.build/DerivedSources/GeneratedAssetSymbols.swift -supplementary-output-file-map /Users/michaellee/Library/Developer/Xcode/DerivedData/powernapv2new-aqnqdjigpfxhhbaezrjmudzroopa/Build/Intermediates.noindex/powernapv2new.build/Debug-watchos/powernapv2new\ Watch\ App.build/Objects-normal/arm64_32/supplementaryOutputs-33 -emit-localized-strings -emit-localized-strings-path /Users/michaellee/Library/Developer/Xcode/DerivedData/powernapv2new-aqnqdjigpfxhhbaezrjmudzroopa/Build/Intermediates.noindex/powernapv2new.build/Debug-watchos/powernapv2new\ Watch\ App.build/Objects-normal/arm64_32 -target arm64_32-apple-watchos11.2 -enable-objc-interop -sdk /Applications/Xcode.app/Contents/Developer/Platforms/WatchOS.platform/Developer/SDKs/WatchOS11.2.sdk -I /Users/michaellee/Library/Developer/Xcode/DerivedData/powernapv2new-aqnqdjigpfxhhbaezrjmudzroopa/Build/Products/Debug-watchos -F /Users/michaellee/Library/Developer/Xcode/DerivedData/powernapv2new-aqnqdjigpfxhhbaezrjmudzroopa/Build/Products/Debug-watchos -no-color-diagnostics -enable-testing -g -debug-info-format\=dwarf -dwarf-version\=5 -module-cache-path /Users/michaellee/Library/Developer/Xcode/DerivedData/ModuleCache.noindex -profile-generate -profile-coverage-mapping -swift-version 5 -enforce-exclusivity\=checked -Onone -D DEBUG -serialize-debugging-options -const-gather-protocols-file /Users/michaellee/Library/Developer/Xcode/DerivedData/powernapv2new-aqnqdjigpfxhhbaezrjmudzroopa/Build/Intermediates.noindex/powernapv2new.build/Debug-watchos/powernapv2new\ Watch\ App.build/Objects-normal/arm64_32/powernapv2new\ Watch\ App_const_extract_protocols.json -enable-experimental-feature DebugDescriptionMacro -enable-experimental-feature OpaqueTypeErasure -enable-bare-slash-regex -empty-abi-descriptor -validate-clang-modules-once -clang-build-session-file /Users/michaellee/Library/Developer/Xcode/DerivedData/ModuleCache.noindex/Session.modulevalidation -Xcc -working-directory -Xcc /Users/michaellee/Documents/powernapv2new -resource-dir /Applications/Xcode.app/Contents/Developer/Toolchains/XcodeDefault.xctoolchain/usr/lib/swift -enable-anonymous-context-mangled-names -file-compilation-dir /Users/michaellee/Documents/powernapv2new -Xcc -D_LIBCPP_HARDENING_MODE\=_LIBCPP_HARDENING_MODE_DEBUG -Xcc -ivfsstatcache -Xcc /Users/michaellee/Library/Developer/Xcode/DerivedData/SDKStatCaches.noindex/watchos11.2-22S97-0b3b2baea7cb8f92e0e7a0ebd9acdf21.sdkstatcache -Xcc -I/Users/michaellee/Library/Developer/Xcode/DerivedData/powernapv2new-aqnqdjigpfxhhbaezrjmudzroopa/Build/Intermediates.noindex/powernapv2new.build/Debug-watchos/powernapv2new\ Watch\ App.build/swift-overrides.hmap -Xcc -iquote -Xcc /Users/michaellee/Library/Developer/Xcode/DerivedData/powernapv2new-aqnqdjigpfxhhbaezrjmudzroopa/Build/Intermediates.noindex/powernapv2new.build/Debug-watchos/powernapv2new\ Watch\ App.build/powernapv2new\ Watch\ App-generated-files.hmap -Xcc -I/Users/michaellee/Library/Developer/Xcode/DerivedData/powernapv2new-aqnqdjigpfxhhbaezrjmudzroopa/Build/Intermediates.noindex/powernapv2new.build/Debug-watchos/powernapv2new\ Watch\ App.build/powernapv2new\ Watch\ App-own-target-headers.hmap -Xcc -I/Users/michaellee/Library/Developer/Xcode/DerivedData/powernapv2new-aqnqdjigpfxhhbaezrjmudzroopa/Build/Intermediates.noindex/powernapv2new.build/Debug-watchos/powernapv2new\ Watch\ App.build/powernapv2new\ Watch\ App-all-target-headers.hmap -Xcc -iquote -Xcc /Users/michaellee/Library/Developer/Xcode/DerivedData/powernapv2new-aqnqdjigpfxhhbaezrjmudzroopa/Build/Intermediates.noindex/powernapv2new.build/Debug-watchos/powernapv2new\ Watch\ App.build/powernapv2new\ Watch\ App-project-headers.hmap -Xcc -I/Users/michaellee/Library/Developer/Xcode/DerivedData/powernapv2new-aqnqdjigpfxhhbaezrjmudzroopa/Build/Products/Debug-watchos/include -Xcc -I/Users/michaellee/Library/Developer/Xcode/DerivedData/powernapv2new-aqnqdjigpfxhhbaezrjmudzroopa/Build/Intermediates.noindex/powernapv2new.build/Debug-watchos/powernapv2new\ Watch\ App.build/DerivedSources-normal/arm64_32 -Xcc -I/Users/michaellee/Library/Developer/Xcode/DerivedData/powernapv2new-aqnqdjigpfxhhbaezrjmudzroopa/Build/Intermediates.noindex/powernapv2new.build/Debug-watchos/powernapv2new\ Watch\ App.build/DerivedSources/arm64_32 -Xcc -I/Users/michaellee/Library/Developer/Xcode/DerivedData/powernapv2new-aqnqdjigpfxhhbaezrjmudzroopa/Build/Intermediates.noindex/powernapv2new.build/Debug-watchos/powernapv2new\ Watch\ App.build/DerivedSources -Xcc -DDEBUG\=1 -module-name powernapv2new_Watch_App -frontend-parseable-output -disable-clang-spi -target-sdk-version 11.2 -target-sdk-name watchos11.2 -external-plugin-path /Applications/Xcode.app/Contents/Developer/Platforms/WatchOS.platform/Developer/usr/lib/swift/host/plugins\#/Applications/Xcode.app/Contents/Developer/Platforms/WatchOS.platform/Developer/usr/bin/swift-plugin-server -external-plugin-path /Applications/Xcode.app/Contents/Developer/Platforms/WatchOS.platform/Developer/usr/local/lib/swift/host/plugins\#/Applications/Xcode.app/Contents/Developer/Platforms/WatchOS.platform/Developer/usr/bin/swift-plugin-server -plugin-path /Applications/Xcode.app/Contents/Developer/Toolchains/XcodeDefault.xctoolchain/usr/lib/swift/host/plugins -plugin-path /Applications/Xcode.app/Contents/Developer/Toolchains/XcodeDefault.xctoolchain/usr/local/lib/swift/host/plugins -o /Users/michaellee/Library/Developer/Xcode/DerivedData/powernapv2new-aqnqdjigpfxhhbaezrjmudzroopa/Build/Intermediates.noindex/powernapv2new.build/Debug-watchos/powernapv2new\ Watch\ App.build/Objects-normal/arm64_32/EnhancedLogManager.o -o /Users/michaellee/Library/Developer/Xcode/DerivedData/powernapv2new-aqnqdjigpfxhhbaezrjmudzroopa/Build/Intermediates.noindex/powernapv2new.build/Debug-watchos/powernapv2new\ Watch\ App.build/Objects-normal/arm64_32/LogMigrationHelper.o -o /Users/michaellee/Library/Developer/Xcode/DerivedData/powernapv2new-aqnqdjigpfxhhbaezrjmudzroopa/Build/Intermediates.noindex/powernapv2new.build/Debug-watchos/powernapv2new\ Watch\ App.build/Objects-normal/arm64_32/MotionService.o -index-unit-output-path /powernapv2new.build/Debug-watchos/powernapv2new\ Watch\ App.build/Objects-normal/arm64_32/EnhancedLogManager.o -index-unit-output-path /powernapv2new.build/Debug-watchos/powernapv2new\ Watch\ App.build/Objects-normal/arm64_32/LogMigrationHelper.o -index-unit-output-path /powernapv2new.build/Debug-watchos/powernapv2new\ Watch\ App.build/Objects-normal/arm64_32/MotionService.o -index-store-path /Users/michaellee/Library/Developer/Xcode/DerivedData/powernapv2new-aqnqdjigpfxhhbaezrjmudzroopa/Index.noindex/DataStore -index-system-modules

SwiftCompile normal arm64_32 /Users/michaellee/Documents/powernapv2new/powernapv2new\ Watch\ App/Services/EnhancedLogManager.swift (in target 'powernapv2new Watch App' from project 'powernapv2new')
    cd /Users/michaellee/Documents/powernapv2new
    /Applications/Xcode.app/Contents/Developer/Toolchains/XcodeDefault.xctoolchain/usr/bin/swift-frontend -c /Users/michaellee/Documents/powernapv2new/powernapv2new\ Watch\ App/Models/SharedTypes.swift /Users/michaellee/Documents/powernapv2new/powernapv2new\ Watch\ App/Models/UserSleepProfile.swift /Users/michaellee/Documents/powernapv2new/powernapv2new\ Watch\ App/Services/AdaptiveThresholdSystem.swift /Users/michaellee/Documents/powernapv2new/powernapv2new\ Watch\ App/Services/HeartRateAnomalyTracker.swift /Users/michaellee/Documents/powernapv2new/powernapv2new\ Watch\ App/Services/HeartRateService.swift /Users/michaellee/Documents/powernapv2new/powernapv2new\ Watch\ App/Services/HeartRateThresholdOptimizer.swift -primary-file /Users/michaellee/Documents/powernapv2new/powernapv2new\ Watch\ App/Services/EnhancedLogManager.swift -primary-file /Users/michaellee/Documents/powernapv2new/powernapv2new\ Watch\ App/Services/LogMigrationHelper.swift -primary-file /Users/michaellee/Documents/powernapv2new/powernapv2new\ Watch\ App/Services/MotionService.swift /Users/michaellee/Documents/powernapv2new/powernapv2new\ Watch\ App/Services/SlidingWindow.swift /Users/michaellee/Documents/powernapv2new/powernapv2new\ Watch\ App/Views/MinimumNapDurationCalculator.swift /Users/michaellee/Documents/powernapv2new/powernapv2new\ Watch\ App/Views/SleepConfirmationTimeButton.swift /Users/michaellee/Documents/powernapv2new/powernapv2new\ Watch\ App/Views/SleepConfirmationTimeSettingView.swift /Users/michaellee/Documents/powernapv2new/powernapv2new\ Watch\ App/ContentView.swift /Users/michaellee/Documents/powernapv2new/powernapv2new\ Watch\ App/PowerNapServices.swift /Users/michaellee/Documents/powernapv2new/powernapv2new\ Watch\ App/powernapv2newApp.swift /Users/michaellee/Documents/powernapv2new/powernapv2new\ Watch\ App/SleepDetectionCoordinator.swift /Users/michaellee/Documents/powernapv2new/powernapv2new\ Watch\ App/SleepServices.swift /Users/michaellee/Library/Developer/Xcode/DerivedData/powernapv2new-aqnqdjigpfxhhbaezrjmudzroopa/Build/Intermediates.noindex/powernapv2new.build/Debug-watchos/powernapv2new\ Watch\ App.build/DerivedSources/GeneratedAssetSymbols.swift -supplementary-output-file-map /Users/michaellee/Library/Developer/Xcode/DerivedData/powernapv2new-aqnqdjigpfxhhbaezrjmudzroopa/Build/Intermediates.noindex/powernapv2new.build/Debug-watchos/powernapv2new\ Watch\ App.build/Objects-normal/arm64_32/supplementaryOutputs-33 -emit-localized-strings -emit-localized-strings-path /Users/michaellee/Library/Developer/Xcode/DerivedData/powernapv2new-aqnqdjigpfxhhbaezrjmudzroopa/Build/Intermediates.noindex/powernapv2new.build/Debug-watchos/powernapv2new\ Watch\ App.build/Objects-normal/arm64_32 -target arm64_32-apple-watchos11.2 -enable-objc-interop -sdk /Applications/Xcode.app/Contents/Developer/Platforms/WatchOS.platform/Developer/SDKs/WatchOS11.2.sdk -I /Users/michaellee/Library/Developer/Xcode/DerivedData/powernapv2new-aqnqdjigpfxhhbaezrjmudzroopa/Build/Products/Debug-watchos -F /Users/michaellee/Library/Developer/Xcode/DerivedData/powernapv2new-aqnqdjigpfxhhbaezrjmudzroopa/Build/Products/Debug-watchos -no-color-diagnostics -enable-testing -g -debug-info-format\=dwarf -dwarf-version\=5 -module-cache-path /Users/michaellee/Library/Developer/Xcode/DerivedData/ModuleCache.noindex -profile-generate -profile-coverage-mapping -swift-version 5 -enforce-exclusivity\=checked -Onone -D DEBUG -serialize-debugging-options -const-gather-protocols-file /Users/michaellee/Library/Developer/Xcode/DerivedData/powernapv2new-aqnqdjigpfxhhbaezrjmudzroopa/Build/Intermediates.noindex/powernapv2new.build/Debug-watchos/powernapv2new\ Watch\ App.build/Objects-normal/arm64_32/powernapv2new\ Watch\ App_const_extract_protocols.json -enable-experimental-feature DebugDescriptionMacro -enable-experimental-feature OpaqueTypeErasure -enable-bare-slash-regex -empty-abi-descriptor -validate-clang-modules-once -clang-build-session-file /Users/michaellee/Library/Developer/Xcode/DerivedData/ModuleCache.noindex/Session.modulevalidation -Xcc -working-directory -Xcc /Users/michaellee/Documents/powernapv2new -resource-dir /Applications/Xcode.app/Contents/Developer/Toolchains/XcodeDefault.xctoolchain/usr/lib/swift -enable-anonymous-context-mangled-names -file-compilation-dir /Users/michaellee/Documents/powernapv2new -Xcc -D_LIBCPP_HARDENING_MODE\=_LIBCPP_HARDENING_MODE_DEBUG -Xcc -ivfsstatcache -Xcc /Users/michaellee/Library/Developer/Xcode/DerivedData/SDKStatCaches.noindex/watchos11.2-22S97-0b3b2baea7cb8f92e0e7a0ebd9acdf21.sdkstatcache -Xcc -I/Users/michaellee/Library/Developer/Xcode/DerivedData/powernapv2new-aqnqdjigpfxhhbaezrjmudzroopa/Build/Intermediates.noindex/powernapv2new.build/Debug-watchos/powernapv2new\ Watch\ App.build/swift-overrides.hmap -Xcc -iquote -Xcc /Users/michaellee/Library/Developer/Xcode/DerivedData/powernapv2new-aqnqdjigpfxhhbaezrjmudzroopa/Build/Intermediates.noindex/powernapv2new.build/Debug-watchos/powernapv2new\ Watch\ App.build/powernapv2new\ Watch\ App-generated-files.hmap -Xcc -I/Users/michaellee/Library/Developer/Xcode/DerivedData/powernapv2new-aqnqdjigpfxhhbaezrjmudzroopa/Build/Intermediates.noindex/powernapv2new.build/Debug-watchos/powernapv2new\ Watch\ App.build/powernapv2new\ Watch\ App-own-target-headers.hmap -Xcc -I/Users/michaellee/Library/Developer/Xcode/DerivedData/powernapv2new-aqnqdjigpfxhhbaezrjmudzroopa/Build/Intermediates.noindex/powernapv2new.build/Debug-watchos/powernapv2new\ Watch\ App.build/powernapv2new\ Watch\ App-all-target-headers.hmap -Xcc -iquote -Xcc /Users/michaellee/Library/Developer/Xcode/DerivedData/powernapv2new-aqnqdjigpfxhhbaezrjmudzroopa/Build/Intermediates.noindex/powernapv2new.build/Debug-watchos/powernapv2new\ Watch\ App.build/powernapv2new\ Watch\ App-project-headers.hmap -Xcc -I/Users/michaellee/Library/Developer/Xcode/DerivedData/powernapv2new-aqnqdjigpfxhhbaezrjmudzroopa/Build/Products/Debug-watchos/include -Xcc -I/Users/michaellee/Library/Developer/Xcode/DerivedData/powernapv2new-aqnqdjigpfxhhbaezrjmudzroopa/Build/Intermediates.noindex/powernapv2new.build/Debug-watchos/powernapv2new\ Watch\ App.build/DerivedSources-normal/arm64_32 -Xcc -I/Users/michaellee/Library/Developer/Xcode/DerivedData/powernapv2new-aqnqdjigpfxhhbaezrjmudzroopa/Build/Intermediates.noindex/powernapv2new.build/Debug-watchos/powernapv2new\ Watch\ App.build/DerivedSources/arm64_32 -Xcc -I/Users/michaellee/Library/Developer/Xcode/DerivedData/powernapv2new-aqnqdjigpfxhhbaezrjmudzroopa/Build/Intermediates.noindex/powernapv2new.build/Debug-watchos/powernapv2new\ Watch\ App.build/DerivedSources -Xcc -DDEBUG\=1 -module-name powernapv2new_Watch_App -frontend-parseable-output -disable-clang-spi -target-sdk-version 11.2 -target-sdk-name watchos11.2 -external-plugin-path /Applications/Xcode.app/Contents/Developer/Platforms/WatchOS.platform/Developer/usr/lib/swift/host/plugins\#/Applications/Xcode.app/Contents/Developer/Platforms/WatchOS.platform/Developer/usr/bin/swift-plugin-server -external-plugin-path /Applications/Xcode.app/Contents/Developer/Platforms/WatchOS.platform/Developer/usr/local/lib/swift/host/plugins\#/Applications/Xcode.app/Contents/Developer/Platforms/WatchOS.platform/Developer/usr/bin/swift-plugin-server -plugin-path /Applications/Xcode.app/Contents/Developer/Toolchains/XcodeDefault.xctoolchain/usr/lib/swift/host/plugins -plugin-path /Applications/Xcode.app/Contents/Developer/Toolchains/XcodeDefault.xctoolchain/usr/local/lib/swift/host/plugins -o /Users/michaellee/Library/Developer/Xcode/DerivedData/powernapv2new-aqnqdjigpfxhhbaezrjmudzroopa/Build/Intermediates.noindex/powernapv2new.build/Debug-watchos/powernapv2new\ Watch\ App.build/Objects-normal/arm64_32/EnhancedLogManager.o -o /Users/michaellee/Library/Developer/Xcode/DerivedData/powernapv2new-aqnqdjigpfxhhbaezrjmudzroopa/Build/Intermediates.noindex/powernapv2new.build/Debug-watchos/powernapv2new\ Watch\ App.build/Objects-normal/arm64_32/LogMigrationHelper.o -o /Users/michaellee/Library/Developer/Xcode/DerivedData/powernapv2new-aqnqdjigpfxhhbaezrjmudzroopa/Build/Intermediates.noindex/powernapv2new.build/Debug-watchos/powernapv2new\ Watch\ App.build/Objects-normal/arm64_32/MotionService.o -index-unit-output-path /powernapv2new.build/Debug-watchos/powernapv2new\ Watch\ App.build/Objects-normal/arm64_32/EnhancedLogManager.o -index-unit-output-path /powernapv2new.build/Debug-watchos/powernapv2new\ Watch\ App.build/Objects-normal/arm64_32/LogMigrationHelper.o -index-unit-output-path /powernapv2new.build/Debug-watchos/powernapv2new\ Watch\ App.build/Objects-normal/arm64_32/MotionService.o -index-store-path /Users/michaellee/Library/Developer/Xcode/DerivedData/powernapv2new-aqnqdjigpfxhhbaezrjmudzroopa/Index.noindex/DataStore -index-system-modules

/Users/michaellee/Documents/powernapv2new/powernapv2new Watch App/Services/EnhancedLogManager.swift:39:13: warning: result of call to 'endCurrentSession()' is unused
            endCurrentSession()
            ^                ~~

/Users/michaellee/Documents/powernapv2new/powernapv2new Watch App/Services/EnhancedLogManager.swift:39:13: Result of call to 'endCurrentSession()' is unused

SwiftCompile normal arm64_32 /Users/michaellee/Documents/powernapv2new/powernapv2new\ Watch\ App/Services/LogMigrationHelper.swift (in target 'powernapv2new Watch App' from project 'powernapv2new')
    cd /Users/michaellee/Documents/powernapv2new
    /Applications/Xcode.app/Contents/Developer/Toolchains/XcodeDefault.xctoolchain/usr/bin/swift-frontend -c /Users/michaellee/Documents/powernapv2new/powernapv2new\ Watch\ App/Models/SharedTypes.swift /Users/michaellee/Documents/powernapv2new/powernapv2new\ Watch\ App/Models/UserSleepProfile.swift /Users/michaellee/Documents/powernapv2new/powernapv2new\ Watch\ App/Services/AdaptiveThresholdSystem.swift /Users/michaellee/Documents/powernapv2new/powernapv2new\ Watch\ App/Services/HeartRateAnomalyTracker.swift /Users/michaellee/Documents/powernapv2new/powernapv2new\ Watch\ App/Services/HeartRateService.swift /Users/michaellee/Documents/powernapv2new/powernapv2new\ Watch\ App/Services/HeartRateThresholdOptimizer.swift -primary-file /Users/michaellee/Documents/powernapv2new/powernapv2new\ Watch\ App/Services/EnhancedLogManager.swift -primary-file /Users/michaellee/Documents/powernapv2new/powernapv2new\ Watch\ App/Services/LogMigrationHelper.swift -primary-file /Users/michaellee/Documents/powernapv2new/powernapv2new\ Watch\ App/Services/MotionService.swift /Users/michaellee/Documents/powernapv2new/powernapv2new\ Watch\ App/Services/SlidingWindow.swift /Users/michaellee/Documents/powernapv2new/powernapv2new\ Watch\ App/Views/MinimumNapDurationCalculator.swift /Users/michaellee/Documents/powernapv2new/powernapv2new\ Watch\ App/Views/SleepConfirmationTimeButton.swift /Users/michaellee/Documents/powernapv2new/powernapv2new\ Watch\ App/Views/SleepConfirmationTimeSettingView.swift /Users/michaellee/Documents/powernapv2new/powernapv2new\ Watch\ App/ContentView.swift /Users/michaellee/Documents/powernapv2new/powernapv2new\ Watch\ App/PowerNapServices.swift /Users/michaellee/Documents/powernapv2new/powernapv2new\ Watch\ App/powernapv2newApp.swift /Users/michaellee/Documents/powernapv2new/powernapv2new\ Watch\ App/SleepDetectionCoordinator.swift /Users/michaellee/Documents/powernapv2new/powernapv2new\ Watch\ App/SleepServices.swift /Users/michaellee/Library/Developer/Xcode/DerivedData/powernapv2new-aqnqdjigpfxhhbaezrjmudzroopa/Build/Intermediates.noindex/powernapv2new.build/Debug-watchos/powernapv2new\ Watch\ App.build/DerivedSources/GeneratedAssetSymbols.swift -supplementary-output-file-map /Users/michaellee/Library/Developer/Xcode/DerivedData/powernapv2new-aqnqdjigpfxhhbaezrjmudzroopa/Build/Intermediates.noindex/powernapv2new.build/Debug-watchos/powernapv2new\ Watch\ App.build/Objects-normal/arm64_32/supplementaryOutputs-33 -emit-localized-strings -emit-localized-strings-path /Users/michaellee/Library/Developer/Xcode/DerivedData/powernapv2new-aqnqdjigpfxhhbaezrjmudzroopa/Build/Intermediates.noindex/powernapv2new.build/Debug-watchos/powernapv2new\ Watch\ App.build/Objects-normal/arm64_32 -target arm64_32-apple-watchos11.2 -enable-objc-interop -sdk /Applications/Xcode.app/Contents/Developer/Platforms/WatchOS.platform/Developer/SDKs/WatchOS11.2.sdk -I /Users/michaellee/Library/Developer/Xcode/DerivedData/powernapv2new-aqnqdjigpfxhhbaezrjmudzroopa/Build/Products/Debug-watchos -F /Users/michaellee/Library/Developer/Xcode/DerivedData/powernapv2new-aqnqdjigpfxhhbaezrjmudzroopa/Build/Products/Debug-watchos -no-color-diagnostics -enable-testing -g -debug-info-format\=dwarf -dwarf-version\=5 -module-cache-path /Users/michaellee/Library/Developer/Xcode/DerivedData/ModuleCache.noindex -profile-generate -profile-coverage-mapping -swift-version 5 -enforce-exclusivity\=checked -Onone -D DEBUG -serialize-debugging-options -const-gather-protocols-file /Users/michaellee/Library/Developer/Xcode/DerivedData/powernapv2new-aqnqdjigpfxhhbaezrjmudzroopa/Build/Intermediates.noindex/powernapv2new.build/Debug-watchos/powernapv2new\ Watch\ App.build/Objects-normal/arm64_32/powernapv2new\ Watch\ App_const_extract_protocols.json -enable-experimental-feature DebugDescriptionMacro -enable-experimental-feature OpaqueTypeErasure -enable-bare-slash-regex -empty-abi-descriptor -validate-clang-modules-once -clang-build-session-file /Users/michaellee/Library/Developer/Xcode/DerivedData/ModuleCache.noindex/Session.modulevalidation -Xcc -working-directory -Xcc /Users/michaellee/Documents/powernapv2new -resource-dir /Applications/Xcode.app/Contents/Developer/Toolchains/XcodeDefault.xctoolchain/usr/lib/swift -enable-anonymous-context-mangled-names -file-compilation-dir /Users/michaellee/Documents/powernapv2new -Xcc -D_LIBCPP_HARDENING_MODE\=_LIBCPP_HARDENING_MODE_DEBUG -Xcc -ivfsstatcache -Xcc /Users/michaellee/Library/Developer/Xcode/DerivedData/SDKStatCaches.noindex/watchos11.2-22S97-0b3b2baea7cb8f92e0e7a0ebd9acdf21.sdkstatcache -Xcc -I/Users/michaellee/Library/Developer/Xcode/DerivedData/powernapv2new-aqnqdjigpfxhhbaezrjmudzroopa/Build/Intermediates.noindex/powernapv2new.build/Debug-watchos/powernapv2new\ Watch\ App.build/swift-overrides.hmap -Xcc -iquote -Xcc /Users/michaellee/Library/Developer/Xcode/DerivedData/powernapv2new-aqnqdjigpfxhhbaezrjmudzroopa/Build/Intermediates.noindex/powernapv2new.build/Debug-watchos/powernapv2new\ Watch\ App.build/powernapv2new\ Watch\ App-generated-files.hmap -Xcc -I/Users/michaellee/Library/Developer/Xcode/DerivedData/powernapv2new-aqnqdjigpfxhhbaezrjmudzroopa/Build/Intermediates.noindex/powernapv2new.build/Debug-watchos/powernapv2new\ Watch\ App.build/powernapv2new\ Watch\ App-own-target-headers.hmap -Xcc -I/Users/michaellee/Library/Developer/Xcode/DerivedData/powernapv2new-aqnqdjigpfxhhbaezrjmudzroopa/Build/Intermediates.noindex/powernapv2new.build/Debug-watchos/powernapv2new\ Watch\ App.build/powernapv2new\ Watch\ App-all-target-headers.hmap -Xcc -iquote -Xcc /Users/michaellee/Library/Developer/Xcode/DerivedData/powernapv2new-aqnqdjigpfxhhbaezrjmudzroopa/Build/Intermediates.noindex/powernapv2new.build/Debug-watchos/powernapv2new\ Watch\ App.build/powernapv2new\ Watch\ App-project-headers.hmap -Xcc -I/Users/michaellee/Library/Developer/Xcode/DerivedData/powernapv2new-aqnqdjigpfxhhbaezrjmudzroopa/Build/Products/Debug-watchos/include -Xcc -I/Users/michaellee/Library/Developer/Xcode/DerivedData/powernapv2new-aqnqdjigpfxhhbaezrjmudzroopa/Build/Intermediates.noindex/powernapv2new.build/Debug-watchos/powernapv2new\ Watch\ App.build/DerivedSources-normal/arm64_32 -Xcc -I/Users/michaellee/Library/Developer/Xcode/DerivedData/powernapv2new-aqnqdjigpfxhhbaezrjmudzroopa/Build/Intermediates.noindex/powernapv2new.build/Debug-watchos/powernapv2new\ Watch\ App.build/DerivedSources/arm64_32 -Xcc -I/Users/michaellee/Library/Developer/Xcode/DerivedData/powernapv2new-aqnqdjigpfxhhbaezrjmudzroopa/Build/Intermediates.noindex/powernapv2new.build/Debug-watchos/powernapv2new\ Watch\ App.build/DerivedSources -Xcc -DDEBUG\=1 -module-name powernapv2new_Watch_App -frontend-parseable-output -disable-clang-spi -target-sdk-version 11.2 -target-sdk-name watchos11.2 -external-plugin-path /Applications/Xcode.app/Contents/Developer/Platforms/WatchOS.platform/Developer/usr/lib/swift/host/plugins\#/Applications/Xcode.app/Contents/Developer/Platforms/WatchOS.platform/Developer/usr/bin/swift-plugin-server -external-plugin-path /Applications/Xcode.app/Contents/Developer/Platforms/WatchOS.platform/Developer/usr/local/lib/swift/host/plugins\#/Applications/Xcode.app/Contents/Developer/Platforms/WatchOS.platform/Developer/usr/bin/swift-plugin-server -plugin-path /Applications/Xcode.app/Contents/Developer/Toolchains/XcodeDefault.xctoolchain/usr/lib/swift/host/plugins -plugin-path /Applications/Xcode.app/Contents/Developer/Toolchains/XcodeDefault.xctoolchain/usr/local/lib/swift/host/plugins -o /Users/michaellee/Library/Developer/Xcode/DerivedData/powernapv2new-aqnqdjigpfxhhbaezrjmudzroopa/Build/Intermediates.noindex/powernapv2new.build/Debug-watchos/powernapv2new\ Watch\ App.build/Objects-normal/arm64_32/EnhancedLogManager.o -o /Users/michaellee/Library/Developer/Xcode/DerivedData/powernapv2new-aqnqdjigpfxhhbaezrjmudzroopa/Build/Intermediates.noindex/powernapv2new.build/Debug-watchos/powernapv2new\ Watch\ App.build/Objects-normal/arm64_32/LogMigrationHelper.o -o /Users/michaellee/Library/Developer/Xcode/DerivedData/powernapv2new-aqnqdjigpfxhhbaezrjmudzroopa/Build/Intermediates.noindex/powernapv2new.build/Debug-watchos/powernapv2new\ Watch\ App.build/Objects-normal/arm64_32/MotionService.o -index-unit-output-path /powernapv2new.build/Debug-watchos/powernapv2new\ Watch\ App.build/Objects-normal/arm64_32/EnhancedLogManager.o -index-unit-output-path /powernapv2new.build/Debug-watchos/powernapv2new\ Watch\ App.build/Objects-normal/arm64_32/LogMigrationHelper.o -index-unit-output-path /powernapv2new.build/Debug-watchos/powernapv2new\ Watch\ App.build/Objects-normal/arm64_32/MotionService.o -index-store-path /Users/michaellee/Library/Developer/Xcode/DerivedData/powernapv2new-aqnqdjigpfxhhbaezrjmudzroopa/Index.noindex/DataStore -index-system-modules

/Users/michaellee/Documents/powernapv2new/powernapv2new Watch App/Services/LogMigrationHelper.swift:133:13: warning: variable 'thresholdPercentage' was written to, but never read
        var thresholdPercentage: Double = 0
            ^
/Users/michaellee/Documents/powernapv2new/powernapv2new Watch App/Services/LogMigrationHelper.swift:134:13: warning: variable 'confirmationTime' was never mutated; consider changing to 'let' constant
        var confirmationTime: Int = 180 // 默認3分鐘

/Users/michaellee/Documents/powernapv2new/powernapv2new Watch App/Services/LogMigrationHelper.swift:133:13: Variable 'thresholdPercentage' was written to, but never read

/Users/michaellee/Documents/powernapv2new/powernapv2new Watch App/Services/LogMigrationHelper.swift:134:13: Variable 'confirmationTime' was never mutated; consider changing to 'let' constant



Build failed    5/20/25, 10:58 PM    14.7 seconds
