
Showing Recent Issues

Build target PowerNapCore with configuration Debug

SwiftEmitModule normal arm64_32 Emitting\ module\ for\ PowerNapCore (in target 'PowerNapCore' from project 'powernapv2new' at path '/Users/michaellee/Documents/powernapv2new/Package.swift')
    cd /Users/michaellee/Documents/powernapv2new/powernapv2new.xcodeproj
    builtin-swiftTaskExecution -- /Applications/Xcode.app/Contents/Developer/Toolchains/XcodeDefault.xctoolchain/usr/bin/swift-frontend -frontend -emit-module -experimental-skip-non-inlinable-function-bodies-without-types /Users/michaellee/Documents/powernapv2new/Sources/PowerNapCore/HeartRateThresholdOptimizer.swift /Users/michaellee/Documents/powernapv2new/Sources/PowerNapCore/UserSleepProfile.swift -target arm64_32-apple-watchos10.0 -enable-objc-interop -sdk /Applications/Xcode.app/Contents/Developer/Platforms/WatchOS.platform/Developer/SDKs/WatchOS11.2.sdk -I /Users/michaellee/Library/Developer/Xcode/DerivedData/powernapv2new-aqnqdjigpfxhhbaezrjmudzroopa/Build/Products/Debug-watchos -I /Applications/Xcode.app/Contents/Developer/Platforms/WatchOS.platform/Developer/usr/lib -F /Users/michaellee/Library/Developer/Xcode/DerivedData/powernapv2new-aqnqdjigpfxhhbaezrjmudzroopa/Build/Products/Debug-watchos -F /Applications/Xcode.app/Contents/Developer/Platforms/WatchOS.platform/Developer/Library/Frameworks -F /Applications/Xcode.app/Contents/Developer/Platforms/WatchOS.platform/Developer/SDKs/WatchOS11.2.sdk/Developer/Library/Frameworks -no-color-diagnostics -enable-testing -g -debug-info-format\=dwarf -dwarf-version\=4 -module-cache-path /Users/michaellee/Library/Developer/Xcode/DerivedData/ModuleCache.noindex -suppress-warnings -profile-generate -profile-coverage-mapping -swift-version 6 -enforce-exclusivity\=checked -Onone -D SWIFT_PACKAGE -D DEBUG -D SWIFTUI -D Xcode -serialize-debugging-options -const-gather-protocols-file /Users/michaellee/Library/Developer/Xcode/DerivedData/powernapv2new-aqnqdjigpfxhhbaezrjmudzroopa/Build/Intermediates.noindex/powernapv2new.build/Debug-watchos/PowerNapCore.build/Objects-normal/arm64_32/PowerNapCore_const_extract_protocols.json -enable-experimental-feature DebugDescriptionMacro -enable-experimental-feature OpaqueTypeErasure -empty-abi-descriptor -plugin-path /Applications/Xcode.app/Contents/Developer/Toolchains/XcodeDefault.xctoolchain/usr/lib/swift/host/plugins/testing -validate-clang-modules-once -clang-build-session-file /Users/michaellee/Library/Developer/Xcode/DerivedData/ModuleCache.noindex/Session.modulevalidation -Xcc -working-directory -Xcc /Users/michaellee/Documents/powernapv2new/powernapv2new.xcodeproj -resource-dir /Applications/Xcode.app/Contents/Developer/Toolchains/XcodeDefault.xctoolchain/usr/lib/swift -enable-anonymous-context-mangled-names -file-compilation-dir /Users/michaellee/Documents/powernapv2new/powernapv2new.xcodeproj -Xcc -D_LIBCPP_HARDENING_MODE\=_LIBCPP_HARDENING_MODE_DEBUG -Xcc -ivfsstatcache -Xcc /Users/michaellee/Library/Developer/Xcode/DerivedData/SDKStatCaches.noindex/watchos11.2-22S97-0b3b2baea7cb8f92e0e7a0ebd9acdf21.sdkstatcache -Xcc -I/Users/michaellee/Library/Developer/Xcode/DerivedData/powernapv2new-aqnqdjigpfxhhbaezrjmudzroopa/Build/Intermediates.noindex/powernapv2new.build/Debug-watchos/PowerNapCore.build/swift-overrides.hmap -Xcc -I/Users/michaellee/Library/Developer/Xcode/DerivedData/powernapv2new-aqnqdjigpfxhhbaezrjmudzroopa/Build/Products/Debug-watchos/include -Xcc -I/Users/michaellee/Library/Developer/Xcode/DerivedData/powernapv2new-aqnqdjigpfxhhbaezrjmudzroopa/Build/Intermediates.noindex/powernapv2new.build/Debug-watchos/PowerNapCore.build/DerivedSources-normal/arm64_32 -Xcc -I/Users/michaellee/Library/Developer/Xcode/DerivedData/powernapv2new-aqnqdjigpfxhhbaezrjmudzroopa/Build/Intermediates.noindex/powernapv2new.build/Debug-watchos/PowerNapCore.build/DerivedSources/arm64_32 -Xcc -I/Users/michaellee/Library/Developer/Xcode/DerivedData/powernapv2new-aqnqdjigpfxhhbaezrjmudzroopa/Build/Intermediates.noindex/powernapv2new.build/Debug-watchos/PowerNapCore.build/DerivedSources -Xcc -DSWIFT_PACKAGE -Xcc -DDEBUG\=1 -module-name PowerNapCore -package-name powernapv2new -frontend-parseable-output -disable-clang-spi -target-sdk-version 11.2 -target-sdk-name watchos11.2 -external-plugin-path /Applications/Xcode.app/Contents/Developer/Platforms/WatchOS.platform/Developer/usr/lib/swift/host/plugins\#/Applications/Xcode.app/Contents/Developer/Platforms/WatchOS.platform/Developer/usr/bin/swift-plugin-server -external-plugin-path /Applications/Xcode.app/Contents/Developer/Platforms/WatchOS.platform/Developer/usr/local/lib/swift/host/plugins\#/Applications/Xcode.app/Contents/Developer/Platforms/WatchOS.platform/Developer/usr/bin/swift-plugin-server -plugin-path /Applications/Xcode.app/Contents/Developer/Toolchains/XcodeDefault.xctoolchain/usr/lib/swift/host/plugins -plugin-path /Applications/Xcode.app/Contents/Developer/Toolchains/XcodeDefault.xctoolchain/usr/local/lib/swift/host/plugins -emit-module-doc-path /Users/michaellee/Library/Developer/Xcode/DerivedData/powernapv2new-aqnqdjigpfxhhbaezrjmudzroopa/Build/Intermediates.noindex/powernapv2new.build/Debug-watchos/PowerNapCore.build/Objects-normal/arm64_32/PowerNapCore.swiftdoc -emit-module-source-info-path /Users/michaellee/Library/Developer/Xcode/DerivedData/powernapv2new-aqnqdjigpfxhhbaezrjmudzroopa/Build/Intermediates.noindex/powernapv2new.build/Debug-watchos/PowerNapCore.build/Objects-normal/arm64_32/PowerNapCore.swiftsourceinfo -emit-objc-header-path /Users/michaellee/Library/Developer/Xcode/DerivedData/powernapv2new-aqnqdjigpfxhhbaezrjmudzroopa/Build/Intermediates.noindex/powernapv2new.build/Debug-watchos/PowerNapCore.build/Objects-normal/arm64_32/PowerNapCore-Swift.h -serialize-diagnostics-path /Users/michaellee/Library/Developer/Xcode/DerivedData/powernapv2new-aqnqdjigpfxhhbaezrjmudzroopa/Build/Intermediates.noindex/powernapv2new.build/Debug-watchos/PowerNapCore.build/Objects-normal/arm64_32/PowerNapCore-master-emit-module.dia -emit-dependencies-path /Users/michaellee/Library/Developer/Xcode/DerivedData/powernapv2new-aqnqdjigpfxhhbaezrjmudzroopa/Build/Intermediates.noindex/powernapv2new.build/Debug-watchos/PowerNapCore.build/Objects-normal/arm64_32/PowerNapCore-master-emit-module.d -o /Users/michaellee/Library/Developer/Xcode/DerivedData/powernapv2new-aqnqdjigpfxhhbaezrjmudzroopa/Build/Intermediates.noindex/powernapv2new.build/Debug-watchos/PowerNapCore.build/Objects-normal/arm64_32/PowerNapCore.swiftmodule -emit-abi-descriptor-path /Users/michaellee/Library/Developer/Xcode/DerivedData/powernapv2new-aqnqdjigpfxhhbaezrjmudzroopa/Build/Intermediates.noindex/powernapv2new.build/Debug-watchos/PowerNapCore.build/Objects-normal/arm64_32/PowerNapCore.abi.json

EmitSwiftModule normal arm64_32 (in target 'PowerNapCore' from project 'powernapv2new' at path '/Users/michaellee/Documents/powernapv2new/Package.swift')
    cd /Users/michaellee/Documents/powernapv2new/powernapv2new.xcodeproj
    /Applications/Xcode.app/Contents/Developer/Toolchains/XcodeDefault.xctoolchain/usr/bin/swift-frontend -emit-module -experimental-skip-non-inlinable-function-bodies-without-types /Users/michaellee/Documents/powernapv2new/Sources/PowerNapCore/HeartRateThresholdOptimizer.swift /Users/michaellee/Documents/powernapv2new/Sources/PowerNapCore/UserSleepProfile.swift -target arm64_32-apple-watchos10.0 -enable-objc-interop -sdk /Applications/Xcode.app/Contents/Developer/Platforms/WatchOS.platform/Developer/SDKs/WatchOS11.2.sdk -I /Users/michaellee/Library/Developer/Xcode/DerivedData/powernapv2new-aqnqdjigpfxhhbaezrjmudzroopa/Build/Products/Debug-watchos -I /Applications/Xcode.app/Contents/Developer/Platforms/WatchOS.platform/Developer/usr/lib -F /Users/michaellee/Library/Developer/Xcode/DerivedData/powernapv2new-aqnqdjigpfxhhbaezrjmudzroopa/Build/Products/Debug-watchos -F /Applications/Xcode.app/Contents/Developer/Platforms/WatchOS.platform/Developer/Library/Frameworks -F /Applications/Xcode.app/Contents/Developer/Platforms/WatchOS.platform/Developer/SDKs/WatchOS11.2.sdk/Developer/Library/Frameworks -no-color-diagnostics -enable-testing -g -debug-info-format\=dwarf -dwarf-version\=4 -module-cache-path /Users/michaellee/Library/Developer/Xcode/DerivedData/ModuleCache.noindex -suppress-warnings -profile-generate -profile-coverage-mapping -swift-version 6 -enforce-exclusivity\=checked -Onone -D SWIFT_PACKAGE -D DEBUG -D SWIFTUI -D Xcode -serialize-debugging-options -const-gather-protocols-file /Users/michaellee/Library/Developer/Xcode/DerivedData/powernapv2new-aqnqdjigpfxhhbaezrjmudzroopa/Build/Intermediates.noindex/powernapv2new.build/Debug-watchos/PowerNapCore.build/Objects-normal/arm64_32/PowerNapCore_const_extract_protocols.json -enable-experimental-feature DebugDescriptionMacro -enable-experimental-feature OpaqueTypeErasure -empty-abi-descriptor -plugin-path /Applications/Xcode.app/Contents/Developer/Toolchains/XcodeDefault.xctoolchain/usr/lib/swift/host/plugins/testing -validate-clang-modules-once -clang-build-session-file /Users/michaellee/Library/Developer/Xcode/DerivedData/ModuleCache.noindex/Session.modulevalidation -Xcc -working-directory -Xcc /Users/michaellee/Documents/powernapv2new/powernapv2new.xcodeproj -resource-dir /Applications/Xcode.app/Contents/Developer/Toolchains/XcodeDefault.xctoolchain/usr/lib/swift -enable-anonymous-context-mangled-names -file-compilation-dir /Users/michaellee/Documents/powernapv2new/powernapv2new.xcodeproj -Xcc -D_LIBCPP_HARDENING_MODE\=_LIBCPP_HARDENING_MODE_DEBUG -Xcc -ivfsstatcache -Xcc /Users/michaellee/Library/Developer/Xcode/DerivedData/SDKStatCaches.noindex/watchos11.2-22S97-0b3b2baea7cb8f92e0e7a0ebd9acdf21.sdkstatcache -Xcc -I/Users/michaellee/Library/Developer/Xcode/DerivedData/powernapv2new-aqnqdjigpfxhhbaezrjmudzroopa/Build/Intermediates.noindex/powernapv2new.build/Debug-watchos/PowerNapCore.build/swift-overrides.hmap -Xcc -I/Users/michaellee/Library/Developer/Xcode/DerivedData/powernapv2new-aqnqdjigpfxhhbaezrjmudzroopa/Build/Products/Debug-watchos/include -Xcc -I/Users/michaellee/Library/Developer/Xcode/DerivedData/powernapv2new-aqnqdjigpfxhhbaezrjmudzroopa/Build/Intermediates.noindex/powernapv2new.build/Debug-watchos/PowerNapCore.build/DerivedSources-normal/arm64_32 -Xcc -I/Users/michaellee/Library/Developer/Xcode/DerivedData/powernapv2new-aqnqdjigpfxhhbaezrjmudzroopa/Build/Intermediates.noindex/powernapv2new.build/Debug-watchos/PowerNapCore.build/DerivedSources/arm64_32 -Xcc -I/Users/michaellee/Library/Developer/Xcode/DerivedData/powernapv2new-aqnqdjigpfxhhbaezrjmudzroopa/Build/Intermediates.noindex/powernapv2new.build/Debug-watchos/PowerNapCore.build/DerivedSources -Xcc -DSWIFT_PACKAGE -Xcc -DDEBUG\=1 -module-name PowerNapCore -package-name powernapv2new -frontend-parseable-output -disable-clang-spi -target-sdk-version 11.2 -target-sdk-name watchos11.2 -external-plugin-path /Applications/Xcode.app/Contents/Developer/Platforms/WatchOS.platform/Developer/usr/lib/swift/host/plugins\#/Applications/Xcode.app/Contents/Developer/Platforms/WatchOS.platform/Developer/usr/bin/swift-plugin-server -external-plugin-path /Applications/Xcode.app/Contents/Developer/Platforms/WatchOS.platform/Developer/usr/local/lib/swift/host/plugins\#/Applications/Xcode.app/Contents/Developer/Platforms/WatchOS.platform/Developer/usr/bin/swift-plugin-server -plugin-path /Applications/Xcode.app/Contents/Developer/Toolchains/XcodeDefault.xctoolchain/usr/lib/swift/host/plugins -plugin-path /Applications/Xcode.app/Contents/Developer/Toolchains/XcodeDefault.xctoolchain/usr/local/lib/swift/host/plugins -emit-module-doc-path /Users/michaellee/Library/Developer/Xcode/DerivedData/powernapv2new-aqnqdjigpfxhhbaezrjmudzroopa/Build/Intermediates.noindex/powernapv2new.build/Debug-watchos/PowerNapCore.build/Objects-normal/arm64_32/PowerNapCore.swiftdoc -emit-module-source-info-path /Users/michaellee/Library/Developer/Xcode/DerivedData/powernapv2new-aqnqdjigpfxhhbaezrjmudzroopa/Build/Intermediates.noindex/powernapv2new.build/Debug-watchos/PowerNapCore.build/Objects-normal/arm64_32/PowerNapCore.swiftsourceinfo -emit-objc-header-path /Users/michaellee/Library/Developer/Xcode/DerivedData/powernapv2new-aqnqdjigpfxhhbaezrjmudzroopa/Build/Intermediates.noindex/powernapv2new.build/Debug-watchos/PowerNapCore.build/Objects-normal/arm64_32/PowerNapCore-Swift.h -serialize-diagnostics-path /Users/michaellee/Library/Developer/Xcode/DerivedData/powernapv2new-aqnqdjigpfxhhbaezrjmudzroopa/Build/Intermediates.noindex/powernapv2new.build/Debug-watchos/PowerNapCore.build/Objects-normal/arm64_32/PowerNapCore-master-emit-module.dia -emit-dependencies-path /Users/michaellee/Library/Developer/Xcode/DerivedData/powernapv2new-aqnqdjigpfxhhbaezrjmudzroopa/Build/Intermediates.noindex/powernapv2new.build/Debug-watchos/PowerNapCore.build/Objects-normal/arm64_32/PowerNapCore-master-emit-module.d -o /Users/michaellee/Library/Developer/Xcode/DerivedData/powernapv2new-aqnqdjigpfxhhbaezrjmudzroopa/Build/Intermediates.noindex/powernapv2new.build/Debug-watchos/PowerNapCore.build/Objects-normal/arm64_32/PowerNapCore.swiftmodule -emit-abi-descriptor-path /Users/michaellee/Library/Developer/Xcode/DerivedData/powernapv2new-aqnqdjigpfxhhbaezrjmudzroopa/Build/Intermediates.noindex/powernapv2new.build/Debug-watchos/PowerNapCore.build/Objects-normal/arm64_32/PowerNapCore.abi.json

/Users/michaellee/Documents/powernapv2new/Sources/PowerNapCore/UserSleepProfile.swift:255:23: error: static property 'shared' is not concurrency-safe because non-'Sendable' type 'UserSleepProfileManager' may have shared mutable state
    public static let shared = UserSleepProfileManager()
                      ^
/Users/michaellee/Documents/powernapv2new/Sources/PowerNapCore/UserSleepProfile.swift:250:14: note: class 'UserSleepProfileManager' does not conform to the 'Sendable' protocol
public class UserSleepProfileManager {
             ^
/Users/michaellee/Documents/powernapv2new/Sources/PowerNapCore/UserSleepProfile.swift:255:23: note: annotate 'shared' with '@MainActor' if property should only be accessed from the main actor
    public static let shared = UserSleepProfileManager()
                      ^
    @MainActor 
/Users/michaellee/Documents/powernapv2new/Sources/PowerNapCore/UserSleepProfile.swift:255:23: note: disable concurrency-safety checks if accesses are protected by an external synchronization mechanism
    public static let shared = UserSleepProfileManager()
                      ^
    nonisolated(unsafe) 
/Users/michaellee/Documents/powernapv2new/Sources/PowerNapCore/UserSleepProfile.swift:9:26: error: cannot find type 'AgeGroup' in scope
    public let ageGroup: AgeGroup
                         ^~~~~~~~
/Users/michaellee/Documents/powernapv2new/Sources/PowerNapCore/UserSleepProfile.swift:6:15: error: type 'UserSleepProfile' does not conform to protocol 'Decodable'
public struct UserSleepProfile: Codable {
              ^
Swift.Decodable:2:5: note: protocol requires initializer 'init(from:)' with type 'Decodable'
    init(from decoder: any Decoder) throws
    ^
/Users/michaellee/Documents/powernapv2new/Sources/PowerNapCore/UserSleepProfile.swift:9:16: note: cannot automatically synthesize 'Decodable' because 'AgeGroup' does not conform to 'Decodable'
    public let ageGroup: AgeGroup
               ^
/Users/michaellee/Documents/powernapv2new/Sources/PowerNapCore/UserSleepProfile.swift:68:74: error: cannot find type 'AgeGroup' in scope
    public static func createDefault(forUserId userId: String, ageGroup: AgeGroup) -> UserSleepProfile {
                                                                         ^~~~~~~~
/Users/michaellee/Documents/powernapv2new/Sources/PowerNapCore/UserSleepProfile.swift:6:15: error: type 'UserSleepProfile' does not conform to protocol 'Encodable'
public struct UserSleepProfile: Codable {
              ^
Swift.Encodable:2:10: note: protocol requires function 'encode(to:)' with type 'Encodable'
    func encode(to encoder: any Encoder) throws
         ^
/Users/michaellee/Documents/powernapv2new/Sources/PowerNapCore/UserSleepProfile.swift:9:16: note: cannot automatically synthesize 'Encodable' because 'AgeGroup' does not conform to 'Encodable'
    public let ageGroup: AgeGroup
               ^

/Users/michaellee/Documents/powernapv2new/Sources/PowerNapCore/UserSleepProfile.swift:255:23: Static property 'shared' is not concurrency-safe because non-'Sendable' type 'UserSleepProfileManager' may have shared mutable state

/Users/michaellee/Documents/powernapv2new/Sources/PowerNapCore/UserSleepProfile.swift:9:26: Cannot find type 'AgeGroup' in scope

/Users/michaellee/Documents/powernapv2new/Sources/PowerNapCore/UserSleepProfile.swift:6:15: Type 'UserSleepProfile' does not conform to protocol 'Decodable'

/Users/michaellee/Documents/powernapv2new/Sources/PowerNapCore/UserSleepProfile.swift:68:74: Cannot find type 'AgeGroup' in scope

/Users/michaellee/Documents/powernapv2new/Sources/PowerNapCore/UserSleepProfile.swift:6:15: Type 'UserSleepProfile' does not conform to protocol 'Encodable'



Build failed    5/30/25, 3:53â€¯PM    2.1 seconds
