
Showing Recent Issues

Build target powernapv2new Watch App of project powernapv2new with configuration Debug

SwiftCompile normal arm64_32 Compiling\ AdvancedLoggingSystem.swift,\ SharedTypes.swift,\ ContentView+LogAnalysis.swift /Users/michaellee/Documents/powernapv2new/powernapv2new\ Watch\ App/AdvancedLoggingSystem.swift /Users/michaellee/Documents/powernapv2new/powernapv2new\ Watch\ App/Models/SharedTypes.swift /Users/michaellee/Documents/powernapv2new/powernapv2new\ Watch\ App/ContentView+LogAnalysis.swift (in target 'powernapv2new Watch App' from project 'powernapv2new')
    cd /Users/michaellee/Documents/powernapv2new
    builtin-swiftTaskExecution -- /Applications/Xcode.app/Contents/Developer/Toolchains/XcodeDefault.xctoolchain/usr/bin/swift-frontend -frontend -c -primary-file /Users/michaellee/Documents/powernapv2new/powernapv2new\ Watch\ App/AdvancedLoggingSystem.swift -primary-file /Users/michaellee/Documents/powernapv2new/powernapv2new\ Watch\ App/Models/SharedTypes.swift -primary-file /Users/michaellee/Documents/powernapv2new/powernapv2new\ Watch\ App/ContentView+LogAnalysis.swift /Users/michaellee/Documents/powernapv2new/powernapv2new\ Watch\ App/Services/LoggingService.swift /Users/michaellee/Documents/powernapv2new/powernapv2new\ Watch\ App/Models/UserSleepProfile.swift /Users/michaellee/Documents/powernapv2new/powernapv2new\ Watch\ App/Services/AdaptiveThresholdSystem.swift /Users/michaellee/Documents/powernapv2new/powernapv2new\ Watch\ App/SleepDetectionCoordinator+Logging.swift /Users/michaellee/Documents/powernapv2new/powernapv2new\ Watch\ App/Services/HeartRateAnomalyTracker.swift /Users/michaellee/Documents/powernapv2new/powernapv2new\ Watch\ App/Services/HeartRateService.swift /Users/michaellee/Documents/powernapv2new/powernapv2new\ Watch\ App/Services/HeartRateThresholdOptimizer.swift /Users/michaellee/Documents/powernapv2new/powernapv2new\ Watch\ App/Services/MotionService.swift /Users/michaellee/Documents/powernapv2new/powernapv2new\ Watch\ App/Services/SlidingWindow.swift /Users/michaellee/Documents/powernapv2new/powernapv2new\ Watch\ App/Views/MinimumNapDurationCalculator.swift /Users/michaellee/Documents/powernapv2new/powernapv2new\ Watch\ App/Views/SleepConfirmationTimeButton.swift /Users/michaellee/Documents/powernapv2new/powernapv2new\ Watch\ App/Views/SleepConfirmationTimeSettingView.swift /Users/michaellee/Documents/powernapv2new/powernapv2new\ Watch\ App/ContentView.swift /Users/michaellee/Documents/powernapv2new/powernapv2new\ Watch\ App/PowerNapServices.swift /Users/michaellee/Documents/powernapv2new/powernapv2new\ Watch\ App/powernapv2newApp.swift /Users/michaellee/Documents/powernapv2new/powernapv2new\ Watch\ App/SleepDetectionCoordinator.swift /Users/michaellee/Documents/powernapv2new/powernapv2new\ Watch\ App/SleepServices.swift /Users/michaellee/Library/Developer/Xcode/DerivedData/powernapv2new-aqnqdjigpfxhhbaezrjmudzroopa/Build/Intermediates.noindex/powernapv2new.build/Debug-watchos/powernapv2new\ Watch\ App.build/DerivedSources/GeneratedAssetSymbols.swift -supplementary-output-file-map /Users/michaellee/Library/Developer/Xcode/DerivedData/powernapv2new-aqnqdjigpfxhhbaezrjmudzroopa/Build/Intermediates.noindex/powernapv2new.build/Debug-watchos/powernapv2new\ Watch\ App.build/Objects-normal/arm64_32/supplementaryOutputs-37 -emit-localized-strings -emit-localized-strings-path /Users/michaellee/Library/Developer/Xcode/DerivedData/powernapv2new-aqnqdjigpfxhhbaezrjmudzroopa/Build/Intermediates.noindex/powernapv2new.build/Debug-watchos/powernapv2new\ Watch\ App.build/Objects-normal/arm64_32 -target arm64_32-apple-watchos11.2 -enable-objc-interop -sdk /Applications/Xcode.app/Contents/Developer/Platforms/WatchOS.platform/Developer/SDKs/WatchOS11.2.sdk -I /Users/michaellee/Library/Developer/Xcode/DerivedData/powernapv2new-aqnqdjigpfxhhbaezrjmudzroopa/Build/Products/Debug-watchos -F /Users/michaellee/Library/Developer/Xcode/DerivedData/powernapv2new-aqnqdjigpfxhhbaezrjmudzroopa/Build/Products/Debug-watchos -no-color-diagnostics -enable-testing -g -debug-info-format\=dwarf -dwarf-version\=5 -module-cache-path /Users/michaellee/Library/Developer/Xcode/DerivedData/ModuleCache.noindex -profile-generate -profile-coverage-mapping -swift-version 5 -enforce-exclusivity\=checked -Onone -D DEBUG -serialize-debugging-options -const-gather-protocols-file /Users/michaellee/Library/Developer/Xcode/DerivedData/powernapv2new-aqnqdjigpfxhhbaezrjmudzroopa/Build/Intermediates.noindex/powernapv2new.build/Debug-watchos/powernapv2new\ Watch\ App.build/Objects-normal/arm64_32/powernapv2new\ Watch\ App_const_extract_protocols.json -enable-experimental-feature DebugDescriptionMacro -enable-experimental-feature OpaqueTypeErasure -enable-bare-slash-regex -empty-abi-descriptor -validate-clang-modules-once -clang-build-session-file /Users/michaellee/Library/Developer/Xcode/DerivedData/ModuleCache.noindex/Session.modulevalidation -Xcc -working-directory -Xcc /Users/michaellee/Documents/powernapv2new -resource-dir /Applications/Xcode.app/Contents/Developer/Toolchains/XcodeDefault.xctoolchain/usr/lib/swift -enable-anonymous-context-mangled-names -file-compilation-dir /Users/michaellee/Documents/powernapv2new -Xcc -D_LIBCPP_HARDENING_MODE\=_LIBCPP_HARDENING_MODE_DEBUG -Xcc -ivfsstatcache -Xcc /Users/michaellee/Library/Developer/Xcode/DerivedData/SDKStatCaches.noindex/watchos11.2-22S97-0b3b2baea7cb8f92e0e7a0ebd9acdf21.sdkstatcache -Xcc -I/Users/michaellee/Library/Developer/Xcode/DerivedData/powernapv2new-aqnqdjigpfxhhbaezrjmudzroopa/Build/Intermediates.noindex/powernapv2new.build/Debug-watchos/powernapv2new\ Watch\ App.build/swift-overrides.hmap -Xcc -iquote -Xcc /Users/michaellee/Library/Developer/Xcode/DerivedData/powernapv2new-aqnqdjigpfxhhbaezrjmudzroopa/Build/Intermediates.noindex/powernapv2new.build/Debug-watchos/powernapv2new\ Watch\ App.build/powernapv2new\ Watch\ App-generated-files.hmap -Xcc -I/Users/michaellee/Library/Developer/Xcode/DerivedData/powernapv2new-aqnqdjigpfxhhbaezrjmudzroopa/Build/Intermediates.noindex/powernapv2new.build/Debug-watchos/powernapv2new\ Watch\ App.build/powernapv2new\ Watch\ App-own-target-headers.hmap -Xcc -I/Users/michaellee/Library/Developer/Xcode/DerivedData/powernapv2new-aqnqdjigpfxhhbaezrjmudzroopa/Build/Intermediates.noindex/powernapv2new.build/Debug-watchos/powernapv2new\ Watch\ App.build/powernapv2new\ Watch\ App-all-target-headers.hmap -Xcc -iquote -Xcc /Users/michaellee/Library/Developer/Xcode/DerivedData/powernapv2new-aqnqdjigpfxhhbaezrjmudzroopa/Build/Intermediates.noindex/powernapv2new.build/Debug-watchos/powernapv2new\ Watch\ App.build/powernapv2new\ Watch\ App-project-headers.hmap -Xcc -I/Users/michaellee/Library/Developer/Xcode/DerivedData/powernapv2new-aqnqdjigpfxhhbaezrjmudzroopa/Build/Products/Debug-watchos/include -Xcc -I/Users/michaellee/Library/Developer/Xcode/DerivedData/powernapv2new-aqnqdjigpfxhhbaezrjmudzroopa/Build/Intermediates.noindex/powernapv2new.build/Debug-watchos/powernapv2new\ Watch\ App.build/DerivedSources-normal/arm64_32 -Xcc -I/Users/michaellee/Library/Developer/Xcode/DerivedData/powernapv2new-aqnqdjigpfxhhbaezrjmudzroopa/Build/Intermediates.noindex/powernapv2new.build/Debug-watchos/powernapv2new\ Watch\ App.build/DerivedSources/arm64_32 -Xcc -I/Users/michaellee/Library/Developer/Xcode/DerivedData/powernapv2new-aqnqdjigpfxhhbaezrjmudzroopa/Build/Intermediates.noindex/powernapv2new.build/Debug-watchos/powernapv2new\ Watch\ App.build/DerivedSources -Xcc -DDEBUG\=1 -module-name powernapv2new_Watch_App -frontend-parseable-output -disable-clang-spi -target-sdk-version 11.2 -target-sdk-name watchos11.2 -external-plugin-path /Applications/Xcode.app/Contents/Developer/Platforms/WatchOS.platform/Developer/usr/lib/swift/host/plugins\#/Applications/Xcode.app/Contents/Developer/Platforms/WatchOS.platform/Developer/usr/bin/swift-plugin-server -external-plugin-path /Applications/Xcode.app/Contents/Developer/Platforms/WatchOS.platform/Developer/usr/local/lib/swift/host/plugins\#/Applications/Xcode.app/Contents/Developer/Platforms/WatchOS.platform/Developer/usr/bin/swift-plugin-server -plugin-path /Applications/Xcode.app/Contents/Developer/Toolchains/XcodeDefault.xctoolchain/usr/lib/swift/host/plugins -plugin-path /Applications/Xcode.app/Contents/Developer/Toolchains/XcodeDefault.xctoolchain/usr/local/lib/swift/host/plugins -o /Users/michaellee/Library/Developer/Xcode/DerivedData/powernapv2new-aqnqdjigpfxhhbaezrjmudzroopa/Build/Intermediates.noindex/powernapv2new.build/Debug-watchos/powernapv2new\ Watch\ App.build/Objects-normal/arm64_32/AdvancedLoggingSystem.o -o /Users/michaellee/Library/Developer/Xcode/DerivedData/powernapv2new-aqnqdjigpfxhhbaezrjmudzroopa/Build/Intermediates.noindex/powernapv2new.build/Debug-watchos/powernapv2new\ Watch\ App.build/Objects-normal/arm64_32/SharedTypes.o -o /Users/michaellee/Library/Developer/Xcode/DerivedData/powernapv2new-aqnqdjigpfxhhbaezrjmudzroopa/Build/Intermediates.noindex/powernapv2new.build/Debug-watchos/powernapv2new\ Watch\ App.build/Objects-normal/arm64_32/ContentView+LogAnalysis.o -index-unit-output-path /powernapv2new.build/Debug-watchos/powernapv2new\ Watch\ App.build/Objects-normal/arm64_32/AdvancedLoggingSystem.o -index-unit-output-path /powernapv2new.build/Debug-watchos/powernapv2new\ Watch\ App.build/Objects-normal/arm64_32/SharedTypes.o -index-unit-output-path /powernapv2new.build/Debug-watchos/powernapv2new\ Watch\ App.build/Objects-normal/arm64_32/ContentView+LogAnalysis.o -index-store-path /Users/michaellee/Library/Developer/Xcode/DerivedData/powernapv2new-aqnqdjigpfxhhbaezrjmudzroopa/Index.noindex/DataStore -index-system-modules

SwiftCompile normal arm64_32 /Users/michaellee/Documents/powernapv2new/powernapv2new\ Watch\ App/ContentView+LogAnalysis.swift (in target 'powernapv2new Watch App' from project 'powernapv2new')
    cd /Users/michaellee/Documents/powernapv2new
    /Applications/Xcode.app/Contents/Developer/Toolchains/XcodeDefault.xctoolchain/usr/bin/swift-frontend -c -primary-file /Users/michaellee/Documents/powernapv2new/powernapv2new\ Watch\ App/AdvancedLoggingSystem.swift -primary-file /Users/michaellee/Documents/powernapv2new/powernapv2new\ Watch\ App/Models/SharedTypes.swift -primary-file /Users/michaellee/Documents/powernapv2new/powernapv2new\ Watch\ App/ContentView+LogAnalysis.swift /Users/michaellee/Documents/powernapv2new/powernapv2new\ Watch\ App/Services/LoggingService.swift /Users/michaellee/Documents/powernapv2new/powernapv2new\ Watch\ App/Models/UserSleepProfile.swift /Users/michaellee/Documents/powernapv2new/powernapv2new\ Watch\ App/Services/AdaptiveThresholdSystem.swift /Users/michaellee/Documents/powernapv2new/powernapv2new\ Watch\ App/SleepDetectionCoordinator+Logging.swift /Users/michaellee/Documents/powernapv2new/powernapv2new\ Watch\ App/Services/HeartRateAnomalyTracker.swift /Users/michaellee/Documents/powernapv2new/powernapv2new\ Watch\ App/Services/HeartRateService.swift /Users/michaellee/Documents/powernapv2new/powernapv2new\ Watch\ App/Services/HeartRateThresholdOptimizer.swift /Users/michaellee/Documents/powernapv2new/powernapv2new\ Watch\ App/Services/MotionService.swift /Users/michaellee/Documents/powernapv2new/powernapv2new\ Watch\ App/Services/SlidingWindow.swift /Users/michaellee/Documents/powernapv2new/powernapv2new\ Watch\ App/Views/MinimumNapDurationCalculator.swift /Users/michaellee/Documents/powernapv2new/powernapv2new\ Watch\ App/Views/SleepConfirmationTimeButton.swift /Users/michaellee/Documents/powernapv2new/powernapv2new\ Watch\ App/Views/SleepConfirmationTimeSettingView.swift /Users/michaellee/Documents/powernapv2new/powernapv2new\ Watch\ App/ContentView.swift /Users/michaellee/Documents/powernapv2new/powernapv2new\ Watch\ App/PowerNapServices.swift /Users/michaellee/Documents/powernapv2new/powernapv2new\ Watch\ App/powernapv2newApp.swift /Users/michaellee/Documents/powernapv2new/powernapv2new\ Watch\ App/SleepDetectionCoordinator.swift /Users/michaellee/Documents/powernapv2new/powernapv2new\ Watch\ App/SleepServices.swift /Users/michaellee/Library/Developer/Xcode/DerivedData/powernapv2new-aqnqdjigpfxhhbaezrjmudzroopa/Build/Intermediates.noindex/powernapv2new.build/Debug-watchos/powernapv2new\ Watch\ App.build/DerivedSources/GeneratedAssetSymbols.swift -supplementary-output-file-map /Users/michaellee/Library/Developer/Xcode/DerivedData/powernapv2new-aqnqdjigpfxhhbaezrjmudzroopa/Build/Intermediates.noindex/powernapv2new.build/Debug-watchos/powernapv2new\ Watch\ App.build/Objects-normal/arm64_32/supplementaryOutputs-37 -emit-localized-strings -emit-localized-strings-path /Users/michaellee/Library/Developer/Xcode/DerivedData/powernapv2new-aqnqdjigpfxhhbaezrjmudzroopa/Build/Intermediates.noindex/powernapv2new.build/Debug-watchos/powernapv2new\ Watch\ App.build/Objects-normal/arm64_32 -target arm64_32-apple-watchos11.2 -enable-objc-interop -sdk /Applications/Xcode.app/Contents/Developer/Platforms/WatchOS.platform/Developer/SDKs/WatchOS11.2.sdk -I /Users/michaellee/Library/Developer/Xcode/DerivedData/powernapv2new-aqnqdjigpfxhhbaezrjmudzroopa/Build/Products/Debug-watchos -F /Users/michaellee/Library/Developer/Xcode/DerivedData/powernapv2new-aqnqdjigpfxhhbaezrjmudzroopa/Build/Products/Debug-watchos -no-color-diagnostics -enable-testing -g -debug-info-format\=dwarf -dwarf-version\=5 -module-cache-path /Users/michaellee/Library/Developer/Xcode/DerivedData/ModuleCache.noindex -profile-generate -profile-coverage-mapping -swift-version 5 -enforce-exclusivity\=checked -Onone -D DEBUG -serialize-debugging-options -const-gather-protocols-file /Users/michaellee/Library/Developer/Xcode/DerivedData/powernapv2new-aqnqdjigpfxhhbaezrjmudzroopa/Build/Intermediates.noindex/powernapv2new.build/Debug-watchos/powernapv2new\ Watch\ App.build/Objects-normal/arm64_32/powernapv2new\ Watch\ App_const_extract_protocols.json -enable-experimental-feature DebugDescriptionMacro -enable-experimental-feature OpaqueTypeErasure -enable-bare-slash-regex -empty-abi-descriptor -validate-clang-modules-once -clang-build-session-file /Users/michaellee/Library/Developer/Xcode/DerivedData/ModuleCache.noindex/Session.modulevalidation -Xcc -working-directory -Xcc /Users/michaellee/Documents/powernapv2new -resource-dir /Applications/Xcode.app/Contents/Developer/Toolchains/XcodeDefault.xctoolchain/usr/lib/swift -enable-anonymous-context-mangled-names -file-compilation-dir /Users/michaellee/Documents/powernapv2new -Xcc -D_LIBCPP_HARDENING_MODE\=_LIBCPP_HARDENING_MODE_DEBUG -Xcc -ivfsstatcache -Xcc /Users/michaellee/Library/Developer/Xcode/DerivedData/SDKStatCaches.noindex/watchos11.2-22S97-0b3b2baea7cb8f92e0e7a0ebd9acdf21.sdkstatcache -Xcc -I/Users/michaellee/Library/Developer/Xcode/DerivedData/powernapv2new-aqnqdjigpfxhhbaezrjmudzroopa/Build/Intermediates.noindex/powernapv2new.build/Debug-watchos/powernapv2new\ Watch\ App.build/swift-overrides.hmap -Xcc -iquote -Xcc /Users/michaellee/Library/Developer/Xcode/DerivedData/powernapv2new-aqnqdjigpfxhhbaezrjmudzroopa/Build/Intermediates.noindex/powernapv2new.build/Debug-watchos/powernapv2new\ Watch\ App.build/powernapv2new\ Watch\ App-generated-files.hmap -Xcc -I/Users/michaellee/Library/Developer/Xcode/DerivedData/powernapv2new-aqnqdjigpfxhhbaezrjmudzroopa/Build/Intermediates.noindex/powernapv2new.build/Debug-watchos/powernapv2new\ Watch\ App.build/powernapv2new\ Watch\ App-own-target-headers.hmap -Xcc -I/Users/michaellee/Library/Developer/Xcode/DerivedData/powernapv2new-aqnqdjigpfxhhbaezrjmudzroopa/Build/Intermediates.noindex/powernapv2new.build/Debug-watchos/powernapv2new\ Watch\ App.build/powernapv2new\ Watch\ App-all-target-headers.hmap -Xcc -iquote -Xcc /Users/michaellee/Library/Developer/Xcode/DerivedData/powernapv2new-aqnqdjigpfxhhbaezrjmudzroopa/Build/Intermediates.noindex/powernapv2new.build/Debug-watchos/powernapv2new\ Watch\ App.build/powernapv2new\ Watch\ App-project-headers.hmap -Xcc -I/Users/michaellee/Library/Developer/Xcode/DerivedData/powernapv2new-aqnqdjigpfxhhbaezrjmudzroopa/Build/Products/Debug-watchos/include -Xcc -I/Users/michaellee/Library/Developer/Xcode/DerivedData/powernapv2new-aqnqdjigpfxhhbaezrjmudzroopa/Build/Intermediates.noindex/powernapv2new.build/Debug-watchos/powernapv2new\ Watch\ App.build/DerivedSources-normal/arm64_32 -Xcc -I/Users/michaellee/Library/Developer/Xcode/DerivedData/powernapv2new-aqnqdjigpfxhhbaezrjmudzroopa/Build/Intermediates.noindex/powernapv2new.build/Debug-watchos/powernapv2new\ Watch\ App.build/DerivedSources/arm64_32 -Xcc -I/Users/michaellee/Library/Developer/Xcode/DerivedData/powernapv2new-aqnqdjigpfxhhbaezrjmudzroopa/Build/Intermediates.noindex/powernapv2new.build/Debug-watchos/powernapv2new\ Watch\ App.build/DerivedSources -Xcc -DDEBUG\=1 -module-name powernapv2new_Watch_App -frontend-parseable-output -disable-clang-spi -target-sdk-version 11.2 -target-sdk-name watchos11.2 -external-plugin-path /Applications/Xcode.app/Contents/Developer/Platforms/WatchOS.platform/Developer/usr/lib/swift/host/plugins\#/Applications/Xcode.app/Contents/Developer/Platforms/WatchOS.platform/Developer/usr/bin/swift-plugin-server -external-plugin-path /Applications/Xcode.app/Contents/Developer/Platforms/WatchOS.platform/Developer/usr/local/lib/swift/host/plugins\#/Applications/Xcode.app/Contents/Developer/Platforms/WatchOS.platform/Developer/usr/bin/swift-plugin-server -plugin-path /Applications/Xcode.app/Contents/Developer/Toolchains/XcodeDefault.xctoolchain/usr/lib/swift/host/plugins -plugin-path /Applications/Xcode.app/Contents/Developer/Toolchains/XcodeDefault.xctoolchain/usr/local/lib/swift/host/plugins -o /Users/michaellee/Library/Developer/Xcode/DerivedData/powernapv2new-aqnqdjigpfxhhbaezrjmudzroopa/Build/Intermediates.noindex/powernapv2new.build/Debug-watchos/powernapv2new\ Watch\ App.build/Objects-normal/arm64_32/AdvancedLoggingSystem.o -o /Users/michaellee/Library/Developer/Xcode/DerivedData/powernapv2new-aqnqdjigpfxhhbaezrjmudzroopa/Build/Intermediates.noindex/powernapv2new.build/Debug-watchos/powernapv2new\ Watch\ App.build/Objects-normal/arm64_32/SharedTypes.o -o /Users/michaellee/Library/Developer/Xcode/DerivedData/powernapv2new-aqnqdjigpfxhhbaezrjmudzroopa/Build/Intermediates.noindex/powernapv2new.build/Debug-watchos/powernapv2new\ Watch\ App.build/Objects-normal/arm64_32/ContentView+LogAnalysis.o -index-unit-output-path /powernapv2new.build/Debug-watchos/powernapv2new\ Watch\ App.build/Objects-normal/arm64_32/AdvancedLoggingSystem.o -index-unit-output-path /powernapv2new.build/Debug-watchos/powernapv2new\ Watch\ App.build/Objects-normal/arm64_32/SharedTypes.o -index-unit-output-path /powernapv2new.build/Debug-watchos/powernapv2new\ Watch\ App.build/Objects-normal/arm64_32/ContentView+LogAnalysis.o -index-store-path /Users/michaellee/Library/Developer/Xcode/DerivedData/powernapv2new-aqnqdjigpfxhhbaezrjmudzroopa/Index.noindex/DataStore -index-system-modules

/Users/michaellee/Documents/powernapv2new/powernapv2new Watch App/ContentView+LogAnalysis.swift:36:20: error: initializer for conditional binding must have Optional type, not 'String'
                if let bpmValue = bpmString.replacingOccurrences(of: "(", with: "").replacingOccurrences(of: " BPM)", with: "") {
                   ^              ~~~~~~~~~~~~~~~~~~~~~~~~~~~~~~~~~~~~~~~~~~~~~~~~~~~~~~~~~~~~~~~~~~~~~~~~~~~~~~~~~~~~~~~~~~~~~
/Users/michaellee/Documents/powernapv2new/powernapv2new Watch App/ContentView+LogAnalysis.swift:73:61: error: instance method 'components(separatedBy:)' requires that 'Regex<Substring>' conform to 'StringProtocol'
                    if let deviationValue = deviationString.components(separatedBy: /[：:] */).last?.replacingOccurrences(of: "%", with: "") {
Foundation.StringProtocol:10:17: note: where 'T' = 'Regex<Substring>'
    public func components<T>(separatedBy separator: T) -> [String] where T : StringProtocol
                ^
/Users/michaellee/Documents/powernapv2new/powernapv2new Watch App/ContentView+LogAnalysis.swift:92:57: error: instance method 'components(separatedBy:)' requires that 'Regex<Substring>' conform to 'StringProtocol'
                    if let anomalyValue = anomalyString.components(separatedBy: /[：:] */).last {
Foundation.StringProtocol:10:17: note: where 'T' = 'Regex<Substring>'
    public func components<T>(separatedBy separator: T) -> [String] where T : StringProtocol
                ^
/Users/michaellee/Documents/powernapv2new/powernapv2new Watch App/ContentView+LogAnalysis.swift:104:63: error: instance method 'components(separatedBy:)' requires that 'Regex<Substring>' conform to 'StringProtocol'
                    if let cumulativeValue = cumulativeString.components(separatedBy: /[：:] */).last {
Foundation.StringProtocol:10:17: note: where 'T' = 'Regex<Substring>'
    public func components<T>(separatedBy separator: T) -> [String] where T : StringProtocol
                ^
/Users/michaellee/Documents/powernapv2new/powernapv2new Watch App/ContentView+LogAnalysis.swift:116:61: error: instance method 'components(separatedBy:)' requires that 'Regex<Substring>' conform to 'StringProtocol'
                    if let detectionValue = detectionString.components(separatedBy: /[：:] */).last?.replacingOccurrences(of: "|", with: "").trimmingCharacters(in: .whitespacesAndNewlines) {
Foundation.StringProtocol:10:17: note: where 'T' = 'Regex<Substring>'
    public func components<T>(separatedBy separator: T) -> [String] where T : StringProtocol
                ^
/Users/michaellee/Documents/powernapv2new/powernapv2new Watch App/ContentView+LogAnalysis.swift:141:61: error: instance method 'components(separatedBy:)' requires that 'Regex<Substring>' conform to 'StringProtocol'
                    if let precisionValue = precisionString.components(separatedBy: /[：:] */).last?.replacingOccurrences(of: "%", with: "") {
Foundation.StringProtocol:10:17: note: where 'T' = 'Regex<Substring>'
    public func components<T>(separatedBy separator: T) -> [String] where T : StringProtocol
                ^
/Users/michaellee/Documents/powernapv2new/powernapv2new Watch App/ContentView+LogAnalysis.swift:153:55: error: instance method 'components(separatedBy:)' requires that 'Regex<Substring>' conform to 'StringProtocol'
                    if let recallValue = recallString.components(separatedBy: /[：:] */).last?.replacingOccurrences(of: "%", with: "") {
Foundation.StringProtocol:10:17: note: where 'T' = 'Regex<Substring>'
    public func components<T>(separatedBy separator: T) -> [String] where T : StringProtocol
                ^
/Users/michaellee/Documents/powernapv2new/powernapv2new Watch App/ContentView+LogAnalysis.swift:175:67: error: instance method 'components(separatedBy:)' requires that 'Regex<Substring>' conform to 'StringProtocol'
                    if let newThresholdValue = newThresholdString.components(separatedBy: /[：:] */).last?.replacingOccurrences(of: "%", with: "") {
Foundation.StringProtocol:10:17: note: where 'T' = 'Regex<Substring>'
    public func components<T>(separatedBy separator: T) -> [String] where T : StringProtocol
                ^
/Users/michaellee/Documents/powernapv2new/powernapv2new Watch App/ContentView+LogAnalysis.swift:193:61: error: instance method 'components(separatedBy:)' requires that 'Regex<Substring>' conform to 'StringProtocol'
                        if let newTimeValue = newTimeString.components(separatedBy: /[：:] */).last?.replacingOccurrences(of: "秒", with: "") {
Foundation.StringProtocol:10:17: note: where 'T' = 'Regex<Substring>'
    public func components<T>(separatedBy separator: T) -> [String] where T : StringProtocol
                ^

/Users/michaellee/Documents/powernapv2new/powernapv2new Watch App/ContentView+LogAnalysis.swift:36:20: Initializer for conditional binding must have Optional type, not 'String'

/Users/michaellee/Documents/powernapv2new/powernapv2new Watch App/ContentView+LogAnalysis.swift:73:61: Instance method 'components(separatedBy:)' requires that 'Regex<Substring>' conform to 'StringProtocol'

/Users/michaellee/Documents/powernapv2new/powernapv2new Watch App/ContentView+LogAnalysis.swift:92:57: Instance method 'components(separatedBy:)' requires that 'Regex<Substring>' conform to 'StringProtocol'

/Users/michaellee/Documents/powernapv2new/powernapv2new Watch App/ContentView+LogAnalysis.swift:104:63: Instance method 'components(separatedBy:)' requires that 'Regex<Substring>' conform to 'StringProtocol'

/Users/michaellee/Documents/powernapv2new/powernapv2new Watch App/ContentView+LogAnalysis.swift:116:61: Instance method 'components(separatedBy:)' requires that 'Regex<Substring>' conform to 'StringProtocol'

/Users/michaellee/Documents/powernapv2new/powernapv2new Watch App/ContentView+LogAnalysis.swift:141:61: Instance method 'components(separatedBy:)' requires that 'Regex<Substring>' conform to 'StringProtocol'

/Users/michaellee/Documents/powernapv2new/powernapv2new Watch App/ContentView+LogAnalysis.swift:153:55: Instance method 'components(separatedBy:)' requires that 'Regex<Substring>' conform to 'StringProtocol'

/Users/michaellee/Documents/powernapv2new/powernapv2new Watch App/ContentView+LogAnalysis.swift:175:67: Instance method 'components(separatedBy:)' requires that 'Regex<Substring>' conform to 'StringProtocol'

/Users/michaellee/Documents/powernapv2new/powernapv2new Watch App/ContentView+LogAnalysis.swift:193:61: Instance method 'components(separatedBy:)' requires that 'Regex<Substring>' conform to 'StringProtocol'

SwiftCompile normal arm64_32 Compiling\ LoggingService.swift,\ UserSleepProfile.swift,\ AdaptiveThresholdSystem.swift /Users/michaellee/Documents/powernapv2new/powernapv2new\ Watch\ App/Services/LoggingService.swift /Users/michaellee/Documents/powernapv2new/powernapv2new\ Watch\ App/Models/UserSleepProfile.swift /Users/michaellee/Documents/powernapv2new/powernapv2new\ Watch\ App/Services/AdaptiveThresholdSystem.swift (in target 'powernapv2new Watch App' from project 'powernapv2new')
    cd /Users/michaellee/Documents/powernapv2new
    builtin-swiftTaskExecution -- /Applications/Xcode.app/Contents/Developer/Toolchains/XcodeDefault.xctoolchain/usr/bin/swift-frontend -frontend -c /Users/michaellee/Documents/powernapv2new/powernapv2new\ Watch\ App/AdvancedLoggingSystem.swift /Users/michaellee/Documents/powernapv2new/powernapv2new\ Watch\ App/Models/SharedTypes.swift /Users/michaellee/Documents/powernapv2new/powernapv2new\ Watch\ App/ContentView+LogAnalysis.swift -primary-file /Users/michaellee/Documents/powernapv2new/powernapv2new\ Watch\ App/Services/LoggingService.swift -primary-file /Users/michaellee/Documents/powernapv2new/powernapv2new\ Watch\ App/Models/UserSleepProfile.swift -primary-file /Users/michaellee/Documents/powernapv2new/powernapv2new\ Watch\ App/Services/AdaptiveThresholdSystem.swift /Users/michaellee/Documents/powernapv2new/powernapv2new\ Watch\ App/SleepDetectionCoordinator+Logging.swift /Users/michaellee/Documents/powernapv2new/powernapv2new\ Watch\ App/Services/HeartRateAnomalyTracker.swift /Users/michaellee/Documents/powernapv2new/powernapv2new\ Watch\ App/Services/HeartRateService.swift /Users/michaellee/Documents/powernapv2new/powernapv2new\ Watch\ App/Services/HeartRateThresholdOptimizer.swift /Users/michaellee/Documents/powernapv2new/powernapv2new\ Watch\ App/Services/MotionService.swift /Users/michaellee/Documents/powernapv2new/powernapv2new\ Watch\ App/Services/SlidingWindow.swift /Users/michaellee/Documents/powernapv2new/powernapv2new\ Watch\ App/Views/MinimumNapDurationCalculator.swift /Users/michaellee/Documents/powernapv2new/powernapv2new\ Watch\ App/Views/SleepConfirmationTimeButton.swift /Users/michaellee/Documents/powernapv2new/powernapv2new\ Watch\ App/Views/SleepConfirmationTimeSettingView.swift /Users/michaellee/Documents/powernapv2new/powernapv2new\ Watch\ App/ContentView.swift /Users/michaellee/Documents/powernapv2new/powernapv2new\ Watch\ App/PowerNapServices.swift /Users/michaellee/Documents/powernapv2new/powernapv2new\ Watch\ App/powernapv2newApp.swift /Users/michaellee/Documents/powernapv2new/powernapv2new\ Watch\ App/SleepDetectionCoordinator.swift /Users/michaellee/Documents/powernapv2new/powernapv2new\ Watch\ App/SleepServices.swift /Users/michaellee/Library/Developer/Xcode/DerivedData/powernapv2new-aqnqdjigpfxhhbaezrjmudzroopa/Build/Intermediates.noindex/powernapv2new.build/Debug-watchos/powernapv2new\ Watch\ App.build/DerivedSources/GeneratedAssetSymbols.swift -supplementary-output-file-map /Users/michaellee/Library/Developer/Xcode/DerivedData/powernapv2new-aqnqdjigpfxhhbaezrjmudzroopa/Build/Intermediates.noindex/powernapv2new.build/Debug-watchos/powernapv2new\ Watch\ App.build/Objects-normal/arm64_32/supplementaryOutputs-38 -emit-localized-strings -emit-localized-strings-path /Users/michaellee/Library/Developer/Xcode/DerivedData/powernapv2new-aqnqdjigpfxhhbaezrjmudzroopa/Build/Intermediates.noindex/powernapv2new.build/Debug-watchos/powernapv2new\ Watch\ App.build/Objects-normal/arm64_32 -target arm64_32-apple-watchos11.2 -enable-objc-interop -sdk /Applications/Xcode.app/Contents/Developer/Platforms/WatchOS.platform/Developer/SDKs/WatchOS11.2.sdk -I /Users/michaellee/Library/Developer/Xcode/DerivedData/powernapv2new-aqnqdjigpfxhhbaezrjmudzroopa/Build/Products/Debug-watchos -F /Users/michaellee/Library/Developer/Xcode/DerivedData/powernapv2new-aqnqdjigpfxhhbaezrjmudzroopa/Build/Products/Debug-watchos -no-color-diagnostics -enable-testing -g -debug-info-format\=dwarf -dwarf-version\=5 -module-cache-path /Users/michaellee/Library/Developer/Xcode/DerivedData/ModuleCache.noindex -profile-generate -profile-coverage-mapping -swift-version 5 -enforce-exclusivity\=checked -Onone -D DEBUG -serialize-debugging-options -const-gather-protocols-file /Users/michaellee/Library/Developer/Xcode/DerivedData/powernapv2new-aqnqdjigpfxhhbaezrjmudzroopa/Build/Intermediates.noindex/powernapv2new.build/Debug-watchos/powernapv2new\ Watch\ App.build/Objects-normal/arm64_32/powernapv2new\ Watch\ App_const_extract_protocols.json -enable-experimental-feature DebugDescriptionMacro -enable-experimental-feature OpaqueTypeErasure -enable-bare-slash-regex -empty-abi-descriptor -validate-clang-modules-once -clang-build-session-file /Users/michaellee/Library/Developer/Xcode/DerivedData/ModuleCache.noindex/Session.modulevalidation -Xcc -working-directory -Xcc /Users/michaellee/Documents/powernapv2new -resource-dir /Applications/Xcode.app/Contents/Developer/Toolchains/XcodeDefault.xctoolchain/usr/lib/swift -enable-anonymous-context-mangled-names -file-compilation-dir /Users/michaellee/Documents/powernapv2new -Xcc -D_LIBCPP_HARDENING_MODE\=_LIBCPP_HARDENING_MODE_DEBUG -Xcc -ivfsstatcache -Xcc /Users/michaellee/Library/Developer/Xcode/DerivedData/SDKStatCaches.noindex/watchos11.2-22S97-0b3b2baea7cb8f92e0e7a0ebd9acdf21.sdkstatcache -Xcc -I/Users/michaellee/Library/Developer/Xcode/DerivedData/powernapv2new-aqnqdjigpfxhhbaezrjmudzroopa/Build/Intermediates.noindex/powernapv2new.build/Debug-watchos/powernapv2new\ Watch\ App.build/swift-overrides.hmap -Xcc -iquote -Xcc /Users/michaellee/Library/Developer/Xcode/DerivedData/powernapv2new-aqnqdjigpfxhhbaezrjmudzroopa/Build/Intermediates.noindex/powernapv2new.build/Debug-watchos/powernapv2new\ Watch\ App.build/powernapv2new\ Watch\ App-generated-files.hmap -Xcc -I/Users/michaellee/Library/Developer/Xcode/DerivedData/powernapv2new-aqnqdjigpfxhhbaezrjmudzroopa/Build/Intermediates.noindex/powernapv2new.build/Debug-watchos/powernapv2new\ Watch\ App.build/powernapv2new\ Watch\ App-own-target-headers.hmap -Xcc -I/Users/michaellee/Library/Developer/Xcode/DerivedData/powernapv2new-aqnqdjigpfxhhbaezrjmudzroopa/Build/Intermediates.noindex/powernapv2new.build/Debug-watchos/powernapv2new\ Watch\ App.build/powernapv2new\ Watch\ App-all-target-headers.hmap -Xcc -iquote -Xcc /Users/michaellee/Library/Developer/Xcode/DerivedData/powernapv2new-aqnqdjigpfxhhbaezrjmudzroopa/Build/Intermediates.noindex/powernapv2new.build/Debug-watchos/powernapv2new\ Watch\ App.build/powernapv2new\ Watch\ App-project-headers.hmap -Xcc -I/Users/michaellee/Library/Developer/Xcode/DerivedData/powernapv2new-aqnqdjigpfxhhbaezrjmudzroopa/Build/Products/Debug-watchos/include -Xcc -I/Users/michaellee/Library/Developer/Xcode/DerivedData/powernapv2new-aqnqdjigpfxhhbaezrjmudzroopa/Build/Intermediates.noindex/powernapv2new.build/Debug-watchos/powernapv2new\ Watch\ App.build/DerivedSources-normal/arm64_32 -Xcc -I/Users/michaellee/Library/Developer/Xcode/DerivedData/powernapv2new-aqnqdjigpfxhhbaezrjmudzroopa/Build/Intermediates.noindex/powernapv2new.build/Debug-watchos/powernapv2new\ Watch\ App.build/DerivedSources/arm64_32 -Xcc -I/Users/michaellee/Library/Developer/Xcode/DerivedData/powernapv2new-aqnqdjigpfxhhbaezrjmudzroopa/Build/Intermediates.noindex/powernapv2new.build/Debug-watchos/powernapv2new\ Watch\ App.build/DerivedSources -Xcc -DDEBUG\=1 -module-name powernapv2new_Watch_App -frontend-parseable-output -disable-clang-spi -target-sdk-version 11.2 -target-sdk-name watchos11.2 -external-plugin-path /Applications/Xcode.app/Contents/Developer/Platforms/WatchOS.platform/Developer/usr/lib/swift/host/plugins\#/Applications/Xcode.app/Contents/Developer/Platforms/WatchOS.platform/Developer/usr/bin/swift-plugin-server -external-plugin-path /Applications/Xcode.app/Contents/Developer/Platforms/WatchOS.platform/Developer/usr/local/lib/swift/host/plugins\#/Applications/Xcode.app/Contents/Developer/Platforms/WatchOS.platform/Developer/usr/bin/swift-plugin-server -plugin-path /Applications/Xcode.app/Contents/Developer/Toolchains/XcodeDefault.xctoolchain/usr/lib/swift/host/plugins -plugin-path /Applications/Xcode.app/Contents/Developer/Toolchains/XcodeDefault.xctoolchain/usr/local/lib/swift/host/plugins -o /Users/michaellee/Library/Developer/Xcode/DerivedData/powernapv2new-aqnqdjigpfxhhbaezrjmudzroopa/Build/Intermediates.noindex/powernapv2new.build/Debug-watchos/powernapv2new\ Watch\ App.build/Objects-normal/arm64_32/LoggingService.o -o /Users/michaellee/Library/Developer/Xcode/DerivedData/powernapv2new-aqnqdjigpfxhhbaezrjmudzroopa/Build/Intermediates.noindex/powernapv2new.build/Debug-watchos/powernapv2new\ Watch\ App.build/Objects-normal/arm64_32/UserSleepProfile.o -o /Users/michaellee/Library/Developer/Xcode/DerivedData/powernapv2new-aqnqdjigpfxhhbaezrjmudzroopa/Build/Intermediates.noindex/powernapv2new.build/Debug-watchos/powernapv2new\ Watch\ App.build/Objects-normal/arm64_32/AdaptiveThresholdSystem.o -index-unit-output-path /powernapv2new.build/Debug-watchos/powernapv2new\ Watch\ App.build/Objects-normal/arm64_32/LoggingService.o -index-unit-output-path /powernapv2new.build/Debug-watchos/powernapv2new\ Watch\ App.build/Objects-normal/arm64_32/UserSleepProfile.o -index-unit-output-path /powernapv2new.build/Debug-watchos/powernapv2new\ Watch\ App.build/Objects-normal/arm64_32/AdaptiveThresholdSystem.o -index-store-path /Users/michaellee/Library/Developer/Xcode/DerivedData/powernapv2new-aqnqdjigpfxhhbaezrjmudzroopa/Index.noindex/DataStore -index-system-modules

Command SwiftCompile failed with a nonzero exit code

Command SwiftCompile failed with a nonzero exit code



Build failed    5/20/25, 11:58 PM    2.8 seconds
