
Showing Recent Issues

Build target powernapv2new Watch App of project powernapv2new with configuration Debug

SwiftEmitModule normal arm64_32 Emitting\ module\ for\ powernapv2new_Watch_App (in target 'powernapv2new Watch App' from project 'powernapv2new')
    cd /Users/michaellee/Documents/powernapv2new
    builtin-swiftTaskExecution -- /Applications/Xcode.app/Contents/Developer/Toolchains/XcodeDefault.xctoolchain/usr/bin/swift-frontend -frontend -emit-module -experimental-skip-non-inlinable-function-bodies-without-types /Users/michaellee/Documents/powernapv2new/powernapv2new\ Watch\ App/AdvancedLoggingSystem.swift /Users/michaellee/Documents/powernapv2new/powernapv2new\ Watch\ App/Models/SharedTypes.swift /Users/michaellee/Documents/powernapv2new/powernapv2new\ Watch\ App/ContentView+LogAnalysis.swift /Users/michaellee/Documents/powernapv2new/powernapv2new\ Watch\ App/Services/LoggingService.swift /Users/michaellee/Documents/powernapv2new/powernapv2new\ Watch\ App/Models/UserSleepProfile.swift /Users/michaellee/Documents/powernapv2new/powernapv2new\ Watch\ App/Services/AdaptiveThresholdSystem.swift /Users/michaellee/Documents/powernapv2new/powernapv2new\ Watch\ App/SleepDetectionCoordinator+Logging.swift /Users/michaellee/Documents/powernapv2new/powernapv2new\ Watch\ App/Services/HeartRateAnomalyTracker.swift /Users/michaellee/Documents/powernapv2new/powernapv2new\ Watch\ App/Services/HeartRateService.swift /Users/michaellee/Documents/powernapv2new/powernapv2new\ Watch\ App/Services/HeartRateThresholdOptimizer.swift /Users/michaellee/Documents/powernapv2new/powernapv2new\ Watch\ App/Services/MotionService.swift /Users/michaellee/Documents/powernapv2new/powernapv2new\ Watch\ App/Services/SlidingWindow.swift /Users/michaellee/Documents/powernapv2new/powernapv2new\ Watch\ App/Views/MinimumNapDurationCalculator.swift /Users/michaellee/Documents/powernapv2new/powernapv2new\ Watch\ App/Views/SleepConfirmationTimeButton.swift /Users/michaellee/Documents/powernapv2new/powernapv2new\ Watch\ App/Views/SleepConfirmationTimeSettingView.swift /Users/michaellee/Documents/powernapv2new/powernapv2new\ Watch\ App/ContentView.swift /Users/michaellee/Documents/powernapv2new/powernapv2new\ Watch\ App/PowerNapServices.swift /Users/michaellee/Documents/powernapv2new/powernapv2new\ Watch\ App/powernapv2newApp.swift /Users/michaellee/Documents/powernapv2new/powernapv2new\ Watch\ App/SleepDetectionCoordinator.swift /Users/michaellee/Documents/powernapv2new/powernapv2new\ Watch\ App/SleepServices.swift /Users/michaellee/Library/Developer/Xcode/DerivedData/powernapv2new-aqnqdjigpfxhhbaezrjmudzroopa/Build/Intermediates.noindex/powernapv2new.build/Debug-watchos/powernapv2new\ Watch\ App.build/DerivedSources/GeneratedAssetSymbols.swift -target arm64_32-apple-watchos11.2 -enable-objc-interop -sdk /Applications/Xcode.app/Contents/Developer/Platforms/WatchOS.platform/Developer/SDKs/WatchOS11.2.sdk -I /Users/michaellee/Library/Developer/Xcode/DerivedData/powernapv2new-aqnqdjigpfxhhbaezrjmudzroopa/Build/Products/Debug-watchos -F /Users/michaellee/Library/Developer/Xcode/DerivedData/powernapv2new-aqnqdjigpfxhhbaezrjmudzroopa/Build/Products/Debug-watchos -no-color-diagnostics -enable-testing -g -debug-info-format\=dwarf -dwarf-version\=5 -module-cache-path /Users/michaellee/Library/Developer/Xcode/DerivedData/ModuleCache.noindex -profile-generate -profile-coverage-mapping -swift-version 5 -enforce-exclusivity\=checked -Onone -D DEBUG -serialize-debugging-options -const-gather-protocols-file /Users/michaellee/Library/Developer/Xcode/DerivedData/powernapv2new-aqnqdjigpfxhhbaezrjmudzroopa/Build/Intermediates.noindex/powernapv2new.build/Debug-watchos/powernapv2new\ Watch\ App.build/Objects-normal/arm64_32/powernapv2new\ Watch\ App_const_extract_protocols.json -enable-experimental-feature DebugDescriptionMacro -enable-experimental-feature OpaqueTypeErasure -enable-bare-slash-regex -empty-abi-descriptor -validate-clang-modules-once -clang-build-session-file /Users/michaellee/Library/Developer/Xcode/DerivedData/ModuleCache.noindex/Session.modulevalidation -Xcc -working-directory -Xcc /Users/michaellee/Documents/powernapv2new -resource-dir /Applications/Xcode.app/Contents/Developer/Toolchains/XcodeDefault.xctoolchain/usr/lib/swift -enable-anonymous-context-mangled-names -file-compilation-dir /Users/michaellee/Documents/powernapv2new -Xcc -D_LIBCPP_HARDENING_MODE\=_LIBCPP_HARDENING_MODE_DEBUG -Xcc -ivfsstatcache -Xcc /Users/michaellee/Library/Developer/Xcode/DerivedData/SDKStatCaches.noindex/watchos11.2-22S97-0b3b2baea7cb8f92e0e7a0ebd9acdf21.sdkstatcache -Xcc -I/Users/michaellee/Library/Developer/Xcode/DerivedData/powernapv2new-aqnqdjigpfxhhbaezrjmudzroopa/Build/Intermediates.noindex/powernapv2new.build/Debug-watchos/powernapv2new\ Watch\ App.build/swift-overrides.hmap -Xcc -iquote -Xcc /Users/michaellee/Library/Developer/Xcode/DerivedData/powernapv2new-aqnqdjigpfxhhbaezrjmudzroopa/Build/Intermediates.noindex/powernapv2new.build/Debug-watchos/powernapv2new\ Watch\ App.build/powernapv2new\ Watch\ App-generated-files.hmap -Xcc -I/Users/michaellee/Library/Developer/Xcode/DerivedData/powernapv2new-aqnqdjigpfxhhbaezrjmudzroopa/Build/Intermediates.noindex/powernapv2new.build/Debug-watchos/powernapv2new\ Watch\ App.build/powernapv2new\ Watch\ App-own-target-headers.hmap -Xcc -I/Users/michaellee/Library/Developer/Xcode/DerivedData/powernapv2new-aqnqdjigpfxhhbaezrjmudzroopa/Build/Intermediates.noindex/powernapv2new.build/Debug-watchos/powernapv2new\ Watch\ App.build/powernapv2new\ Watch\ App-all-target-headers.hmap -Xcc -iquote -Xcc /Users/michaellee/Library/Developer/Xcode/DerivedData/powernapv2new-aqnqdjigpfxhhbaezrjmudzroopa/Build/Intermediates.noindex/powernapv2new.build/Debug-watchos/powernapv2new\ Watch\ App.build/powernapv2new\ Watch\ App-project-headers.hmap -Xcc -I/Users/michaellee/Library/Developer/Xcode/DerivedData/powernapv2new-aqnqdjigpfxhhbaezrjmudzroopa/Build/Products/Debug-watchos/include -Xcc -I/Users/michaellee/Library/Developer/Xcode/DerivedData/powernapv2new-aqnqdjigpfxhhbaezrjmudzroopa/Build/Intermediates.noindex/powernapv2new.build/Debug-watchos/powernapv2new\ Watch\ App.build/DerivedSources-normal/arm64_32 -Xcc -I/Users/michaellee/Library/Developer/Xcode/DerivedData/powernapv2new-aqnqdjigpfxhhbaezrjmudzroopa/Build/Intermediates.noindex/powernapv2new.build/Debug-watchos/powernapv2new\ Watch\ App.build/DerivedSources/arm64_32 -Xcc -I/Users/michaellee/Library/Developer/Xcode/DerivedData/powernapv2new-aqnqdjigpfxhhbaezrjmudzroopa/Build/Intermediates.noindex/powernapv2new.build/Debug-watchos/powernapv2new\ Watch\ App.build/DerivedSources -Xcc -DDEBUG\=1 -module-name powernapv2new_Watch_App -frontend-parseable-output -disable-clang-spi -target-sdk-version 11.2 -target-sdk-name watchos11.2 -external-plugin-path /Applications/Xcode.app/Contents/Developer/Platforms/WatchOS.platform/Developer/usr/lib/swift/host/plugins\#/Applications/Xcode.app/Contents/Developer/Platforms/WatchOS.platform/Developer/usr/bin/swift-plugin-server -external-plugin-path /Applications/Xcode.app/Contents/Developer/Platforms/WatchOS.platform/Developer/usr/local/lib/swift/host/plugins\#/Applications/Xcode.app/Contents/Developer/Platforms/WatchOS.platform/Developer/usr/bin/swift-plugin-server -plugin-path /Applications/Xcode.app/Contents/Developer/Toolchains/XcodeDefault.xctoolchain/usr/lib/swift/host/plugins -plugin-path /Applications/Xcode.app/Contents/Developer/Toolchains/XcodeDefault.xctoolchain/usr/local/lib/swift/host/plugins -emit-module-doc-path /Users/michaellee/Library/Developer/Xcode/DerivedData/powernapv2new-aqnqdjigpfxhhbaezrjmudzroopa/Build/Intermediates.noindex/powernapv2new.build/Debug-watchos/powernapv2new\ Watch\ App.build/Objects-normal/arm64_32/powernapv2new_Watch_App.swiftdoc -emit-module-source-info-path /Users/michaellee/Library/Developer/Xcode/DerivedData/powernapv2new-aqnqdjigpfxhhbaezrjmudzroopa/Build/Intermediates.noindex/powernapv2new.build/Debug-watchos/powernapv2new\ Watch\ App.build/Objects-normal/arm64_32/powernapv2new_Watch_App.swiftsourceinfo -emit-objc-header-path /Users/michaellee/Library/Developer/Xcode/DerivedData/powernapv2new-aqnqdjigpfxhhbaezrjmudzroopa/Build/Intermediates.noindex/powernapv2new.build/Debug-watchos/powernapv2new\ Watch\ App.build/Objects-normal/arm64_32/powernapv2new_Watch_App-Swift.h -serialize-diagnostics-path /Users/michaellee/Library/Developer/Xcode/DerivedData/powernapv2new-aqnqdjigpfxhhbaezrjmudzroopa/Build/Intermediates.noindex/powernapv2new.build/Debug-watchos/powernapv2new\ Watch\ App.build/Objects-normal/arm64_32/powernapv2new\ Watch\ App-master-emit-module.dia -emit-dependencies-path /Users/michaellee/Library/Developer/Xcode/DerivedData/powernapv2new-aqnqdjigpfxhhbaezrjmudzroopa/Build/Intermediates.noindex/powernapv2new.build/Debug-watchos/powernapv2new\ Watch\ App.build/Objects-normal/arm64_32/powernapv2new\ Watch\ App-master-emit-module.d -o /Users/michaellee/Library/Developer/Xcode/DerivedData/powernapv2new-aqnqdjigpfxhhbaezrjmudzroopa/Build/Intermediates.noindex/powernapv2new.build/Debug-watchos/powernapv2new\ Watch\ App.build/Objects-normal/arm64_32/powernapv2new_Watch_App.swiftmodule -emit-abi-descriptor-path /Users/michaellee/Library/Developer/Xcode/DerivedData/powernapv2new-aqnqdjigpfxhhbaezrjmudzroopa/Build/Intermediates.noindex/powernapv2new.build/Debug-watchos/powernapv2new\ Watch\ App.build/Objects-normal/arm64_32/powernapv2new_Watch_App.abi.json

EmitSwiftModule normal arm64_32 (in target 'powernapv2new Watch App' from project 'powernapv2new')
    cd /Users/michaellee/Documents/powernapv2new
    /Applications/Xcode.app/Contents/Developer/Toolchains/XcodeDefault.xctoolchain/usr/bin/swift-frontend -emit-module -experimental-skip-non-inlinable-function-bodies-without-types /Users/michaellee/Documents/powernapv2new/powernapv2new\ Watch\ App/AdvancedLoggingSystem.swift /Users/michaellee/Documents/powernapv2new/powernapv2new\ Watch\ App/Models/SharedTypes.swift /Users/michaellee/Documents/powernapv2new/powernapv2new\ Watch\ App/ContentView+LogAnalysis.swift /Users/michaellee/Documents/powernapv2new/powernapv2new\ Watch\ App/Services/LoggingService.swift /Users/michaellee/Documents/powernapv2new/powernapv2new\ Watch\ App/Models/UserSleepProfile.swift /Users/michaellee/Documents/powernapv2new/powernapv2new\ Watch\ App/Services/AdaptiveThresholdSystem.swift /Users/michaellee/Documents/powernapv2new/powernapv2new\ Watch\ App/SleepDetectionCoordinator+Logging.swift /Users/michaellee/Documents/powernapv2new/powernapv2new\ Watch\ App/Services/HeartRateAnomalyTracker.swift /Users/michaellee/Documents/powernapv2new/powernapv2new\ Watch\ App/Services/HeartRateService.swift /Users/michaellee/Documents/powernapv2new/powernapv2new\ Watch\ App/Services/HeartRateThresholdOptimizer.swift /Users/michaellee/Documents/powernapv2new/powernapv2new\ Watch\ App/Services/MotionService.swift /Users/michaellee/Documents/powernapv2new/powernapv2new\ Watch\ App/Services/SlidingWindow.swift /Users/michaellee/Documents/powernapv2new/powernapv2new\ Watch\ App/Views/MinimumNapDurationCalculator.swift /Users/michaellee/Documents/powernapv2new/powernapv2new\ Watch\ App/Views/SleepConfirmationTimeButton.swift /Users/michaellee/Documents/powernapv2new/powernapv2new\ Watch\ App/Views/SleepConfirmationTimeSettingView.swift /Users/michaellee/Documents/powernapv2new/powernapv2new\ Watch\ App/ContentView.swift /Users/michaellee/Documents/powernapv2new/powernapv2new\ Watch\ App/PowerNapServices.swift /Users/michaellee/Documents/powernapv2new/powernapv2new\ Watch\ App/powernapv2newApp.swift /Users/michaellee/Documents/powernapv2new/powernapv2new\ Watch\ App/SleepDetectionCoordinator.swift /Users/michaellee/Documents/powernapv2new/powernapv2new\ Watch\ App/SleepServices.swift /Users/michaellee/Library/Developer/Xcode/DerivedData/powernapv2new-aqnqdjigpfxhhbaezrjmudzroopa/Build/Intermediates.noindex/powernapv2new.build/Debug-watchos/powernapv2new\ Watch\ App.build/DerivedSources/GeneratedAssetSymbols.swift -target arm64_32-apple-watchos11.2 -enable-objc-interop -sdk /Applications/Xcode.app/Contents/Developer/Platforms/WatchOS.platform/Developer/SDKs/WatchOS11.2.sdk -I /Users/michaellee/Library/Developer/Xcode/DerivedData/powernapv2new-aqnqdjigpfxhhbaezrjmudzroopa/Build/Products/Debug-watchos -F /Users/michaellee/Library/Developer/Xcode/DerivedData/powernapv2new-aqnqdjigpfxhhbaezrjmudzroopa/Build/Products/Debug-watchos -no-color-diagnostics -enable-testing -g -debug-info-format\=dwarf -dwarf-version\=5 -module-cache-path /Users/michaellee/Library/Developer/Xcode/DerivedData/ModuleCache.noindex -profile-generate -profile-coverage-mapping -swift-version 5 -enforce-exclusivity\=checked -Onone -D DEBUG -serialize-debugging-options -const-gather-protocols-file /Users/michaellee/Library/Developer/Xcode/DerivedData/powernapv2new-aqnqdjigpfxhhbaezrjmudzroopa/Build/Intermediates.noindex/powernapv2new.build/Debug-watchos/powernapv2new\ Watch\ App.build/Objects-normal/arm64_32/powernapv2new\ Watch\ App_const_extract_protocols.json -enable-experimental-feature DebugDescriptionMacro -enable-experimental-feature OpaqueTypeErasure -enable-bare-slash-regex -empty-abi-descriptor -validate-clang-modules-once -clang-build-session-file /Users/michaellee/Library/Developer/Xcode/DerivedData/ModuleCache.noindex/Session.modulevalidation -Xcc -working-directory -Xcc /Users/michaellee/Documents/powernapv2new -resource-dir /Applications/Xcode.app/Contents/Developer/Toolchains/XcodeDefault.xctoolchain/usr/lib/swift -enable-anonymous-context-mangled-names -file-compilation-dir /Users/michaellee/Documents/powernapv2new -Xcc -D_LIBCPP_HARDENING_MODE\=_LIBCPP_HARDENING_MODE_DEBUG -Xcc -ivfsstatcache -Xcc /Users/michaellee/Library/Developer/Xcode/DerivedData/SDKStatCaches.noindex/watchos11.2-22S97-0b3b2baea7cb8f92e0e7a0ebd9acdf21.sdkstatcache -Xcc -I/Users/michaellee/Library/Developer/Xcode/DerivedData/powernapv2new-aqnqdjigpfxhhbaezrjmudzroopa/Build/Intermediates.noindex/powernapv2new.build/Debug-watchos/powernapv2new\ Watch\ App.build/swift-overrides.hmap -Xcc -iquote -Xcc /Users/michaellee/Library/Developer/Xcode/DerivedData/powernapv2new-aqnqdjigpfxhhbaezrjmudzroopa/Build/Intermediates.noindex/powernapv2new.build/Debug-watchos/powernapv2new\ Watch\ App.build/powernapv2new\ Watch\ App-generated-files.hmap -Xcc -I/Users/michaellee/Library/Developer/Xcode/DerivedData/powernapv2new-aqnqdjigpfxhhbaezrjmudzroopa/Build/Intermediates.noindex/powernapv2new.build/Debug-watchos/powernapv2new\ Watch\ App.build/powernapv2new\ Watch\ App-own-target-headers.hmap -Xcc -I/Users/michaellee/Library/Developer/Xcode/DerivedData/powernapv2new-aqnqdjigpfxhhbaezrjmudzroopa/Build/Intermediates.noindex/powernapv2new.build/Debug-watchos/powernapv2new\ Watch\ App.build/powernapv2new\ Watch\ App-all-target-headers.hmap -Xcc -iquote -Xcc /Users/michaellee/Library/Developer/Xcode/DerivedData/powernapv2new-aqnqdjigpfxhhbaezrjmudzroopa/Build/Intermediates.noindex/powernapv2new.build/Debug-watchos/powernapv2new\ Watch\ App.build/powernapv2new\ Watch\ App-project-headers.hmap -Xcc -I/Users/michaellee/Library/Developer/Xcode/DerivedData/powernapv2new-aqnqdjigpfxhhbaezrjmudzroopa/Build/Products/Debug-watchos/include -Xcc -I/Users/michaellee/Library/Developer/Xcode/DerivedData/powernapv2new-aqnqdjigpfxhhbaezrjmudzroopa/Build/Intermediates.noindex/powernapv2new.build/Debug-watchos/powernapv2new\ Watch\ App.build/DerivedSources-normal/arm64_32 -Xcc -I/Users/michaellee/Library/Developer/Xcode/DerivedData/powernapv2new-aqnqdjigpfxhhbaezrjmudzroopa/Build/Intermediates.noindex/powernapv2new.build/Debug-watchos/powernapv2new\ Watch\ App.build/DerivedSources/arm64_32 -Xcc -I/Users/michaellee/Library/Developer/Xcode/DerivedData/powernapv2new-aqnqdjigpfxhhbaezrjmudzroopa/Build/Intermediates.noindex/powernapv2new.build/Debug-watchos/powernapv2new\ Watch\ App.build/DerivedSources -Xcc -DDEBUG\=1 -module-name powernapv2new_Watch_App -frontend-parseable-output -disable-clang-spi -target-sdk-version 11.2 -target-sdk-name watchos11.2 -external-plugin-path /Applications/Xcode.app/Contents/Developer/Platforms/WatchOS.platform/Developer/usr/lib/swift/host/plugins\#/Applications/Xcode.app/Contents/Developer/Platforms/WatchOS.platform/Developer/usr/bin/swift-plugin-server -external-plugin-path /Applications/Xcode.app/Contents/Developer/Platforms/WatchOS.platform/Developer/usr/local/lib/swift/host/plugins\#/Applications/Xcode.app/Contents/Developer/Platforms/WatchOS.platform/Developer/usr/bin/swift-plugin-server -plugin-path /Applications/Xcode.app/Contents/Developer/Toolchains/XcodeDefault.xctoolchain/usr/lib/swift/host/plugins -plugin-path /Applications/Xcode.app/Contents/Developer/Toolchains/XcodeDefault.xctoolchain/usr/local/lib/swift/host/plugins -emit-module-doc-path /Users/michaellee/Library/Developer/Xcode/DerivedData/powernapv2new-aqnqdjigpfxhhbaezrjmudzroopa/Build/Intermediates.noindex/powernapv2new.build/Debug-watchos/powernapv2new\ Watch\ App.build/Objects-normal/arm64_32/powernapv2new_Watch_App.swiftdoc -emit-module-source-info-path /Users/michaellee/Library/Developer/Xcode/DerivedData/powernapv2new-aqnqdjigpfxhhbaezrjmudzroopa/Build/Intermediates.noindex/powernapv2new.build/Debug-watchos/powernapv2new\ Watch\ App.build/Objects-normal/arm64_32/powernapv2new_Watch_App.swiftsourceinfo -emit-objc-header-path /Users/michaellee/Library/Developer/Xcode/DerivedData/powernapv2new-aqnqdjigpfxhhbaezrjmudzroopa/Build/Intermediates.noindex/powernapv2new.build/Debug-watchos/powernapv2new\ Watch\ App.build/Objects-normal/arm64_32/powernapv2new_Watch_App-Swift.h -serialize-diagnostics-path /Users/michaellee/Library/Developer/Xcode/DerivedData/powernapv2new-aqnqdjigpfxhhbaezrjmudzroopa/Build/Intermediates.noindex/powernapv2new.build/Debug-watchos/powernapv2new\ Watch\ App.build/Objects-normal/arm64_32/powernapv2new\ Watch\ App-master-emit-module.dia -emit-dependencies-path /Users/michaellee/Library/Developer/Xcode/DerivedData/powernapv2new-aqnqdjigpfxhhbaezrjmudzroopa/Build/Intermediates.noindex/powernapv2new.build/Debug-watchos/powernapv2new\ Watch\ App.build/Objects-normal/arm64_32/powernapv2new\ Watch\ App-master-emit-module.d -o /Users/michaellee/Library/Developer/Xcode/DerivedData/powernapv2new-aqnqdjigpfxhhbaezrjmudzroopa/Build/Intermediates.noindex/powernapv2new.build/Debug-watchos/powernapv2new\ Watch\ App.build/Objects-normal/arm64_32/powernapv2new_Watch_App.swiftmodule -emit-abi-descriptor-path /Users/michaellee/Library/Developer/Xcode/DerivedData/powernapv2new-aqnqdjigpfxhhbaezrjmudzroopa/Build/Intermediates.noindex/powernapv2new.build/Debug-watchos/powernapv2new\ Watch\ App.build/Objects-normal/arm64_32/powernapv2new_Watch_App.abi.json

/Users/michaellee/Documents/powernapv2new/powernapv2new Watch App/SleepDetectionCoordinator+Logging.swift:27:126: error: cannot find type 'SleepPhase' in scope
    func logHeartRateData(_ heartRate: Double, activityLevel: Double, motionIntensity: Double, sleepState: Bool, sleepPhase: SleepPhase) {
                                                                                                                             ^~~~~~~~~~
/Users/michaellee/Documents/powernapv2new/powernapv2new Watch App/SleepDetectionCoordinator+Logging.swift:47:50: error: cannot find type 'SleepPhase' in scope
    func logSleepPhaseChange(from previousPhase: SleepPhase, to newPhase: SleepPhase, currentHR: Double) {
                                                 ^~~~~~~~~~
/Users/michaellee/Documents/powernapv2new/powernapv2new Watch App/SleepDetectionCoordinator+Logging.swift:47:75: error: cannot find type 'SleepPhase' in scope
    func logSleepPhaseChange(from previousPhase: SleepPhase, to newPhase: SleepPhase, currentHR: Double) {
                                                                          ^~~~~~~~~~
/Users/michaellee/Documents/powernapv2new/powernapv2new Watch App/SleepDetectionCoordinator+Logging.swift:98:57: error: cannot find type 'SleepPhase' in scope
    func logSystemDetection(result: String, sleepPhase: SleepPhase, averageHR: Double, rhrPercentage: Double, aboveThreshold: Bool) {
                                                        ^~~~~~~~~~
/Users/michaellee/Documents/powernapv2new/powernapv2new Watch App/SleepDetectionCoordinator+Logging.swift:112:89: error: cannot find type 'SleepPhase' in scope
    func logSessionEnd(duration: TimeInterval, sleepDuration: TimeInterval, finalPhase: SleepPhase, averageHR: Double, minHR: Double) {
                                                                                        ^~~~~~~~~~
/Users/michaellee/Documents/powernapv2new/powernapv2new Watch App/SleepDetectionCoordinator+Logging.swift:130:46: error: cannot find type 'SleepPhase' in scope
    private func sleepPhaseToString(_ phase: SleepPhase) -> String {
                                             ^~~~~~~~~~

/Users/michaellee/Documents/powernapv2new/powernapv2new Watch App/SleepDetectionCoordinator+Logging.swift:27:126: Cannot find type 'SleepPhase' in scope

/Users/michaellee/Documents/powernapv2new/powernapv2new Watch App/SleepDetectionCoordinator+Logging.swift:47:50: Cannot find type 'SleepPhase' in scope

/Users/michaellee/Documents/powernapv2new/powernapv2new Watch App/SleepDetectionCoordinator+Logging.swift:47:75: Cannot find type 'SleepPhase' in scope

/Users/michaellee/Documents/powernapv2new/powernapv2new Watch App/SleepDetectionCoordinator+Logging.swift:98:57: Cannot find type 'SleepPhase' in scope

/Users/michaellee/Documents/powernapv2new/powernapv2new Watch App/SleepDetectionCoordinator+Logging.swift:112:89: Cannot find type 'SleepPhase' in scope

/Users/michaellee/Documents/powernapv2new/powernapv2new Watch App/SleepDetectionCoordinator+Logging.swift:130:46: Cannot find type 'SleepPhase' in scope

SwiftCompile normal arm64_32 Compiling\ powernapv2newApp.swift,\ SleepDetectionCoordinator.swift /Users/michaellee/Documents/powernapv2new/powernapv2new\ Watch\ App/powernapv2newApp.swift /Users/michaellee/Documents/powernapv2new/powernapv2new\ Watch\ App/SleepDetectionCoordinator.swift (in target 'powernapv2new Watch App' from project 'powernapv2new')
    cd /Users/michaellee/Documents/powernapv2new
    builtin-swiftTaskExecution -- /Applications/Xcode.app/Contents/Developer/Toolchains/XcodeDefault.xctoolchain/usr/bin/swift-frontend -frontend -c /Users/michaellee/Documents/powernapv2new/powernapv2new\ Watch\ App/AdvancedLoggingSystem.swift /Users/michaellee/Documents/powernapv2new/powernapv2new\ Watch\ App/Models/SharedTypes.swift /Users/michaellee/Documents/powernapv2new/powernapv2new\ Watch\ App/ContentView+LogAnalysis.swift /Users/michaellee/Documents/powernapv2new/powernapv2new\ Watch\ App/Services/LoggingService.swift /Users/michaellee/Documents/powernapv2new/powernapv2new\ Watch\ App/Models/UserSleepProfile.swift /Users/michaellee/Documents/powernapv2new/powernapv2new\ Watch\ App/Services/AdaptiveThresholdSystem.swift /Users/michaellee/Documents/powernapv2new/powernapv2new\ Watch\ App/SleepDetectionCoordinator+Logging.swift /Users/michaellee/Documents/powernapv2new/powernapv2new\ Watch\ App/Services/HeartRateAnomalyTracker.swift /Users/michaellee/Documents/powernapv2new/powernapv2new\ Watch\ App/Services/HeartRateService.swift /Users/michaellee/Documents/powernapv2new/powernapv2new\ Watch\ App/Services/HeartRateThresholdOptimizer.swift /Users/michaellee/Documents/powernapv2new/powernapv2new\ Watch\ App/Services/MotionService.swift /Users/michaellee/Documents/powernapv2new/powernapv2new\ Watch\ App/Services/SlidingWindow.swift /Users/michaellee/Documents/powernapv2new/powernapv2new\ Watch\ App/Views/MinimumNapDurationCalculator.swift /Users/michaellee/Documents/powernapv2new/powernapv2new\ Watch\ App/Views/SleepConfirmationTimeButton.swift /Users/michaellee/Documents/powernapv2new/powernapv2new\ Watch\ App/Views/SleepConfirmationTimeSettingView.swift /Users/michaellee/Documents/powernapv2new/powernapv2new\ Watch\ App/ContentView.swift /Users/michaellee/Documents/powernapv2new/powernapv2new\ Watch\ App/PowerNapServices.swift -primary-file /Users/michaellee/Documents/powernapv2new/powernapv2new\ Watch\ App/powernapv2newApp.swift -primary-file /Users/michaellee/Documents/powernapv2new/powernapv2new\ Watch\ App/SleepDetectionCoordinator.swift /Users/michaellee/Documents/powernapv2new/powernapv2new\ Watch\ App/SleepServices.swift /Users/michaellee/Library/Developer/Xcode/DerivedData/powernapv2new-aqnqdjigpfxhhbaezrjmudzroopa/Build/Intermediates.noindex/powernapv2new.build/Debug-watchos/powernapv2new\ Watch\ App.build/DerivedSources/GeneratedAssetSymbols.swift -emit-dependencies-path /Users/michaellee/Library/Developer/Xcode/DerivedData/powernapv2new-aqnqdjigpfxhhbaezrjmudzroopa/Build/Intermediates.noindex/powernapv2new.build/Debug-watchos/powernapv2new\ Watch\ App.build/Objects-normal/arm64_32/powernapv2newApp.d -emit-const-values-path /Users/michaellee/Library/Developer/Xcode/DerivedData/powernapv2new-aqnqdjigpfxhhbaezrjmudzroopa/Build/Intermediates.noindex/powernapv2new.build/Debug-watchos/powernapv2new\ Watch\ App.build/Objects-normal/arm64_32/powernapv2newApp.swiftconstvalues -emit-reference-dependencies-path /Users/michaellee/Library/Developer/Xcode/DerivedData/powernapv2new-aqnqdjigpfxhhbaezrjmudzroopa/Build/Intermediates.noindex/powernapv2new.build/Debug-watchos/powernapv2new\ Watch\ App.build/Objects-normal/arm64_32/powernapv2newApp.swiftdeps -serialize-diagnostics-path /Users/michaellee/Library/Developer/Xcode/DerivedData/powernapv2new-aqnqdjigpfxhhbaezrjmudzroopa/Build/Intermediates.noindex/powernapv2new.build/Debug-watchos/powernapv2new\ Watch\ App.build/Objects-normal/arm64_32/powernapv2newApp.dia -emit-dependencies-path /Users/michaellee/Library/Developer/Xcode/DerivedData/powernapv2new-aqnqdjigpfxhhbaezrjmudzroopa/Build/Intermediates.noindex/powernapv2new.build/Debug-watchos/powernapv2new\ Watch\ App.build/Objects-normal/arm64_32/SleepDetectionCoordinator.d -emit-const-values-path /Users/michaellee/Library/Developer/Xcode/DerivedData/powernapv2new-aqnqdjigpfxhhbaezrjmudzroopa/Build/Intermediates.noindex/powernapv2new.build/Debug-watchos/powernapv2new\ Watch\ App.build/Objects-normal/arm64_32/SleepDetectionCoordinator.swiftconstvalues -emit-reference-dependencies-path /Users/michaellee/Library/Developer/Xcode/DerivedData/powernapv2new-aqnqdjigpfxhhbaezrjmudzroopa/Build/Intermediates.noindex/powernapv2new.build/Debug-watchos/powernapv2new\ Watch\ App.build/Objects-normal/arm64_32/SleepDetectionCoordinator.swiftdeps -serialize-diagnostics-path /Users/michaellee/Library/Developer/Xcode/DerivedData/powernapv2new-aqnqdjigpfxhhbaezrjmudzroopa/Build/Intermediates.noindex/powernapv2new.build/Debug-watchos/powernapv2new\ Watch\ App.build/Objects-normal/arm64_32/SleepDetectionCoordinator.dia -emit-localized-strings -emit-localized-strings-path /Users/michaellee/Library/Developer/Xcode/DerivedData/powernapv2new-aqnqdjigpfxhhbaezrjmudzroopa/Build/Intermediates.noindex/powernapv2new.build/Debug-watchos/powernapv2new\ Watch\ App.build/Objects-normal/arm64_32 -target arm64_32-apple-watchos11.2 -enable-objc-interop -sdk /Applications/Xcode.app/Contents/Developer/Platforms/WatchOS.platform/Developer/SDKs/WatchOS11.2.sdk -I /Users/michaellee/Library/Developer/Xcode/DerivedData/powernapv2new-aqnqdjigpfxhhbaezrjmudzroopa/Build/Products/Debug-watchos -F /Users/michaellee/Library/Developer/Xcode/DerivedData/powernapv2new-aqnqdjigpfxhhbaezrjmudzroopa/Build/Products/Debug-watchos -no-color-diagnostics -enable-testing -g -debug-info-format\=dwarf -dwarf-version\=5 -module-cache-path /Users/michaellee/Library/Developer/Xcode/DerivedData/ModuleCache.noindex -profile-generate -profile-coverage-mapping -swift-version 5 -enforce-exclusivity\=checked -Onone -D DEBUG -serialize-debugging-options -const-gather-protocols-file /Users/michaellee/Library/Developer/Xcode/DerivedData/powernapv2new-aqnqdjigpfxhhbaezrjmudzroopa/Build/Intermediates.noindex/powernapv2new.build/Debug-watchos/powernapv2new\ Watch\ App.build/Objects-normal/arm64_32/powernapv2new\ Watch\ App_const_extract_protocols.json -enable-experimental-feature DebugDescriptionMacro -enable-experimental-feature OpaqueTypeErasure -enable-bare-slash-regex -empty-abi-descriptor -validate-clang-modules-once -clang-build-session-file /Users/michaellee/Library/Developer/Xcode/DerivedData/ModuleCache.noindex/Session.modulevalidation -Xcc -working-directory -Xcc /Users/michaellee/Documents/powernapv2new -resource-dir /Applications/Xcode.app/Contents/Developer/Toolchains/XcodeDefault.xctoolchain/usr/lib/swift -enable-anonymous-context-mangled-names -file-compilation-dir /Users/michaellee/Documents/powernapv2new -Xcc -D_LIBCPP_HARDENING_MODE\=_LIBCPP_HARDENING_MODE_DEBUG -Xcc -ivfsstatcache -Xcc /Users/michaellee/Library/Developer/Xcode/DerivedData/SDKStatCaches.noindex/watchos11.2-22S97-0b3b2baea7cb8f92e0e7a0ebd9acdf21.sdkstatcache -Xcc -I/Users/michaellee/Library/Developer/Xcode/DerivedData/powernapv2new-aqnqdjigpfxhhbaezrjmudzroopa/Build/Intermediates.noindex/powernapv2new.build/Debug-watchos/powernapv2new\ Watch\ App.build/swift-overrides.hmap -Xcc -iquote -Xcc /Users/michaellee/Library/Developer/Xcode/DerivedData/powernapv2new-aqnqdjigpfxhhbaezrjmudzroopa/Build/Intermediates.noindex/powernapv2new.build/Debug-watchos/powernapv2new\ Watch\ App.build/powernapv2new\ Watch\ App-generated-files.hmap -Xcc -I/Users/michaellee/Library/Developer/Xcode/DerivedData/powernapv2new-aqnqdjigpfxhhbaezrjmudzroopa/Build/Intermediates.noindex/powernapv2new.build/Debug-watchos/powernapv2new\ Watch\ App.build/powernapv2new\ Watch\ App-own-target-headers.hmap -Xcc -I/Users/michaellee/Library/Developer/Xcode/DerivedData/powernapv2new-aqnqdjigpfxhhbaezrjmudzroopa/Build/Intermediates.noindex/powernapv2new.build/Debug-watchos/powernapv2new\ Watch\ App.build/powernapv2new\ Watch\ App-all-target-headers.hmap -Xcc -iquote -Xcc /Users/michaellee/Library/Developer/Xcode/DerivedData/powernapv2new-aqnqdjigpfxhhbaezrjmudzroopa/Build/Intermediates.noindex/powernapv2new.build/Debug-watchos/powernapv2new\ Watch\ App.build/powernapv2new\ Watch\ App-project-headers.hmap -Xcc -I/Users/michaellee/Library/Developer/Xcode/DerivedData/powernapv2new-aqnqdjigpfxhhbaezrjmudzroopa/Build/Products/Debug-watchos/include -Xcc -I/Users/michaellee/Library/Developer/Xcode/DerivedData/powernapv2new-aqnqdjigpfxhhbaezrjmudzroopa/Build/Intermediates.noindex/powernapv2new.build/Debug-watchos/powernapv2new\ Watch\ App.build/DerivedSources-normal/arm64_32 -Xcc -I/Users/michaellee/Library/Developer/Xcode/DerivedData/powernapv2new-aqnqdjigpfxhhbaezrjmudzroopa/Build/Intermediates.noindex/powernapv2new.build/Debug-watchos/powernapv2new\ Watch\ App.build/DerivedSources/arm64_32 -Xcc -I/Users/michaellee/Library/Developer/Xcode/DerivedData/powernapv2new-aqnqdjigpfxhhbaezrjmudzroopa/Build/Intermediates.noindex/powernapv2new.build/Debug-watchos/powernapv2new\ Watch\ App.build/DerivedSources -Xcc -DDEBUG\=1 -module-name powernapv2new_Watch_App -frontend-parseable-output -disable-clang-spi -target-sdk-version 11.2 -target-sdk-name watchos11.2 -external-plugin-path /Applications/Xcode.app/Contents/Developer/Platforms/WatchOS.platform/Developer/usr/lib/swift/host/plugins\#/Applications/Xcode.app/Contents/Developer/Platforms/WatchOS.platform/Developer/usr/bin/swift-plugin-server -external-plugin-path /Applications/Xcode.app/Contents/Developer/Platforms/WatchOS.platform/Developer/usr/local/lib/swift/host/plugins\#/Applications/Xcode.app/Contents/Developer/Platforms/WatchOS.platform/Developer/usr/bin/swift-plugin-server -plugin-path /Applications/Xcode.app/Contents/Developer/Toolchains/XcodeDefault.xctoolchain/usr/lib/swift/host/plugins -plugin-path /Applications/Xcode.app/Contents/Developer/Toolchains/XcodeDefault.xctoolchain/usr/local/lib/swift/host/plugins -o /Users/michaellee/Library/Developer/Xcode/DerivedData/powernapv2new-aqnqdjigpfxhhbaezrjmudzroopa/Build/Intermediates.noindex/powernapv2new.build/Debug-watchos/powernapv2new\ Watch\ App.build/Objects-normal/arm64_32/powernapv2newApp.o -o /Users/michaellee/Library/Developer/Xcode/DerivedData/powernapv2new-aqnqdjigpfxhhbaezrjmudzroopa/Build/Intermediates.noindex/powernapv2new.build/Debug-watchos/powernapv2new\ Watch\ App.build/Objects-normal/arm64_32/SleepDetectionCoordinator.o -index-unit-output-path /powernapv2new.build/Debug-watchos/powernapv2new\ Watch\ App.build/Objects-normal/arm64_32/powernapv2newApp.o -index-unit-output-path /powernapv2new.build/Debug-watchos/powernapv2new\ Watch\ App.build/Objects-normal/arm64_32/SleepDetectionCoordinator.o -index-store-path /Users/michaellee/Library/Developer/Xcode/DerivedData/powernapv2new-aqnqdjigpfxhhbaezrjmudzroopa/Index.noindex/DataStore -index-system-modules

SwiftCompile normal arm64_32 /Users/michaellee/Documents/powernapv2new/powernapv2new\ Watch\ App/SleepDetectionCoordinator.swift (in target 'powernapv2new Watch App' from project 'powernapv2new')
    cd /Users/michaellee/Documents/powernapv2new
    /Applications/Xcode.app/Contents/Developer/Toolchains/XcodeDefault.xctoolchain/usr/bin/swift-frontend -c /Users/michaellee/Documents/powernapv2new/powernapv2new\ Watch\ App/AdvancedLoggingSystem.swift /Users/michaellee/Documents/powernapv2new/powernapv2new\ Watch\ App/Models/SharedTypes.swift /Users/michaellee/Documents/powernapv2new/powernapv2new\ Watch\ App/ContentView+LogAnalysis.swift /Users/michaellee/Documents/powernapv2new/powernapv2new\ Watch\ App/Services/LoggingService.swift /Users/michaellee/Documents/powernapv2new/powernapv2new\ Watch\ App/Models/UserSleepProfile.swift /Users/michaellee/Documents/powernapv2new/powernapv2new\ Watch\ App/Services/AdaptiveThresholdSystem.swift /Users/michaellee/Documents/powernapv2new/powernapv2new\ Watch\ App/SleepDetectionCoordinator+Logging.swift /Users/michaellee/Documents/powernapv2new/powernapv2new\ Watch\ App/Services/HeartRateAnomalyTracker.swift /Users/michaellee/Documents/powernapv2new/powernapv2new\ Watch\ App/Services/HeartRateService.swift /Users/michaellee/Documents/powernapv2new/powernapv2new\ Watch\ App/Services/HeartRateThresholdOptimizer.swift /Users/michaellee/Documents/powernapv2new/powernapv2new\ Watch\ App/Services/MotionService.swift /Users/michaellee/Documents/powernapv2new/powernapv2new\ Watch\ App/Services/SlidingWindow.swift /Users/michaellee/Documents/powernapv2new/powernapv2new\ Watch\ App/Views/MinimumNapDurationCalculator.swift /Users/michaellee/Documents/powernapv2new/powernapv2new\ Watch\ App/Views/SleepConfirmationTimeButton.swift /Users/michaellee/Documents/powernapv2new/powernapv2new\ Watch\ App/Views/SleepConfirmationTimeSettingView.swift /Users/michaellee/Documents/powernapv2new/powernapv2new\ Watch\ App/ContentView.swift /Users/michaellee/Documents/powernapv2new/powernapv2new\ Watch\ App/PowerNapServices.swift -primary-file /Users/michaellee/Documents/powernapv2new/powernapv2new\ Watch\ App/powernapv2newApp.swift -primary-file /Users/michaellee/Documents/powernapv2new/powernapv2new\ Watch\ App/SleepDetectionCoordinator.swift /Users/michaellee/Documents/powernapv2new/powernapv2new\ Watch\ App/SleepServices.swift /Users/michaellee/Library/Developer/Xcode/DerivedData/powernapv2new-aqnqdjigpfxhhbaezrjmudzroopa/Build/Intermediates.noindex/powernapv2new.build/Debug-watchos/powernapv2new\ Watch\ App.build/DerivedSources/GeneratedAssetSymbols.swift -emit-dependencies-path /Users/michaellee/Library/Developer/Xcode/DerivedData/powernapv2new-aqnqdjigpfxhhbaezrjmudzroopa/Build/Intermediates.noindex/powernapv2new.build/Debug-watchos/powernapv2new\ Watch\ App.build/Objects-normal/arm64_32/powernapv2newApp.d -emit-const-values-path /Users/michaellee/Library/Developer/Xcode/DerivedData/powernapv2new-aqnqdjigpfxhhbaezrjmudzroopa/Build/Intermediates.noindex/powernapv2new.build/Debug-watchos/powernapv2new\ Watch\ App.build/Objects-normal/arm64_32/powernapv2newApp.swiftconstvalues -emit-reference-dependencies-path /Users/michaellee/Library/Developer/Xcode/DerivedData/powernapv2new-aqnqdjigpfxhhbaezrjmudzroopa/Build/Intermediates.noindex/powernapv2new.build/Debug-watchos/powernapv2new\ Watch\ App.build/Objects-normal/arm64_32/powernapv2newApp.swiftdeps -serialize-diagnostics-path /Users/michaellee/Library/Developer/Xcode/DerivedData/powernapv2new-aqnqdjigpfxhhbaezrjmudzroopa/Build/Intermediates.noindex/powernapv2new.build/Debug-watchos/powernapv2new\ Watch\ App.build/Objects-normal/arm64_32/powernapv2newApp.dia -emit-dependencies-path /Users/michaellee/Library/Developer/Xcode/DerivedData/powernapv2new-aqnqdjigpfxhhbaezrjmudzroopa/Build/Intermediates.noindex/powernapv2new.build/Debug-watchos/powernapv2new\ Watch\ App.build/Objects-normal/arm64_32/SleepDetectionCoordinator.d -emit-const-values-path /Users/michaellee/Library/Developer/Xcode/DerivedData/powernapv2new-aqnqdjigpfxhhbaezrjmudzroopa/Build/Intermediates.noindex/powernapv2new.build/Debug-watchos/powernapv2new\ Watch\ App.build/Objects-normal/arm64_32/SleepDetectionCoordinator.swiftconstvalues -emit-reference-dependencies-path /Users/michaellee/Library/Developer/Xcode/DerivedData/powernapv2new-aqnqdjigpfxhhbaezrjmudzroopa/Build/Intermediates.noindex/powernapv2new.build/Debug-watchos/powernapv2new\ Watch\ App.build/Objects-normal/arm64_32/SleepDetectionCoordinator.swiftdeps -serialize-diagnostics-path /Users/michaellee/Library/Developer/Xcode/DerivedData/powernapv2new-aqnqdjigpfxhhbaezrjmudzroopa/Build/Intermediates.noindex/powernapv2new.build/Debug-watchos/powernapv2new\ Watch\ App.build/Objects-normal/arm64_32/SleepDetectionCoordinator.dia -emit-localized-strings -emit-localized-strings-path /Users/michaellee/Library/Developer/Xcode/DerivedData/powernapv2new-aqnqdjigpfxhhbaezrjmudzroopa/Build/Intermediates.noindex/powernapv2new.build/Debug-watchos/powernapv2new\ Watch\ App.build/Objects-normal/arm64_32 -target arm64_32-apple-watchos11.2 -enable-objc-interop -sdk /Applications/Xcode.app/Contents/Developer/Platforms/WatchOS.platform/Developer/SDKs/WatchOS11.2.sdk -I /Users/michaellee/Library/Developer/Xcode/DerivedData/powernapv2new-aqnqdjigpfxhhbaezrjmudzroopa/Build/Products/Debug-watchos -F /Users/michaellee/Library/Developer/Xcode/DerivedData/powernapv2new-aqnqdjigpfxhhbaezrjmudzroopa/Build/Products/Debug-watchos -no-color-diagnostics -enable-testing -g -debug-info-format\=dwarf -dwarf-version\=5 -module-cache-path /Users/michaellee/Library/Developer/Xcode/DerivedData/ModuleCache.noindex -profile-generate -profile-coverage-mapping -swift-version 5 -enforce-exclusivity\=checked -Onone -D DEBUG -serialize-debugging-options -const-gather-protocols-file /Users/michaellee/Library/Developer/Xcode/DerivedData/powernapv2new-aqnqdjigpfxhhbaezrjmudzroopa/Build/Intermediates.noindex/powernapv2new.build/Debug-watchos/powernapv2new\ Watch\ App.build/Objects-normal/arm64_32/powernapv2new\ Watch\ App_const_extract_protocols.json -enable-experimental-feature DebugDescriptionMacro -enable-experimental-feature OpaqueTypeErasure -enable-bare-slash-regex -empty-abi-descriptor -validate-clang-modules-once -clang-build-session-file /Users/michaellee/Library/Developer/Xcode/DerivedData/ModuleCache.noindex/Session.modulevalidation -Xcc -working-directory -Xcc /Users/michaellee/Documents/powernapv2new -resource-dir /Applications/Xcode.app/Contents/Developer/Toolchains/XcodeDefault.xctoolchain/usr/lib/swift -enable-anonymous-context-mangled-names -file-compilation-dir /Users/michaellee/Documents/powernapv2new -Xcc -D_LIBCPP_HARDENING_MODE\=_LIBCPP_HARDENING_MODE_DEBUG -Xcc -ivfsstatcache -Xcc /Users/michaellee/Library/Developer/Xcode/DerivedData/SDKStatCaches.noindex/watchos11.2-22S97-0b3b2baea7cb8f92e0e7a0ebd9acdf21.sdkstatcache -Xcc -I/Users/michaellee/Library/Developer/Xcode/DerivedData/powernapv2new-aqnqdjigpfxhhbaezrjmudzroopa/Build/Intermediates.noindex/powernapv2new.build/Debug-watchos/powernapv2new\ Watch\ App.build/swift-overrides.hmap -Xcc -iquote -Xcc /Users/michaellee/Library/Developer/Xcode/DerivedData/powernapv2new-aqnqdjigpfxhhbaezrjmudzroopa/Build/Intermediates.noindex/powernapv2new.build/Debug-watchos/powernapv2new\ Watch\ App.build/powernapv2new\ Watch\ App-generated-files.hmap -Xcc -I/Users/michaellee/Library/Developer/Xcode/DerivedData/powernapv2new-aqnqdjigpfxhhbaezrjmudzroopa/Build/Intermediates.noindex/powernapv2new.build/Debug-watchos/powernapv2new\ Watch\ App.build/powernapv2new\ Watch\ App-own-target-headers.hmap -Xcc -I/Users/michaellee/Library/Developer/Xcode/DerivedData/powernapv2new-aqnqdjigpfxhhbaezrjmudzroopa/Build/Intermediates.noindex/powernapv2new.build/Debug-watchos/powernapv2new\ Watch\ App.build/powernapv2new\ Watch\ App-all-target-headers.hmap -Xcc -iquote -Xcc /Users/michaellee/Library/Developer/Xcode/DerivedData/powernapv2new-aqnqdjigpfxhhbaezrjmudzroopa/Build/Intermediates.noindex/powernapv2new.build/Debug-watchos/powernapv2new\ Watch\ App.build/powernapv2new\ Watch\ App-project-headers.hmap -Xcc -I/Users/michaellee/Library/Developer/Xcode/DerivedData/powernapv2new-aqnqdjigpfxhhbaezrjmudzroopa/Build/Products/Debug-watchos/include -Xcc -I/Users/michaellee/Library/Developer/Xcode/DerivedData/powernapv2new-aqnqdjigpfxhhbaezrjmudzroopa/Build/Intermediates.noindex/powernapv2new.build/Debug-watchos/powernapv2new\ Watch\ App.build/DerivedSources-normal/arm64_32 -Xcc -I/Users/michaellee/Library/Developer/Xcode/DerivedData/powernapv2new-aqnqdjigpfxhhbaezrjmudzroopa/Build/Intermediates.noindex/powernapv2new.build/Debug-watchos/powernapv2new\ Watch\ App.build/DerivedSources/arm64_32 -Xcc -I/Users/michaellee/Library/Developer/Xcode/DerivedData/powernapv2new-aqnqdjigpfxhhbaezrjmudzroopa/Build/Intermediates.noindex/powernapv2new.build/Debug-watchos/powernapv2new\ Watch\ App.build/DerivedSources -Xcc -DDEBUG\=1 -module-name powernapv2new_Watch_App -frontend-parseable-output -disable-clang-spi -target-sdk-version 11.2 -target-sdk-name watchos11.2 -external-plugin-path /Applications/Xcode.app/Contents/Developer/Platforms/WatchOS.platform/Developer/usr/lib/swift/host/plugins\#/Applications/Xcode.app/Contents/Developer/Platforms/WatchOS.platform/Developer/usr/bin/swift-plugin-server -external-plugin-path /Applications/Xcode.app/Contents/Developer/Platforms/WatchOS.platform/Developer/usr/local/lib/swift/host/plugins\#/Applications/Xcode.app/Contents/Developer/Platforms/WatchOS.platform/Developer/usr/bin/swift-plugin-server -plugin-path /Applications/Xcode.app/Contents/Developer/Toolchains/XcodeDefault.xctoolchain/usr/lib/swift/host/plugins -plugin-path /Applications/Xcode.app/Contents/Developer/Toolchains/XcodeDefault.xctoolchain/usr/local/lib/swift/host/plugins -o /Users/michaellee/Library/Developer/Xcode/DerivedData/powernapv2new-aqnqdjigpfxhhbaezrjmudzroopa/Build/Intermediates.noindex/powernapv2new.build/Debug-watchos/powernapv2new\ Watch\ App.build/Objects-normal/arm64_32/powernapv2newApp.o -o /Users/michaellee/Library/Developer/Xcode/DerivedData/powernapv2new-aqnqdjigpfxhhbaezrjmudzroopa/Build/Intermediates.noindex/powernapv2new.build/Debug-watchos/powernapv2new\ Watch\ App.build/Objects-normal/arm64_32/SleepDetectionCoordinator.o -index-unit-output-path /powernapv2new.build/Debug-watchos/powernapv2new\ Watch\ App.build/Objects-normal/arm64_32/powernapv2newApp.o -index-unit-output-path /powernapv2new.build/Debug-watchos/powernapv2new\ Watch\ App.build/Objects-normal/arm64_32/SleepDetectionCoordinator.o -index-store-path /Users/michaellee/Library/Developer/Xcode/DerivedData/powernapv2new-aqnqdjigpfxhhbaezrjmudzroopa/Index.noindex/DataStore -index-system-modules

/Users/michaellee/Documents/powernapv2new/powernapv2new Watch App/SleepDetectionCoordinator.swift:86:9: error: cannot find 'timeMonitoring' in scope
        timeMonitoring = 0
        ^~~~~~~~~~~~~~
/Users/michaellee/Documents/powernapv2new/powernapv2new Watch App/SleepDetectionCoordinator.swift:87:9: error: cannot find 'timeInSleepState' in scope
        timeInSleepState = 0
        ^~~~~~~~~~~~~~~~
/Users/michaellee/Documents/powernapv2new/powernapv2new Watch App/SleepDetectionCoordinator.swift:88:9: error: cannot find 'timeInPotentialSleepState' in scope
        timeInPotentialSleepState = 0
        ^~~~~~~~~~~~~~~~~~~~~~~~~
/Users/michaellee/Documents/powernapv2new/powernapv2new Watch App/SleepDetectionCoordinator.swift:89:9: error: cannot find 'sleepDetectionProgress' in scope
        sleepDetectionProgress = 0
        ^~~~~~~~~~~~~~~~~~~~~~
/Users/michaellee/Documents/powernapv2new/powernapv2new Watch App/SleepDetectionCoordinator.swift:90:9: error: cannot find 'sleepDetectedStartTime' in scope
        sleepDetectedStartTime = nil
        ^~~~~~~~~~~~~~~~~~~~~~
/Users/michaellee/Documents/powernapv2new/powernapv2new Watch App/SleepDetectionCoordinator.swift:122:12: error: cannot find 'isCountingDown' in scope
        if isCountingDown {
           ^~~~~~~~~~~~~~
/Users/michaellee/Documents/powernapv2new/powernapv2new Watch App/SleepDetectionCoordinator.swift:123:13: error: cannot find 'isCountingDown' in scope
            isCountingDown = false
            ^~~~~~~~~~~~~~
/Users/michaellee/Documents/powernapv2new/powernapv2new Watch App/SleepDetectionCoordinator.swift:128:28: error: cannot find 'timeMonitoring' in scope
            let duration = timeMonitoring
                           ^~~~~~~~~~~~~~
/Users/michaellee/Documents/powernapv2new/powernapv2new Watch App/SleepDetectionCoordinator.swift:129:33: error: cannot find 'timeInSleepState' in scope
            let sleepDuration = timeInSleepState
                                ^~~~~~~~~~~~~~~~
/Users/michaellee/Documents/powernapv2new/powernapv2new Watch App/SleepDetectionCoordinator.swift:130:67: error: cannot find 'userSleepProfile' in scope
            let avgHR = heartRateService.getAverageHeartRate() ?? userSleepProfile.restingHeartRate
                                                                  ^~~~~~~~~~~~~~~~
/Users/michaellee/Documents/powernapv2new/powernapv2new Watch App/SleepDetectionCoordinator.swift:130:42: error: value of type 'any HeartRateServiceProtocol' has no member 'getAverageHeartRate'
            let avgHR = heartRateService.getAverageHeartRate() ?? userSleepProfile.restingHeartRate
                        ~~~~~~~~~~~~~~~~ ^~~~~~~~~~~~~~~~~~~
/Users/michaellee/Documents/powernapv2new/powernapv2new Watch App/SleepDetectionCoordinator.swift:131:63: error: cannot find 'userSleepProfile' in scope
            let minHR = heartRateService.getMinHeartRate() ?? userSleepProfile.restingHeartRate
                                                              ^~~~~~~~~~~~~~~~
/Users/michaellee/Documents/powernapv2new/powernapv2new Watch App/SleepDetectionCoordinator.swift:131:42: error: value of type 'any HeartRateServiceProtocol' has no member 'getMinHeartRate'
            let minHR = heartRateService.getMinHeartRate() ?? userSleepProfile.restingHeartRate
                        ~~~~~~~~~~~~~~~~ ^~~~~~~~~~~~~~~
/Users/michaellee/Documents/powernapv2new/powernapv2new Watch App/SleepDetectionCoordinator.swift:136:29: error: cannot find 'currentSleepPhase' in scope
                finalPhase: currentSleepPhase,
                            ^~~~~~~~~~~~~~~~~
/Users/michaellee/Documents/powernapv2new/powernapv2new Watch App/SleepDetectionCoordinator+Logging.swift:112:89: error: cannot find type 'SleepPhase' in scope
    func logSessionEnd(duration: TimeInterval, sleepDuration: TimeInterval, finalPhase: SleepPhase, averageHR: Double, minHR: Double) {
                                                                                        ^~~~~~~~~~
/Users/michaellee/Documents/powernapv2new/powernapv2new Watch App/SleepDetectionCoordinator.swift:264:42: error: value of type 'any HeartRateServiceProtocol' has no member 'getLatestHeartRate'
        let currentHR = heartRateService.getLatestHeartRate() ?? 0
                        ~~~~~~~~~~~~~~~~ ^~~~~~~~~~~~~~~~~~
/Users/michaellee/Documents/powernapv2new/powernapv2new Watch App/SleepDetectionCoordinator.swift:273:45: error: value of type 'any HeartRateServiceProtocol' has no member 'getLatestHeartRate'
        if let heartRate = heartRateService.getLatestHeartRate(), currentLogSessionId != nil {
                           ~~~~~~~~~~~~~~~~ ^~~~~~~~~~~~~~~~~~
/Users/michaellee/Documents/powernapv2new/powernapv2new Watch App/SleepDetectionCoordinator.swift:275:47: error: value of type 'any MotionServiceProtocol' has no member 'getCurrentActivityLevel'
            let activityLevel = motionService.getCurrentActivityLevel()
                                ~~~~~~~~~~~~~ ^~~~~~~~~~~~~~~~~~~~~~~
/Users/michaellee/Documents/powernapv2new/powernapv2new Watch App/SleepDetectionCoordinator.swift:276:49: error: value of type 'any MotionServiceProtocol' has no member 'getCurrentMotionIntensity'
            let motionIntensity = motionService.getCurrentMotionIntensity()
                                  ~~~~~~~~~~~~~ ^~~~~~~~~~~~~~~~~~~~~~~~~
/Users/michaellee/Documents/powernapv2new/powernapv2new Watch App/SleepDetectionCoordinator+Logging.swift:27:126: error: cannot find type 'SleepPhase' in scope
    func logHeartRateData(_ heartRate: Double, activityLevel: Double, motionIntensity: Double, sleepState: Bool, sleepPhase: SleepPhase) {
                                                                                                                             ^~~~~~~~~~
/Users/michaellee/Documents/powernapv2new/powernapv2new Watch App/SleepDetectionCoordinator.swift:287:30: error: cannot infer contextual base in reference to member 'unknown'
                sleepPhase: .unknown  // 使用適當的睡眠階段
/Users/michaellee/Documents/powernapv2new/powernapv2new Watch App/SleepDetectionCoordinator.swift:468:42: error: value of type 'any HeartRateServiceProtocol' has no member 'getLatestHeartRate'
        let currentHR = heartRateService.getLatestHeartRate() ?? 0
                        ~~~~~~~~~~~~~~~~ ^~~~~~~~~~~~~~~~~~
/Users/michaellee/Documents/powernapv2new/powernapv2new Watch App/SleepDetectionCoordinator.swift:476:35: error: cannot find 'userSleepProfile' in scope
                let hrThreshold = userSleepProfile.getHeartRateThreshold()
                                  ^~~~~~~~~~~~~~~~
/Users/michaellee/Documents/powernapv2new/powernapv2new Watch App/SleepDetectionCoordinator.swift:487:48: error: cannot find 'userSleepProfile' in scope
                    rhrPercentage: currentHR / userSleepProfile.restingHeartRate * 100,
                                               ^~~~~~~~~~~~~~~~
/Users/michaellee/Documents/powernapv2new/powernapv2new Watch App/SleepDetectionCoordinator+Logging.swift:98:57: error: cannot find type 'SleepPhase' in scope
    func logSystemDetection(result: String, sleepPhase: SleepPhase, averageHR: Double, rhrPercentage: Double, aboveThreshold: Bool) {
                                                        ^~~~~~~~~~
/Users/michaellee/Documents/powernapv2new/powernapv2new Watch App/SleepDetectionCoordinator.swift:485:34: error: cannot infer contextual base in reference to member 'deep'
                    sleepPhase: .deep,
                                ~^~~~
/Users/michaellee/Documents/powernapv2new/powernapv2new Watch App/SleepDetectionCoordinator+Logging.swift:47:50: error: cannot find type 'SleepPhase' in scope
    func logSleepPhaseChange(from previousPhase: SleepPhase, to newPhase: SleepPhase, currentHR: Double) {
                                                 ^~~~~~~~~~
/Users/michaellee/Documents/powernapv2new/powernapv2new Watch App/SleepDetectionCoordinator+Logging.swift:47:75: error: cannot find type 'SleepPhase' in scope
    func logSleepPhaseChange(from previousPhase: SleepPhase, to newPhase: SleepPhase, currentHR: Double) {
                                                                          ^~~~~~~~~~

/Users/michaellee/Documents/powernapv2new/powernapv2new Watch App/SleepDetectionCoordinator.swift:86:9: Cannot find 'timeMonitoring' in scope

/Users/michaellee/Documents/powernapv2new/powernapv2new Watch App/SleepDetectionCoordinator.swift:87:9: Cannot find 'timeInSleepState' in scope

/Users/michaellee/Documents/powernapv2new/powernapv2new Watch App/SleepDetectionCoordinator.swift:88:9: Cannot find 'timeInPotentialSleepState' in scope

/Users/michaellee/Documents/powernapv2new/powernapv2new Watch App/SleepDetectionCoordinator.swift:89:9: Cannot find 'sleepDetectionProgress' in scope

/Users/michaellee/Documents/powernapv2new/powernapv2new Watch App/SleepDetectionCoordinator.swift:90:9: Cannot find 'sleepDetectedStartTime' in scope

/Users/michaellee/Documents/powernapv2new/powernapv2new Watch App/SleepDetectionCoordinator.swift:122:12: Cannot find 'isCountingDown' in scope

/Users/michaellee/Documents/powernapv2new/powernapv2new Watch App/SleepDetectionCoordinator.swift:123:13: Cannot find 'isCountingDown' in scope

/Users/michaellee/Documents/powernapv2new/powernapv2new Watch App/SleepDetectionCoordinator.swift:128:28: Cannot find 'timeMonitoring' in scope

/Users/michaellee/Documents/powernapv2new/powernapv2new Watch App/SleepDetectionCoordinator.swift:129:33: Cannot find 'timeInSleepState' in scope

/Users/michaellee/Documents/powernapv2new/powernapv2new Watch App/SleepDetectionCoordinator.swift:130:67: Cannot find 'userSleepProfile' in scope

/Users/michaellee/Documents/powernapv2new/powernapv2new Watch App/SleepDetectionCoordinator.swift:130:42: Value of type 'any HeartRateServiceProtocol' has no member 'getAverageHeartRate'

/Users/michaellee/Documents/powernapv2new/powernapv2new Watch App/SleepDetectionCoordinator.swift:131:63: Cannot find 'userSleepProfile' in scope

/Users/michaellee/Documents/powernapv2new/powernapv2new Watch App/SleepDetectionCoordinator.swift:131:42: Value of type 'any HeartRateServiceProtocol' has no member 'getMinHeartRate'

/Users/michaellee/Documents/powernapv2new/powernapv2new Watch App/SleepDetectionCoordinator.swift:136:29: Cannot find 'currentSleepPhase' in scope

/Users/michaellee/Documents/powernapv2new/powernapv2new Watch App/SleepDetectionCoordinator+Logging.swift:112:89: Cannot find type 'SleepPhase' in scope

/Users/michaellee/Documents/powernapv2new/powernapv2new Watch App/SleepDetectionCoordinator.swift:264:42: Value of type 'any HeartRateServiceProtocol' has no member 'getLatestHeartRate'

/Users/michaellee/Documents/powernapv2new/powernapv2new Watch App/SleepDetectionCoordinator.swift:273:45: Value of type 'any HeartRateServiceProtocol' has no member 'getLatestHeartRate'

/Users/michaellee/Documents/powernapv2new/powernapv2new Watch App/SleepDetectionCoordinator.swift:275:47: Value of type 'any MotionServiceProtocol' has no member 'getCurrentActivityLevel'

/Users/michaellee/Documents/powernapv2new/powernapv2new Watch App/SleepDetectionCoordinator.swift:276:49: Value of type 'any MotionServiceProtocol' has no member 'getCurrentMotionIntensity'

/Users/michaellee/Documents/powernapv2new/powernapv2new Watch App/SleepDetectionCoordinator+Logging.swift:27:126: Cannot find type 'SleepPhase' in scope

/Users/michaellee/Documents/powernapv2new/powernapv2new Watch App/SleepDetectionCoordinator.swift:287:30: Cannot infer contextual base in reference to member 'unknown'

/Users/michaellee/Documents/powernapv2new/powernapv2new Watch App/SleepDetectionCoordinator.swift:468:42: Value of type 'any HeartRateServiceProtocol' has no member 'getLatestHeartRate'

/Users/michaellee/Documents/powernapv2new/powernapv2new Watch App/SleepDetectionCoordinator.swift:476:35: Cannot find 'userSleepProfile' in scope

/Users/michaellee/Documents/powernapv2new/powernapv2new Watch App/SleepDetectionCoordinator.swift:487:48: Cannot find 'userSleepProfile' in scope

/Users/michaellee/Documents/powernapv2new/powernapv2new Watch App/SleepDetectionCoordinator+Logging.swift:98:57: Cannot find type 'SleepPhase' in scope

/Users/michaellee/Documents/powernapv2new/powernapv2new Watch App/SleepDetectionCoordinator.swift:485:34: Cannot infer contextual base in reference to member 'deep'

/Users/michaellee/Documents/powernapv2new/powernapv2new Watch App/SleepDetectionCoordinator+Logging.swift:47:50: Cannot find type 'SleepPhase' in scope

/Users/michaellee/Documents/powernapv2new/powernapv2new Watch App/SleepDetectionCoordinator+Logging.swift:47:75: Cannot find type 'SleepPhase' in scope

SwiftCompile normal arm64_32 Compiling\ MinimumNapDurationCalculator.swift,\ SleepConfirmationTimeButton.swift,\ SleepConfirmationTimeSettingView.swift /Users/michaellee/Documents/powernapv2new/powernapv2new\ Watch\ App/Views/MinimumNapDurationCalculator.swift /Users/michaellee/Documents/powernapv2new/powernapv2new\ Watch\ App/Views/SleepConfirmationTimeButton.swift /Users/michaellee/Documents/powernapv2new/powernapv2new\ Watch\ App/Views/SleepConfirmationTimeSettingView.swift (in target 'powernapv2new Watch App' from project 'powernapv2new')
    cd /Users/michaellee/Documents/powernapv2new
    builtin-swiftTaskExecution -- /Applications/Xcode.app/Contents/Developer/Toolchains/XcodeDefault.xctoolchain/usr/bin/swift-frontend -frontend -c /Users/michaellee/Documents/powernapv2new/powernapv2new\ Watch\ App/AdvancedLoggingSystem.swift /Users/michaellee/Documents/powernapv2new/powernapv2new\ Watch\ App/Models/SharedTypes.swift /Users/michaellee/Documents/powernapv2new/powernapv2new\ Watch\ App/ContentView+LogAnalysis.swift /Users/michaellee/Documents/powernapv2new/powernapv2new\ Watch\ App/Services/LoggingService.swift /Users/michaellee/Documents/powernapv2new/powernapv2new\ Watch\ App/Models/UserSleepProfile.swift /Users/michaellee/Documents/powernapv2new/powernapv2new\ Watch\ App/Services/AdaptiveThresholdSystem.swift /Users/michaellee/Documents/powernapv2new/powernapv2new\ Watch\ App/SleepDetectionCoordinator+Logging.swift /Users/michaellee/Documents/powernapv2new/powernapv2new\ Watch\ App/Services/HeartRateAnomalyTracker.swift /Users/michaellee/Documents/powernapv2new/powernapv2new\ Watch\ App/Services/HeartRateService.swift /Users/michaellee/Documents/powernapv2new/powernapv2new\ Watch\ App/Services/HeartRateThresholdOptimizer.swift /Users/michaellee/Documents/powernapv2new/powernapv2new\ Watch\ App/Services/MotionService.swift /Users/michaellee/Documents/powernapv2new/powernapv2new\ Watch\ App/Services/SlidingWindow.swift -primary-file /Users/michaellee/Documents/powernapv2new/powernapv2new\ Watch\ App/Views/MinimumNapDurationCalculator.swift -primary-file /Users/michaellee/Documents/powernapv2new/powernapv2new\ Watch\ App/Views/SleepConfirmationTimeButton.swift -primary-file /Users/michaellee/Documents/powernapv2new/powernapv2new\ Watch\ App/Views/SleepConfirmationTimeSettingView.swift /Users/michaellee/Documents/powernapv2new/powernapv2new\ Watch\ App/ContentView.swift /Users/michaellee/Documents/powernapv2new/powernapv2new\ Watch\ App/PowerNapServices.swift /Users/michaellee/Documents/powernapv2new/powernapv2new\ Watch\ App/powernapv2newApp.swift /Users/michaellee/Documents/powernapv2new/powernapv2new\ Watch\ App/SleepDetectionCoordinator.swift /Users/michaellee/Documents/powernapv2new/powernapv2new\ Watch\ App/SleepServices.swift /Users/michaellee/Library/Developer/Xcode/DerivedData/powernapv2new-aqnqdjigpfxhhbaezrjmudzroopa/Build/Intermediates.noindex/powernapv2new.build/Debug-watchos/powernapv2new\ Watch\ App.build/DerivedSources/GeneratedAssetSymbols.swift -supplementary-output-file-map /Users/michaellee/Library/Developer/Xcode/DerivedData/powernapv2new-aqnqdjigpfxhhbaezrjmudzroopa/Build/Intermediates.noindex/powernapv2new.build/Debug-watchos/powernapv2new\ Watch\ App.build/Objects-normal/arm64_32/supplementaryOutputs-61 -emit-localized-strings -emit-localized-strings-path /Users/michaellee/Library/Developer/Xcode/DerivedData/powernapv2new-aqnqdjigpfxhhbaezrjmudzroopa/Build/Intermediates.noindex/powernapv2new.build/Debug-watchos/powernapv2new\ Watch\ App.build/Objects-normal/arm64_32 -target arm64_32-apple-watchos11.2 -enable-objc-interop -sdk /Applications/Xcode.app/Contents/Developer/Platforms/WatchOS.platform/Developer/SDKs/WatchOS11.2.sdk -I /Users/michaellee/Library/Developer/Xcode/DerivedData/powernapv2new-aqnqdjigpfxhhbaezrjmudzroopa/Build/Products/Debug-watchos -F /Users/michaellee/Library/Developer/Xcode/DerivedData/powernapv2new-aqnqdjigpfxhhbaezrjmudzroopa/Build/Products/Debug-watchos -no-color-diagnostics -enable-testing -g -debug-info-format\=dwarf -dwarf-version\=5 -module-cache-path /Users/michaellee/Library/Developer/Xcode/DerivedData/ModuleCache.noindex -profile-generate -profile-coverage-mapping -swift-version 5 -enforce-exclusivity\=checked -Onone -D DEBUG -serialize-debugging-options -const-gather-protocols-file /Users/michaellee/Library/Developer/Xcode/DerivedData/powernapv2new-aqnqdjigpfxhhbaezrjmudzroopa/Build/Intermediates.noindex/powernapv2new.build/Debug-watchos/powernapv2new\ Watch\ App.build/Objects-normal/arm64_32/powernapv2new\ Watch\ App_const_extract_protocols.json -enable-experimental-feature DebugDescriptionMacro -enable-experimental-feature OpaqueTypeErasure -enable-bare-slash-regex -empty-abi-descriptor -validate-clang-modules-once -clang-build-session-file /Users/michaellee/Library/Developer/Xcode/DerivedData/ModuleCache.noindex/Session.modulevalidation -Xcc -working-directory -Xcc /Users/michaellee/Documents/powernapv2new -resource-dir /Applications/Xcode.app/Contents/Developer/Toolchains/XcodeDefault.xctoolchain/usr/lib/swift -enable-anonymous-context-mangled-names -file-compilation-dir /Users/michaellee/Documents/powernapv2new -Xcc -D_LIBCPP_HARDENING_MODE\=_LIBCPP_HARDENING_MODE_DEBUG -Xcc -ivfsstatcache -Xcc /Users/michaellee/Library/Developer/Xcode/DerivedData/SDKStatCaches.noindex/watchos11.2-22S97-0b3b2baea7cb8f92e0e7a0ebd9acdf21.sdkstatcache -Xcc -I/Users/michaellee/Library/Developer/Xcode/DerivedData/powernapv2new-aqnqdjigpfxhhbaezrjmudzroopa/Build/Intermediates.noindex/powernapv2new.build/Debug-watchos/powernapv2new\ Watch\ App.build/swift-overrides.hmap -Xcc -iquote -Xcc /Users/michaellee/Library/Developer/Xcode/DerivedData/powernapv2new-aqnqdjigpfxhhbaezrjmudzroopa/Build/Intermediates.noindex/powernapv2new.build/Debug-watchos/powernapv2new\ Watch\ App.build/powernapv2new\ Watch\ App-generated-files.hmap -Xcc -I/Users/michaellee/Library/Developer/Xcode/DerivedData/powernapv2new-aqnqdjigpfxhhbaezrjmudzroopa/Build/Intermediates.noindex/powernapv2new.build/Debug-watchos/powernapv2new\ Watch\ App.build/powernapv2new\ Watch\ App-own-target-headers.hmap -Xcc -I/Users/michaellee/Library/Developer/Xcode/DerivedData/powernapv2new-aqnqdjigpfxhhbaezrjmudzroopa/Build/Intermediates.noindex/powernapv2new.build/Debug-watchos/powernapv2new\ Watch\ App.build/powernapv2new\ Watch\ App-all-target-headers.hmap -Xcc -iquote -Xcc /Users/michaellee/Library/Developer/Xcode/DerivedData/powernapv2new-aqnqdjigpfxhhbaezrjmudzroopa/Build/Intermediates.noindex/powernapv2new.build/Debug-watchos/powernapv2new\ Watch\ App.build/powernapv2new\ Watch\ App-project-headers.hmap -Xcc -I/Users/michaellee/Library/Developer/Xcode/DerivedData/powernapv2new-aqnqdjigpfxhhbaezrjmudzroopa/Build/Products/Debug-watchos/include -Xcc -I/Users/michaellee/Library/Developer/Xcode/DerivedData/powernapv2new-aqnqdjigpfxhhbaezrjmudzroopa/Build/Intermediates.noindex/powernapv2new.build/Debug-watchos/powernapv2new\ Watch\ App.build/DerivedSources-normal/arm64_32 -Xcc -I/Users/michaellee/Library/Developer/Xcode/DerivedData/powernapv2new-aqnqdjigpfxhhbaezrjmudzroopa/Build/Intermediates.noindex/powernapv2new.build/Debug-watchos/powernapv2new\ Watch\ App.build/DerivedSources/arm64_32 -Xcc -I/Users/michaellee/Library/Developer/Xcode/DerivedData/powernapv2new-aqnqdjigpfxhhbaezrjmudzroopa/Build/Intermediates.noindex/powernapv2new.build/Debug-watchos/powernapv2new\ Watch\ App.build/DerivedSources -Xcc -DDEBUG\=1 -module-name powernapv2new_Watch_App -frontend-parseable-output -disable-clang-spi -target-sdk-version 11.2 -target-sdk-name watchos11.2 -external-plugin-path /Applications/Xcode.app/Contents/Developer/Platforms/WatchOS.platform/Developer/usr/lib/swift/host/plugins\#/Applications/Xcode.app/Contents/Developer/Platforms/WatchOS.platform/Developer/usr/bin/swift-plugin-server -external-plugin-path /Applications/Xcode.app/Contents/Developer/Platforms/WatchOS.platform/Developer/usr/local/lib/swift/host/plugins\#/Applications/Xcode.app/Contents/Developer/Platforms/WatchOS.platform/Developer/usr/bin/swift-plugin-server -plugin-path /Applications/Xcode.app/Contents/Developer/Toolchains/XcodeDefault.xctoolchain/usr/lib/swift/host/plugins -plugin-path /Applications/Xcode.app/Contents/Developer/Toolchains/XcodeDefault.xctoolchain/usr/local/lib/swift/host/plugins -o /Users/michaellee/Library/Developer/Xcode/DerivedData/powernapv2new-aqnqdjigpfxhhbaezrjmudzroopa/Build/Intermediates.noindex/powernapv2new.build/Debug-watchos/powernapv2new\ Watch\ App.build/Objects-normal/arm64_32/MinimumNapDurationCalculator.o -o /Users/michaellee/Library/Developer/Xcode/DerivedData/powernapv2new-aqnqdjigpfxhhbaezrjmudzroopa/Build/Intermediates.noindex/powernapv2new.build/Debug-watchos/powernapv2new\ Watch\ App.build/Objects-normal/arm64_32/SleepConfirmationTimeButton.o -o /Users/michaellee/Library/Developer/Xcode/DerivedData/powernapv2new-aqnqdjigpfxhhbaezrjmudzroopa/Build/Intermediates.noindex/powernapv2new.build/Debug-watchos/powernapv2new\ Watch\ App.build/Objects-normal/arm64_32/SleepConfirmationTimeSettingView.o -index-unit-output-path /powernapv2new.build/Debug-watchos/powernapv2new\ Watch\ App.build/Objects-normal/arm64_32/MinimumNapDurationCalculator.o -index-unit-output-path /powernapv2new.build/Debug-watchos/powernapv2new\ Watch\ App.build/Objects-normal/arm64_32/SleepConfirmationTimeButton.o -index-unit-output-path /powernapv2new.build/Debug-watchos/powernapv2new\ Watch\ App.build/Objects-normal/arm64_32/SleepConfirmationTimeSettingView.o -index-store-path /Users/michaellee/Library/Developer/Xcode/DerivedData/powernapv2new-aqnqdjigpfxhhbaezrjmudzroopa/Index.noindex/DataStore -index-system-modules

Command SwiftCompile failed with a nonzero exit code

Command SwiftCompile failed with a nonzero exit code



Build failed    5/21/25, 8:40 AM    2.4 seconds
