
Showing Recent Issues

Build target powernapv2new Watch App of project powernapv2new with configuration Debug

SwiftCompile normal arm64_32 Compiling\ UserSleepProfile.swift,\ AdaptiveThresholdSystem.swift /Users/michaellee/Documents/powernapv2new/powernapv2new\ Watch\ App/Models/UserSleepProfile.swift /Users/michaellee/Documents/powernapv2new/powernapv2new\ Watch\ App/Services/AdaptiveThresholdSystem.swift (in target 'powernapv2new Watch App' from project 'powernapv2new')
    cd /Users/michaellee/Documents/powernapv2new
    builtin-swiftTaskExecution -- /Applications/Xcode.app/Contents/Developer/Toolchains/XcodeDefault.xctoolchain/usr/bin/swift-frontend -frontend -c -primary-file /Users/michaellee/Documents/powernapv2new/powernapv2new\ Watch\ App/Models/UserSleepProfile.swift -primary-file /Users/michaellee/Documents/powernapv2new/powernapv2new\ Watch\ App/Services/AdaptiveThresholdSystem.swift /Users/michaellee/Documents/powernapv2new/powernapv2new\ Watch\ App/Models/SharedTypes.swift /Users/michaellee/Documents/powernapv2new/powernapv2new\ Watch\ App/ContentView.swift /Users/michaellee/Documents/powernapv2new/powernapv2new\ Watch\ App/Services/SlidingWindow.swift /Users/michaellee/Documents/powernapv2new/powernapv2new\ Watch\ App/Services/HeartRateService.swift /Users/michaellee/Documents/powernapv2new/powernapv2new\ Watch\ App/powernapv2newApp.swift /Users/michaellee/Documents/powernapv2new/powernapv2new\ Watch\ App/Services/MotionService.swift /Users/michaellee/Documents/powernapv2new/powernapv2new\ Watch\ App/SleepServices.swift /Users/michaellee/Documents/powernapv2new/powernapv2new\ Watch\ App/PowerNapServices.swift /Users/michaellee/Library/Developer/Xcode/DerivedData/powernapv2new-aqnqdjigpfxhhbaezrjmudzroopa/Build/Intermediates.noindex/powernapv2new.build/Debug-watchos/powernapv2new\ Watch\ App.build/DerivedSources/GeneratedAssetSymbols.swift -emit-dependencies-path /Users/michaellee/Library/Developer/Xcode/DerivedData/powernapv2new-aqnqdjigpfxhhbaezrjmudzroopa/Build/Intermediates.noindex/powernapv2new.build/Debug-watchos/powernapv2new\ Watch\ App.build/Objects-normal/arm64_32/UserSleepProfile.d -emit-const-values-path /Users/michaellee/Library/Developer/Xcode/DerivedData/powernapv2new-aqnqdjigpfxhhbaezrjmudzroopa/Build/Intermediates.noindex/powernapv2new.build/Debug-watchos/powernapv2new\ Watch\ App.build/Objects-normal/arm64_32/UserSleepProfile.swiftconstvalues -emit-reference-dependencies-path /Users/michaellee/Library/Developer/Xcode/DerivedData/powernapv2new-aqnqdjigpfxhhbaezrjmudzroopa/Build/Intermediates.noindex/powernapv2new.build/Debug-watchos/powernapv2new\ Watch\ App.build/Objects-normal/arm64_32/UserSleepProfile.swiftdeps -serialize-diagnostics-path /Users/michaellee/Library/Developer/Xcode/DerivedData/powernapv2new-aqnqdjigpfxhhbaezrjmudzroopa/Build/Intermediates.noindex/powernapv2new.build/Debug-watchos/powernapv2new\ Watch\ App.build/Objects-normal/arm64_32/UserSleepProfile.dia -emit-dependencies-path /Users/michaellee/Library/Developer/Xcode/DerivedData/powernapv2new-aqnqdjigpfxhhbaezrjmudzroopa/Build/Intermediates.noindex/powernapv2new.build/Debug-watchos/powernapv2new\ Watch\ App.build/Objects-normal/arm64_32/AdaptiveThresholdSystem.d -emit-const-values-path /Users/michaellee/Library/Developer/Xcode/DerivedData/powernapv2new-aqnqdjigpfxhhbaezrjmudzroopa/Build/Intermediates.noindex/powernapv2new.build/Debug-watchos/powernapv2new\ Watch\ App.build/Objects-normal/arm64_32/AdaptiveThresholdSystem.swiftconstvalues -emit-reference-dependencies-path /Users/michaellee/Library/Developer/Xcode/DerivedData/powernapv2new-aqnqdjigpfxhhbaezrjmudzroopa/Build/Intermediates.noindex/powernapv2new.build/Debug-watchos/powernapv2new\ Watch\ App.build/Objects-normal/arm64_32/AdaptiveThresholdSystem.swiftdeps -serialize-diagnostics-path /Users/michaellee/Library/Developer/Xcode/DerivedData/powernapv2new-aqnqdjigpfxhhbaezrjmudzroopa/Build/Intermediates.noindex/powernapv2new.build/Debug-watchos/powernapv2new\ Watch\ App.build/Objects-normal/arm64_32/AdaptiveThresholdSystem.dia -emit-localized-strings -emit-localized-strings-path /Users/michaellee/Library/Developer/Xcode/DerivedData/powernapv2new-aqnqdjigpfxhhbaezrjmudzroopa/Build/Intermediates.noindex/powernapv2new.build/Debug-watchos/powernapv2new\ Watch\ App.build/Objects-normal/arm64_32 -target arm64_32-apple-watchos11.2 -enable-objc-interop -sdk /Applications/Xcode.app/Contents/Developer/Platforms/WatchOS.platform/Developer/SDKs/WatchOS11.2.sdk -I /Users/michaellee/Library/Developer/Xcode/DerivedData/powernapv2new-aqnqdjigpfxhhbaezrjmudzroopa/Build/Products/Debug-watchos -F /Users/michaellee/Library/Developer/Xcode/DerivedData/powernapv2new-aqnqdjigpfxhhbaezrjmudzroopa/Build/Products/Debug-watchos -no-color-diagnostics -enable-testing -g -debug-info-format\=dwarf -dwarf-version\=5 -module-cache-path /Users/michaellee/Library/Developer/Xcode/DerivedData/ModuleCache.noindex -profile-generate -profile-coverage-mapping -swift-version 5 -enforce-exclusivity\=checked -Onone -D DEBUG -serialize-debugging-options -const-gather-protocols-file /Users/michaellee/Library/Developer/Xcode/DerivedData/powernapv2new-aqnqdjigpfxhhbaezrjmudzroopa/Build/Intermediates.noindex/powernapv2new.build/Debug-watchos/powernapv2new\ Watch\ App.build/Objects-normal/arm64_32/powernapv2new\ Watch\ App_const_extract_protocols.json -enable-experimental-feature DebugDescriptionMacro -enable-experimental-feature OpaqueTypeErasure -enable-bare-slash-regex -empty-abi-descriptor -validate-clang-modules-once -clang-build-session-file /Users/michaellee/Library/Developer/Xcode/DerivedData/ModuleCache.noindex/Session.modulevalidation -Xcc -working-directory -Xcc /Users/michaellee/Documents/powernapv2new -resource-dir /Applications/Xcode.app/Contents/Developer/Toolchains/XcodeDefault.xctoolchain/usr/lib/swift -enable-anonymous-context-mangled-names -file-compilation-dir /Users/michaellee/Documents/powernapv2new -Xcc -D_LIBCPP_HARDENING_MODE\=_LIBCPP_HARDENING_MODE_DEBUG -Xcc -ivfsstatcache -Xcc /Users/michaellee/Library/Developer/Xcode/DerivedData/SDKStatCaches.noindex/watchos11.2-22S97-0b3b2baea7cb8f92e0e7a0ebd9acdf21.sdkstatcache -Xcc -I/Users/michaellee/Library/Developer/Xcode/DerivedData/powernapv2new-aqnqdjigpfxhhbaezrjmudzroopa/Build/Intermediates.noindex/powernapv2new.build/Debug-watchos/powernapv2new\ Watch\ App.build/swift-overrides.hmap -Xcc -iquote -Xcc /Users/michaellee/Library/Developer/Xcode/DerivedData/powernapv2new-aqnqdjigpfxhhbaezrjmudzroopa/Build/Intermediates.noindex/powernapv2new.build/Debug-watchos/powernapv2new\ Watch\ App.build/powernapv2new\ Watch\ App-generated-files.hmap -Xcc -I/Users/michaellee/Library/Developer/Xcode/DerivedData/powernapv2new-aqnqdjigpfxhhbaezrjmudzroopa/Build/Intermediates.noindex/powernapv2new.build/Debug-watchos/powernapv2new\ Watch\ App.build/powernapv2new\ Watch\ App-own-target-headers.hmap -Xcc -I/Users/michaellee/Library/Developer/Xcode/DerivedData/powernapv2new-aqnqdjigpfxhhbaezrjmudzroopa/Build/Intermediates.noindex/powernapv2new.build/Debug-watchos/powernapv2new\ Watch\ App.build/powernapv2new\ Watch\ App-all-target-headers.hmap -Xcc -iquote -Xcc /Users/michaellee/Library/Developer/Xcode/DerivedData/powernapv2new-aqnqdjigpfxhhbaezrjmudzroopa/Build/Intermediates.noindex/powernapv2new.build/Debug-watchos/powernapv2new\ Watch\ App.build/powernapv2new\ Watch\ App-project-headers.hmap -Xcc -I/Users/michaellee/Library/Developer/Xcode/DerivedData/powernapv2new-aqnqdjigpfxhhbaezrjmudzroopa/Build/Products/Debug-watchos/include -Xcc -I/Users/michaellee/Library/Developer/Xcode/DerivedData/powernapv2new-aqnqdjigpfxhhbaezrjmudzroopa/Build/Intermediates.noindex/powernapv2new.build/Debug-watchos/powernapv2new\ Watch\ App.build/DerivedSources-normal/arm64_32 -Xcc -I/Users/michaellee/Library/Developer/Xcode/DerivedData/powernapv2new-aqnqdjigpfxhhbaezrjmudzroopa/Build/Intermediates.noindex/powernapv2new.build/Debug-watchos/powernapv2new\ Watch\ App.build/DerivedSources/arm64_32 -Xcc -I/Users/michaellee/Library/Developer/Xcode/DerivedData/powernapv2new-aqnqdjigpfxhhbaezrjmudzroopa/Build/Intermediates.noindex/powernapv2new.build/Debug-watchos/powernapv2new\ Watch\ App.build/DerivedSources -Xcc -DDEBUG\=1 -module-name powernapv2new_Watch_App -frontend-parseable-output -disable-clang-spi -target-sdk-version 11.2 -target-sdk-name watchos11.2 -external-plugin-path /Applications/Xcode.app/Contents/Developer/Platforms/WatchOS.platform/Developer/usr/lib/swift/host/plugins\#/Applications/Xcode.app/Contents/Developer/Platforms/WatchOS.platform/Developer/usr/bin/swift-plugin-server -external-plugin-path /Applications/Xcode.app/Contents/Developer/Platforms/WatchOS.platform/Developer/usr/local/lib/swift/host/plugins\#/Applications/Xcode.app/Contents/Developer/Platforms/WatchOS.platform/Developer/usr/bin/swift-plugin-server -plugin-path /Applications/Xcode.app/Contents/Developer/Toolchains/XcodeDefault.xctoolchain/usr/lib/swift/host/plugins -plugin-path /Applications/Xcode.app/Contents/Developer/Toolchains/XcodeDefault.xctoolchain/usr/local/lib/swift/host/plugins -o /Users/michaellee/Library/Developer/Xcode/DerivedData/powernapv2new-aqnqdjigpfxhhbaezrjmudzroopa/Build/Intermediates.noindex/powernapv2new.build/Debug-watchos/powernapv2new\ Watch\ App.build/Objects-normal/arm64_32/UserSleepProfile.o -o /Users/michaellee/Library/Developer/Xcode/DerivedData/powernapv2new-aqnqdjigpfxhhbaezrjmudzroopa/Build/Intermediates.noindex/powernapv2new.build/Debug-watchos/powernapv2new\ Watch\ App.build/Objects-normal/arm64_32/AdaptiveThresholdSystem.o -index-unit-output-path /powernapv2new.build/Debug-watchos/powernapv2new\ Watch\ App.build/Objects-normal/arm64_32/UserSleepProfile.o -index-unit-output-path /powernapv2new.build/Debug-watchos/powernapv2new\ Watch\ App.build/Objects-normal/arm64_32/AdaptiveThresholdSystem.o -index-store-path /Users/michaellee/Library/Developer/Xcode/DerivedData/powernapv2new-aqnqdjigpfxhhbaezrjmudzroopa/Index.noindex/DataStore -index-system-modules

SwiftCompile normal arm64_32 /Users/michaellee/Documents/powernapv2new/powernapv2new\ Watch\ App/Models/UserSleepProfile.swift (in target 'powernapv2new Watch App' from project 'powernapv2new')
    cd /Users/michaellee/Documents/powernapv2new
    /Applications/Xcode.app/Contents/Developer/Toolchains/XcodeDefault.xctoolchain/usr/bin/swift-frontend -c -primary-file /Users/michaellee/Documents/powernapv2new/powernapv2new\ Watch\ App/Models/UserSleepProfile.swift -primary-file /Users/michaellee/Documents/powernapv2new/powernapv2new\ Watch\ App/Services/AdaptiveThresholdSystem.swift /Users/michaellee/Documents/powernapv2new/powernapv2new\ Watch\ App/Models/SharedTypes.swift /Users/michaellee/Documents/powernapv2new/powernapv2new\ Watch\ App/ContentView.swift /Users/michaellee/Documents/powernapv2new/powernapv2new\ Watch\ App/Services/SlidingWindow.swift /Users/michaellee/Documents/powernapv2new/powernapv2new\ Watch\ App/Services/HeartRateService.swift /Users/michaellee/Documents/powernapv2new/powernapv2new\ Watch\ App/powernapv2newApp.swift /Users/michaellee/Documents/powernapv2new/powernapv2new\ Watch\ App/Services/MotionService.swift /Users/michaellee/Documents/powernapv2new/powernapv2new\ Watch\ App/SleepServices.swift /Users/michaellee/Documents/powernapv2new/powernapv2new\ Watch\ App/PowerNapServices.swift /Users/michaellee/Library/Developer/Xcode/DerivedData/powernapv2new-aqnqdjigpfxhhbaezrjmudzroopa/Build/Intermediates.noindex/powernapv2new.build/Debug-watchos/powernapv2new\ Watch\ App.build/DerivedSources/GeneratedAssetSymbols.swift -emit-dependencies-path /Users/michaellee/Library/Developer/Xcode/DerivedData/powernapv2new-aqnqdjigpfxhhbaezrjmudzroopa/Build/Intermediates.noindex/powernapv2new.build/Debug-watchos/powernapv2new\ Watch\ App.build/Objects-normal/arm64_32/UserSleepProfile.d -emit-const-values-path /Users/michaellee/Library/Developer/Xcode/DerivedData/powernapv2new-aqnqdjigpfxhhbaezrjmudzroopa/Build/Intermediates.noindex/powernapv2new.build/Debug-watchos/powernapv2new\ Watch\ App.build/Objects-normal/arm64_32/UserSleepProfile.swiftconstvalues -emit-reference-dependencies-path /Users/michaellee/Library/Developer/Xcode/DerivedData/powernapv2new-aqnqdjigpfxhhbaezrjmudzroopa/Build/Intermediates.noindex/powernapv2new.build/Debug-watchos/powernapv2new\ Watch\ App.build/Objects-normal/arm64_32/UserSleepProfile.swiftdeps -serialize-diagnostics-path /Users/michaellee/Library/Developer/Xcode/DerivedData/powernapv2new-aqnqdjigpfxhhbaezrjmudzroopa/Build/Intermediates.noindex/powernapv2new.build/Debug-watchos/powernapv2new\ Watch\ App.build/Objects-normal/arm64_32/UserSleepProfile.dia -emit-dependencies-path /Users/michaellee/Library/Developer/Xcode/DerivedData/powernapv2new-aqnqdjigpfxhhbaezrjmudzroopa/Build/Intermediates.noindex/powernapv2new.build/Debug-watchos/powernapv2new\ Watch\ App.build/Objects-normal/arm64_32/AdaptiveThresholdSystem.d -emit-const-values-path /Users/michaellee/Library/Developer/Xcode/DerivedData/powernapv2new-aqnqdjigpfxhhbaezrjmudzroopa/Build/Intermediates.noindex/powernapv2new.build/Debug-watchos/powernapv2new\ Watch\ App.build/Objects-normal/arm64_32/AdaptiveThresholdSystem.swiftconstvalues -emit-reference-dependencies-path /Users/michaellee/Library/Developer/Xcode/DerivedData/powernapv2new-aqnqdjigpfxhhbaezrjmudzroopa/Build/Intermediates.noindex/powernapv2new.build/Debug-watchos/powernapv2new\ Watch\ App.build/Objects-normal/arm64_32/AdaptiveThresholdSystem.swiftdeps -serialize-diagnostics-path /Users/michaellee/Library/Developer/Xcode/DerivedData/powernapv2new-aqnqdjigpfxhhbaezrjmudzroopa/Build/Intermediates.noindex/powernapv2new.build/Debug-watchos/powernapv2new\ Watch\ App.build/Objects-normal/arm64_32/AdaptiveThresholdSystem.dia -emit-localized-strings -emit-localized-strings-path /Users/michaellee/Library/Developer/Xcode/DerivedData/powernapv2new-aqnqdjigpfxhhbaezrjmudzroopa/Build/Intermediates.noindex/powernapv2new.build/Debug-watchos/powernapv2new\ Watch\ App.build/Objects-normal/arm64_32 -target arm64_32-apple-watchos11.2 -enable-objc-interop -sdk /Applications/Xcode.app/Contents/Developer/Platforms/WatchOS.platform/Developer/SDKs/WatchOS11.2.sdk -I /Users/michaellee/Library/Developer/Xcode/DerivedData/powernapv2new-aqnqdjigpfxhhbaezrjmudzroopa/Build/Products/Debug-watchos -F /Users/michaellee/Library/Developer/Xcode/DerivedData/powernapv2new-aqnqdjigpfxhhbaezrjmudzroopa/Build/Products/Debug-watchos -no-color-diagnostics -enable-testing -g -debug-info-format\=dwarf -dwarf-version\=5 -module-cache-path /Users/michaellee/Library/Developer/Xcode/DerivedData/ModuleCache.noindex -profile-generate -profile-coverage-mapping -swift-version 5 -enforce-exclusivity\=checked -Onone -D DEBUG -serialize-debugging-options -const-gather-protocols-file /Users/michaellee/Library/Developer/Xcode/DerivedData/powernapv2new-aqnqdjigpfxhhbaezrjmudzroopa/Build/Intermediates.noindex/powernapv2new.build/Debug-watchos/powernapv2new\ Watch\ App.build/Objects-normal/arm64_32/powernapv2new\ Watch\ App_const_extract_protocols.json -enable-experimental-feature DebugDescriptionMacro -enable-experimental-feature OpaqueTypeErasure -enable-bare-slash-regex -empty-abi-descriptor -validate-clang-modules-once -clang-build-session-file /Users/michaellee/Library/Developer/Xcode/DerivedData/ModuleCache.noindex/Session.modulevalidation -Xcc -working-directory -Xcc /Users/michaellee/Documents/powernapv2new -resource-dir /Applications/Xcode.app/Contents/Developer/Toolchains/XcodeDefault.xctoolchain/usr/lib/swift -enable-anonymous-context-mangled-names -file-compilation-dir /Users/michaellee/Documents/powernapv2new -Xcc -D_LIBCPP_HARDENING_MODE\=_LIBCPP_HARDENING_MODE_DEBUG -Xcc -ivfsstatcache -Xcc /Users/michaellee/Library/Developer/Xcode/DerivedData/SDKStatCaches.noindex/watchos11.2-22S97-0b3b2baea7cb8f92e0e7a0ebd9acdf21.sdkstatcache -Xcc -I/Users/michaellee/Library/Developer/Xcode/DerivedData/powernapv2new-aqnqdjigpfxhhbaezrjmudzroopa/Build/Intermediates.noindex/powernapv2new.build/Debug-watchos/powernapv2new\ Watch\ App.build/swift-overrides.hmap -Xcc -iquote -Xcc /Users/michaellee/Library/Developer/Xcode/DerivedData/powernapv2new-aqnqdjigpfxhhbaezrjmudzroopa/Build/Intermediates.noindex/powernapv2new.build/Debug-watchos/powernapv2new\ Watch\ App.build/powernapv2new\ Watch\ App-generated-files.hmap -Xcc -I/Users/michaellee/Library/Developer/Xcode/DerivedData/powernapv2new-aqnqdjigpfxhhbaezrjmudzroopa/Build/Intermediates.noindex/powernapv2new.build/Debug-watchos/powernapv2new\ Watch\ App.build/powernapv2new\ Watch\ App-own-target-headers.hmap -Xcc -I/Users/michaellee/Library/Developer/Xcode/DerivedData/powernapv2new-aqnqdjigpfxhhbaezrjmudzroopa/Build/Intermediates.noindex/powernapv2new.build/Debug-watchos/powernapv2new\ Watch\ App.build/powernapv2new\ Watch\ App-all-target-headers.hmap -Xcc -iquote -Xcc /Users/michaellee/Library/Developer/Xcode/DerivedData/powernapv2new-aqnqdjigpfxhhbaezrjmudzroopa/Build/Intermediates.noindex/powernapv2new.build/Debug-watchos/powernapv2new\ Watch\ App.build/powernapv2new\ Watch\ App-project-headers.hmap -Xcc -I/Users/michaellee/Library/Developer/Xcode/DerivedData/powernapv2new-aqnqdjigpfxhhbaezrjmudzroopa/Build/Products/Debug-watchos/include -Xcc -I/Users/michaellee/Library/Developer/Xcode/DerivedData/powernapv2new-aqnqdjigpfxhhbaezrjmudzroopa/Build/Intermediates.noindex/powernapv2new.build/Debug-watchos/powernapv2new\ Watch\ App.build/DerivedSources-normal/arm64_32 -Xcc -I/Users/michaellee/Library/Developer/Xcode/DerivedData/powernapv2new-aqnqdjigpfxhhbaezrjmudzroopa/Build/Intermediates.noindex/powernapv2new.build/Debug-watchos/powernapv2new\ Watch\ App.build/DerivedSources/arm64_32 -Xcc -I/Users/michaellee/Library/Developer/Xcode/DerivedData/powernapv2new-aqnqdjigpfxhhbaezrjmudzroopa/Build/Intermediates.noindex/powernapv2new.build/Debug-watchos/powernapv2new\ Watch\ App.build/DerivedSources -Xcc -DDEBUG\=1 -module-name powernapv2new_Watch_App -frontend-parseable-output -disable-clang-spi -target-sdk-version 11.2 -target-sdk-name watchos11.2 -external-plugin-path /Applications/Xcode.app/Contents/Developer/Platforms/WatchOS.platform/Developer/usr/lib/swift/host/plugins\#/Applications/Xcode.app/Contents/Developer/Platforms/WatchOS.platform/Developer/usr/bin/swift-plugin-server -external-plugin-path /Applications/Xcode.app/Contents/Developer/Platforms/WatchOS.platform/Developer/usr/local/lib/swift/host/plugins\#/Applications/Xcode.app/Contents/Developer/Platforms/WatchOS.platform/Developer/usr/bin/swift-plugin-server -plugin-path /Applications/Xcode.app/Contents/Developer/Toolchains/XcodeDefault.xctoolchain/usr/lib/swift/host/plugins -plugin-path /Applications/Xcode.app/Contents/Developer/Toolchains/XcodeDefault.xctoolchain/usr/local/lib/swift/host/plugins -o /Users/michaellee/Library/Developer/Xcode/DerivedData/powernapv2new-aqnqdjigpfxhhbaezrjmudzroopa/Build/Intermediates.noindex/powernapv2new.build/Debug-watchos/powernapv2new\ Watch\ App.build/Objects-normal/arm64_32/UserSleepProfile.o -o /Users/michaellee/Library/Developer/Xcode/DerivedData/powernapv2new-aqnqdjigpfxhhbaezrjmudzroopa/Build/Intermediates.noindex/powernapv2new.build/Debug-watchos/powernapv2new\ Watch\ App.build/Objects-normal/arm64_32/AdaptiveThresholdSystem.o -index-unit-output-path /powernapv2new.build/Debug-watchos/powernapv2new\ Watch\ App.build/Objects-normal/arm64_32/UserSleepProfile.o -index-unit-output-path /powernapv2new.build/Debug-watchos/powernapv2new\ Watch\ App.build/Objects-normal/arm64_32/AdaptiveThresholdSystem.o -index-store-path /Users/michaellee/Library/Developer/Xcode/DerivedData/powernapv2new-aqnqdjigpfxhhbaezrjmudzroopa/Index.noindex/DataStore -index-system-modules

/Users/michaellee/Documents/powernapv2new/powernapv2new Watch App/Models/UserSleepProfile.swift:4:46: error: ambiguous type name 'AgeGroup' in module 'powernapv2new_Watch_App'
typealias AgeGroup = powernapv2new_Watch_App.AgeGroup
                     ~~~~~~~~~~~~~~~~~~~~~~~ ^
/Users/michaellee/Documents/powernapv2new/powernapv2new Watch App/Models/SharedTypes.swift:31:13: note: found candidate with type 'AgeGroup'
public enum AgeGroup: String, CaseIterable, Codable, Identifiable {
            ^
/Users/michaellee/Documents/powernapv2new/powernapv2new Watch App/Models/SharedTypes.swift:269:13: note: found candidate with type 'AgeGroup'
public enum AgeGroup {
            ^
/Users/michaellee/Documents/powernapv2new/powernapv2new Watch App/Models/UserSleepProfile.swift:7:15: error: type 'UserSleepProfile' does not conform to protocol 'Decodable'
public struct UserSleepProfile: Codable {
              ^
Swift.Decodable:2:5: note: protocol requires initializer 'init(from:)' with type 'Decodable'
    init(from decoder: any Decoder) throws
    ^
/Users/michaellee/Documents/powernapv2new/powernapv2new Watch App/Models/UserSleepProfile.swift:10:9: note: cannot automatically synthesize 'Decodable' because 'AgeGroup' does not conform to 'Decodable'
    let ageGroup: AgeGroup
        ^
/Users/michaellee/Documents/powernapv2new/powernapv2new Watch App/Models/UserSleepProfile.swift:7:15: error: type 'UserSleepProfile' does not conform to protocol 'Encodable'
public struct UserSleepProfile: Codable {
              ^
Swift.Encodable:2:10: note: protocol requires function 'encode(to:)' with type 'Encodable'
    func encode(to encoder: any Encoder) throws
         ^
/Users/michaellee/Documents/powernapv2new/powernapv2new Watch App/Models/UserSleepProfile.swift:10:9: note: cannot automatically synthesize 'Encodable' because 'AgeGroup' does not conform to 'Encodable'
    let ageGroup: AgeGroup
        ^
/Users/michaellee/Documents/powernapv2new/powernapv2new Watch App/Models/UserSleepProfile.swift:7:15: error: type 'UserSleepProfile' does not conform to protocol 'Decodable'
public struct UserSleepProfile: Codable {
              ^
Swift.Decodable:2:5: note: protocol requires initializer 'init(from:)' with type 'Decodable'
    init(from decoder: any Decoder) throws
    ^
/Users/michaellee/Documents/powernapv2new/powernapv2new Watch App/Models/UserSleepProfile.swift:10:9: note: cannot automatically synthesize 'Decodable' because 'AgeGroup' does not conform to 'Decodable'
    let ageGroup: AgeGroup
        ^
/Users/michaellee/Documents/powernapv2new/powernapv2new Watch App/Models/UserSleepProfile.swift:53:34: error: 'nil' requires a contextual type
            lastModelUpdateDate: nil,
                                 ^
/Users/michaellee/Documents/powernapv2new/powernapv2new Watch App/Models/UserSleepProfile.swift:55:29: error: 'nil' requires a contextual type
            averageSleepHR: nil,
                            ^
/Users/michaellee/Documents/powernapv2new/powernapv2new Watch App/Models/UserSleepProfile.swift:56:25: error: 'nil' requires a contextual type
            minSleepHR: nil,
                        ^
/Users/michaellee/Documents/powernapv2new/powernapv2new Watch App/Models/UserSleepProfile.swift:57:30: error: 'nil' requires a contextual type
            sleepHRVariance: nil,
                             ^
/Users/michaellee/Documents/powernapv2new/powernapv2new Watch App/Models/UserSleepProfile.swift:58:31: error: 'nil' requires a contextual type
            truePositiveRate: nil
                              ^
/Users/michaellee/Documents/powernapv2new/powernapv2new Watch App/Models/UserSleepProfile.swift:98:28: warning: assuming you mean 'Optional<SleepSession.SleepFeedback>.none'; did you mean 'SleepSession.SleepFeedback.none' instead?
            userFeedback: .none
                           ^
/Users/michaellee/Documents/powernapv2new/powernapv2new Watch App/Models/UserSleepProfile.swift:98:27: note: explicitly specify 'Optional' to silence this warning
            userFeedback: .none
                          ^
                          Optional
/Users/michaellee/Documents/powernapv2new/powernapv2new Watch App/Models/UserSleepProfile.swift:98:27: note: use 'SleepSession.SleepFeedback.none' instead
            userFeedback: .none
                          ^
                          SleepSession.SleepFeedback
/Users/michaellee/Documents/powernapv2new/powernapv2new Watch App/Models/UserSleepProfile.swift:98:27: note: explicitly specify 'Optional' to silence this warning
            userFeedback: .none
                          ^
                          Optional
/Users/michaellee/Documents/powernapv2new/powernapv2new Watch App/Models/UserSleepProfile.swift:98:27: note: use 'SleepSession.SleepFeedback.none' instead
            userFeedback: .none
                          ^
                          SleepSession.SleepFeedback
/Users/michaellee/Documents/powernapv2new/powernapv2new Watch App/Models/UserSleepProfile.swift:310:80: warning: assuming you mean 'Optional<SleepSession.SleepFeedback>.none'; did you mean 'SleepSession.SleepFeedback.none' instead?
        let sessionsWithFeedback = recentSessions.filter { $0.userFeedback != .none }
                                                                               ^
/Users/michaellee/Documents/powernapv2new/powernapv2new Watch App/Models/UserSleepProfile.swift:310:79: note: explicitly specify 'Optional' to silence this warning
        let sessionsWithFeedback = recentSessions.filter { $0.userFeedback != .none }
                                                                              ^
                                                                              Optional
/Users/michaellee/Documents/powernapv2new/powernapv2new Watch App/Models/UserSleepProfile.swift:310:79: note: use 'SleepSession.SleepFeedback.none' instead
        let sessionsWithFeedback = recentSessions.filter { $0.userFeedback != .none }
                                                                              ^
                                                                              SleepSession.SleepFeedback
/Users/michaellee/Documents/powernapv2new/powernapv2new Watch App/Models/UserSleepProfile.swift:310:79: note: explicitly specify 'Optional' to silence this warning
        let sessionsWithFeedback = recentSessions.filter { $0.userFeedback != .none }
                                                                              ^
                                                                              Optional
/Users/michaellee/Documents/powernapv2new/powernapv2new Watch App/Models/UserSleepProfile.swift:310:79: note: use 'SleepSession.SleepFeedback.none' instead
        let sessionsWithFeedback = recentSessions.filter { $0.userFeedback != .none }
                                                                              ^
                                                                              SleepSession.SleepFeedback
/Users/michaellee/Documents/powernapv2new/powernapv2new Watch App/Models/UserSleepProfile.swift:341:84: error: cannot infer contextual base in reference to member 'adult'
            profile = UserSleepProfile.createDefault(forUserId: userId, ageGroup: .adult)
                                                                                  ~^~~~~

/Users/michaellee/Documents/powernapv2new/powernapv2new Watch App/Models/UserSleepProfile.swift:4:46: Ambiguous type name 'AgeGroup' in module 'powernapv2new_Watch_App'

/Users/michaellee/Documents/powernapv2new/powernapv2new Watch App/Models/UserSleepProfile.swift:7:15: Type 'UserSleepProfile' does not conform to protocol 'Decodable'

/Users/michaellee/Documents/powernapv2new/powernapv2new Watch App/Models/UserSleepProfile.swift:7:15: Type 'UserSleepProfile' does not conform to protocol 'Encodable'

/Users/michaellee/Documents/powernapv2new/powernapv2new Watch App/Models/UserSleepProfile.swift:7:15: Type 'UserSleepProfile' does not conform to protocol 'Decodable'

/Users/michaellee/Documents/powernapv2new/powernapv2new Watch App/Models/UserSleepProfile.swift:53:34: 'nil' requires a contextual type

/Users/michaellee/Documents/powernapv2new/powernapv2new Watch App/Models/UserSleepProfile.swift:55:29: 'nil' requires a contextual type

/Users/michaellee/Documents/powernapv2new/powernapv2new Watch App/Models/UserSleepProfile.swift:56:25: 'nil' requires a contextual type

/Users/michaellee/Documents/powernapv2new/powernapv2new Watch App/Models/UserSleepProfile.swift:57:30: 'nil' requires a contextual type

/Users/michaellee/Documents/powernapv2new/powernapv2new Watch App/Models/UserSleepProfile.swift:58:31: 'nil' requires a contextual type

/Users/michaellee/Documents/powernapv2new/powernapv2new Watch App/Models/UserSleepProfile.swift:98:28: Assuming you mean 'Optional<SleepSession.SleepFeedback>.none'; did you mean 'SleepSession.SleepFeedback.none' instead?

/Users/michaellee/Documents/powernapv2new/powernapv2new Watch App/Models/UserSleepProfile.swift:310:80: Assuming you mean 'Optional<SleepSession.SleepFeedback>.none'; did you mean 'SleepSession.SleepFeedback.none' instead?

/Users/michaellee/Documents/powernapv2new/powernapv2new Watch App/Models/UserSleepProfile.swift:341:84: Cannot infer contextual base in reference to member 'adult'



Build failed    5/1/25, 4:43â€¯PM    2.3 seconds
