
Showing Recent Issues

Build target powernapv2new Watch App of project powernapv2new with configuration Debug

SwiftEmitModule normal arm64_32 Emitting\ module\ for\ powernapv2new_Watch_App (in target 'powernapv2new Watch App' from project 'powernapv2new')
    cd /Users/michaellee/Documents/powernapv2new
    builtin-swiftTaskExecution -- /Applications/Xcode.app/Contents/Developer/Toolchains/XcodeDefault.xctoolchain/usr/bin/swift-frontend -frontend -emit-module -experimental-skip-non-inlinable-function-bodies-without-types /Users/michaellee/Documents/powernapv2new/powernapv2new\ Watch\ App/ContentView.swift /Users/michaellee/Documents/powernapv2new/powernapv2new\ Watch\ App/PowerNapServices.swift /Users/michaellee/Documents/powernapv2new/powernapv2new\ Watch\ App/MotionManager.swift /Users/michaellee/Documents/powernapv2new/powernapv2new\ Watch\ App/ExtendedRuntimeManager.swift /Users/michaellee/Documents/powernapv2new/powernapv2new\ Watch\ App/powernapv2newApp.swift /Users/michaellee/Documents/powernapv2new/powernapv2new\ Watch\ App/SleepDetectionService.swift /Users/michaellee/Documents/powernapv2new/powernapv2new\ Watch\ App/PowerNapViewModel.swift /Users/michaellee/Documents/powernapv2new/powernapv2new\ Watch\ App/WorkoutSessionManager.swift /Users/michaellee/Library/Developer/Xcode/DerivedData/powernapv2new-aqnqdjigpfxhhbaezrjmudzroopa/Build/Intermediates.noindex/powernapv2new.build/Debug-watchos/powernapv2new\ Watch\ App.build/DerivedSources/GeneratedAssetSymbols.swift -target arm64_32-apple-watchos11.2 -enable-objc-interop -sdk /Applications/Xcode.app/Contents/Developer/Platforms/WatchOS.platform/Developer/SDKs/WatchOS11.2.sdk -I /Users/michaellee/Library/Developer/Xcode/DerivedData/powernapv2new-aqnqdjigpfxhhbaezrjmudzroopa/Build/Products/Debug-watchos -F /Users/michaellee/Library/Developer/Xcode/DerivedData/powernapv2new-aqnqdjigpfxhhbaezrjmudzroopa/Build/Products/Debug-watchos -no-color-diagnostics -enable-testing -g -debug-info-format\=dwarf -dwarf-version\=5 -module-cache-path /Users/michaellee/Library/Developer/Xcode/DerivedData/ModuleCache.noindex -profile-generate -profile-coverage-mapping -swift-version 5 -enforce-exclusivity\=checked -Onone -D DEBUG -serialize-debugging-options -const-gather-protocols-file /Users/michaellee/Library/Developer/Xcode/DerivedData/powernapv2new-aqnqdjigpfxhhbaezrjmudzroopa/Build/Intermediates.noindex/powernapv2new.build/Debug-watchos/powernapv2new\ Watch\ App.build/Objects-normal/arm64_32/powernapv2new\ Watch\ App_const_extract_protocols.json -enable-experimental-feature DebugDescriptionMacro -enable-experimental-feature OpaqueTypeErasure -enable-bare-slash-regex -empty-abi-descriptor -validate-clang-modules-once -clang-build-session-file /Users/michaellee/Library/Developer/Xcode/DerivedData/ModuleCache.noindex/Session.modulevalidation -Xcc -working-directory -Xcc /Users/michaellee/Documents/powernapv2new -resource-dir /Applications/Xcode.app/Contents/Developer/Toolchains/XcodeDefault.xctoolchain/usr/lib/swift -enable-anonymous-context-mangled-names -file-compilation-dir /Users/michaellee/Documents/powernapv2new -Xcc -D_LIBCPP_HARDENING_MODE\=_LIBCPP_HARDENING_MODE_DEBUG -Xcc -ivfsstatcache -Xcc /Users/michaellee/Library/Developer/Xcode/DerivedData/SDKStatCaches.noindex/watchos11.2-22S97-0b3b2baea7cb8f92e0e7a0ebd9acdf21.sdkstatcache -Xcc -I/Users/michaellee/Library/Developer/Xcode/DerivedData/powernapv2new-aqnqdjigpfxhhbaezrjmudzroopa/Build/Intermediates.noindex/powernapv2new.build/Debug-watchos/powernapv2new\ Watch\ App.build/swift-overrides.hmap -Xcc -iquote -Xcc /Users/michaellee/Library/Developer/Xcode/DerivedData/powernapv2new-aqnqdjigpfxhhbaezrjmudzroopa/Build/Intermediates.noindex/powernapv2new.build/Debug-watchos/powernapv2new\ Watch\ App.build/powernapv2new\ Watch\ App-generated-files.hmap -Xcc -I/Users/michaellee/Library/Developer/Xcode/DerivedData/powernapv2new-aqnqdjigpfxhhbaezrjmudzroopa/Build/Intermediates.noindex/powernapv2new.build/Debug-watchos/powernapv2new\ Watch\ App.build/powernapv2new\ Watch\ App-own-target-headers.hmap -Xcc -I/Users/michaellee/Library/Developer/Xcode/DerivedData/powernapv2new-aqnqdjigpfxhhbaezrjmudzroopa/Build/Intermediates.noindex/powernapv2new.build/Debug-watchos/powernapv2new\ Watch\ App.build/powernapv2new\ Watch\ App-all-target-headers.hmap -Xcc -iquote -Xcc /Users/michaellee/Library/Developer/Xcode/DerivedData/powernapv2new-aqnqdjigpfxhhbaezrjmudzroopa/Build/Intermediates.noindex/powernapv2new.build/Debug-watchos/powernapv2new\ Watch\ App.build/powernapv2new\ Watch\ App-project-headers.hmap -Xcc -I/Users/michaellee/Library/Developer/Xcode/DerivedData/powernapv2new-aqnqdjigpfxhhbaezrjmudzroopa/Build/Products/Debug-watchos/include -Xcc -I/Users/michaellee/Library/Developer/Xcode/DerivedData/powernapv2new-aqnqdjigpfxhhbaezrjmudzroopa/Build/Intermediates.noindex/powernapv2new.build/Debug-watchos/powernapv2new\ Watch\ App.build/DerivedSources-normal/arm64_32 -Xcc -I/Users/michaellee/Library/Developer/Xcode/DerivedData/powernapv2new-aqnqdjigpfxhhbaezrjmudzroopa/Build/Intermediates.noindex/powernapv2new.build/Debug-watchos/powernapv2new\ Watch\ App.build/DerivedSources/arm64_32 -Xcc -I/Users/michaellee/Library/Developer/Xcode/DerivedData/powernapv2new-aqnqdjigpfxhhbaezrjmudzroopa/Build/Intermediates.noindex/powernapv2new.build/Debug-watchos/powernapv2new\ Watch\ App.build/DerivedSources -Xcc -DDEBUG\=1 -module-name powernapv2new_Watch_App -frontend-parseable-output -disable-clang-spi -target-sdk-version 11.2 -target-sdk-name watchos11.2 -external-plugin-path /Applications/Xcode.app/Contents/Developer/Platforms/WatchOS.platform/Developer/usr/lib/swift/host/plugins\#/Applications/Xcode.app/Contents/Developer/Platforms/WatchOS.platform/Developer/usr/bin/swift-plugin-server -external-plugin-path /Applications/Xcode.app/Contents/Developer/Platforms/WatchOS.platform/Developer/usr/local/lib/swift/host/plugins\#/Applications/Xcode.app/Contents/Developer/Platforms/WatchOS.platform/Developer/usr/bin/swift-plugin-server -plugin-path /Applications/Xcode.app/Contents/Developer/Toolchains/XcodeDefault.xctoolchain/usr/lib/swift/host/plugins -plugin-path /Applications/Xcode.app/Contents/Developer/Toolchains/XcodeDefault.xctoolchain/usr/local/lib/swift/host/plugins -emit-module-doc-path /Users/michaellee/Library/Developer/Xcode/DerivedData/powernapv2new-aqnqdjigpfxhhbaezrjmudzroopa/Build/Intermediates.noindex/powernapv2new.build/Debug-watchos/powernapv2new\ Watch\ App.build/Objects-normal/arm64_32/powernapv2new_Watch_App.swiftdoc -emit-module-source-info-path /Users/michaellee/Library/Developer/Xcode/DerivedData/powernapv2new-aqnqdjigpfxhhbaezrjmudzroopa/Build/Intermediates.noindex/powernapv2new.build/Debug-watchos/powernapv2new\ Watch\ App.build/Objects-normal/arm64_32/powernapv2new_Watch_App.swiftsourceinfo -emit-objc-header-path /Users/michaellee/Library/Developer/Xcode/DerivedData/powernapv2new-aqnqdjigpfxhhbaezrjmudzroopa/Build/Intermediates.noindex/powernapv2new.build/Debug-watchos/powernapv2new\ Watch\ App.build/Objects-normal/arm64_32/powernapv2new_Watch_App-Swift.h -serialize-diagnostics-path /Users/michaellee/Library/Developer/Xcode/DerivedData/powernapv2new-aqnqdjigpfxhhbaezrjmudzroopa/Build/Intermediates.noindex/powernapv2new.build/Debug-watchos/powernapv2new\ Watch\ App.build/Objects-normal/arm64_32/powernapv2new\ Watch\ App-master-emit-module.dia -emit-dependencies-path /Users/michaellee/Library/Developer/Xcode/DerivedData/powernapv2new-aqnqdjigpfxhhbaezrjmudzroopa/Build/Intermediates.noindex/powernapv2new.build/Debug-watchos/powernapv2new\ Watch\ App.build/Objects-normal/arm64_32/powernapv2new\ Watch\ App-master-emit-module.d -o /Users/michaellee/Library/Developer/Xcode/DerivedData/powernapv2new-aqnqdjigpfxhhbaezrjmudzroopa/Build/Intermediates.noindex/powernapv2new.build/Debug-watchos/powernapv2new\ Watch\ App.build/Objects-normal/arm64_32/powernapv2new_Watch_App.swiftmodule -emit-abi-descriptor-path /Users/michaellee/Library/Developer/Xcode/DerivedData/powernapv2new-aqnqdjigpfxhhbaezrjmudzroopa/Build/Intermediates.noindex/powernapv2new.build/Debug-watchos/powernapv2new\ Watch\ App.build/Objects-normal/arm64_32/powernapv2new_Watch_App.abi.json

EmitSwiftModule normal arm64_32 (in target 'powernapv2new Watch App' from project 'powernapv2new')
    cd /Users/michaellee/Documents/powernapv2new
    /Applications/Xcode.app/Contents/Developer/Toolchains/XcodeDefault.xctoolchain/usr/bin/swift-frontend -emit-module -experimental-skip-non-inlinable-function-bodies-without-types /Users/michaellee/Documents/powernapv2new/powernapv2new\ Watch\ App/ContentView.swift /Users/michaellee/Documents/powernapv2new/powernapv2new\ Watch\ App/PowerNapServices.swift /Users/michaellee/Documents/powernapv2new/powernapv2new\ Watch\ App/MotionManager.swift /Users/michaellee/Documents/powernapv2new/powernapv2new\ Watch\ App/ExtendedRuntimeManager.swift /Users/michaellee/Documents/powernapv2new/powernapv2new\ Watch\ App/powernapv2newApp.swift /Users/michaellee/Documents/powernapv2new/powernapv2new\ Watch\ App/SleepDetectionService.swift /Users/michaellee/Documents/powernapv2new/powernapv2new\ Watch\ App/PowerNapViewModel.swift /Users/michaellee/Documents/powernapv2new/powernapv2new\ Watch\ App/WorkoutSessionManager.swift /Users/michaellee/Library/Developer/Xcode/DerivedData/powernapv2new-aqnqdjigpfxhhbaezrjmudzroopa/Build/Intermediates.noindex/powernapv2new.build/Debug-watchos/powernapv2new\ Watch\ App.build/DerivedSources/GeneratedAssetSymbols.swift -target arm64_32-apple-watchos11.2 -enable-objc-interop -sdk /Applications/Xcode.app/Contents/Developer/Platforms/WatchOS.platform/Developer/SDKs/WatchOS11.2.sdk -I /Users/michaellee/Library/Developer/Xcode/DerivedData/powernapv2new-aqnqdjigpfxhhbaezrjmudzroopa/Build/Products/Debug-watchos -F /Users/michaellee/Library/Developer/Xcode/DerivedData/powernapv2new-aqnqdjigpfxhhbaezrjmudzroopa/Build/Products/Debug-watchos -no-color-diagnostics -enable-testing -g -debug-info-format\=dwarf -dwarf-version\=5 -module-cache-path /Users/michaellee/Library/Developer/Xcode/DerivedData/ModuleCache.noindex -profile-generate -profile-coverage-mapping -swift-version 5 -enforce-exclusivity\=checked -Onone -D DEBUG -serialize-debugging-options -const-gather-protocols-file /Users/michaellee/Library/Developer/Xcode/DerivedData/powernapv2new-aqnqdjigpfxhhbaezrjmudzroopa/Build/Intermediates.noindex/powernapv2new.build/Debug-watchos/powernapv2new\ Watch\ App.build/Objects-normal/arm64_32/powernapv2new\ Watch\ App_const_extract_protocols.json -enable-experimental-feature DebugDescriptionMacro -enable-experimental-feature OpaqueTypeErasure -enable-bare-slash-regex -empty-abi-descriptor -validate-clang-modules-once -clang-build-session-file /Users/michaellee/Library/Developer/Xcode/DerivedData/ModuleCache.noindex/Session.modulevalidation -Xcc -working-directory -Xcc /Users/michaellee/Documents/powernapv2new -resource-dir /Applications/Xcode.app/Contents/Developer/Toolchains/XcodeDefault.xctoolchain/usr/lib/swift -enable-anonymous-context-mangled-names -file-compilation-dir /Users/michaellee/Documents/powernapv2new -Xcc -D_LIBCPP_HARDENING_MODE\=_LIBCPP_HARDENING_MODE_DEBUG -Xcc -ivfsstatcache -Xcc /Users/michaellee/Library/Developer/Xcode/DerivedData/SDKStatCaches.noindex/watchos11.2-22S97-0b3b2baea7cb8f92e0e7a0ebd9acdf21.sdkstatcache -Xcc -I/Users/michaellee/Library/Developer/Xcode/DerivedData/powernapv2new-aqnqdjigpfxhhbaezrjmudzroopa/Build/Intermediates.noindex/powernapv2new.build/Debug-watchos/powernapv2new\ Watch\ App.build/swift-overrides.hmap -Xcc -iquote -Xcc /Users/michaellee/Library/Developer/Xcode/DerivedData/powernapv2new-aqnqdjigpfxhhbaezrjmudzroopa/Build/Intermediates.noindex/powernapv2new.build/Debug-watchos/powernapv2new\ Watch\ App.build/powernapv2new\ Watch\ App-generated-files.hmap -Xcc -I/Users/michaellee/Library/Developer/Xcode/DerivedData/powernapv2new-aqnqdjigpfxhhbaezrjmudzroopa/Build/Intermediates.noindex/powernapv2new.build/Debug-watchos/powernapv2new\ Watch\ App.build/powernapv2new\ Watch\ App-own-target-headers.hmap -Xcc -I/Users/michaellee/Library/Developer/Xcode/DerivedData/powernapv2new-aqnqdjigpfxhhbaezrjmudzroopa/Build/Intermediates.noindex/powernapv2new.build/Debug-watchos/powernapv2new\ Watch\ App.build/powernapv2new\ Watch\ App-all-target-headers.hmap -Xcc -iquote -Xcc /Users/michaellee/Library/Developer/Xcode/DerivedData/powernapv2new-aqnqdjigpfxhhbaezrjmudzroopa/Build/Intermediates.noindex/powernapv2new.build/Debug-watchos/powernapv2new\ Watch\ App.build/powernapv2new\ Watch\ App-project-headers.hmap -Xcc -I/Users/michaellee/Library/Developer/Xcode/DerivedData/powernapv2new-aqnqdjigpfxhhbaezrjmudzroopa/Build/Products/Debug-watchos/include -Xcc -I/Users/michaellee/Library/Developer/Xcode/DerivedData/powernapv2new-aqnqdjigpfxhhbaezrjmudzroopa/Build/Intermediates.noindex/powernapv2new.build/Debug-watchos/powernapv2new\ Watch\ App.build/DerivedSources-normal/arm64_32 -Xcc -I/Users/michaellee/Library/Developer/Xcode/DerivedData/powernapv2new-aqnqdjigpfxhhbaezrjmudzroopa/Build/Intermediates.noindex/powernapv2new.build/Debug-watchos/powernapv2new\ Watch\ App.build/DerivedSources/arm64_32 -Xcc -I/Users/michaellee/Library/Developer/Xcode/DerivedData/powernapv2new-aqnqdjigpfxhhbaezrjmudzroopa/Build/Intermediates.noindex/powernapv2new.build/Debug-watchos/powernapv2new\ Watch\ App.build/DerivedSources -Xcc -DDEBUG\=1 -module-name powernapv2new_Watch_App -frontend-parseable-output -disable-clang-spi -target-sdk-version 11.2 -target-sdk-name watchos11.2 -external-plugin-path /Applications/Xcode.app/Contents/Developer/Platforms/WatchOS.platform/Developer/usr/lib/swift/host/plugins\#/Applications/Xcode.app/Contents/Developer/Platforms/WatchOS.platform/Developer/usr/bin/swift-plugin-server -external-plugin-path /Applications/Xcode.app/Contents/Developer/Platforms/WatchOS.platform/Developer/usr/local/lib/swift/host/plugins\#/Applications/Xcode.app/Contents/Developer/Platforms/WatchOS.platform/Developer/usr/bin/swift-plugin-server -plugin-path /Applications/Xcode.app/Contents/Developer/Toolchains/XcodeDefault.xctoolchain/usr/lib/swift/host/plugins -plugin-path /Applications/Xcode.app/Contents/Developer/Toolchains/XcodeDefault.xctoolchain/usr/local/lib/swift/host/plugins -emit-module-doc-path /Users/michaellee/Library/Developer/Xcode/DerivedData/powernapv2new-aqnqdjigpfxhhbaezrjmudzroopa/Build/Intermediates.noindex/powernapv2new.build/Debug-watchos/powernapv2new\ Watch\ App.build/Objects-normal/arm64_32/powernapv2new_Watch_App.swiftdoc -emit-module-source-info-path /Users/michaellee/Library/Developer/Xcode/DerivedData/powernapv2new-aqnqdjigpfxhhbaezrjmudzroopa/Build/Intermediates.noindex/powernapv2new.build/Debug-watchos/powernapv2new\ Watch\ App.build/Objects-normal/arm64_32/powernapv2new_Watch_App.swiftsourceinfo -emit-objc-header-path /Users/michaellee/Library/Developer/Xcode/DerivedData/powernapv2new-aqnqdjigpfxhhbaezrjmudzroopa/Build/Intermediates.noindex/powernapv2new.build/Debug-watchos/powernapv2new\ Watch\ App.build/Objects-normal/arm64_32/powernapv2new_Watch_App-Swift.h -serialize-diagnostics-path /Users/michaellee/Library/Developer/Xcode/DerivedData/powernapv2new-aqnqdjigpfxhhbaezrjmudzroopa/Build/Intermediates.noindex/powernapv2new.build/Debug-watchos/powernapv2new\ Watch\ App.build/Objects-normal/arm64_32/powernapv2new\ Watch\ App-master-emit-module.dia -emit-dependencies-path /Users/michaellee/Library/Developer/Xcode/DerivedData/powernapv2new-aqnqdjigpfxhhbaezrjmudzroopa/Build/Intermediates.noindex/powernapv2new.build/Debug-watchos/powernapv2new\ Watch\ App.build/Objects-normal/arm64_32/powernapv2new\ Watch\ App-master-emit-module.d -o /Users/michaellee/Library/Developer/Xcode/DerivedData/powernapv2new-aqnqdjigpfxhhbaezrjmudzroopa/Build/Intermediates.noindex/powernapv2new.build/Debug-watchos/powernapv2new\ Watch\ App.build/Objects-normal/arm64_32/powernapv2new_Watch_App.swiftmodule -emit-abi-descriptor-path /Users/michaellee/Library/Developer/Xcode/DerivedData/powernapv2new-aqnqdjigpfxhhbaezrjmudzroopa/Build/Intermediates.noindex/powernapv2new.build/Debug-watchos/powernapv2new\ Watch\ App.build/Objects-normal/arm64_32/powernapv2new_Watch_App.abi.json

/Users/michaellee/Documents/powernapv2new/powernapv2new Watch App/ContentView.swift:14:42: error: ambiguous use of 'init()'
    @StateObject private var viewModel = PowerNapViewModel()
                                         ^
/Users/michaellee/Documents/powernapv2new/powernapv2new Watch App/PowerNapServices.swift:471:5: note: found this candidate 
    init() {
    ^
/Users/michaellee/Documents/powernapv2new/powernapv2new Watch App/PowerNapViewModel.swift:33:5: note: found this candidate 
    init() {
    ^
/Users/michaellee/Documents/powernapv2new/powernapv2new Watch App/PowerNapServices.swift:10:7: error: invalid redeclaration of 'WorkoutSessionManager'
class WorkoutSessionManager: NSObject, HKWorkoutSessionDelegate {
      ^
/Users/michaellee/Documents/powernapv2new/powernapv2new Watch App/WorkoutSessionManager.swift:5:7: note: 'WorkoutSessionManager' previously declared here
class WorkoutSessionManager: NSObject, HKWorkoutSessionDelegate {
      ^
/Users/michaellee/Documents/powernapv2new/powernapv2new Watch App/WorkoutSessionManager.swift:5:7: note: 'WorkoutSessionManager' previously declared here
class WorkoutSessionManager: NSObject, HKWorkoutSessionDelegate {
      ^
/Users/michaellee/Documents/powernapv2new/powernapv2new Watch App/PowerNapServices.swift:112:11: error: 'WorkoutSessionManager' is ambiguous for type lookup in this context
extension WorkoutSessionManager: HKLiveWorkoutBuilderDelegate {
          ^~~~~~~~~~~~~~~~~~~~~
/Users/michaellee/Documents/powernapv2new/powernapv2new Watch App/PowerNapServices.swift:10:7: note: found this candidate
class WorkoutSessionManager: NSObject, HKWorkoutSessionDelegate {
      ^
/Users/michaellee/Documents/powernapv2new/powernapv2new Watch App/WorkoutSessionManager.swift:5:7: note: found this candidate
class WorkoutSessionManager: NSObject, HKWorkoutSessionDelegate {
      ^
/Users/michaellee/Documents/powernapv2new/powernapv2new Watch App/PowerNapServices.swift:123:7: error: invalid redeclaration of 'ExtendedRuntimeManager'
class ExtendedRuntimeManager: NSObject {
      ^
/Users/michaellee/Documents/powernapv2new/powernapv2new Watch App/ExtendedRuntimeManager.swift:5:7: note: 'ExtendedRuntimeManager' previously declared here
class ExtendedRuntimeManager: NSObject, WKExtendedRuntimeSessionDelegate {
      ^
/Users/michaellee/Documents/powernapv2new/powernapv2new Watch App/ExtendedRuntimeManager.swift:5:7: note: 'ExtendedRuntimeManager' previously declared here
class ExtendedRuntimeManager: NSObject, WKExtendedRuntimeSessionDelegate {
      ^
/Users/michaellee/Documents/powernapv2new/powernapv2new Watch App/PowerNapServices.swift:162:11: error: 'ExtendedRuntimeManager' is ambiguous for type lookup in this context
extension ExtendedRuntimeManager: WKExtendedRuntimeSessionDelegate {
          ^~~~~~~~~~~~~~~~~~~~~~
/Users/michaellee/Documents/powernapv2new/powernapv2new Watch App/PowerNapServices.swift:123:7: note: found this candidate
class ExtendedRuntimeManager: NSObject {
      ^
/Users/michaellee/Documents/powernapv2new/powernapv2new Watch App/ExtendedRuntimeManager.swift:5:7: note: found this candidate
class ExtendedRuntimeManager: NSObject, WKExtendedRuntimeSessionDelegate {
      ^
/Users/michaellee/Documents/powernapv2new/powernapv2new Watch App/PowerNapServices.swift:194:7: error: invalid redeclaration of 'SleepDetectionService'
class SleepDetectionService {
      ^
/Users/michaellee/Documents/powernapv2new/powernapv2new Watch App/SleepDetectionService.swift:5:7: note: 'SleepDetectionService' previously declared here
class SleepDetectionService {
      ^
/Users/michaellee/Documents/powernapv2new/powernapv2new Watch App/SleepDetectionService.swift:5:7: note: 'SleepDetectionService' previously declared here
class SleepDetectionService {
      ^
/Users/michaellee/Documents/powernapv2new/powernapv2new Watch App/PowerNapServices.swift:363:7: error: invalid redeclaration of 'MotionManager'
class MotionManager {
      ^
/Users/michaellee/Documents/powernapv2new/powernapv2new Watch App/MotionManager.swift:5:7: note: 'MotionManager' previously declared here
class MotionManager {
      ^
/Users/michaellee/Documents/powernapv2new/powernapv2new Watch App/MotionManager.swift:5:7: note: 'MotionManager' previously declared here
class MotionManager {
      ^
/Users/michaellee/Documents/powernapv2new/powernapv2new Watch App/PowerNapServices.swift:442:7: error: invalid redeclaration of 'PowerNapViewModel'
class PowerNapViewModel: ObservableObject {
      ^
/Users/michaellee/Documents/powernapv2new/powernapv2new Watch App/PowerNapViewModel.swift:4:7: note: 'PowerNapViewModel' previously declared here
class PowerNapViewModel: ObservableObject {
      ^
/Users/michaellee/Documents/powernapv2new/powernapv2new Watch App/PowerNapViewModel.swift:4:7: note: 'PowerNapViewModel' previously declared here
class PowerNapViewModel: ObservableObject {
      ^
/Users/michaellee/Documents/powernapv2new/powernapv2new Watch App/WorkoutSessionManager.swift:104:11: error: 'WorkoutSessionManager' is ambiguous for type lookup in this context
extension WorkoutSessionManager: HKLiveWorkoutBuilderDelegate {
          ^~~~~~~~~~~~~~~~~~~~~
/Users/michaellee/Documents/powernapv2new/powernapv2new Watch App/PowerNapServices.swift:10:7: note: found this candidate
class WorkoutSessionManager: NSObject, HKWorkoutSessionDelegate {
      ^
/Users/michaellee/Documents/powernapv2new/powernapv2new Watch App/WorkoutSessionManager.swift:5:7: note: found this candidate
class WorkoutSessionManager: NSObject, HKWorkoutSessionDelegate {
      ^

/Users/michaellee/Documents/powernapv2new/powernapv2new Watch App/ContentView.swift:14:42: Ambiguous use of 'init()'

/Users/michaellee/Documents/powernapv2new/powernapv2new Watch App/PowerNapServices.swift:10:7: Invalid redeclaration of 'WorkoutSessionManager'

/Users/michaellee/Documents/powernapv2new/powernapv2new Watch App/PowerNapServices.swift:112:11: 'WorkoutSessionManager' is ambiguous for type lookup in this context

/Users/michaellee/Documents/powernapv2new/powernapv2new Watch App/PowerNapServices.swift:123:7: Invalid redeclaration of 'ExtendedRuntimeManager'

/Users/michaellee/Documents/powernapv2new/powernapv2new Watch App/PowerNapServices.swift:162:11: 'ExtendedRuntimeManager' is ambiguous for type lookup in this context

/Users/michaellee/Documents/powernapv2new/powernapv2new Watch App/PowerNapServices.swift:194:7: Invalid redeclaration of 'SleepDetectionService'

/Users/michaellee/Documents/powernapv2new/powernapv2new Watch App/PowerNapServices.swift:363:7: Invalid redeclaration of 'MotionManager'

/Users/michaellee/Documents/powernapv2new/powernapv2new Watch App/PowerNapServices.swift:442:7: Invalid redeclaration of 'PowerNapViewModel'

/Users/michaellee/Documents/powernapv2new/powernapv2new Watch App/WorkoutSessionManager.swift:104:11: 'WorkoutSessionManager' is ambiguous for type lookup in this context

SwiftCompile normal arm64_32 Compiling\ SleepDetectionService.swift /Users/michaellee/Documents/powernapv2new/powernapv2new\ Watch\ App/SleepDetectionService.swift (in target 'powernapv2new Watch App' from project 'powernapv2new')
    cd /Users/michaellee/Documents/powernapv2new
    builtin-swiftTaskExecution -- /Applications/Xcode.app/Contents/Developer/Toolchains/XcodeDefault.xctoolchain/usr/bin/swift-frontend -frontend -c /Users/michaellee/Documents/powernapv2new/powernapv2new\ Watch\ App/ContentView.swift /Users/michaellee/Documents/powernapv2new/powernapv2new\ Watch\ App/PowerNapServices.swift /Users/michaellee/Documents/powernapv2new/powernapv2new\ Watch\ App/MotionManager.swift /Users/michaellee/Documents/powernapv2new/powernapv2new\ Watch\ App/ExtendedRuntimeManager.swift /Users/michaellee/Documents/powernapv2new/powernapv2new\ Watch\ App/powernapv2newApp.swift -primary-file /Users/michaellee/Documents/powernapv2new/powernapv2new\ Watch\ App/SleepDetectionService.swift /Users/michaellee/Documents/powernapv2new/powernapv2new\ Watch\ App/PowerNapViewModel.swift /Users/michaellee/Documents/powernapv2new/powernapv2new\ Watch\ App/WorkoutSessionManager.swift /Users/michaellee/Library/Developer/Xcode/DerivedData/powernapv2new-aqnqdjigpfxhhbaezrjmudzroopa/Build/Intermediates.noindex/powernapv2new.build/Debug-watchos/powernapv2new\ Watch\ App.build/DerivedSources/GeneratedAssetSymbols.swift -emit-dependencies-path /Users/michaellee/Library/Developer/Xcode/DerivedData/powernapv2new-aqnqdjigpfxhhbaezrjmudzroopa/Build/Intermediates.noindex/powernapv2new.build/Debug-watchos/powernapv2new\ Watch\ App.build/Objects-normal/arm64_32/SleepDetectionService.d -emit-const-values-path /Users/michaellee/Library/Developer/Xcode/DerivedData/powernapv2new-aqnqdjigpfxhhbaezrjmudzroopa/Build/Intermediates.noindex/powernapv2new.build/Debug-watchos/powernapv2new\ Watch\ App.build/Objects-normal/arm64_32/SleepDetectionService.swiftconstvalues -emit-reference-dependencies-path /Users/michaellee/Library/Developer/Xcode/DerivedData/powernapv2new-aqnqdjigpfxhhbaezrjmudzroopa/Build/Intermediates.noindex/powernapv2new.build/Debug-watchos/powernapv2new\ Watch\ App.build/Objects-normal/arm64_32/SleepDetectionService.swiftdeps -serialize-diagnostics-path /Users/michaellee/Library/Developer/Xcode/DerivedData/powernapv2new-aqnqdjigpfxhhbaezrjmudzroopa/Build/Intermediates.noindex/powernapv2new.build/Debug-watchos/powernapv2new\ Watch\ App.build/Objects-normal/arm64_32/SleepDetectionService.dia -emit-localized-strings -emit-localized-strings-path /Users/michaellee/Library/Developer/Xcode/DerivedData/powernapv2new-aqnqdjigpfxhhbaezrjmudzroopa/Build/Intermediates.noindex/powernapv2new.build/Debug-watchos/powernapv2new\ Watch\ App.build/Objects-normal/arm64_32 -target arm64_32-apple-watchos11.2 -enable-objc-interop -sdk /Applications/Xcode.app/Contents/Developer/Platforms/WatchOS.platform/Developer/SDKs/WatchOS11.2.sdk -I /Users/michaellee/Library/Developer/Xcode/DerivedData/powernapv2new-aqnqdjigpfxhhbaezrjmudzroopa/Build/Products/Debug-watchos -F /Users/michaellee/Library/Developer/Xcode/DerivedData/powernapv2new-aqnqdjigpfxhhbaezrjmudzroopa/Build/Products/Debug-watchos -no-color-diagnostics -enable-testing -g -debug-info-format\=dwarf -dwarf-version\=5 -module-cache-path /Users/michaellee/Library/Developer/Xcode/DerivedData/ModuleCache.noindex -profile-generate -profile-coverage-mapping -swift-version 5 -enforce-exclusivity\=checked -Onone -D DEBUG -serialize-debugging-options -const-gather-protocols-file /Users/michaellee/Library/Developer/Xcode/DerivedData/powernapv2new-aqnqdjigpfxhhbaezrjmudzroopa/Build/Intermediates.noindex/powernapv2new.build/Debug-watchos/powernapv2new\ Watch\ App.build/Objects-normal/arm64_32/powernapv2new\ Watch\ App_const_extract_protocols.json -enable-experimental-feature DebugDescriptionMacro -enable-experimental-feature OpaqueTypeErasure -enable-bare-slash-regex -empty-abi-descriptor -validate-clang-modules-once -clang-build-session-file /Users/michaellee/Library/Developer/Xcode/DerivedData/ModuleCache.noindex/Session.modulevalidation -Xcc -working-directory -Xcc /Users/michaellee/Documents/powernapv2new -resource-dir /Applications/Xcode.app/Contents/Developer/Toolchains/XcodeDefault.xctoolchain/usr/lib/swift -enable-anonymous-context-mangled-names -file-compilation-dir /Users/michaellee/Documents/powernapv2new -Xcc -D_LIBCPP_HARDENING_MODE\=_LIBCPP_HARDENING_MODE_DEBUG -Xcc -ivfsstatcache -Xcc /Users/michaellee/Library/Developer/Xcode/DerivedData/SDKStatCaches.noindex/watchos11.2-22S97-0b3b2baea7cb8f92e0e7a0ebd9acdf21.sdkstatcache -Xcc -I/Users/michaellee/Library/Developer/Xcode/DerivedData/powernapv2new-aqnqdjigpfxhhbaezrjmudzroopa/Build/Intermediates.noindex/powernapv2new.build/Debug-watchos/powernapv2new\ Watch\ App.build/swift-overrides.hmap -Xcc -iquote -Xcc /Users/michaellee/Library/Developer/Xcode/DerivedData/powernapv2new-aqnqdjigpfxhhbaezrjmudzroopa/Build/Intermediates.noindex/powernapv2new.build/Debug-watchos/powernapv2new\ Watch\ App.build/powernapv2new\ Watch\ App-generated-files.hmap -Xcc -I/Users/michaellee/Library/Developer/Xcode/DerivedData/powernapv2new-aqnqdjigpfxhhbaezrjmudzroopa/Build/Intermediates.noindex/powernapv2new.build/Debug-watchos/powernapv2new\ Watch\ App.build/powernapv2new\ Watch\ App-own-target-headers.hmap -Xcc -I/Users/michaellee/Library/Developer/Xcode/DerivedData/powernapv2new-aqnqdjigpfxhhbaezrjmudzroopa/Build/Intermediates.noindex/powernapv2new.build/Debug-watchos/powernapv2new\ Watch\ App.build/powernapv2new\ Watch\ App-all-target-headers.hmap -Xcc -iquote -Xcc /Users/michaellee/Library/Developer/Xcode/DerivedData/powernapv2new-aqnqdjigpfxhhbaezrjmudzroopa/Build/Intermediates.noindex/powernapv2new.build/Debug-watchos/powernapv2new\ Watch\ App.build/powernapv2new\ Watch\ App-project-headers.hmap -Xcc -I/Users/michaellee/Library/Developer/Xcode/DerivedData/powernapv2new-aqnqdjigpfxhhbaezrjmudzroopa/Build/Products/Debug-watchos/include -Xcc -I/Users/michaellee/Library/Developer/Xcode/DerivedData/powernapv2new-aqnqdjigpfxhhbaezrjmudzroopa/Build/Intermediates.noindex/powernapv2new.build/Debug-watchos/powernapv2new\ Watch\ App.build/DerivedSources-normal/arm64_32 -Xcc -I/Users/michaellee/Library/Developer/Xcode/DerivedData/powernapv2new-aqnqdjigpfxhhbaezrjmudzroopa/Build/Intermediates.noindex/powernapv2new.build/Debug-watchos/powernapv2new\ Watch\ App.build/DerivedSources/arm64_32 -Xcc -I/Users/michaellee/Library/Developer/Xcode/DerivedData/powernapv2new-aqnqdjigpfxhhbaezrjmudzroopa/Build/Intermediates.noindex/powernapv2new.build/Debug-watchos/powernapv2new\ Watch\ App.build/DerivedSources -Xcc -DDEBUG\=1 -module-name powernapv2new_Watch_App -frontend-parseable-output -disable-clang-spi -target-sdk-version 11.2 -target-sdk-name watchos11.2 -external-plugin-path /Applications/Xcode.app/Contents/Developer/Platforms/WatchOS.platform/Developer/usr/lib/swift/host/plugins\#/Applications/Xcode.app/Contents/Developer/Platforms/WatchOS.platform/Developer/usr/bin/swift-plugin-server -external-plugin-path /Applications/Xcode.app/Contents/Developer/Platforms/WatchOS.platform/Developer/usr/local/lib/swift/host/plugins\#/Applications/Xcode.app/Contents/Developer/Platforms/WatchOS.platform/Developer/usr/bin/swift-plugin-server -plugin-path /Applications/Xcode.app/Contents/Developer/Toolchains/XcodeDefault.xctoolchain/usr/lib/swift/host/plugins -plugin-path /Applications/Xcode.app/Contents/Developer/Toolchains/XcodeDefault.xctoolchain/usr/local/lib/swift/host/plugins -o /Users/michaellee/Library/Developer/Xcode/DerivedData/powernapv2new-aqnqdjigpfxhhbaezrjmudzroopa/Build/Intermediates.noindex/powernapv2new.build/Debug-watchos/powernapv2new\ Watch\ App.build/Objects-normal/arm64_32/SleepDetectionService.o -index-unit-output-path /powernapv2new.build/Debug-watchos/powernapv2new\ Watch\ App.build/Objects-normal/arm64_32/SleepDetectionService.o -index-store-path /Users/michaellee/Library/Developer/Xcode/DerivedData/powernapv2new-aqnqdjigpfxhhbaezrjmudzroopa/Index.noindex/DataStore -index-system-modules

SwiftCompile normal arm64_32 /Users/michaellee/Documents/powernapv2new/powernapv2new\ Watch\ App/SleepDetectionService.swift (in target 'powernapv2new Watch App' from project 'powernapv2new')
    cd /Users/michaellee/Documents/powernapv2new
    /Applications/Xcode.app/Contents/Developer/Toolchains/XcodeDefault.xctoolchain/usr/bin/swift-frontend -c /Users/michaellee/Documents/powernapv2new/powernapv2new\ Watch\ App/ContentView.swift /Users/michaellee/Documents/powernapv2new/powernapv2new\ Watch\ App/PowerNapServices.swift /Users/michaellee/Documents/powernapv2new/powernapv2new\ Watch\ App/MotionManager.swift /Users/michaellee/Documents/powernapv2new/powernapv2new\ Watch\ App/ExtendedRuntimeManager.swift /Users/michaellee/Documents/powernapv2new/powernapv2new\ Watch\ App/powernapv2newApp.swift -primary-file /Users/michaellee/Documents/powernapv2new/powernapv2new\ Watch\ App/SleepDetectionService.swift /Users/michaellee/Documents/powernapv2new/powernapv2new\ Watch\ App/PowerNapViewModel.swift /Users/michaellee/Documents/powernapv2new/powernapv2new\ Watch\ App/WorkoutSessionManager.swift /Users/michaellee/Library/Developer/Xcode/DerivedData/powernapv2new-aqnqdjigpfxhhbaezrjmudzroopa/Build/Intermediates.noindex/powernapv2new.build/Debug-watchos/powernapv2new\ Watch\ App.build/DerivedSources/GeneratedAssetSymbols.swift -emit-dependencies-path /Users/michaellee/Library/Developer/Xcode/DerivedData/powernapv2new-aqnqdjigpfxhhbaezrjmudzroopa/Build/Intermediates.noindex/powernapv2new.build/Debug-watchos/powernapv2new\ Watch\ App.build/Objects-normal/arm64_32/SleepDetectionService.d -emit-const-values-path /Users/michaellee/Library/Developer/Xcode/DerivedData/powernapv2new-aqnqdjigpfxhhbaezrjmudzroopa/Build/Intermediates.noindex/powernapv2new.build/Debug-watchos/powernapv2new\ Watch\ App.build/Objects-normal/arm64_32/SleepDetectionService.swiftconstvalues -emit-reference-dependencies-path /Users/michaellee/Library/Developer/Xcode/DerivedData/powernapv2new-aqnqdjigpfxhhbaezrjmudzroopa/Build/Intermediates.noindex/powernapv2new.build/Debug-watchos/powernapv2new\ Watch\ App.build/Objects-normal/arm64_32/SleepDetectionService.swiftdeps -serialize-diagnostics-path /Users/michaellee/Library/Developer/Xcode/DerivedData/powernapv2new-aqnqdjigpfxhhbaezrjmudzroopa/Build/Intermediates.noindex/powernapv2new.build/Debug-watchos/powernapv2new\ Watch\ App.build/Objects-normal/arm64_32/SleepDetectionService.dia -emit-localized-strings -emit-localized-strings-path /Users/michaellee/Library/Developer/Xcode/DerivedData/powernapv2new-aqnqdjigpfxhhbaezrjmudzroopa/Build/Intermediates.noindex/powernapv2new.build/Debug-watchos/powernapv2new\ Watch\ App.build/Objects-normal/arm64_32 -target arm64_32-apple-watchos11.2 -enable-objc-interop -sdk /Applications/Xcode.app/Contents/Developer/Platforms/WatchOS.platform/Developer/SDKs/WatchOS11.2.sdk -I /Users/michaellee/Library/Developer/Xcode/DerivedData/powernapv2new-aqnqdjigpfxhhbaezrjmudzroopa/Build/Products/Debug-watchos -F /Users/michaellee/Library/Developer/Xcode/DerivedData/powernapv2new-aqnqdjigpfxhhbaezrjmudzroopa/Build/Products/Debug-watchos -no-color-diagnostics -enable-testing -g -debug-info-format\=dwarf -dwarf-version\=5 -module-cache-path /Users/michaellee/Library/Developer/Xcode/DerivedData/ModuleCache.noindex -profile-generate -profile-coverage-mapping -swift-version 5 -enforce-exclusivity\=checked -Onone -D DEBUG -serialize-debugging-options -const-gather-protocols-file /Users/michaellee/Library/Developer/Xcode/DerivedData/powernapv2new-aqnqdjigpfxhhbaezrjmudzroopa/Build/Intermediates.noindex/powernapv2new.build/Debug-watchos/powernapv2new\ Watch\ App.build/Objects-normal/arm64_32/powernapv2new\ Watch\ App_const_extract_protocols.json -enable-experimental-feature DebugDescriptionMacro -enable-experimental-feature OpaqueTypeErasure -enable-bare-slash-regex -empty-abi-descriptor -validate-clang-modules-once -clang-build-session-file /Users/michaellee/Library/Developer/Xcode/DerivedData/ModuleCache.noindex/Session.modulevalidation -Xcc -working-directory -Xcc /Users/michaellee/Documents/powernapv2new -resource-dir /Applications/Xcode.app/Contents/Developer/Toolchains/XcodeDefault.xctoolchain/usr/lib/swift -enable-anonymous-context-mangled-names -file-compilation-dir /Users/michaellee/Documents/powernapv2new -Xcc -D_LIBCPP_HARDENING_MODE\=_LIBCPP_HARDENING_MODE_DEBUG -Xcc -ivfsstatcache -Xcc /Users/michaellee/Library/Developer/Xcode/DerivedData/SDKStatCaches.noindex/watchos11.2-22S97-0b3b2baea7cb8f92e0e7a0ebd9acdf21.sdkstatcache -Xcc -I/Users/michaellee/Library/Developer/Xcode/DerivedData/powernapv2new-aqnqdjigpfxhhbaezrjmudzroopa/Build/Intermediates.noindex/powernapv2new.build/Debug-watchos/powernapv2new\ Watch\ App.build/swift-overrides.hmap -Xcc -iquote -Xcc /Users/michaellee/Library/Developer/Xcode/DerivedData/powernapv2new-aqnqdjigpfxhhbaezrjmudzroopa/Build/Intermediates.noindex/powernapv2new.build/Debug-watchos/powernapv2new\ Watch\ App.build/powernapv2new\ Watch\ App-generated-files.hmap -Xcc -I/Users/michaellee/Library/Developer/Xcode/DerivedData/powernapv2new-aqnqdjigpfxhhbaezrjmudzroopa/Build/Intermediates.noindex/powernapv2new.build/Debug-watchos/powernapv2new\ Watch\ App.build/powernapv2new\ Watch\ App-own-target-headers.hmap -Xcc -I/Users/michaellee/Library/Developer/Xcode/DerivedData/powernapv2new-aqnqdjigpfxhhbaezrjmudzroopa/Build/Intermediates.noindex/powernapv2new.build/Debug-watchos/powernapv2new\ Watch\ App.build/powernapv2new\ Watch\ App-all-target-headers.hmap -Xcc -iquote -Xcc /Users/michaellee/Library/Developer/Xcode/DerivedData/powernapv2new-aqnqdjigpfxhhbaezrjmudzroopa/Build/Intermediates.noindex/powernapv2new.build/Debug-watchos/powernapv2new\ Watch\ App.build/powernapv2new\ Watch\ App-project-headers.hmap -Xcc -I/Users/michaellee/Library/Developer/Xcode/DerivedData/powernapv2new-aqnqdjigpfxhhbaezrjmudzroopa/Build/Products/Debug-watchos/include -Xcc -I/Users/michaellee/Library/Developer/Xcode/DerivedData/powernapv2new-aqnqdjigpfxhhbaezrjmudzroopa/Build/Intermediates.noindex/powernapv2new.build/Debug-watchos/powernapv2new\ Watch\ App.build/DerivedSources-normal/arm64_32 -Xcc -I/Users/michaellee/Library/Developer/Xcode/DerivedData/powernapv2new-aqnqdjigpfxhhbaezrjmudzroopa/Build/Intermediates.noindex/powernapv2new.build/Debug-watchos/powernapv2new\ Watch\ App.build/DerivedSources/arm64_32 -Xcc -I/Users/michaellee/Library/Developer/Xcode/DerivedData/powernapv2new-aqnqdjigpfxhhbaezrjmudzroopa/Build/Intermediates.noindex/powernapv2new.build/Debug-watchos/powernapv2new\ Watch\ App.build/DerivedSources -Xcc -DDEBUG\=1 -module-name powernapv2new_Watch_App -frontend-parseable-output -disable-clang-spi -target-sdk-version 11.2 -target-sdk-name watchos11.2 -external-plugin-path /Applications/Xcode.app/Contents/Developer/Platforms/WatchOS.platform/Developer/usr/lib/swift/host/plugins\#/Applications/Xcode.app/Contents/Developer/Platforms/WatchOS.platform/Developer/usr/bin/swift-plugin-server -external-plugin-path /Applications/Xcode.app/Contents/Developer/Platforms/WatchOS.platform/Developer/usr/local/lib/swift/host/plugins\#/Applications/Xcode.app/Contents/Developer/Platforms/WatchOS.platform/Developer/usr/bin/swift-plugin-server -plugin-path /Applications/Xcode.app/Contents/Developer/Toolchains/XcodeDefault.xctoolchain/usr/lib/swift/host/plugins -plugin-path /Applications/Xcode.app/Contents/Developer/Toolchains/XcodeDefault.xctoolchain/usr/local/lib/swift/host/plugins -o /Users/michaellee/Library/Developer/Xcode/DerivedData/powernapv2new-aqnqdjigpfxhhbaezrjmudzroopa/Build/Intermediates.noindex/powernapv2new.build/Debug-watchos/powernapv2new\ Watch\ App.build/Objects-normal/arm64_32/SleepDetectionService.o -index-unit-output-path /powernapv2new.build/Debug-watchos/powernapv2new\ Watch\ App.build/Objects-normal/arm64_32/SleepDetectionService.o -index-store-path /Users/michaellee/Library/Developer/Xcode/DerivedData/powernapv2new-aqnqdjigpfxhhbaezrjmudzroopa/Index.noindex/DataStore -index-system-modules

/Users/michaellee/Documents/powernapv2new/powernapv2new Watch App/SleepDetectionService.swift:5:7: error: invalid redeclaration of 'SleepDetectionService'
class SleepDetectionService {
      ^
/Users/michaellee/Documents/powernapv2new/powernapv2new Watch App/PowerNapServices.swift:194:7: note: 'SleepDetectionService' previously declared here
class SleepDetectionService {
      ^
/Users/michaellee/Documents/powernapv2new/powernapv2new Watch App/PowerNapServices.swift:194:7: note: 'SleepDetectionService' previously declared here
class SleepDetectionService {
      ^

/Users/michaellee/Documents/powernapv2new/powernapv2new Watch App/SleepDetectionService.swift:5:7: Invalid redeclaration of 'SleepDetectionService'

SwiftCompile normal arm64_32 Compiling\ MotionManager.swift /Users/michaellee/Documents/powernapv2new/powernapv2new\ Watch\ App/MotionManager.swift (in target 'powernapv2new Watch App' from project 'powernapv2new')
    cd /Users/michaellee/Documents/powernapv2new
    builtin-swiftTaskExecution -- /Applications/Xcode.app/Contents/Developer/Toolchains/XcodeDefault.xctoolchain/usr/bin/swift-frontend -frontend -c /Users/michaellee/Documents/powernapv2new/powernapv2new\ Watch\ App/ContentView.swift /Users/michaellee/Documents/powernapv2new/powernapv2new\ Watch\ App/PowerNapServices.swift -primary-file /Users/michaellee/Documents/powernapv2new/powernapv2new\ Watch\ App/MotionManager.swift /Users/michaellee/Documents/powernapv2new/powernapv2new\ Watch\ App/ExtendedRuntimeManager.swift /Users/michaellee/Documents/powernapv2new/powernapv2new\ Watch\ App/powernapv2newApp.swift /Users/michaellee/Documents/powernapv2new/powernapv2new\ Watch\ App/SleepDetectionService.swift /Users/michaellee/Documents/powernapv2new/powernapv2new\ Watch\ App/PowerNapViewModel.swift /Users/michaellee/Documents/powernapv2new/powernapv2new\ Watch\ App/WorkoutSessionManager.swift /Users/michaellee/Library/Developer/Xcode/DerivedData/powernapv2new-aqnqdjigpfxhhbaezrjmudzroopa/Build/Intermediates.noindex/powernapv2new.build/Debug-watchos/powernapv2new\ Watch\ App.build/DerivedSources/GeneratedAssetSymbols.swift -emit-dependencies-path /Users/michaellee/Library/Developer/Xcode/DerivedData/powernapv2new-aqnqdjigpfxhhbaezrjmudzroopa/Build/Intermediates.noindex/powernapv2new.build/Debug-watchos/powernapv2new\ Watch\ App.build/Objects-normal/arm64_32/MotionManager.d -emit-const-values-path /Users/michaellee/Library/Developer/Xcode/DerivedData/powernapv2new-aqnqdjigpfxhhbaezrjmudzroopa/Build/Intermediates.noindex/powernapv2new.build/Debug-watchos/powernapv2new\ Watch\ App.build/Objects-normal/arm64_32/MotionManager.swiftconstvalues -emit-reference-dependencies-path /Users/michaellee/Library/Developer/Xcode/DerivedData/powernapv2new-aqnqdjigpfxhhbaezrjmudzroopa/Build/Intermediates.noindex/powernapv2new.build/Debug-watchos/powernapv2new\ Watch\ App.build/Objects-normal/arm64_32/MotionManager.swiftdeps -serialize-diagnostics-path /Users/michaellee/Library/Developer/Xcode/DerivedData/powernapv2new-aqnqdjigpfxhhbaezrjmudzroopa/Build/Intermediates.noindex/powernapv2new.build/Debug-watchos/powernapv2new\ Watch\ App.build/Objects-normal/arm64_32/MotionManager.dia -emit-localized-strings -emit-localized-strings-path /Users/michaellee/Library/Developer/Xcode/DerivedData/powernapv2new-aqnqdjigpfxhhbaezrjmudzroopa/Build/Intermediates.noindex/powernapv2new.build/Debug-watchos/powernapv2new\ Watch\ App.build/Objects-normal/arm64_32 -target arm64_32-apple-watchos11.2 -enable-objc-interop -sdk /Applications/Xcode.app/Contents/Developer/Platforms/WatchOS.platform/Developer/SDKs/WatchOS11.2.sdk -I /Users/michaellee/Library/Developer/Xcode/DerivedData/powernapv2new-aqnqdjigpfxhhbaezrjmudzroopa/Build/Products/Debug-watchos -F /Users/michaellee/Library/Developer/Xcode/DerivedData/powernapv2new-aqnqdjigpfxhhbaezrjmudzroopa/Build/Products/Debug-watchos -no-color-diagnostics -enable-testing -g -debug-info-format\=dwarf -dwarf-version\=5 -module-cache-path /Users/michaellee/Library/Developer/Xcode/DerivedData/ModuleCache.noindex -profile-generate -profile-coverage-mapping -swift-version 5 -enforce-exclusivity\=checked -Onone -D DEBUG -serialize-debugging-options -const-gather-protocols-file /Users/michaellee/Library/Developer/Xcode/DerivedData/powernapv2new-aqnqdjigpfxhhbaezrjmudzroopa/Build/Intermediates.noindex/powernapv2new.build/Debug-watchos/powernapv2new\ Watch\ App.build/Objects-normal/arm64_32/powernapv2new\ Watch\ App_const_extract_protocols.json -enable-experimental-feature DebugDescriptionMacro -enable-experimental-feature OpaqueTypeErasure -enable-bare-slash-regex -empty-abi-descriptor -validate-clang-modules-once -clang-build-session-file /Users/michaellee/Library/Developer/Xcode/DerivedData/ModuleCache.noindex/Session.modulevalidation -Xcc -working-directory -Xcc /Users/michaellee/Documents/powernapv2new -resource-dir /Applications/Xcode.app/Contents/Developer/Toolchains/XcodeDefault.xctoolchain/usr/lib/swift -enable-anonymous-context-mangled-names -file-compilation-dir /Users/michaellee/Documents/powernapv2new -Xcc -D_LIBCPP_HARDENING_MODE\=_LIBCPP_HARDENING_MODE_DEBUG -Xcc -ivfsstatcache -Xcc /Users/michaellee/Library/Developer/Xcode/DerivedData/SDKStatCaches.noindex/watchos11.2-22S97-0b3b2baea7cb8f92e0e7a0ebd9acdf21.sdkstatcache -Xcc -I/Users/michaellee/Library/Developer/Xcode/DerivedData/powernapv2new-aqnqdjigpfxhhbaezrjmudzroopa/Build/Intermediates.noindex/powernapv2new.build/Debug-watchos/powernapv2new\ Watch\ App.build/swift-overrides.hmap -Xcc -iquote -Xcc /Users/michaellee/Library/Developer/Xcode/DerivedData/powernapv2new-aqnqdjigpfxhhbaezrjmudzroopa/Build/Intermediates.noindex/powernapv2new.build/Debug-watchos/powernapv2new\ Watch\ App.build/powernapv2new\ Watch\ App-generated-files.hmap -Xcc -I/Users/michaellee/Library/Developer/Xcode/DerivedData/powernapv2new-aqnqdjigpfxhhbaezrjmudzroopa/Build/Intermediates.noindex/powernapv2new.build/Debug-watchos/powernapv2new\ Watch\ App.build/powernapv2new\ Watch\ App-own-target-headers.hmap -Xcc -I/Users/michaellee/Library/Developer/Xcode/DerivedData/powernapv2new-aqnqdjigpfxhhbaezrjmudzroopa/Build/Intermediates.noindex/powernapv2new.build/Debug-watchos/powernapv2new\ Watch\ App.build/powernapv2new\ Watch\ App-all-target-headers.hmap -Xcc -iquote -Xcc /Users/michaellee/Library/Developer/Xcode/DerivedData/powernapv2new-aqnqdjigpfxhhbaezrjmudzroopa/Build/Intermediates.noindex/powernapv2new.build/Debug-watchos/powernapv2new\ Watch\ App.build/powernapv2new\ Watch\ App-project-headers.hmap -Xcc -I/Users/michaellee/Library/Developer/Xcode/DerivedData/powernapv2new-aqnqdjigpfxhhbaezrjmudzroopa/Build/Products/Debug-watchos/include -Xcc -I/Users/michaellee/Library/Developer/Xcode/DerivedData/powernapv2new-aqnqdjigpfxhhbaezrjmudzroopa/Build/Intermediates.noindex/powernapv2new.build/Debug-watchos/powernapv2new\ Watch\ App.build/DerivedSources-normal/arm64_32 -Xcc -I/Users/michaellee/Library/Developer/Xcode/DerivedData/powernapv2new-aqnqdjigpfxhhbaezrjmudzroopa/Build/Intermediates.noindex/powernapv2new.build/Debug-watchos/powernapv2new\ Watch\ App.build/DerivedSources/arm64_32 -Xcc -I/Users/michaellee/Library/Developer/Xcode/DerivedData/powernapv2new-aqnqdjigpfxhhbaezrjmudzroopa/Build/Intermediates.noindex/powernapv2new.build/Debug-watchos/powernapv2new\ Watch\ App.build/DerivedSources -Xcc -DDEBUG\=1 -module-name powernapv2new_Watch_App -frontend-parseable-output -disable-clang-spi -target-sdk-version 11.2 -target-sdk-name watchos11.2 -external-plugin-path /Applications/Xcode.app/Contents/Developer/Platforms/WatchOS.platform/Developer/usr/lib/swift/host/plugins\#/Applications/Xcode.app/Contents/Developer/Platforms/WatchOS.platform/Developer/usr/bin/swift-plugin-server -external-plugin-path /Applications/Xcode.app/Contents/Developer/Platforms/WatchOS.platform/Developer/usr/local/lib/swift/host/plugins\#/Applications/Xcode.app/Contents/Developer/Platforms/WatchOS.platform/Developer/usr/bin/swift-plugin-server -plugin-path /Applications/Xcode.app/Contents/Developer/Toolchains/XcodeDefault.xctoolchain/usr/lib/swift/host/plugins -plugin-path /Applications/Xcode.app/Contents/Developer/Toolchains/XcodeDefault.xctoolchain/usr/local/lib/swift/host/plugins -o /Users/michaellee/Library/Developer/Xcode/DerivedData/powernapv2new-aqnqdjigpfxhhbaezrjmudzroopa/Build/Intermediates.noindex/powernapv2new.build/Debug-watchos/powernapv2new\ Watch\ App.build/Objects-normal/arm64_32/MotionManager.o -index-unit-output-path /powernapv2new.build/Debug-watchos/powernapv2new\ Watch\ App.build/Objects-normal/arm64_32/MotionManager.o -index-store-path /Users/michaellee/Library/Developer/Xcode/DerivedData/powernapv2new-aqnqdjigpfxhhbaezrjmudzroopa/Index.noindex/DataStore -index-system-modules

SwiftCompile normal arm64_32 /Users/michaellee/Documents/powernapv2new/powernapv2new\ Watch\ App/MotionManager.swift (in target 'powernapv2new Watch App' from project 'powernapv2new')
    cd /Users/michaellee/Documents/powernapv2new
    /Applications/Xcode.app/Contents/Developer/Toolchains/XcodeDefault.xctoolchain/usr/bin/swift-frontend -c /Users/michaellee/Documents/powernapv2new/powernapv2new\ Watch\ App/ContentView.swift /Users/michaellee/Documents/powernapv2new/powernapv2new\ Watch\ App/PowerNapServices.swift -primary-file /Users/michaellee/Documents/powernapv2new/powernapv2new\ Watch\ App/MotionManager.swift /Users/michaellee/Documents/powernapv2new/powernapv2new\ Watch\ App/ExtendedRuntimeManager.swift /Users/michaellee/Documents/powernapv2new/powernapv2new\ Watch\ App/powernapv2newApp.swift /Users/michaellee/Documents/powernapv2new/powernapv2new\ Watch\ App/SleepDetectionService.swift /Users/michaellee/Documents/powernapv2new/powernapv2new\ Watch\ App/PowerNapViewModel.swift /Users/michaellee/Documents/powernapv2new/powernapv2new\ Watch\ App/WorkoutSessionManager.swift /Users/michaellee/Library/Developer/Xcode/DerivedData/powernapv2new-aqnqdjigpfxhhbaezrjmudzroopa/Build/Intermediates.noindex/powernapv2new.build/Debug-watchos/powernapv2new\ Watch\ App.build/DerivedSources/GeneratedAssetSymbols.swift -emit-dependencies-path /Users/michaellee/Library/Developer/Xcode/DerivedData/powernapv2new-aqnqdjigpfxhhbaezrjmudzroopa/Build/Intermediates.noindex/powernapv2new.build/Debug-watchos/powernapv2new\ Watch\ App.build/Objects-normal/arm64_32/MotionManager.d -emit-const-values-path /Users/michaellee/Library/Developer/Xcode/DerivedData/powernapv2new-aqnqdjigpfxhhbaezrjmudzroopa/Build/Intermediates.noindex/powernapv2new.build/Debug-watchos/powernapv2new\ Watch\ App.build/Objects-normal/arm64_32/MotionManager.swiftconstvalues -emit-reference-dependencies-path /Users/michaellee/Library/Developer/Xcode/DerivedData/powernapv2new-aqnqdjigpfxhhbaezrjmudzroopa/Build/Intermediates.noindex/powernapv2new.build/Debug-watchos/powernapv2new\ Watch\ App.build/Objects-normal/arm64_32/MotionManager.swiftdeps -serialize-diagnostics-path /Users/michaellee/Library/Developer/Xcode/DerivedData/powernapv2new-aqnqdjigpfxhhbaezrjmudzroopa/Build/Intermediates.noindex/powernapv2new.build/Debug-watchos/powernapv2new\ Watch\ App.build/Objects-normal/arm64_32/MotionManager.dia -emit-localized-strings -emit-localized-strings-path /Users/michaellee/Library/Developer/Xcode/DerivedData/powernapv2new-aqnqdjigpfxhhbaezrjmudzroopa/Build/Intermediates.noindex/powernapv2new.build/Debug-watchos/powernapv2new\ Watch\ App.build/Objects-normal/arm64_32 -target arm64_32-apple-watchos11.2 -enable-objc-interop -sdk /Applications/Xcode.app/Contents/Developer/Platforms/WatchOS.platform/Developer/SDKs/WatchOS11.2.sdk -I /Users/michaellee/Library/Developer/Xcode/DerivedData/powernapv2new-aqnqdjigpfxhhbaezrjmudzroopa/Build/Products/Debug-watchos -F /Users/michaellee/Library/Developer/Xcode/DerivedData/powernapv2new-aqnqdjigpfxhhbaezrjmudzroopa/Build/Products/Debug-watchos -no-color-diagnostics -enable-testing -g -debug-info-format\=dwarf -dwarf-version\=5 -module-cache-path /Users/michaellee/Library/Developer/Xcode/DerivedData/ModuleCache.noindex -profile-generate -profile-coverage-mapping -swift-version 5 -enforce-exclusivity\=checked -Onone -D DEBUG -serialize-debugging-options -const-gather-protocols-file /Users/michaellee/Library/Developer/Xcode/DerivedData/powernapv2new-aqnqdjigpfxhhbaezrjmudzroopa/Build/Intermediates.noindex/powernapv2new.build/Debug-watchos/powernapv2new\ Watch\ App.build/Objects-normal/arm64_32/powernapv2new\ Watch\ App_const_extract_protocols.json -enable-experimental-feature DebugDescriptionMacro -enable-experimental-feature OpaqueTypeErasure -enable-bare-slash-regex -empty-abi-descriptor -validate-clang-modules-once -clang-build-session-file /Users/michaellee/Library/Developer/Xcode/DerivedData/ModuleCache.noindex/Session.modulevalidation -Xcc -working-directory -Xcc /Users/michaellee/Documents/powernapv2new -resource-dir /Applications/Xcode.app/Contents/Developer/Toolchains/XcodeDefault.xctoolchain/usr/lib/swift -enable-anonymous-context-mangled-names -file-compilation-dir /Users/michaellee/Documents/powernapv2new -Xcc -D_LIBCPP_HARDENING_MODE\=_LIBCPP_HARDENING_MODE_DEBUG -Xcc -ivfsstatcache -Xcc /Users/michaellee/Library/Developer/Xcode/DerivedData/SDKStatCaches.noindex/watchos11.2-22S97-0b3b2baea7cb8f92e0e7a0ebd9acdf21.sdkstatcache -Xcc -I/Users/michaellee/Library/Developer/Xcode/DerivedData/powernapv2new-aqnqdjigpfxhhbaezrjmudzroopa/Build/Intermediates.noindex/powernapv2new.build/Debug-watchos/powernapv2new\ Watch\ App.build/swift-overrides.hmap -Xcc -iquote -Xcc /Users/michaellee/Library/Developer/Xcode/DerivedData/powernapv2new-aqnqdjigpfxhhbaezrjmudzroopa/Build/Intermediates.noindex/powernapv2new.build/Debug-watchos/powernapv2new\ Watch\ App.build/powernapv2new\ Watch\ App-generated-files.hmap -Xcc -I/Users/michaellee/Library/Developer/Xcode/DerivedData/powernapv2new-aqnqdjigpfxhhbaezrjmudzroopa/Build/Intermediates.noindex/powernapv2new.build/Debug-watchos/powernapv2new\ Watch\ App.build/powernapv2new\ Watch\ App-own-target-headers.hmap -Xcc -I/Users/michaellee/Library/Developer/Xcode/DerivedData/powernapv2new-aqnqdjigpfxhhbaezrjmudzroopa/Build/Intermediates.noindex/powernapv2new.build/Debug-watchos/powernapv2new\ Watch\ App.build/powernapv2new\ Watch\ App-all-target-headers.hmap -Xcc -iquote -Xcc /Users/michaellee/Library/Developer/Xcode/DerivedData/powernapv2new-aqnqdjigpfxhhbaezrjmudzroopa/Build/Intermediates.noindex/powernapv2new.build/Debug-watchos/powernapv2new\ Watch\ App.build/powernapv2new\ Watch\ App-project-headers.hmap -Xcc -I/Users/michaellee/Library/Developer/Xcode/DerivedData/powernapv2new-aqnqdjigpfxhhbaezrjmudzroopa/Build/Products/Debug-watchos/include -Xcc -I/Users/michaellee/Library/Developer/Xcode/DerivedData/powernapv2new-aqnqdjigpfxhhbaezrjmudzroopa/Build/Intermediates.noindex/powernapv2new.build/Debug-watchos/powernapv2new\ Watch\ App.build/DerivedSources-normal/arm64_32 -Xcc -I/Users/michaellee/Library/Developer/Xcode/DerivedData/powernapv2new-aqnqdjigpfxhhbaezrjmudzroopa/Build/Intermediates.noindex/powernapv2new.build/Debug-watchos/powernapv2new\ Watch\ App.build/DerivedSources/arm64_32 -Xcc -I/Users/michaellee/Library/Developer/Xcode/DerivedData/powernapv2new-aqnqdjigpfxhhbaezrjmudzroopa/Build/Intermediates.noindex/powernapv2new.build/Debug-watchos/powernapv2new\ Watch\ App.build/DerivedSources -Xcc -DDEBUG\=1 -module-name powernapv2new_Watch_App -frontend-parseable-output -disable-clang-spi -target-sdk-version 11.2 -target-sdk-name watchos11.2 -external-plugin-path /Applications/Xcode.app/Contents/Developer/Platforms/WatchOS.platform/Developer/usr/lib/swift/host/plugins\#/Applications/Xcode.app/Contents/Developer/Platforms/WatchOS.platform/Developer/usr/bin/swift-plugin-server -external-plugin-path /Applications/Xcode.app/Contents/Developer/Platforms/WatchOS.platform/Developer/usr/local/lib/swift/host/plugins\#/Applications/Xcode.app/Contents/Developer/Platforms/WatchOS.platform/Developer/usr/bin/swift-plugin-server -plugin-path /Applications/Xcode.app/Contents/Developer/Toolchains/XcodeDefault.xctoolchain/usr/lib/swift/host/plugins -plugin-path /Applications/Xcode.app/Contents/Developer/Toolchains/XcodeDefault.xctoolchain/usr/local/lib/swift/host/plugins -o /Users/michaellee/Library/Developer/Xcode/DerivedData/powernapv2new-aqnqdjigpfxhhbaezrjmudzroopa/Build/Intermediates.noindex/powernapv2new.build/Debug-watchos/powernapv2new\ Watch\ App.build/Objects-normal/arm64_32/MotionManager.o -index-unit-output-path /powernapv2new.build/Debug-watchos/powernapv2new\ Watch\ App.build/Objects-normal/arm64_32/MotionManager.o -index-store-path /Users/michaellee/Library/Developer/Xcode/DerivedData/powernapv2new-aqnqdjigpfxhhbaezrjmudzroopa/Index.noindex/DataStore -index-system-modules

/Users/michaellee/Documents/powernapv2new/powernapv2new Watch App/MotionManager.swift:5:7: error: invalid redeclaration of 'MotionManager'
class MotionManager {
      ^
/Users/michaellee/Documents/powernapv2new/powernapv2new Watch App/PowerNapServices.swift:363:7: note: 'MotionManager' previously declared here
class MotionManager {
      ^
/Users/michaellee/Documents/powernapv2new/powernapv2new Watch App/PowerNapServices.swift:363:7: note: 'MotionManager' previously declared here
class MotionManager {
      ^

/Users/michaellee/Documents/powernapv2new/powernapv2new Watch App/MotionManager.swift:5:7: Invalid redeclaration of 'MotionManager'

SwiftCompile normal arm64_32 Compiling\ PowerNapViewModel.swift /Users/michaellee/Documents/powernapv2new/powernapv2new\ Watch\ App/PowerNapViewModel.swift (in target 'powernapv2new Watch App' from project 'powernapv2new')
    cd /Users/michaellee/Documents/powernapv2new
    builtin-swiftTaskExecution -- /Applications/Xcode.app/Contents/Developer/Toolchains/XcodeDefault.xctoolchain/usr/bin/swift-frontend -frontend -c /Users/michaellee/Documents/powernapv2new/powernapv2new\ Watch\ App/ContentView.swift /Users/michaellee/Documents/powernapv2new/powernapv2new\ Watch\ App/PowerNapServices.swift /Users/michaellee/Documents/powernapv2new/powernapv2new\ Watch\ App/MotionManager.swift /Users/michaellee/Documents/powernapv2new/powernapv2new\ Watch\ App/ExtendedRuntimeManager.swift /Users/michaellee/Documents/powernapv2new/powernapv2new\ Watch\ App/powernapv2newApp.swift /Users/michaellee/Documents/powernapv2new/powernapv2new\ Watch\ App/SleepDetectionService.swift -primary-file /Users/michaellee/Documents/powernapv2new/powernapv2new\ Watch\ App/PowerNapViewModel.swift /Users/michaellee/Documents/powernapv2new/powernapv2new\ Watch\ App/WorkoutSessionManager.swift /Users/michaellee/Library/Developer/Xcode/DerivedData/powernapv2new-aqnqdjigpfxhhbaezrjmudzroopa/Build/Intermediates.noindex/powernapv2new.build/Debug-watchos/powernapv2new\ Watch\ App.build/DerivedSources/GeneratedAssetSymbols.swift -emit-dependencies-path /Users/michaellee/Library/Developer/Xcode/DerivedData/powernapv2new-aqnqdjigpfxhhbaezrjmudzroopa/Build/Intermediates.noindex/powernapv2new.build/Debug-watchos/powernapv2new\ Watch\ App.build/Objects-normal/arm64_32/PowerNapViewModel.d -emit-const-values-path /Users/michaellee/Library/Developer/Xcode/DerivedData/powernapv2new-aqnqdjigpfxhhbaezrjmudzroopa/Build/Intermediates.noindex/powernapv2new.build/Debug-watchos/powernapv2new\ Watch\ App.build/Objects-normal/arm64_32/PowerNapViewModel.swiftconstvalues -emit-reference-dependencies-path /Users/michaellee/Library/Developer/Xcode/DerivedData/powernapv2new-aqnqdjigpfxhhbaezrjmudzroopa/Build/Intermediates.noindex/powernapv2new.build/Debug-watchos/powernapv2new\ Watch\ App.build/Objects-normal/arm64_32/PowerNapViewModel.swiftdeps -serialize-diagnostics-path /Users/michaellee/Library/Developer/Xcode/DerivedData/powernapv2new-aqnqdjigpfxhhbaezrjmudzroopa/Build/Intermediates.noindex/powernapv2new.build/Debug-watchos/powernapv2new\ Watch\ App.build/Objects-normal/arm64_32/PowerNapViewModel.dia -emit-localized-strings -emit-localized-strings-path /Users/michaellee/Library/Developer/Xcode/DerivedData/powernapv2new-aqnqdjigpfxhhbaezrjmudzroopa/Build/Intermediates.noindex/powernapv2new.build/Debug-watchos/powernapv2new\ Watch\ App.build/Objects-normal/arm64_32 -target arm64_32-apple-watchos11.2 -enable-objc-interop -sdk /Applications/Xcode.app/Contents/Developer/Platforms/WatchOS.platform/Developer/SDKs/WatchOS11.2.sdk -I /Users/michaellee/Library/Developer/Xcode/DerivedData/powernapv2new-aqnqdjigpfxhhbaezrjmudzroopa/Build/Products/Debug-watchos -F /Users/michaellee/Library/Developer/Xcode/DerivedData/powernapv2new-aqnqdjigpfxhhbaezrjmudzroopa/Build/Products/Debug-watchos -no-color-diagnostics -enable-testing -g -debug-info-format\=dwarf -dwarf-version\=5 -module-cache-path /Users/michaellee/Library/Developer/Xcode/DerivedData/ModuleCache.noindex -profile-generate -profile-coverage-mapping -swift-version 5 -enforce-exclusivity\=checked -Onone -D DEBUG -serialize-debugging-options -const-gather-protocols-file /Users/michaellee/Library/Developer/Xcode/DerivedData/powernapv2new-aqnqdjigpfxhhbaezrjmudzroopa/Build/Intermediates.noindex/powernapv2new.build/Debug-watchos/powernapv2new\ Watch\ App.build/Objects-normal/arm64_32/powernapv2new\ Watch\ App_const_extract_protocols.json -enable-experimental-feature DebugDescriptionMacro -enable-experimental-feature OpaqueTypeErasure -enable-bare-slash-regex -empty-abi-descriptor -validate-clang-modules-once -clang-build-session-file /Users/michaellee/Library/Developer/Xcode/DerivedData/ModuleCache.noindex/Session.modulevalidation -Xcc -working-directory -Xcc /Users/michaellee/Documents/powernapv2new -resource-dir /Applications/Xcode.app/Contents/Developer/Toolchains/XcodeDefault.xctoolchain/usr/lib/swift -enable-anonymous-context-mangled-names -file-compilation-dir /Users/michaellee/Documents/powernapv2new -Xcc -D_LIBCPP_HARDENING_MODE\=_LIBCPP_HARDENING_MODE_DEBUG -Xcc -ivfsstatcache -Xcc /Users/michaellee/Library/Developer/Xcode/DerivedData/SDKStatCaches.noindex/watchos11.2-22S97-0b3b2baea7cb8f92e0e7a0ebd9acdf21.sdkstatcache -Xcc -I/Users/michaellee/Library/Developer/Xcode/DerivedData/powernapv2new-aqnqdjigpfxhhbaezrjmudzroopa/Build/Intermediates.noindex/powernapv2new.build/Debug-watchos/powernapv2new\ Watch\ App.build/swift-overrides.hmap -Xcc -iquote -Xcc /Users/michaellee/Library/Developer/Xcode/DerivedData/powernapv2new-aqnqdjigpfxhhbaezrjmudzroopa/Build/Intermediates.noindex/powernapv2new.build/Debug-watchos/powernapv2new\ Watch\ App.build/powernapv2new\ Watch\ App-generated-files.hmap -Xcc -I/Users/michaellee/Library/Developer/Xcode/DerivedData/powernapv2new-aqnqdjigpfxhhbaezrjmudzroopa/Build/Intermediates.noindex/powernapv2new.build/Debug-watchos/powernapv2new\ Watch\ App.build/powernapv2new\ Watch\ App-own-target-headers.hmap -Xcc -I/Users/michaellee/Library/Developer/Xcode/DerivedData/powernapv2new-aqnqdjigpfxhhbaezrjmudzroopa/Build/Intermediates.noindex/powernapv2new.build/Debug-watchos/powernapv2new\ Watch\ App.build/powernapv2new\ Watch\ App-all-target-headers.hmap -Xcc -iquote -Xcc /Users/michaellee/Library/Developer/Xcode/DerivedData/powernapv2new-aqnqdjigpfxhhbaezrjmudzroopa/Build/Intermediates.noindex/powernapv2new.build/Debug-watchos/powernapv2new\ Watch\ App.build/powernapv2new\ Watch\ App-project-headers.hmap -Xcc -I/Users/michaellee/Library/Developer/Xcode/DerivedData/powernapv2new-aqnqdjigpfxhhbaezrjmudzroopa/Build/Products/Debug-watchos/include -Xcc -I/Users/michaellee/Library/Developer/Xcode/DerivedData/powernapv2new-aqnqdjigpfxhhbaezrjmudzroopa/Build/Intermediates.noindex/powernapv2new.build/Debug-watchos/powernapv2new\ Watch\ App.build/DerivedSources-normal/arm64_32 -Xcc -I/Users/michaellee/Library/Developer/Xcode/DerivedData/powernapv2new-aqnqdjigpfxhhbaezrjmudzroopa/Build/Intermediates.noindex/powernapv2new.build/Debug-watchos/powernapv2new\ Watch\ App.build/DerivedSources/arm64_32 -Xcc -I/Users/michaellee/Library/Developer/Xcode/DerivedData/powernapv2new-aqnqdjigpfxhhbaezrjmudzroopa/Build/Intermediates.noindex/powernapv2new.build/Debug-watchos/powernapv2new\ Watch\ App.build/DerivedSources -Xcc -DDEBUG\=1 -module-name powernapv2new_Watch_App -frontend-parseable-output -disable-clang-spi -target-sdk-version 11.2 -target-sdk-name watchos11.2 -external-plugin-path /Applications/Xcode.app/Contents/Developer/Platforms/WatchOS.platform/Developer/usr/lib/swift/host/plugins\#/Applications/Xcode.app/Contents/Developer/Platforms/WatchOS.platform/Developer/usr/bin/swift-plugin-server -external-plugin-path /Applications/Xcode.app/Contents/Developer/Platforms/WatchOS.platform/Developer/usr/local/lib/swift/host/plugins\#/Applications/Xcode.app/Contents/Developer/Platforms/WatchOS.platform/Developer/usr/bin/swift-plugin-server -plugin-path /Applications/Xcode.app/Contents/Developer/Toolchains/XcodeDefault.xctoolchain/usr/lib/swift/host/plugins -plugin-path /Applications/Xcode.app/Contents/Developer/Toolchains/XcodeDefault.xctoolchain/usr/local/lib/swift/host/plugins -o /Users/michaellee/Library/Developer/Xcode/DerivedData/powernapv2new-aqnqdjigpfxhhbaezrjmudzroopa/Build/Intermediates.noindex/powernapv2new.build/Debug-watchos/powernapv2new\ Watch\ App.build/Objects-normal/arm64_32/PowerNapViewModel.o -index-unit-output-path /powernapv2new.build/Debug-watchos/powernapv2new\ Watch\ App.build/Objects-normal/arm64_32/PowerNapViewModel.o -index-store-path /Users/michaellee/Library/Developer/Xcode/DerivedData/powernapv2new-aqnqdjigpfxhhbaezrjmudzroopa/Index.noindex/DataStore -index-system-modules

SwiftCompile normal arm64_32 /Users/michaellee/Documents/powernapv2new/powernapv2new\ Watch\ App/PowerNapViewModel.swift (in target 'powernapv2new Watch App' from project 'powernapv2new')
    cd /Users/michaellee/Documents/powernapv2new
    /Applications/Xcode.app/Contents/Developer/Toolchains/XcodeDefault.xctoolchain/usr/bin/swift-frontend -c /Users/michaellee/Documents/powernapv2new/powernapv2new\ Watch\ App/ContentView.swift /Users/michaellee/Documents/powernapv2new/powernapv2new\ Watch\ App/PowerNapServices.swift /Users/michaellee/Documents/powernapv2new/powernapv2new\ Watch\ App/MotionManager.swift /Users/michaellee/Documents/powernapv2new/powernapv2new\ Watch\ App/ExtendedRuntimeManager.swift /Users/michaellee/Documents/powernapv2new/powernapv2new\ Watch\ App/powernapv2newApp.swift /Users/michaellee/Documents/powernapv2new/powernapv2new\ Watch\ App/SleepDetectionService.swift -primary-file /Users/michaellee/Documents/powernapv2new/powernapv2new\ Watch\ App/PowerNapViewModel.swift /Users/michaellee/Documents/powernapv2new/powernapv2new\ Watch\ App/WorkoutSessionManager.swift /Users/michaellee/Library/Developer/Xcode/DerivedData/powernapv2new-aqnqdjigpfxhhbaezrjmudzroopa/Build/Intermediates.noindex/powernapv2new.build/Debug-watchos/powernapv2new\ Watch\ App.build/DerivedSources/GeneratedAssetSymbols.swift -emit-dependencies-path /Users/michaellee/Library/Developer/Xcode/DerivedData/powernapv2new-aqnqdjigpfxhhbaezrjmudzroopa/Build/Intermediates.noindex/powernapv2new.build/Debug-watchos/powernapv2new\ Watch\ App.build/Objects-normal/arm64_32/PowerNapViewModel.d -emit-const-values-path /Users/michaellee/Library/Developer/Xcode/DerivedData/powernapv2new-aqnqdjigpfxhhbaezrjmudzroopa/Build/Intermediates.noindex/powernapv2new.build/Debug-watchos/powernapv2new\ Watch\ App.build/Objects-normal/arm64_32/PowerNapViewModel.swiftconstvalues -emit-reference-dependencies-path /Users/michaellee/Library/Developer/Xcode/DerivedData/powernapv2new-aqnqdjigpfxhhbaezrjmudzroopa/Build/Intermediates.noindex/powernapv2new.build/Debug-watchos/powernapv2new\ Watch\ App.build/Objects-normal/arm64_32/PowerNapViewModel.swiftdeps -serialize-diagnostics-path /Users/michaellee/Library/Developer/Xcode/DerivedData/powernapv2new-aqnqdjigpfxhhbaezrjmudzroopa/Build/Intermediates.noindex/powernapv2new.build/Debug-watchos/powernapv2new\ Watch\ App.build/Objects-normal/arm64_32/PowerNapViewModel.dia -emit-localized-strings -emit-localized-strings-path /Users/michaellee/Library/Developer/Xcode/DerivedData/powernapv2new-aqnqdjigpfxhhbaezrjmudzroopa/Build/Intermediates.noindex/powernapv2new.build/Debug-watchos/powernapv2new\ Watch\ App.build/Objects-normal/arm64_32 -target arm64_32-apple-watchos11.2 -enable-objc-interop -sdk /Applications/Xcode.app/Contents/Developer/Platforms/WatchOS.platform/Developer/SDKs/WatchOS11.2.sdk -I /Users/michaellee/Library/Developer/Xcode/DerivedData/powernapv2new-aqnqdjigpfxhhbaezrjmudzroopa/Build/Products/Debug-watchos -F /Users/michaellee/Library/Developer/Xcode/DerivedData/powernapv2new-aqnqdjigpfxhhbaezrjmudzroopa/Build/Products/Debug-watchos -no-color-diagnostics -enable-testing -g -debug-info-format\=dwarf -dwarf-version\=5 -module-cache-path /Users/michaellee/Library/Developer/Xcode/DerivedData/ModuleCache.noindex -profile-generate -profile-coverage-mapping -swift-version 5 -enforce-exclusivity\=checked -Onone -D DEBUG -serialize-debugging-options -const-gather-protocols-file /Users/michaellee/Library/Developer/Xcode/DerivedData/powernapv2new-aqnqdjigpfxhhbaezrjmudzroopa/Build/Intermediates.noindex/powernapv2new.build/Debug-watchos/powernapv2new\ Watch\ App.build/Objects-normal/arm64_32/powernapv2new\ Watch\ App_const_extract_protocols.json -enable-experimental-feature DebugDescriptionMacro -enable-experimental-feature OpaqueTypeErasure -enable-bare-slash-regex -empty-abi-descriptor -validate-clang-modules-once -clang-build-session-file /Users/michaellee/Library/Developer/Xcode/DerivedData/ModuleCache.noindex/Session.modulevalidation -Xcc -working-directory -Xcc /Users/michaellee/Documents/powernapv2new -resource-dir /Applications/Xcode.app/Contents/Developer/Toolchains/XcodeDefault.xctoolchain/usr/lib/swift -enable-anonymous-context-mangled-names -file-compilation-dir /Users/michaellee/Documents/powernapv2new -Xcc -D_LIBCPP_HARDENING_MODE\=_LIBCPP_HARDENING_MODE_DEBUG -Xcc -ivfsstatcache -Xcc /Users/michaellee/Library/Developer/Xcode/DerivedData/SDKStatCaches.noindex/watchos11.2-22S97-0b3b2baea7cb8f92e0e7a0ebd9acdf21.sdkstatcache -Xcc -I/Users/michaellee/Library/Developer/Xcode/DerivedData/powernapv2new-aqnqdjigpfxhhbaezrjmudzroopa/Build/Intermediates.noindex/powernapv2new.build/Debug-watchos/powernapv2new\ Watch\ App.build/swift-overrides.hmap -Xcc -iquote -Xcc /Users/michaellee/Library/Developer/Xcode/DerivedData/powernapv2new-aqnqdjigpfxhhbaezrjmudzroopa/Build/Intermediates.noindex/powernapv2new.build/Debug-watchos/powernapv2new\ Watch\ App.build/powernapv2new\ Watch\ App-generated-files.hmap -Xcc -I/Users/michaellee/Library/Developer/Xcode/DerivedData/powernapv2new-aqnqdjigpfxhhbaezrjmudzroopa/Build/Intermediates.noindex/powernapv2new.build/Debug-watchos/powernapv2new\ Watch\ App.build/powernapv2new\ Watch\ App-own-target-headers.hmap -Xcc -I/Users/michaellee/Library/Developer/Xcode/DerivedData/powernapv2new-aqnqdjigpfxhhbaezrjmudzroopa/Build/Intermediates.noindex/powernapv2new.build/Debug-watchos/powernapv2new\ Watch\ App.build/powernapv2new\ Watch\ App-all-target-headers.hmap -Xcc -iquote -Xcc /Users/michaellee/Library/Developer/Xcode/DerivedData/powernapv2new-aqnqdjigpfxhhbaezrjmudzroopa/Build/Intermediates.noindex/powernapv2new.build/Debug-watchos/powernapv2new\ Watch\ App.build/powernapv2new\ Watch\ App-project-headers.hmap -Xcc -I/Users/michaellee/Library/Developer/Xcode/DerivedData/powernapv2new-aqnqdjigpfxhhbaezrjmudzroopa/Build/Products/Debug-watchos/include -Xcc -I/Users/michaellee/Library/Developer/Xcode/DerivedData/powernapv2new-aqnqdjigpfxhhbaezrjmudzroopa/Build/Intermediates.noindex/powernapv2new.build/Debug-watchos/powernapv2new\ Watch\ App.build/DerivedSources-normal/arm64_32 -Xcc -I/Users/michaellee/Library/Developer/Xcode/DerivedData/powernapv2new-aqnqdjigpfxhhbaezrjmudzroopa/Build/Intermediates.noindex/powernapv2new.build/Debug-watchos/powernapv2new\ Watch\ App.build/DerivedSources/arm64_32 -Xcc -I/Users/michaellee/Library/Developer/Xcode/DerivedData/powernapv2new-aqnqdjigpfxhhbaezrjmudzroopa/Build/Intermediates.noindex/powernapv2new.build/Debug-watchos/powernapv2new\ Watch\ App.build/DerivedSources -Xcc -DDEBUG\=1 -module-name powernapv2new_Watch_App -frontend-parseable-output -disable-clang-spi -target-sdk-version 11.2 -target-sdk-name watchos11.2 -external-plugin-path /Applications/Xcode.app/Contents/Developer/Platforms/WatchOS.platform/Developer/usr/lib/swift/host/plugins\#/Applications/Xcode.app/Contents/Developer/Platforms/WatchOS.platform/Developer/usr/bin/swift-plugin-server -external-plugin-path /Applications/Xcode.app/Contents/Developer/Platforms/WatchOS.platform/Developer/usr/local/lib/swift/host/plugins\#/Applications/Xcode.app/Contents/Developer/Platforms/WatchOS.platform/Developer/usr/bin/swift-plugin-server -plugin-path /Applications/Xcode.app/Contents/Developer/Toolchains/XcodeDefault.xctoolchain/usr/lib/swift/host/plugins -plugin-path /Applications/Xcode.app/Contents/Developer/Toolchains/XcodeDefault.xctoolchain/usr/local/lib/swift/host/plugins -o /Users/michaellee/Library/Developer/Xcode/DerivedData/powernapv2new-aqnqdjigpfxhhbaezrjmudzroopa/Build/Intermediates.noindex/powernapv2new.build/Debug-watchos/powernapv2new\ Watch\ App.build/Objects-normal/arm64_32/PowerNapViewModel.o -index-unit-output-path /powernapv2new.build/Debug-watchos/powernapv2new\ Watch\ App.build/Objects-normal/arm64_32/PowerNapViewModel.o -index-store-path /Users/michaellee/Library/Developer/Xcode/DerivedData/powernapv2new-aqnqdjigpfxhhbaezrjmudzroopa/Index.noindex/DataStore -index-system-modules

/Users/michaellee/Documents/powernapv2new/powernapv2new Watch App/PowerNapViewModel.swift:19:56: error: ambiguous use of 'shared'
    private let workoutManager = WorkoutSessionManager.shared
                                                       ^
/Users/michaellee/Documents/powernapv2new/powernapv2new Watch App/PowerNapServices.swift:18:16: note: found this candidate 
    static let shared = WorkoutSessionManager()
               ^
/Users/michaellee/Documents/powernapv2new/powernapv2new Watch App/WorkoutSessionManager.swift:13:16: note: found this candidate 
    static let shared = WorkoutSessionManager()
               ^
/Users/michaellee/Documents/powernapv2new/powernapv2new Watch App/PowerNapViewModel.swift:20:57: error: ambiguous use of 'shared'
    private let runtimeManager = ExtendedRuntimeManager.shared
                                                        ^
/Users/michaellee/Documents/powernapv2new/powernapv2new Watch App/PowerNapServices.swift:130:16: note: found this candidate 
    static let shared = ExtendedRuntimeManager()
               ^
/Users/michaellee/Documents/powernapv2new/powernapv2new Watch App/ExtendedRuntimeManager.swift:10:16: note: found this candidate 
    static let shared = ExtendedRuntimeManager()
               ^
/Users/michaellee/Documents/powernapv2new/powernapv2new Watch App/PowerNapViewModel.swift:21:56: error: ambiguous use of 'shared'
    private let sleepDetection = SleepDetectionService.shared
                                                       ^
/Users/michaellee/Documents/powernapv2new/powernapv2new Watch App/PowerNapServices.swift:211:16: note: found this candidate 
    static let shared = SleepDetectionService()
               ^
/Users/michaellee/Documents/powernapv2new/powernapv2new Watch App/SleepDetectionService.swift:22:16: note: found this candidate 
    static let shared = SleepDetectionService()
               ^
/Users/michaellee/Documents/powernapv2new/powernapv2new Watch App/PowerNapViewModel.swift:22:47: error: ambiguous use of 'shared'
    private let motionManager = MotionManager.shared
                                              ^
/Users/michaellee/Documents/powernapv2new/powernapv2new Watch App/PowerNapServices.swift:377:16: note: found this candidate 
    static let shared = MotionManager()
               ^
/Users/michaellee/Documents/powernapv2new/powernapv2new Watch App/MotionManager.swift:17:16: note: found this candidate 
    static let shared = MotionManager()
               ^
/Users/michaellee/Documents/powernapv2new/powernapv2new Watch App/PowerNapViewModel.swift:4:7: error: invalid redeclaration of 'PowerNapViewModel'
class PowerNapViewModel: ObservableObject {
      ^
/Users/michaellee/Documents/powernapv2new/powernapv2new Watch App/PowerNapServices.swift:442:7: note: 'PowerNapViewModel' previously declared here
class PowerNapViewModel: ObservableObject {
      ^
/Users/michaellee/Documents/powernapv2new/powernapv2new Watch App/PowerNapServices.swift:442:7: note: 'PowerNapViewModel' previously declared here
class PowerNapViewModel: ObservableObject {
      ^
/Users/michaellee/Documents/powernapv2new/powernapv2new Watch App/PowerNapViewModel.swift:40:56: error: cannot infer type of closure parameter 'intensity' without a type annotation
        motionManager.onMotionDetected = { [weak self] intensity in
                                                       ^

/Users/michaellee/Documents/powernapv2new/powernapv2new Watch App/PowerNapViewModel.swift:19:56: Ambiguous use of 'shared'

/Users/michaellee/Documents/powernapv2new/powernapv2new Watch App/PowerNapViewModel.swift:20:57: Ambiguous use of 'shared'

/Users/michaellee/Documents/powernapv2new/powernapv2new Watch App/PowerNapViewModel.swift:21:56: Ambiguous use of 'shared'

/Users/michaellee/Documents/powernapv2new/powernapv2new Watch App/PowerNapViewModel.swift:22:47: Ambiguous use of 'shared'

/Users/michaellee/Documents/powernapv2new/powernapv2new Watch App/PowerNapViewModel.swift:4:7: Invalid redeclaration of 'PowerNapViewModel'

/Users/michaellee/Documents/powernapv2new/powernapv2new Watch App/PowerNapViewModel.swift:40:56: Cannot infer type of closure parameter 'intensity' without a type annotation

SwiftCompile normal arm64_32 Compiling\ ContentView.swift,\ PowerNapServices.swift /Users/michaellee/Documents/powernapv2new/powernapv2new\ Watch\ App/ContentView.swift /Users/michaellee/Documents/powernapv2new/powernapv2new\ Watch\ App/PowerNapServices.swift (in target 'powernapv2new Watch App' from project 'powernapv2new')
    cd /Users/michaellee/Documents/powernapv2new
    builtin-swiftTaskExecution -- /Applications/Xcode.app/Contents/Developer/Toolchains/XcodeDefault.xctoolchain/usr/bin/swift-frontend -frontend -c -primary-file /Users/michaellee/Documents/powernapv2new/powernapv2new\ Watch\ App/ContentView.swift -primary-file /Users/michaellee/Documents/powernapv2new/powernapv2new\ Watch\ App/PowerNapServices.swift /Users/michaellee/Documents/powernapv2new/powernapv2new\ Watch\ App/MotionManager.swift /Users/michaellee/Documents/powernapv2new/powernapv2new\ Watch\ App/ExtendedRuntimeManager.swift /Users/michaellee/Documents/powernapv2new/powernapv2new\ Watch\ App/powernapv2newApp.swift /Users/michaellee/Documents/powernapv2new/powernapv2new\ Watch\ App/SleepDetectionService.swift /Users/michaellee/Documents/powernapv2new/powernapv2new\ Watch\ App/PowerNapViewModel.swift /Users/michaellee/Documents/powernapv2new/powernapv2new\ Watch\ App/WorkoutSessionManager.swift /Users/michaellee/Library/Developer/Xcode/DerivedData/powernapv2new-aqnqdjigpfxhhbaezrjmudzroopa/Build/Intermediates.noindex/powernapv2new.build/Debug-watchos/powernapv2new\ Watch\ App.build/DerivedSources/GeneratedAssetSymbols.swift -emit-dependencies-path /Users/michaellee/Library/Developer/Xcode/DerivedData/powernapv2new-aqnqdjigpfxhhbaezrjmudzroopa/Build/Intermediates.noindex/powernapv2new.build/Debug-watchos/powernapv2new\ Watch\ App.build/Objects-normal/arm64_32/ContentView.d -emit-const-values-path /Users/michaellee/Library/Developer/Xcode/DerivedData/powernapv2new-aqnqdjigpfxhhbaezrjmudzroopa/Build/Intermediates.noindex/powernapv2new.build/Debug-watchos/powernapv2new\ Watch\ App.build/Objects-normal/arm64_32/ContentView.swiftconstvalues -emit-reference-dependencies-path /Users/michaellee/Library/Developer/Xcode/DerivedData/powernapv2new-aqnqdjigpfxhhbaezrjmudzroopa/Build/Intermediates.noindex/powernapv2new.build/Debug-watchos/powernapv2new\ Watch\ App.build/Objects-normal/arm64_32/ContentView.swiftdeps -serialize-diagnostics-path /Users/michaellee/Library/Developer/Xcode/DerivedData/powernapv2new-aqnqdjigpfxhhbaezrjmudzroopa/Build/Intermediates.noindex/powernapv2new.build/Debug-watchos/powernapv2new\ Watch\ App.build/Objects-normal/arm64_32/ContentView.dia -emit-dependencies-path /Users/michaellee/Library/Developer/Xcode/DerivedData/powernapv2new-aqnqdjigpfxhhbaezrjmudzroopa/Build/Intermediates.noindex/powernapv2new.build/Debug-watchos/powernapv2new\ Watch\ App.build/Objects-normal/arm64_32/PowerNapServices.d -emit-const-values-path /Users/michaellee/Library/Developer/Xcode/DerivedData/powernapv2new-aqnqdjigpfxhhbaezrjmudzroopa/Build/Intermediates.noindex/powernapv2new.build/Debug-watchos/powernapv2new\ Watch\ App.build/Objects-normal/arm64_32/PowerNapServices.swiftconstvalues -emit-reference-dependencies-path /Users/michaellee/Library/Developer/Xcode/DerivedData/powernapv2new-aqnqdjigpfxhhbaezrjmudzroopa/Build/Intermediates.noindex/powernapv2new.build/Debug-watchos/powernapv2new\ Watch\ App.build/Objects-normal/arm64_32/PowerNapServices.swiftdeps -serialize-diagnostics-path /Users/michaellee/Library/Developer/Xcode/DerivedData/powernapv2new-aqnqdjigpfxhhbaezrjmudzroopa/Build/Intermediates.noindex/powernapv2new.build/Debug-watchos/powernapv2new\ Watch\ App.build/Objects-normal/arm64_32/PowerNapServices.dia -emit-localized-strings -emit-localized-strings-path /Users/michaellee/Library/Developer/Xcode/DerivedData/powernapv2new-aqnqdjigpfxhhbaezrjmudzroopa/Build/Intermediates.noindex/powernapv2new.build/Debug-watchos/powernapv2new\ Watch\ App.build/Objects-normal/arm64_32 -target arm64_32-apple-watchos11.2 -enable-objc-interop -sdk /Applications/Xcode.app/Contents/Developer/Platforms/WatchOS.platform/Developer/SDKs/WatchOS11.2.sdk -I /Users/michaellee/Library/Developer/Xcode/DerivedData/powernapv2new-aqnqdjigpfxhhbaezrjmudzroopa/Build/Products/Debug-watchos -F /Users/michaellee/Library/Developer/Xcode/DerivedData/powernapv2new-aqnqdjigpfxhhbaezrjmudzroopa/Build/Products/Debug-watchos -no-color-diagnostics -enable-testing -g -debug-info-format\=dwarf -dwarf-version\=5 -module-cache-path /Users/michaellee/Library/Developer/Xcode/DerivedData/ModuleCache.noindex -profile-generate -profile-coverage-mapping -swift-version 5 -enforce-exclusivity\=checked -Onone -D DEBUG -serialize-debugging-options -const-gather-protocols-file /Users/michaellee/Library/Developer/Xcode/DerivedData/powernapv2new-aqnqdjigpfxhhbaezrjmudzroopa/Build/Intermediates.noindex/powernapv2new.build/Debug-watchos/powernapv2new\ Watch\ App.build/Objects-normal/arm64_32/powernapv2new\ Watch\ App_const_extract_protocols.json -enable-experimental-feature DebugDescriptionMacro -enable-experimental-feature OpaqueTypeErasure -enable-bare-slash-regex -empty-abi-descriptor -validate-clang-modules-once -clang-build-session-file /Users/michaellee/Library/Developer/Xcode/DerivedData/ModuleCache.noindex/Session.modulevalidation -Xcc -working-directory -Xcc /Users/michaellee/Documents/powernapv2new -resource-dir /Applications/Xcode.app/Contents/Developer/Toolchains/XcodeDefault.xctoolchain/usr/lib/swift -enable-anonymous-context-mangled-names -file-compilation-dir /Users/michaellee/Documents/powernapv2new -Xcc -D_LIBCPP_HARDENING_MODE\=_LIBCPP_HARDENING_MODE_DEBUG -Xcc -ivfsstatcache -Xcc /Users/michaellee/Library/Developer/Xcode/DerivedData/SDKStatCaches.noindex/watchos11.2-22S97-0b3b2baea7cb8f92e0e7a0ebd9acdf21.sdkstatcache -Xcc -I/Users/michaellee/Library/Developer/Xcode/DerivedData/powernapv2new-aqnqdjigpfxhhbaezrjmudzroopa/Build/Intermediates.noindex/powernapv2new.build/Debug-watchos/powernapv2new\ Watch\ App.build/swift-overrides.hmap -Xcc -iquote -Xcc /Users/michaellee/Library/Developer/Xcode/DerivedData/powernapv2new-aqnqdjigpfxhhbaezrjmudzroopa/Build/Intermediates.noindex/powernapv2new.build/Debug-watchos/powernapv2new\ Watch\ App.build/powernapv2new\ Watch\ App-generated-files.hmap -Xcc -I/Users/michaellee/Library/Developer/Xcode/DerivedData/powernapv2new-aqnqdjigpfxhhbaezrjmudzroopa/Build/Intermediates.noindex/powernapv2new.build/Debug-watchos/powernapv2new\ Watch\ App.build/powernapv2new\ Watch\ App-own-target-headers.hmap -Xcc -I/Users/michaellee/Library/Developer/Xcode/DerivedData/powernapv2new-aqnqdjigpfxhhbaezrjmudzroopa/Build/Intermediates.noindex/powernapv2new.build/Debug-watchos/powernapv2new\ Watch\ App.build/powernapv2new\ Watch\ App-all-target-headers.hmap -Xcc -iquote -Xcc /Users/michaellee/Library/Developer/Xcode/DerivedData/powernapv2new-aqnqdjigpfxhhbaezrjmudzroopa/Build/Intermediates.noindex/powernapv2new.build/Debug-watchos/powernapv2new\ Watch\ App.build/powernapv2new\ Watch\ App-project-headers.hmap -Xcc -I/Users/michaellee/Library/Developer/Xcode/DerivedData/powernapv2new-aqnqdjigpfxhhbaezrjmudzroopa/Build/Products/Debug-watchos/include -Xcc -I/Users/michaellee/Library/Developer/Xcode/DerivedData/powernapv2new-aqnqdjigpfxhhbaezrjmudzroopa/Build/Intermediates.noindex/powernapv2new.build/Debug-watchos/powernapv2new\ Watch\ App.build/DerivedSources-normal/arm64_32 -Xcc -I/Users/michaellee/Library/Developer/Xcode/DerivedData/powernapv2new-aqnqdjigpfxhhbaezrjmudzroopa/Build/Intermediates.noindex/powernapv2new.build/Debug-watchos/powernapv2new\ Watch\ App.build/DerivedSources/arm64_32 -Xcc -I/Users/michaellee/Library/Developer/Xcode/DerivedData/powernapv2new-aqnqdjigpfxhhbaezrjmudzroopa/Build/Intermediates.noindex/powernapv2new.build/Debug-watchos/powernapv2new\ Watch\ App.build/DerivedSources -Xcc -DDEBUG\=1 -module-name powernapv2new_Watch_App -frontend-parseable-output -disable-clang-spi -target-sdk-version 11.2 -target-sdk-name watchos11.2 -external-plugin-path /Applications/Xcode.app/Contents/Developer/Platforms/WatchOS.platform/Developer/usr/lib/swift/host/plugins\#/Applications/Xcode.app/Contents/Developer/Platforms/WatchOS.platform/Developer/usr/bin/swift-plugin-server -external-plugin-path /Applications/Xcode.app/Contents/Developer/Platforms/WatchOS.platform/Developer/usr/local/lib/swift/host/plugins\#/Applications/Xcode.app/Contents/Developer/Platforms/WatchOS.platform/Developer/usr/bin/swift-plugin-server -plugin-path /Applications/Xcode.app/Contents/Developer/Toolchains/XcodeDefault.xctoolchain/usr/lib/swift/host/plugins -plugin-path /Applications/Xcode.app/Contents/Developer/Toolchains/XcodeDefault.xctoolchain/usr/local/lib/swift/host/plugins -o /Users/michaellee/Library/Developer/Xcode/DerivedData/powernapv2new-aqnqdjigpfxhhbaezrjmudzroopa/Build/Intermediates.noindex/powernapv2new.build/Debug-watchos/powernapv2new\ Watch\ App.build/Objects-normal/arm64_32/ContentView.o -o /Users/michaellee/Library/Developer/Xcode/DerivedData/powernapv2new-aqnqdjigpfxhhbaezrjmudzroopa/Build/Intermediates.noindex/powernapv2new.build/Debug-watchos/powernapv2new\ Watch\ App.build/Objects-normal/arm64_32/PowerNapServices.o -index-unit-output-path /powernapv2new.build/Debug-watchos/powernapv2new\ Watch\ App.build/Objects-normal/arm64_32/ContentView.o -index-unit-output-path /powernapv2new.build/Debug-watchos/powernapv2new\ Watch\ App.build/Objects-normal/arm64_32/PowerNapServices.o -index-store-path /Users/michaellee/Library/Developer/Xcode/DerivedData/powernapv2new-aqnqdjigpfxhhbaezrjmudzroopa/Index.noindex/DataStore -index-system-modules

SwiftCompile normal arm64_32 /Users/michaellee/Documents/powernapv2new/powernapv2new\ Watch\ App/ContentView.swift (in target 'powernapv2new Watch App' from project 'powernapv2new')
    cd /Users/michaellee/Documents/powernapv2new
    /Applications/Xcode.app/Contents/Developer/Toolchains/XcodeDefault.xctoolchain/usr/bin/swift-frontend -c -primary-file /Users/michaellee/Documents/powernapv2new/powernapv2new\ Watch\ App/ContentView.swift -primary-file /Users/michaellee/Documents/powernapv2new/powernapv2new\ Watch\ App/PowerNapServices.swift /Users/michaellee/Documents/powernapv2new/powernapv2new\ Watch\ App/MotionManager.swift /Users/michaellee/Documents/powernapv2new/powernapv2new\ Watch\ App/ExtendedRuntimeManager.swift /Users/michaellee/Documents/powernapv2new/powernapv2new\ Watch\ App/powernapv2newApp.swift /Users/michaellee/Documents/powernapv2new/powernapv2new\ Watch\ App/SleepDetectionService.swift /Users/michaellee/Documents/powernapv2new/powernapv2new\ Watch\ App/PowerNapViewModel.swift /Users/michaellee/Documents/powernapv2new/powernapv2new\ Watch\ App/WorkoutSessionManager.swift /Users/michaellee/Library/Developer/Xcode/DerivedData/powernapv2new-aqnqdjigpfxhhbaezrjmudzroopa/Build/Intermediates.noindex/powernapv2new.build/Debug-watchos/powernapv2new\ Watch\ App.build/DerivedSources/GeneratedAssetSymbols.swift -emit-dependencies-path /Users/michaellee/Library/Developer/Xcode/DerivedData/powernapv2new-aqnqdjigpfxhhbaezrjmudzroopa/Build/Intermediates.noindex/powernapv2new.build/Debug-watchos/powernapv2new\ Watch\ App.build/Objects-normal/arm64_32/ContentView.d -emit-const-values-path /Users/michaellee/Library/Developer/Xcode/DerivedData/powernapv2new-aqnqdjigpfxhhbaezrjmudzroopa/Build/Intermediates.noindex/powernapv2new.build/Debug-watchos/powernapv2new\ Watch\ App.build/Objects-normal/arm64_32/ContentView.swiftconstvalues -emit-reference-dependencies-path /Users/michaellee/Library/Developer/Xcode/DerivedData/powernapv2new-aqnqdjigpfxhhbaezrjmudzroopa/Build/Intermediates.noindex/powernapv2new.build/Debug-watchos/powernapv2new\ Watch\ App.build/Objects-normal/arm64_32/ContentView.swiftdeps -serialize-diagnostics-path /Users/michaellee/Library/Developer/Xcode/DerivedData/powernapv2new-aqnqdjigpfxhhbaezrjmudzroopa/Build/Intermediates.noindex/powernapv2new.build/Debug-watchos/powernapv2new\ Watch\ App.build/Objects-normal/arm64_32/ContentView.dia -emit-dependencies-path /Users/michaellee/Library/Developer/Xcode/DerivedData/powernapv2new-aqnqdjigpfxhhbaezrjmudzroopa/Build/Intermediates.noindex/powernapv2new.build/Debug-watchos/powernapv2new\ Watch\ App.build/Objects-normal/arm64_32/PowerNapServices.d -emit-const-values-path /Users/michaellee/Library/Developer/Xcode/DerivedData/powernapv2new-aqnqdjigpfxhhbaezrjmudzroopa/Build/Intermediates.noindex/powernapv2new.build/Debug-watchos/powernapv2new\ Watch\ App.build/Objects-normal/arm64_32/PowerNapServices.swiftconstvalues -emit-reference-dependencies-path /Users/michaellee/Library/Developer/Xcode/DerivedData/powernapv2new-aqnqdjigpfxhhbaezrjmudzroopa/Build/Intermediates.noindex/powernapv2new.build/Debug-watchos/powernapv2new\ Watch\ App.build/Objects-normal/arm64_32/PowerNapServices.swiftdeps -serialize-diagnostics-path /Users/michaellee/Library/Developer/Xcode/DerivedData/powernapv2new-aqnqdjigpfxhhbaezrjmudzroopa/Build/Intermediates.noindex/powernapv2new.build/Debug-watchos/powernapv2new\ Watch\ App.build/Objects-normal/arm64_32/PowerNapServices.dia -emit-localized-strings -emit-localized-strings-path /Users/michaellee/Library/Developer/Xcode/DerivedData/powernapv2new-aqnqdjigpfxhhbaezrjmudzroopa/Build/Intermediates.noindex/powernapv2new.build/Debug-watchos/powernapv2new\ Watch\ App.build/Objects-normal/arm64_32 -target arm64_32-apple-watchos11.2 -enable-objc-interop -sdk /Applications/Xcode.app/Contents/Developer/Platforms/WatchOS.platform/Developer/SDKs/WatchOS11.2.sdk -I /Users/michaellee/Library/Developer/Xcode/DerivedData/powernapv2new-aqnqdjigpfxhhbaezrjmudzroopa/Build/Products/Debug-watchos -F /Users/michaellee/Library/Developer/Xcode/DerivedData/powernapv2new-aqnqdjigpfxhhbaezrjmudzroopa/Build/Products/Debug-watchos -no-color-diagnostics -enable-testing -g -debug-info-format\=dwarf -dwarf-version\=5 -module-cache-path /Users/michaellee/Library/Developer/Xcode/DerivedData/ModuleCache.noindex -profile-generate -profile-coverage-mapping -swift-version 5 -enforce-exclusivity\=checked -Onone -D DEBUG -serialize-debugging-options -const-gather-protocols-file /Users/michaellee/Library/Developer/Xcode/DerivedData/powernapv2new-aqnqdjigpfxhhbaezrjmudzroopa/Build/Intermediates.noindex/powernapv2new.build/Debug-watchos/powernapv2new\ Watch\ App.build/Objects-normal/arm64_32/powernapv2new\ Watch\ App_const_extract_protocols.json -enable-experimental-feature DebugDescriptionMacro -enable-experimental-feature OpaqueTypeErasure -enable-bare-slash-regex -empty-abi-descriptor -validate-clang-modules-once -clang-build-session-file /Users/michaellee/Library/Developer/Xcode/DerivedData/ModuleCache.noindex/Session.modulevalidation -Xcc -working-directory -Xcc /Users/michaellee/Documents/powernapv2new -resource-dir /Applications/Xcode.app/Contents/Developer/Toolchains/XcodeDefault.xctoolchain/usr/lib/swift -enable-anonymous-context-mangled-names -file-compilation-dir /Users/michaellee/Documents/powernapv2new -Xcc -D_LIBCPP_HARDENING_MODE\=_LIBCPP_HARDENING_MODE_DEBUG -Xcc -ivfsstatcache -Xcc /Users/michaellee/Library/Developer/Xcode/DerivedData/SDKStatCaches.noindex/watchos11.2-22S97-0b3b2baea7cb8f92e0e7a0ebd9acdf21.sdkstatcache -Xcc -I/Users/michaellee/Library/Developer/Xcode/DerivedData/powernapv2new-aqnqdjigpfxhhbaezrjmudzroopa/Build/Intermediates.noindex/powernapv2new.build/Debug-watchos/powernapv2new\ Watch\ App.build/swift-overrides.hmap -Xcc -iquote -Xcc /Users/michaellee/Library/Developer/Xcode/DerivedData/powernapv2new-aqnqdjigpfxhhbaezrjmudzroopa/Build/Intermediates.noindex/powernapv2new.build/Debug-watchos/powernapv2new\ Watch\ App.build/powernapv2new\ Watch\ App-generated-files.hmap -Xcc -I/Users/michaellee/Library/Developer/Xcode/DerivedData/powernapv2new-aqnqdjigpfxhhbaezrjmudzroopa/Build/Intermediates.noindex/powernapv2new.build/Debug-watchos/powernapv2new\ Watch\ App.build/powernapv2new\ Watch\ App-own-target-headers.hmap -Xcc -I/Users/michaellee/Library/Developer/Xcode/DerivedData/powernapv2new-aqnqdjigpfxhhbaezrjmudzroopa/Build/Intermediates.noindex/powernapv2new.build/Debug-watchos/powernapv2new\ Watch\ App.build/powernapv2new\ Watch\ App-all-target-headers.hmap -Xcc -iquote -Xcc /Users/michaellee/Library/Developer/Xcode/DerivedData/powernapv2new-aqnqdjigpfxhhbaezrjmudzroopa/Build/Intermediates.noindex/powernapv2new.build/Debug-watchos/powernapv2new\ Watch\ App.build/powernapv2new\ Watch\ App-project-headers.hmap -Xcc -I/Users/michaellee/Library/Developer/Xcode/DerivedData/powernapv2new-aqnqdjigpfxhhbaezrjmudzroopa/Build/Products/Debug-watchos/include -Xcc -I/Users/michaellee/Library/Developer/Xcode/DerivedData/powernapv2new-aqnqdjigpfxhhbaezrjmudzroopa/Build/Intermediates.noindex/powernapv2new.build/Debug-watchos/powernapv2new\ Watch\ App.build/DerivedSources-normal/arm64_32 -Xcc -I/Users/michaellee/Library/Developer/Xcode/DerivedData/powernapv2new-aqnqdjigpfxhhbaezrjmudzroopa/Build/Intermediates.noindex/powernapv2new.build/Debug-watchos/powernapv2new\ Watch\ App.build/DerivedSources/arm64_32 -Xcc -I/Users/michaellee/Library/Developer/Xcode/DerivedData/powernapv2new-aqnqdjigpfxhhbaezrjmudzroopa/Build/Intermediates.noindex/powernapv2new.build/Debug-watchos/powernapv2new\ Watch\ App.build/DerivedSources -Xcc -DDEBUG\=1 -module-name powernapv2new_Watch_App -frontend-parseable-output -disable-clang-spi -target-sdk-version 11.2 -target-sdk-name watchos11.2 -external-plugin-path /Applications/Xcode.app/Contents/Developer/Platforms/WatchOS.platform/Developer/usr/lib/swift/host/plugins\#/Applications/Xcode.app/Contents/Developer/Platforms/WatchOS.platform/Developer/usr/bin/swift-plugin-server -external-plugin-path /Applications/Xcode.app/Contents/Developer/Platforms/WatchOS.platform/Developer/usr/local/lib/swift/host/plugins\#/Applications/Xcode.app/Contents/Developer/Platforms/WatchOS.platform/Developer/usr/bin/swift-plugin-server -plugin-path /Applications/Xcode.app/Contents/Developer/Toolchains/XcodeDefault.xctoolchain/usr/lib/swift/host/plugins -plugin-path /Applications/Xcode.app/Contents/Developer/Toolchains/XcodeDefault.xctoolchain/usr/local/lib/swift/host/plugins -o /Users/michaellee/Library/Developer/Xcode/DerivedData/powernapv2new-aqnqdjigpfxhhbaezrjmudzroopa/Build/Intermediates.noindex/powernapv2new.build/Debug-watchos/powernapv2new\ Watch\ App.build/Objects-normal/arm64_32/ContentView.o -o /Users/michaellee/Library/Developer/Xcode/DerivedData/powernapv2new-aqnqdjigpfxhhbaezrjmudzroopa/Build/Intermediates.noindex/powernapv2new.build/Debug-watchos/powernapv2new\ Watch\ App.build/Objects-normal/arm64_32/PowerNapServices.o -index-unit-output-path /powernapv2new.build/Debug-watchos/powernapv2new\ Watch\ App.build/Objects-normal/arm64_32/ContentView.o -index-unit-output-path /powernapv2new.build/Debug-watchos/powernapv2new\ Watch\ App.build/Objects-normal/arm64_32/PowerNapServices.o -index-store-path /Users/michaellee/Library/Developer/Xcode/DerivedData/powernapv2new-aqnqdjigpfxhhbaezrjmudzroopa/Index.noindex/DataStore -index-system-modules

/Users/michaellee/Documents/powernapv2new/powernapv2new Watch App/ContentView.swift:14:42: error: ambiguous use of 'init()'
    @StateObject private var viewModel = PowerNapViewModel()
                                         ^
/Users/michaellee/Documents/powernapv2new/powernapv2new Watch App/PowerNapServices.swift:471:5: note: found this candidate 
    init() {
    ^
/Users/michaellee/Documents/powernapv2new/powernapv2new Watch App/PowerNapViewModel.swift:33:5: note: found this candidate 
    init() {
    ^

/Users/michaellee/Documents/powernapv2new/powernapv2new Watch App/ContentView.swift:14:42: Ambiguous use of 'init()'

SwiftCompile normal arm64_32 /Users/michaellee/Documents/powernapv2new/powernapv2new\ Watch\ App/PowerNapServices.swift (in target 'powernapv2new Watch App' from project 'powernapv2new')
    cd /Users/michaellee/Documents/powernapv2new
    /Applications/Xcode.app/Contents/Developer/Toolchains/XcodeDefault.xctoolchain/usr/bin/swift-frontend -c -primary-file /Users/michaellee/Documents/powernapv2new/powernapv2new\ Watch\ App/ContentView.swift -primary-file /Users/michaellee/Documents/powernapv2new/powernapv2new\ Watch\ App/PowerNapServices.swift /Users/michaellee/Documents/powernapv2new/powernapv2new\ Watch\ App/MotionManager.swift /Users/michaellee/Documents/powernapv2new/powernapv2new\ Watch\ App/ExtendedRuntimeManager.swift /Users/michaellee/Documents/powernapv2new/powernapv2new\ Watch\ App/powernapv2newApp.swift /Users/michaellee/Documents/powernapv2new/powernapv2new\ Watch\ App/SleepDetectionService.swift /Users/michaellee/Documents/powernapv2new/powernapv2new\ Watch\ App/PowerNapViewModel.swift /Users/michaellee/Documents/powernapv2new/powernapv2new\ Watch\ App/WorkoutSessionManager.swift /Users/michaellee/Library/Developer/Xcode/DerivedData/powernapv2new-aqnqdjigpfxhhbaezrjmudzroopa/Build/Intermediates.noindex/powernapv2new.build/Debug-watchos/powernapv2new\ Watch\ App.build/DerivedSources/GeneratedAssetSymbols.swift -emit-dependencies-path /Users/michaellee/Library/Developer/Xcode/DerivedData/powernapv2new-aqnqdjigpfxhhbaezrjmudzroopa/Build/Intermediates.noindex/powernapv2new.build/Debug-watchos/powernapv2new\ Watch\ App.build/Objects-normal/arm64_32/ContentView.d -emit-const-values-path /Users/michaellee/Library/Developer/Xcode/DerivedData/powernapv2new-aqnqdjigpfxhhbaezrjmudzroopa/Build/Intermediates.noindex/powernapv2new.build/Debug-watchos/powernapv2new\ Watch\ App.build/Objects-normal/arm64_32/ContentView.swiftconstvalues -emit-reference-dependencies-path /Users/michaellee/Library/Developer/Xcode/DerivedData/powernapv2new-aqnqdjigpfxhhbaezrjmudzroopa/Build/Intermediates.noindex/powernapv2new.build/Debug-watchos/powernapv2new\ Watch\ App.build/Objects-normal/arm64_32/ContentView.swiftdeps -serialize-diagnostics-path /Users/michaellee/Library/Developer/Xcode/DerivedData/powernapv2new-aqnqdjigpfxhhbaezrjmudzroopa/Build/Intermediates.noindex/powernapv2new.build/Debug-watchos/powernapv2new\ Watch\ App.build/Objects-normal/arm64_32/ContentView.dia -emit-dependencies-path /Users/michaellee/Library/Developer/Xcode/DerivedData/powernapv2new-aqnqdjigpfxhhbaezrjmudzroopa/Build/Intermediates.noindex/powernapv2new.build/Debug-watchos/powernapv2new\ Watch\ App.build/Objects-normal/arm64_32/PowerNapServices.d -emit-const-values-path /Users/michaellee/Library/Developer/Xcode/DerivedData/powernapv2new-aqnqdjigpfxhhbaezrjmudzroopa/Build/Intermediates.noindex/powernapv2new.build/Debug-watchos/powernapv2new\ Watch\ App.build/Objects-normal/arm64_32/PowerNapServices.swiftconstvalues -emit-reference-dependencies-path /Users/michaellee/Library/Developer/Xcode/DerivedData/powernapv2new-aqnqdjigpfxhhbaezrjmudzroopa/Build/Intermediates.noindex/powernapv2new.build/Debug-watchos/powernapv2new\ Watch\ App.build/Objects-normal/arm64_32/PowerNapServices.swiftdeps -serialize-diagnostics-path /Users/michaellee/Library/Developer/Xcode/DerivedData/powernapv2new-aqnqdjigpfxhhbaezrjmudzroopa/Build/Intermediates.noindex/powernapv2new.build/Debug-watchos/powernapv2new\ Watch\ App.build/Objects-normal/arm64_32/PowerNapServices.dia -emit-localized-strings -emit-localized-strings-path /Users/michaellee/Library/Developer/Xcode/DerivedData/powernapv2new-aqnqdjigpfxhhbaezrjmudzroopa/Build/Intermediates.noindex/powernapv2new.build/Debug-watchos/powernapv2new\ Watch\ App.build/Objects-normal/arm64_32 -target arm64_32-apple-watchos11.2 -enable-objc-interop -sdk /Applications/Xcode.app/Contents/Developer/Platforms/WatchOS.platform/Developer/SDKs/WatchOS11.2.sdk -I /Users/michaellee/Library/Developer/Xcode/DerivedData/powernapv2new-aqnqdjigpfxhhbaezrjmudzroopa/Build/Products/Debug-watchos -F /Users/michaellee/Library/Developer/Xcode/DerivedData/powernapv2new-aqnqdjigpfxhhbaezrjmudzroopa/Build/Products/Debug-watchos -no-color-diagnostics -enable-testing -g -debug-info-format\=dwarf -dwarf-version\=5 -module-cache-path /Users/michaellee/Library/Developer/Xcode/DerivedData/ModuleCache.noindex -profile-generate -profile-coverage-mapping -swift-version 5 -enforce-exclusivity\=checked -Onone -D DEBUG -serialize-debugging-options -const-gather-protocols-file /Users/michaellee/Library/Developer/Xcode/DerivedData/powernapv2new-aqnqdjigpfxhhbaezrjmudzroopa/Build/Intermediates.noindex/powernapv2new.build/Debug-watchos/powernapv2new\ Watch\ App.build/Objects-normal/arm64_32/powernapv2new\ Watch\ App_const_extract_protocols.json -enable-experimental-feature DebugDescriptionMacro -enable-experimental-feature OpaqueTypeErasure -enable-bare-slash-regex -empty-abi-descriptor -validate-clang-modules-once -clang-build-session-file /Users/michaellee/Library/Developer/Xcode/DerivedData/ModuleCache.noindex/Session.modulevalidation -Xcc -working-directory -Xcc /Users/michaellee/Documents/powernapv2new -resource-dir /Applications/Xcode.app/Contents/Developer/Toolchains/XcodeDefault.xctoolchain/usr/lib/swift -enable-anonymous-context-mangled-names -file-compilation-dir /Users/michaellee/Documents/powernapv2new -Xcc -D_LIBCPP_HARDENING_MODE\=_LIBCPP_HARDENING_MODE_DEBUG -Xcc -ivfsstatcache -Xcc /Users/michaellee/Library/Developer/Xcode/DerivedData/SDKStatCaches.noindex/watchos11.2-22S97-0b3b2baea7cb8f92e0e7a0ebd9acdf21.sdkstatcache -Xcc -I/Users/michaellee/Library/Developer/Xcode/DerivedData/powernapv2new-aqnqdjigpfxhhbaezrjmudzroopa/Build/Intermediates.noindex/powernapv2new.build/Debug-watchos/powernapv2new\ Watch\ App.build/swift-overrides.hmap -Xcc -iquote -Xcc /Users/michaellee/Library/Developer/Xcode/DerivedData/powernapv2new-aqnqdjigpfxhhbaezrjmudzroopa/Build/Intermediates.noindex/powernapv2new.build/Debug-watchos/powernapv2new\ Watch\ App.build/powernapv2new\ Watch\ App-generated-files.hmap -Xcc -I/Users/michaellee/Library/Developer/Xcode/DerivedData/powernapv2new-aqnqdjigpfxhhbaezrjmudzroopa/Build/Intermediates.noindex/powernapv2new.build/Debug-watchos/powernapv2new\ Watch\ App.build/powernapv2new\ Watch\ App-own-target-headers.hmap -Xcc -I/Users/michaellee/Library/Developer/Xcode/DerivedData/powernapv2new-aqnqdjigpfxhhbaezrjmudzroopa/Build/Intermediates.noindex/powernapv2new.build/Debug-watchos/powernapv2new\ Watch\ App.build/powernapv2new\ Watch\ App-all-target-headers.hmap -Xcc -iquote -Xcc /Users/michaellee/Library/Developer/Xcode/DerivedData/powernapv2new-aqnqdjigpfxhhbaezrjmudzroopa/Build/Intermediates.noindex/powernapv2new.build/Debug-watchos/powernapv2new\ Watch\ App.build/powernapv2new\ Watch\ App-project-headers.hmap -Xcc -I/Users/michaellee/Library/Developer/Xcode/DerivedData/powernapv2new-aqnqdjigpfxhhbaezrjmudzroopa/Build/Products/Debug-watchos/include -Xcc -I/Users/michaellee/Library/Developer/Xcode/DerivedData/powernapv2new-aqnqdjigpfxhhbaezrjmudzroopa/Build/Intermediates.noindex/powernapv2new.build/Debug-watchos/powernapv2new\ Watch\ App.build/DerivedSources-normal/arm64_32 -Xcc -I/Users/michaellee/Library/Developer/Xcode/DerivedData/powernapv2new-aqnqdjigpfxhhbaezrjmudzroopa/Build/Intermediates.noindex/powernapv2new.build/Debug-watchos/powernapv2new\ Watch\ App.build/DerivedSources/arm64_32 -Xcc -I/Users/michaellee/Library/Developer/Xcode/DerivedData/powernapv2new-aqnqdjigpfxhhbaezrjmudzroopa/Build/Intermediates.noindex/powernapv2new.build/Debug-watchos/powernapv2new\ Watch\ App.build/DerivedSources -Xcc -DDEBUG\=1 -module-name powernapv2new_Watch_App -frontend-parseable-output -disable-clang-spi -target-sdk-version 11.2 -target-sdk-name watchos11.2 -external-plugin-path /Applications/Xcode.app/Contents/Developer/Platforms/WatchOS.platform/Developer/usr/lib/swift/host/plugins\#/Applications/Xcode.app/Contents/Developer/Platforms/WatchOS.platform/Developer/usr/bin/swift-plugin-server -external-plugin-path /Applications/Xcode.app/Contents/Developer/Platforms/WatchOS.platform/Developer/usr/local/lib/swift/host/plugins\#/Applications/Xcode.app/Contents/Developer/Platforms/WatchOS.platform/Developer/usr/bin/swift-plugin-server -plugin-path /Applications/Xcode.app/Contents/Developer/Toolchains/XcodeDefault.xctoolchain/usr/lib/swift/host/plugins -plugin-path /Applications/Xcode.app/Contents/Developer/Toolchains/XcodeDefault.xctoolchain/usr/local/lib/swift/host/plugins -o /Users/michaellee/Library/Developer/Xcode/DerivedData/powernapv2new-aqnqdjigpfxhhbaezrjmudzroopa/Build/Intermediates.noindex/powernapv2new.build/Debug-watchos/powernapv2new\ Watch\ App.build/Objects-normal/arm64_32/ContentView.o -o /Users/michaellee/Library/Developer/Xcode/DerivedData/powernapv2new-aqnqdjigpfxhhbaezrjmudzroopa/Build/Intermediates.noindex/powernapv2new.build/Debug-watchos/powernapv2new\ Watch\ App.build/Objects-normal/arm64_32/PowerNapServices.o -index-unit-output-path /powernapv2new.build/Debug-watchos/powernapv2new\ Watch\ App.build/Objects-normal/arm64_32/ContentView.o -index-unit-output-path /powernapv2new.build/Debug-watchos/powernapv2new\ Watch\ App.build/Objects-normal/arm64_32/PowerNapServices.o -index-store-path /Users/michaellee/Library/Developer/Xcode/DerivedData/powernapv2new-aqnqdjigpfxhhbaezrjmudzroopa/Index.noindex/DataStore -index-system-modules

/Users/michaellee/Documents/powernapv2new/powernapv2new Watch App/PowerNapServices.swift:10:7: error: invalid redeclaration of 'WorkoutSessionManager'
class WorkoutSessionManager: NSObject, HKWorkoutSessionDelegate {
      ^
/Users/michaellee/Documents/powernapv2new/powernapv2new Watch App/WorkoutSessionManager.swift:5:7: note: 'WorkoutSessionManager' previously declared here
class WorkoutSessionManager: NSObject, HKWorkoutSessionDelegate {
      ^
/Users/michaellee/Documents/powernapv2new/powernapv2new Watch App/WorkoutSessionManager.swift:5:7: note: 'WorkoutSessionManager' previously declared here
class WorkoutSessionManager: NSObject, HKWorkoutSessionDelegate {
      ^
/Users/michaellee/Documents/powernapv2new/powernapv2new Watch App/PowerNapServices.swift:112:11: error: 'WorkoutSessionManager' is ambiguous for type lookup in this context
extension WorkoutSessionManager: HKLiveWorkoutBuilderDelegate {
          ^~~~~~~~~~~~~~~~~~~~~
/Users/michaellee/Documents/powernapv2new/powernapv2new Watch App/PowerNapServices.swift:10:7: note: found this candidate
class WorkoutSessionManager: NSObject, HKWorkoutSessionDelegate {
      ^
/Users/michaellee/Documents/powernapv2new/powernapv2new Watch App/WorkoutSessionManager.swift:5:7: note: found this candidate
class WorkoutSessionManager: NSObject, HKWorkoutSessionDelegate {
      ^
/Users/michaellee/Documents/powernapv2new/powernapv2new Watch App/PowerNapServices.swift:123:7: error: invalid redeclaration of 'ExtendedRuntimeManager'
class ExtendedRuntimeManager: NSObject {
      ^
/Users/michaellee/Documents/powernapv2new/powernapv2new Watch App/ExtendedRuntimeManager.swift:5:7: note: 'ExtendedRuntimeManager' previously declared here
class ExtendedRuntimeManager: NSObject, WKExtendedRuntimeSessionDelegate {
      ^
/Users/michaellee/Documents/powernapv2new/powernapv2new Watch App/ExtendedRuntimeManager.swift:5:7: note: 'ExtendedRuntimeManager' previously declared here
class ExtendedRuntimeManager: NSObject, WKExtendedRuntimeSessionDelegate {
      ^
/Users/michaellee/Documents/powernapv2new/powernapv2new Watch App/PowerNapServices.swift:162:11: error: 'ExtendedRuntimeManager' is ambiguous for type lookup in this context
extension ExtendedRuntimeManager: WKExtendedRuntimeSessionDelegate {
          ^~~~~~~~~~~~~~~~~~~~~~
/Users/michaellee/Documents/powernapv2new/powernapv2new Watch App/PowerNapServices.swift:123:7: note: found this candidate
class ExtendedRuntimeManager: NSObject {
      ^
/Users/michaellee/Documents/powernapv2new/powernapv2new Watch App/ExtendedRuntimeManager.swift:5:7: note: found this candidate
class ExtendedRuntimeManager: NSObject, WKExtendedRuntimeSessionDelegate {
      ^
/Users/michaellee/Documents/powernapv2new/powernapv2new Watch App/PowerNapServices.swift:194:7: error: invalid redeclaration of 'SleepDetectionService'
class SleepDetectionService {
      ^
/Users/michaellee/Documents/powernapv2new/powernapv2new Watch App/SleepDetectionService.swift:5:7: note: 'SleepDetectionService' previously declared here
class SleepDetectionService {
      ^
/Users/michaellee/Documents/powernapv2new/powernapv2new Watch App/SleepDetectionService.swift:5:7: note: 'SleepDetectionService' previously declared here
class SleepDetectionService {
      ^
/Users/michaellee/Documents/powernapv2new/powernapv2new Watch App/PowerNapServices.swift:363:7: error: invalid redeclaration of 'MotionManager'
class MotionManager {
      ^
/Users/michaellee/Documents/powernapv2new/powernapv2new Watch App/MotionManager.swift:5:7: note: 'MotionManager' previously declared here
class MotionManager {
      ^
/Users/michaellee/Documents/powernapv2new/powernapv2new Watch App/MotionManager.swift:5:7: note: 'MotionManager' previously declared here
class MotionManager {
      ^
/Users/michaellee/Documents/powernapv2new/powernapv2new Watch App/PowerNapServices.swift:442:7: error: invalid redeclaration of 'PowerNapViewModel'
class PowerNapViewModel: ObservableObject {
      ^
/Users/michaellee/Documents/powernapv2new/powernapv2new Watch App/PowerNapViewModel.swift:4:7: note: 'PowerNapViewModel' previously declared here
class PowerNapViewModel: ObservableObject {
      ^
/Users/michaellee/Documents/powernapv2new/powernapv2new Watch App/PowerNapViewModel.swift:4:7: note: 'PowerNapViewModel' previously declared here
class PowerNapViewModel: ObservableObject {
      ^
/Users/michaellee/Documents/powernapv2new/powernapv2new Watch App/PowerNapServices.swift:45:40: error: cannot assign value of type 'WorkoutSessionManager' to type '(any HKLiveWorkoutBuilderDelegate)?'
            workoutBuilder?.delegate = self
                                       ^~~~
/Users/michaellee/Documents/powernapv2new/powernapv2new Watch App/PowerNapServices.swift:45:40: note: add missing conformance to 'HKLiveWorkoutBuilderDelegate' to class 'WorkoutSessionManager'
            workoutBuilder?.delegate = self
                                       ^
/Users/michaellee/Documents/powernapv2new/powernapv2new Watch App/PowerNapServices.swift:142:29: error: cannot assign value of type 'ExtendedRuntimeManager' to type '(any WKExtendedRuntimeSessionDelegate)?'
        session?.delegate = self
                            ^~~~
/Users/michaellee/Documents/powernapv2new/powernapv2new Watch App/PowerNapServices.swift:142:29: note: add missing conformance to 'WKExtendedRuntimeSessionDelegate' to class 'ExtendedRuntimeManager'
        session?.delegate = self
                            ^

/Users/michaellee/Documents/powernapv2new/powernapv2new Watch App/PowerNapServices.swift:10:7: Invalid redeclaration of 'WorkoutSessionManager'

/Users/michaellee/Documents/powernapv2new/powernapv2new Watch App/PowerNapServices.swift:112:11: 'WorkoutSessionManager' is ambiguous for type lookup in this context

/Users/michaellee/Documents/powernapv2new/powernapv2new Watch App/PowerNapServices.swift:123:7: Invalid redeclaration of 'ExtendedRuntimeManager'

/Users/michaellee/Documents/powernapv2new/powernapv2new Watch App/PowerNapServices.swift:162:11: 'ExtendedRuntimeManager' is ambiguous for type lookup in this context

/Users/michaellee/Documents/powernapv2new/powernapv2new Watch App/PowerNapServices.swift:194:7: Invalid redeclaration of 'SleepDetectionService'

/Users/michaellee/Documents/powernapv2new/powernapv2new Watch App/PowerNapServices.swift:363:7: Invalid redeclaration of 'MotionManager'

/Users/michaellee/Documents/powernapv2new/powernapv2new Watch App/PowerNapServices.swift:442:7: Invalid redeclaration of 'PowerNapViewModel'

/Users/michaellee/Documents/powernapv2new/powernapv2new Watch App/PowerNapServices.swift:45:40: Cannot assign value of type 'WorkoutSessionManager' to type '(any HKLiveWorkoutBuilderDelegate)?'

/Users/michaellee/Documents/powernapv2new/powernapv2new Watch App/PowerNapServices.swift:142:29: Cannot assign value of type 'ExtendedRuntimeManager' to type '(any WKExtendedRuntimeSessionDelegate)?'

SwiftCompile normal arm64_32 Compiling\ WorkoutSessionManager.swift /Users/michaellee/Documents/powernapv2new/powernapv2new\ Watch\ App/WorkoutSessionManager.swift (in target 'powernapv2new Watch App' from project 'powernapv2new')
    cd /Users/michaellee/Documents/powernapv2new
    builtin-swiftTaskExecution -- /Applications/Xcode.app/Contents/Developer/Toolchains/XcodeDefault.xctoolchain/usr/bin/swift-frontend -frontend -c /Users/michaellee/Documents/powernapv2new/powernapv2new\ Watch\ App/ContentView.swift /Users/michaellee/Documents/powernapv2new/powernapv2new\ Watch\ App/PowerNapServices.swift /Users/michaellee/Documents/powernapv2new/powernapv2new\ Watch\ App/MotionManager.swift /Users/michaellee/Documents/powernapv2new/powernapv2new\ Watch\ App/ExtendedRuntimeManager.swift /Users/michaellee/Documents/powernapv2new/powernapv2new\ Watch\ App/powernapv2newApp.swift /Users/michaellee/Documents/powernapv2new/powernapv2new\ Watch\ App/SleepDetectionService.swift /Users/michaellee/Documents/powernapv2new/powernapv2new\ Watch\ App/PowerNapViewModel.swift -primary-file /Users/michaellee/Documents/powernapv2new/powernapv2new\ Watch\ App/WorkoutSessionManager.swift /Users/michaellee/Library/Developer/Xcode/DerivedData/powernapv2new-aqnqdjigpfxhhbaezrjmudzroopa/Build/Intermediates.noindex/powernapv2new.build/Debug-watchos/powernapv2new\ Watch\ App.build/DerivedSources/GeneratedAssetSymbols.swift -emit-dependencies-path /Users/michaellee/Library/Developer/Xcode/DerivedData/powernapv2new-aqnqdjigpfxhhbaezrjmudzroopa/Build/Intermediates.noindex/powernapv2new.build/Debug-watchos/powernapv2new\ Watch\ App.build/Objects-normal/arm64_32/WorkoutSessionManager.d -emit-const-values-path /Users/michaellee/Library/Developer/Xcode/DerivedData/powernapv2new-aqnqdjigpfxhhbaezrjmudzroopa/Build/Intermediates.noindex/powernapv2new.build/Debug-watchos/powernapv2new\ Watch\ App.build/Objects-normal/arm64_32/WorkoutSessionManager.swiftconstvalues -emit-reference-dependencies-path /Users/michaellee/Library/Developer/Xcode/DerivedData/powernapv2new-aqnqdjigpfxhhbaezrjmudzroopa/Build/Intermediates.noindex/powernapv2new.build/Debug-watchos/powernapv2new\ Watch\ App.build/Objects-normal/arm64_32/WorkoutSessionManager.swiftdeps -serialize-diagnostics-path /Users/michaellee/Library/Developer/Xcode/DerivedData/powernapv2new-aqnqdjigpfxhhbaezrjmudzroopa/Build/Intermediates.noindex/powernapv2new.build/Debug-watchos/powernapv2new\ Watch\ App.build/Objects-normal/arm64_32/WorkoutSessionManager.dia -emit-localized-strings -emit-localized-strings-path /Users/michaellee/Library/Developer/Xcode/DerivedData/powernapv2new-aqnqdjigpfxhhbaezrjmudzroopa/Build/Intermediates.noindex/powernapv2new.build/Debug-watchos/powernapv2new\ Watch\ App.build/Objects-normal/arm64_32 -target arm64_32-apple-watchos11.2 -enable-objc-interop -sdk /Applications/Xcode.app/Contents/Developer/Platforms/WatchOS.platform/Developer/SDKs/WatchOS11.2.sdk -I /Users/michaellee/Library/Developer/Xcode/DerivedData/powernapv2new-aqnqdjigpfxhhbaezrjmudzroopa/Build/Products/Debug-watchos -F /Users/michaellee/Library/Developer/Xcode/DerivedData/powernapv2new-aqnqdjigpfxhhbaezrjmudzroopa/Build/Products/Debug-watchos -no-color-diagnostics -enable-testing -g -debug-info-format\=dwarf -dwarf-version\=5 -module-cache-path /Users/michaellee/Library/Developer/Xcode/DerivedData/ModuleCache.noindex -profile-generate -profile-coverage-mapping -swift-version 5 -enforce-exclusivity\=checked -Onone -D DEBUG -serialize-debugging-options -const-gather-protocols-file /Users/michaellee/Library/Developer/Xcode/DerivedData/powernapv2new-aqnqdjigpfxhhbaezrjmudzroopa/Build/Intermediates.noindex/powernapv2new.build/Debug-watchos/powernapv2new\ Watch\ App.build/Objects-normal/arm64_32/powernapv2new\ Watch\ App_const_extract_protocols.json -enable-experimental-feature DebugDescriptionMacro -enable-experimental-feature OpaqueTypeErasure -enable-bare-slash-regex -empty-abi-descriptor -validate-clang-modules-once -clang-build-session-file /Users/michaellee/Library/Developer/Xcode/DerivedData/ModuleCache.noindex/Session.modulevalidation -Xcc -working-directory -Xcc /Users/michaellee/Documents/powernapv2new -resource-dir /Applications/Xcode.app/Contents/Developer/Toolchains/XcodeDefault.xctoolchain/usr/lib/swift -enable-anonymous-context-mangled-names -file-compilation-dir /Users/michaellee/Documents/powernapv2new -Xcc -D_LIBCPP_HARDENING_MODE\=_LIBCPP_HARDENING_MODE_DEBUG -Xcc -ivfsstatcache -Xcc /Users/michaellee/Library/Developer/Xcode/DerivedData/SDKStatCaches.noindex/watchos11.2-22S97-0b3b2baea7cb8f92e0e7a0ebd9acdf21.sdkstatcache -Xcc -I/Users/michaellee/Library/Developer/Xcode/DerivedData/powernapv2new-aqnqdjigpfxhhbaezrjmudzroopa/Build/Intermediates.noindex/powernapv2new.build/Debug-watchos/powernapv2new\ Watch\ App.build/swift-overrides.hmap -Xcc -iquote -Xcc /Users/michaellee/Library/Developer/Xcode/DerivedData/powernapv2new-aqnqdjigpfxhhbaezrjmudzroopa/Build/Intermediates.noindex/powernapv2new.build/Debug-watchos/powernapv2new\ Watch\ App.build/powernapv2new\ Watch\ App-generated-files.hmap -Xcc -I/Users/michaellee/Library/Developer/Xcode/DerivedData/powernapv2new-aqnqdjigpfxhhbaezrjmudzroopa/Build/Intermediates.noindex/powernapv2new.build/Debug-watchos/powernapv2new\ Watch\ App.build/powernapv2new\ Watch\ App-own-target-headers.hmap -Xcc -I/Users/michaellee/Library/Developer/Xcode/DerivedData/powernapv2new-aqnqdjigpfxhhbaezrjmudzroopa/Build/Intermediates.noindex/powernapv2new.build/Debug-watchos/powernapv2new\ Watch\ App.build/powernapv2new\ Watch\ App-all-target-headers.hmap -Xcc -iquote -Xcc /Users/michaellee/Library/Developer/Xcode/DerivedData/powernapv2new-aqnqdjigpfxhhbaezrjmudzroopa/Build/Intermediates.noindex/powernapv2new.build/Debug-watchos/powernapv2new\ Watch\ App.build/powernapv2new\ Watch\ App-project-headers.hmap -Xcc -I/Users/michaellee/Library/Developer/Xcode/DerivedData/powernapv2new-aqnqdjigpfxhhbaezrjmudzroopa/Build/Products/Debug-watchos/include -Xcc -I/Users/michaellee/Library/Developer/Xcode/DerivedData/powernapv2new-aqnqdjigpfxhhbaezrjmudzroopa/Build/Intermediates.noindex/powernapv2new.build/Debug-watchos/powernapv2new\ Watch\ App.build/DerivedSources-normal/arm64_32 -Xcc -I/Users/michaellee/Library/Developer/Xcode/DerivedData/powernapv2new-aqnqdjigpfxhhbaezrjmudzroopa/Build/Intermediates.noindex/powernapv2new.build/Debug-watchos/powernapv2new\ Watch\ App.build/DerivedSources/arm64_32 -Xcc -I/Users/michaellee/Library/Developer/Xcode/DerivedData/powernapv2new-aqnqdjigpfxhhbaezrjmudzroopa/Build/Intermediates.noindex/powernapv2new.build/Debug-watchos/powernapv2new\ Watch\ App.build/DerivedSources -Xcc -DDEBUG\=1 -module-name powernapv2new_Watch_App -frontend-parseable-output -disable-clang-spi -target-sdk-version 11.2 -target-sdk-name watchos11.2 -external-plugin-path /Applications/Xcode.app/Contents/Developer/Platforms/WatchOS.platform/Developer/usr/lib/swift/host/plugins\#/Applications/Xcode.app/Contents/Developer/Platforms/WatchOS.platform/Developer/usr/bin/swift-plugin-server -external-plugin-path /Applications/Xcode.app/Contents/Developer/Platforms/WatchOS.platform/Developer/usr/local/lib/swift/host/plugins\#/Applications/Xcode.app/Contents/Developer/Platforms/WatchOS.platform/Developer/usr/bin/swift-plugin-server -plugin-path /Applications/Xcode.app/Contents/Developer/Toolchains/XcodeDefault.xctoolchain/usr/lib/swift/host/plugins -plugin-path /Applications/Xcode.app/Contents/Developer/Toolchains/XcodeDefault.xctoolchain/usr/local/lib/swift/host/plugins -o /Users/michaellee/Library/Developer/Xcode/DerivedData/powernapv2new-aqnqdjigpfxhhbaezrjmudzroopa/Build/Intermediates.noindex/powernapv2new.build/Debug-watchos/powernapv2new\ Watch\ App.build/Objects-normal/arm64_32/WorkoutSessionManager.o -index-unit-output-path /powernapv2new.build/Debug-watchos/powernapv2new\ Watch\ App.build/Objects-normal/arm64_32/WorkoutSessionManager.o -index-store-path /Users/michaellee/Library/Developer/Xcode/DerivedData/powernapv2new-aqnqdjigpfxhhbaezrjmudzroopa/Index.noindex/DataStore -index-system-modules

SwiftCompile normal arm64_32 /Users/michaellee/Documents/powernapv2new/powernapv2new\ Watch\ App/WorkoutSessionManager.swift (in target 'powernapv2new Watch App' from project 'powernapv2new')
    cd /Users/michaellee/Documents/powernapv2new
    /Applications/Xcode.app/Contents/Developer/Toolchains/XcodeDefault.xctoolchain/usr/bin/swift-frontend -c /Users/michaellee/Documents/powernapv2new/powernapv2new\ Watch\ App/ContentView.swift /Users/michaellee/Documents/powernapv2new/powernapv2new\ Watch\ App/PowerNapServices.swift /Users/michaellee/Documents/powernapv2new/powernapv2new\ Watch\ App/MotionManager.swift /Users/michaellee/Documents/powernapv2new/powernapv2new\ Watch\ App/ExtendedRuntimeManager.swift /Users/michaellee/Documents/powernapv2new/powernapv2new\ Watch\ App/powernapv2newApp.swift /Users/michaellee/Documents/powernapv2new/powernapv2new\ Watch\ App/SleepDetectionService.swift /Users/michaellee/Documents/powernapv2new/powernapv2new\ Watch\ App/PowerNapViewModel.swift -primary-file /Users/michaellee/Documents/powernapv2new/powernapv2new\ Watch\ App/WorkoutSessionManager.swift /Users/michaellee/Library/Developer/Xcode/DerivedData/powernapv2new-aqnqdjigpfxhhbaezrjmudzroopa/Build/Intermediates.noindex/powernapv2new.build/Debug-watchos/powernapv2new\ Watch\ App.build/DerivedSources/GeneratedAssetSymbols.swift -emit-dependencies-path /Users/michaellee/Library/Developer/Xcode/DerivedData/powernapv2new-aqnqdjigpfxhhbaezrjmudzroopa/Build/Intermediates.noindex/powernapv2new.build/Debug-watchos/powernapv2new\ Watch\ App.build/Objects-normal/arm64_32/WorkoutSessionManager.d -emit-const-values-path /Users/michaellee/Library/Developer/Xcode/DerivedData/powernapv2new-aqnqdjigpfxhhbaezrjmudzroopa/Build/Intermediates.noindex/powernapv2new.build/Debug-watchos/powernapv2new\ Watch\ App.build/Objects-normal/arm64_32/WorkoutSessionManager.swiftconstvalues -emit-reference-dependencies-path /Users/michaellee/Library/Developer/Xcode/DerivedData/powernapv2new-aqnqdjigpfxhhbaezrjmudzroopa/Build/Intermediates.noindex/powernapv2new.build/Debug-watchos/powernapv2new\ Watch\ App.build/Objects-normal/arm64_32/WorkoutSessionManager.swiftdeps -serialize-diagnostics-path /Users/michaellee/Library/Developer/Xcode/DerivedData/powernapv2new-aqnqdjigpfxhhbaezrjmudzroopa/Build/Intermediates.noindex/powernapv2new.build/Debug-watchos/powernapv2new\ Watch\ App.build/Objects-normal/arm64_32/WorkoutSessionManager.dia -emit-localized-strings -emit-localized-strings-path /Users/michaellee/Library/Developer/Xcode/DerivedData/powernapv2new-aqnqdjigpfxhhbaezrjmudzroopa/Build/Intermediates.noindex/powernapv2new.build/Debug-watchos/powernapv2new\ Watch\ App.build/Objects-normal/arm64_32 -target arm64_32-apple-watchos11.2 -enable-objc-interop -sdk /Applications/Xcode.app/Contents/Developer/Platforms/WatchOS.platform/Developer/SDKs/WatchOS11.2.sdk -I /Users/michaellee/Library/Developer/Xcode/DerivedData/powernapv2new-aqnqdjigpfxhhbaezrjmudzroopa/Build/Products/Debug-watchos -F /Users/michaellee/Library/Developer/Xcode/DerivedData/powernapv2new-aqnqdjigpfxhhbaezrjmudzroopa/Build/Products/Debug-watchos -no-color-diagnostics -enable-testing -g -debug-info-format\=dwarf -dwarf-version\=5 -module-cache-path /Users/michaellee/Library/Developer/Xcode/DerivedData/ModuleCache.noindex -profile-generate -profile-coverage-mapping -swift-version 5 -enforce-exclusivity\=checked -Onone -D DEBUG -serialize-debugging-options -const-gather-protocols-file /Users/michaellee/Library/Developer/Xcode/DerivedData/powernapv2new-aqnqdjigpfxhhbaezrjmudzroopa/Build/Intermediates.noindex/powernapv2new.build/Debug-watchos/powernapv2new\ Watch\ App.build/Objects-normal/arm64_32/powernapv2new\ Watch\ App_const_extract_protocols.json -enable-experimental-feature DebugDescriptionMacro -enable-experimental-feature OpaqueTypeErasure -enable-bare-slash-regex -empty-abi-descriptor -validate-clang-modules-once -clang-build-session-file /Users/michaellee/Library/Developer/Xcode/DerivedData/ModuleCache.noindex/Session.modulevalidation -Xcc -working-directory -Xcc /Users/michaellee/Documents/powernapv2new -resource-dir /Applications/Xcode.app/Contents/Developer/Toolchains/XcodeDefault.xctoolchain/usr/lib/swift -enable-anonymous-context-mangled-names -file-compilation-dir /Users/michaellee/Documents/powernapv2new -Xcc -D_LIBCPP_HARDENING_MODE\=_LIBCPP_HARDENING_MODE_DEBUG -Xcc -ivfsstatcache -Xcc /Users/michaellee/Library/Developer/Xcode/DerivedData/SDKStatCaches.noindex/watchos11.2-22S97-0b3b2baea7cb8f92e0e7a0ebd9acdf21.sdkstatcache -Xcc -I/Users/michaellee/Library/Developer/Xcode/DerivedData/powernapv2new-aqnqdjigpfxhhbaezrjmudzroopa/Build/Intermediates.noindex/powernapv2new.build/Debug-watchos/powernapv2new\ Watch\ App.build/swift-overrides.hmap -Xcc -iquote -Xcc /Users/michaellee/Library/Developer/Xcode/DerivedData/powernapv2new-aqnqdjigpfxhhbaezrjmudzroopa/Build/Intermediates.noindex/powernapv2new.build/Debug-watchos/powernapv2new\ Watch\ App.build/powernapv2new\ Watch\ App-generated-files.hmap -Xcc -I/Users/michaellee/Library/Developer/Xcode/DerivedData/powernapv2new-aqnqdjigpfxhhbaezrjmudzroopa/Build/Intermediates.noindex/powernapv2new.build/Debug-watchos/powernapv2new\ Watch\ App.build/powernapv2new\ Watch\ App-own-target-headers.hmap -Xcc -I/Users/michaellee/Library/Developer/Xcode/DerivedData/powernapv2new-aqnqdjigpfxhhbaezrjmudzroopa/Build/Intermediates.noindex/powernapv2new.build/Debug-watchos/powernapv2new\ Watch\ App.build/powernapv2new\ Watch\ App-all-target-headers.hmap -Xcc -iquote -Xcc /Users/michaellee/Library/Developer/Xcode/DerivedData/powernapv2new-aqnqdjigpfxhhbaezrjmudzroopa/Build/Intermediates.noindex/powernapv2new.build/Debug-watchos/powernapv2new\ Watch\ App.build/powernapv2new\ Watch\ App-project-headers.hmap -Xcc -I/Users/michaellee/Library/Developer/Xcode/DerivedData/powernapv2new-aqnqdjigpfxhhbaezrjmudzroopa/Build/Products/Debug-watchos/include -Xcc -I/Users/michaellee/Library/Developer/Xcode/DerivedData/powernapv2new-aqnqdjigpfxhhbaezrjmudzroopa/Build/Intermediates.noindex/powernapv2new.build/Debug-watchos/powernapv2new\ Watch\ App.build/DerivedSources-normal/arm64_32 -Xcc -I/Users/michaellee/Library/Developer/Xcode/DerivedData/powernapv2new-aqnqdjigpfxhhbaezrjmudzroopa/Build/Intermediates.noindex/powernapv2new.build/Debug-watchos/powernapv2new\ Watch\ App.build/DerivedSources/arm64_32 -Xcc -I/Users/michaellee/Library/Developer/Xcode/DerivedData/powernapv2new-aqnqdjigpfxhhbaezrjmudzroopa/Build/Intermediates.noindex/powernapv2new.build/Debug-watchos/powernapv2new\ Watch\ App.build/DerivedSources -Xcc -DDEBUG\=1 -module-name powernapv2new_Watch_App -frontend-parseable-output -disable-clang-spi -target-sdk-version 11.2 -target-sdk-name watchos11.2 -external-plugin-path /Applications/Xcode.app/Contents/Developer/Platforms/WatchOS.platform/Developer/usr/lib/swift/host/plugins\#/Applications/Xcode.app/Contents/Developer/Platforms/WatchOS.platform/Developer/usr/bin/swift-plugin-server -external-plugin-path /Applications/Xcode.app/Contents/Developer/Platforms/WatchOS.platform/Developer/usr/local/lib/swift/host/plugins\#/Applications/Xcode.app/Contents/Developer/Platforms/WatchOS.platform/Developer/usr/bin/swift-plugin-server -plugin-path /Applications/Xcode.app/Contents/Developer/Toolchains/XcodeDefault.xctoolchain/usr/lib/swift/host/plugins -plugin-path /Applications/Xcode.app/Contents/Developer/Toolchains/XcodeDefault.xctoolchain/usr/local/lib/swift/host/plugins -o /Users/michaellee/Library/Developer/Xcode/DerivedData/powernapv2new-aqnqdjigpfxhhbaezrjmudzroopa/Build/Intermediates.noindex/powernapv2new.build/Debug-watchos/powernapv2new\ Watch\ App.build/Objects-normal/arm64_32/WorkoutSessionManager.o -index-unit-output-path /powernapv2new.build/Debug-watchos/powernapv2new\ Watch\ App.build/Objects-normal/arm64_32/WorkoutSessionManager.o -index-store-path /Users/michaellee/Library/Developer/Xcode/DerivedData/powernapv2new-aqnqdjigpfxhhbaezrjmudzroopa/Index.noindex/DataStore -index-system-modules

/Users/michaellee/Documents/powernapv2new/powernapv2new Watch App/WorkoutSessionManager.swift:5:7: error: invalid redeclaration of 'WorkoutSessionManager'
class WorkoutSessionManager: NSObject, HKWorkoutSessionDelegate {
      ^
/Users/michaellee/Documents/powernapv2new/powernapv2new Watch App/PowerNapServices.swift:10:7: note: 'WorkoutSessionManager' previously declared here
class WorkoutSessionManager: NSObject, HKWorkoutSessionDelegate {
      ^
/Users/michaellee/Documents/powernapv2new/powernapv2new Watch App/PowerNapServices.swift:10:7: note: 'WorkoutSessionManager' previously declared here
class WorkoutSessionManager: NSObject, HKWorkoutSessionDelegate {
      ^
/Users/michaellee/Documents/powernapv2new/powernapv2new Watch App/WorkoutSessionManager.swift:104:11: error: 'WorkoutSessionManager' is ambiguous for type lookup in this context
extension WorkoutSessionManager: HKLiveWorkoutBuilderDelegate {
          ^~~~~~~~~~~~~~~~~~~~~
/Users/michaellee/Documents/powernapv2new/powernapv2new Watch App/PowerNapServices.swift:10:7: note: found this candidate
class WorkoutSessionManager: NSObject, HKWorkoutSessionDelegate {
      ^
/Users/michaellee/Documents/powernapv2new/powernapv2new Watch App/WorkoutSessionManager.swift:5:7: note: found this candidate
class WorkoutSessionManager: NSObject, HKWorkoutSessionDelegate {
      ^
/Users/michaellee/Documents/powernapv2new/powernapv2new Watch App/WorkoutSessionManager.swift:39:40: error: cannot assign value of type 'WorkoutSessionManager' to type '(any HKLiveWorkoutBuilderDelegate)?'
            workoutBuilder?.delegate = self
                                       ^~~~
/Users/michaellee/Documents/powernapv2new/powernapv2new Watch App/WorkoutSessionManager.swift:39:40: note: add missing conformance to 'HKLiveWorkoutBuilderDelegate' to class 'WorkoutSessionManager'
            workoutBuilder?.delegate = self
                                       ^
/Users/michaellee/Documents/powernapv2new/powernapv2new Watch App/WorkoutSessionManager.swift:63:40: error: type 'HKWorkoutSessionState' has no member 'stopping'
              workoutSession.state != .stopping else {
                                      ~^~~~~~~~

/Users/michaellee/Documents/powernapv2new/powernapv2new Watch App/WorkoutSessionManager.swift:5:7: Invalid redeclaration of 'WorkoutSessionManager'

/Users/michaellee/Documents/powernapv2new/powernapv2new Watch App/WorkoutSessionManager.swift:104:11: 'WorkoutSessionManager' is ambiguous for type lookup in this context

/Users/michaellee/Documents/powernapv2new/powernapv2new Watch App/WorkoutSessionManager.swift:39:40: Cannot assign value of type 'WorkoutSessionManager' to type '(any HKLiveWorkoutBuilderDelegate)?'

/Users/michaellee/Documents/powernapv2new/powernapv2new Watch App/WorkoutSessionManager.swift:63:40: Type 'HKWorkoutSessionState' has no member 'stopping'

SwiftCompile normal arm64_32 Compiling\ ExtendedRuntimeManager.swift /Users/michaellee/Documents/powernapv2new/powernapv2new\ Watch\ App/ExtendedRuntimeManager.swift (in target 'powernapv2new Watch App' from project 'powernapv2new')
    cd /Users/michaellee/Documents/powernapv2new
    builtin-swiftTaskExecution -- /Applications/Xcode.app/Contents/Developer/Toolchains/XcodeDefault.xctoolchain/usr/bin/swift-frontend -frontend -c /Users/michaellee/Documents/powernapv2new/powernapv2new\ Watch\ App/ContentView.swift /Users/michaellee/Documents/powernapv2new/powernapv2new\ Watch\ App/PowerNapServices.swift /Users/michaellee/Documents/powernapv2new/powernapv2new\ Watch\ App/MotionManager.swift -primary-file /Users/michaellee/Documents/powernapv2new/powernapv2new\ Watch\ App/ExtendedRuntimeManager.swift /Users/michaellee/Documents/powernapv2new/powernapv2new\ Watch\ App/powernapv2newApp.swift /Users/michaellee/Documents/powernapv2new/powernapv2new\ Watch\ App/SleepDetectionService.swift /Users/michaellee/Documents/powernapv2new/powernapv2new\ Watch\ App/PowerNapViewModel.swift /Users/michaellee/Documents/powernapv2new/powernapv2new\ Watch\ App/WorkoutSessionManager.swift /Users/michaellee/Library/Developer/Xcode/DerivedData/powernapv2new-aqnqdjigpfxhhbaezrjmudzroopa/Build/Intermediates.noindex/powernapv2new.build/Debug-watchos/powernapv2new\ Watch\ App.build/DerivedSources/GeneratedAssetSymbols.swift -emit-dependencies-path /Users/michaellee/Library/Developer/Xcode/DerivedData/powernapv2new-aqnqdjigpfxhhbaezrjmudzroopa/Build/Intermediates.noindex/powernapv2new.build/Debug-watchos/powernapv2new\ Watch\ App.build/Objects-normal/arm64_32/ExtendedRuntimeManager.d -emit-const-values-path /Users/michaellee/Library/Developer/Xcode/DerivedData/powernapv2new-aqnqdjigpfxhhbaezrjmudzroopa/Build/Intermediates.noindex/powernapv2new.build/Debug-watchos/powernapv2new\ Watch\ App.build/Objects-normal/arm64_32/ExtendedRuntimeManager.swiftconstvalues -emit-reference-dependencies-path /Users/michaellee/Library/Developer/Xcode/DerivedData/powernapv2new-aqnqdjigpfxhhbaezrjmudzroopa/Build/Intermediates.noindex/powernapv2new.build/Debug-watchos/powernapv2new\ Watch\ App.build/Objects-normal/arm64_32/ExtendedRuntimeManager.swiftdeps -serialize-diagnostics-path /Users/michaellee/Library/Developer/Xcode/DerivedData/powernapv2new-aqnqdjigpfxhhbaezrjmudzroopa/Build/Intermediates.noindex/powernapv2new.build/Debug-watchos/powernapv2new\ Watch\ App.build/Objects-normal/arm64_32/ExtendedRuntimeManager.dia -emit-localized-strings -emit-localized-strings-path /Users/michaellee/Library/Developer/Xcode/DerivedData/powernapv2new-aqnqdjigpfxhhbaezrjmudzroopa/Build/Intermediates.noindex/powernapv2new.build/Debug-watchos/powernapv2new\ Watch\ App.build/Objects-normal/arm64_32 -target arm64_32-apple-watchos11.2 -enable-objc-interop -sdk /Applications/Xcode.app/Contents/Developer/Platforms/WatchOS.platform/Developer/SDKs/WatchOS11.2.sdk -I /Users/michaellee/Library/Developer/Xcode/DerivedData/powernapv2new-aqnqdjigpfxhhbaezrjmudzroopa/Build/Products/Debug-watchos -F /Users/michaellee/Library/Developer/Xcode/DerivedData/powernapv2new-aqnqdjigpfxhhbaezrjmudzroopa/Build/Products/Debug-watchos -no-color-diagnostics -enable-testing -g -debug-info-format\=dwarf -dwarf-version\=5 -module-cache-path /Users/michaellee/Library/Developer/Xcode/DerivedData/ModuleCache.noindex -profile-generate -profile-coverage-mapping -swift-version 5 -enforce-exclusivity\=checked -Onone -D DEBUG -serialize-debugging-options -const-gather-protocols-file /Users/michaellee/Library/Developer/Xcode/DerivedData/powernapv2new-aqnqdjigpfxhhbaezrjmudzroopa/Build/Intermediates.noindex/powernapv2new.build/Debug-watchos/powernapv2new\ Watch\ App.build/Objects-normal/arm64_32/powernapv2new\ Watch\ App_const_extract_protocols.json -enable-experimental-feature DebugDescriptionMacro -enable-experimental-feature OpaqueTypeErasure -enable-bare-slash-regex -empty-abi-descriptor -validate-clang-modules-once -clang-build-session-file /Users/michaellee/Library/Developer/Xcode/DerivedData/ModuleCache.noindex/Session.modulevalidation -Xcc -working-directory -Xcc /Users/michaellee/Documents/powernapv2new -resource-dir /Applications/Xcode.app/Contents/Developer/Toolchains/XcodeDefault.xctoolchain/usr/lib/swift -enable-anonymous-context-mangled-names -file-compilation-dir /Users/michaellee/Documents/powernapv2new -Xcc -D_LIBCPP_HARDENING_MODE\=_LIBCPP_HARDENING_MODE_DEBUG -Xcc -ivfsstatcache -Xcc /Users/michaellee/Library/Developer/Xcode/DerivedData/SDKStatCaches.noindex/watchos11.2-22S97-0b3b2baea7cb8f92e0e7a0ebd9acdf21.sdkstatcache -Xcc -I/Users/michaellee/Library/Developer/Xcode/DerivedData/powernapv2new-aqnqdjigpfxhhbaezrjmudzroopa/Build/Intermediates.noindex/powernapv2new.build/Debug-watchos/powernapv2new\ Watch\ App.build/swift-overrides.hmap -Xcc -iquote -Xcc /Users/michaellee/Library/Developer/Xcode/DerivedData/powernapv2new-aqnqdjigpfxhhbaezrjmudzroopa/Build/Intermediates.noindex/powernapv2new.build/Debug-watchos/powernapv2new\ Watch\ App.build/powernapv2new\ Watch\ App-generated-files.hmap -Xcc -I/Users/michaellee/Library/Developer/Xcode/DerivedData/powernapv2new-aqnqdjigpfxhhbaezrjmudzroopa/Build/Intermediates.noindex/powernapv2new.build/Debug-watchos/powernapv2new\ Watch\ App.build/powernapv2new\ Watch\ App-own-target-headers.hmap -Xcc -I/Users/michaellee/Library/Developer/Xcode/DerivedData/powernapv2new-aqnqdjigpfxhhbaezrjmudzroopa/Build/Intermediates.noindex/powernapv2new.build/Debug-watchos/powernapv2new\ Watch\ App.build/powernapv2new\ Watch\ App-all-target-headers.hmap -Xcc -iquote -Xcc /Users/michaellee/Library/Developer/Xcode/DerivedData/powernapv2new-aqnqdjigpfxhhbaezrjmudzroopa/Build/Intermediates.noindex/powernapv2new.build/Debug-watchos/powernapv2new\ Watch\ App.build/powernapv2new\ Watch\ App-project-headers.hmap -Xcc -I/Users/michaellee/Library/Developer/Xcode/DerivedData/powernapv2new-aqnqdjigpfxhhbaezrjmudzroopa/Build/Products/Debug-watchos/include -Xcc -I/Users/michaellee/Library/Developer/Xcode/DerivedData/powernapv2new-aqnqdjigpfxhhbaezrjmudzroopa/Build/Intermediates.noindex/powernapv2new.build/Debug-watchos/powernapv2new\ Watch\ App.build/DerivedSources-normal/arm64_32 -Xcc -I/Users/michaellee/Library/Developer/Xcode/DerivedData/powernapv2new-aqnqdjigpfxhhbaezrjmudzroopa/Build/Intermediates.noindex/powernapv2new.build/Debug-watchos/powernapv2new\ Watch\ App.build/DerivedSources/arm64_32 -Xcc -I/Users/michaellee/Library/Developer/Xcode/DerivedData/powernapv2new-aqnqdjigpfxhhbaezrjmudzroopa/Build/Intermediates.noindex/powernapv2new.build/Debug-watchos/powernapv2new\ Watch\ App.build/DerivedSources -Xcc -DDEBUG\=1 -module-name powernapv2new_Watch_App -frontend-parseable-output -disable-clang-spi -target-sdk-version 11.2 -target-sdk-name watchos11.2 -external-plugin-path /Applications/Xcode.app/Contents/Developer/Platforms/WatchOS.platform/Developer/usr/lib/swift/host/plugins\#/Applications/Xcode.app/Contents/Developer/Platforms/WatchOS.platform/Developer/usr/bin/swift-plugin-server -external-plugin-path /Applications/Xcode.app/Contents/Developer/Platforms/WatchOS.platform/Developer/usr/local/lib/swift/host/plugins\#/Applications/Xcode.app/Contents/Developer/Platforms/WatchOS.platform/Developer/usr/bin/swift-plugin-server -plugin-path /Applications/Xcode.app/Contents/Developer/Toolchains/XcodeDefault.xctoolchain/usr/lib/swift/host/plugins -plugin-path /Applications/Xcode.app/Contents/Developer/Toolchains/XcodeDefault.xctoolchain/usr/local/lib/swift/host/plugins -o /Users/michaellee/Library/Developer/Xcode/DerivedData/powernapv2new-aqnqdjigpfxhhbaezrjmudzroopa/Build/Intermediates.noindex/powernapv2new.build/Debug-watchos/powernapv2new\ Watch\ App.build/Objects-normal/arm64_32/ExtendedRuntimeManager.o -index-unit-output-path /powernapv2new.build/Debug-watchos/powernapv2new\ Watch\ App.build/Objects-normal/arm64_32/ExtendedRuntimeManager.o -index-store-path /Users/michaellee/Library/Developer/Xcode/DerivedData/powernapv2new-aqnqdjigpfxhhbaezrjmudzroopa/Index.noindex/DataStore -index-system-modules

SwiftCompile normal arm64_32 /Users/michaellee/Documents/powernapv2new/powernapv2new\ Watch\ App/ExtendedRuntimeManager.swift (in target 'powernapv2new Watch App' from project 'powernapv2new')
    cd /Users/michaellee/Documents/powernapv2new
    /Applications/Xcode.app/Contents/Developer/Toolchains/XcodeDefault.xctoolchain/usr/bin/swift-frontend -c /Users/michaellee/Documents/powernapv2new/powernapv2new\ Watch\ App/ContentView.swift /Users/michaellee/Documents/powernapv2new/powernapv2new\ Watch\ App/PowerNapServices.swift /Users/michaellee/Documents/powernapv2new/powernapv2new\ Watch\ App/MotionManager.swift -primary-file /Users/michaellee/Documents/powernapv2new/powernapv2new\ Watch\ App/ExtendedRuntimeManager.swift /Users/michaellee/Documents/powernapv2new/powernapv2new\ Watch\ App/powernapv2newApp.swift /Users/michaellee/Documents/powernapv2new/powernapv2new\ Watch\ App/SleepDetectionService.swift /Users/michaellee/Documents/powernapv2new/powernapv2new\ Watch\ App/PowerNapViewModel.swift /Users/michaellee/Documents/powernapv2new/powernapv2new\ Watch\ App/WorkoutSessionManager.swift /Users/michaellee/Library/Developer/Xcode/DerivedData/powernapv2new-aqnqdjigpfxhhbaezrjmudzroopa/Build/Intermediates.noindex/powernapv2new.build/Debug-watchos/powernapv2new\ Watch\ App.build/DerivedSources/GeneratedAssetSymbols.swift -emit-dependencies-path /Users/michaellee/Library/Developer/Xcode/DerivedData/powernapv2new-aqnqdjigpfxhhbaezrjmudzroopa/Build/Intermediates.noindex/powernapv2new.build/Debug-watchos/powernapv2new\ Watch\ App.build/Objects-normal/arm64_32/ExtendedRuntimeManager.d -emit-const-values-path /Users/michaellee/Library/Developer/Xcode/DerivedData/powernapv2new-aqnqdjigpfxhhbaezrjmudzroopa/Build/Intermediates.noindex/powernapv2new.build/Debug-watchos/powernapv2new\ Watch\ App.build/Objects-normal/arm64_32/ExtendedRuntimeManager.swiftconstvalues -emit-reference-dependencies-path /Users/michaellee/Library/Developer/Xcode/DerivedData/powernapv2new-aqnqdjigpfxhhbaezrjmudzroopa/Build/Intermediates.noindex/powernapv2new.build/Debug-watchos/powernapv2new\ Watch\ App.build/Objects-normal/arm64_32/ExtendedRuntimeManager.swiftdeps -serialize-diagnostics-path /Users/michaellee/Library/Developer/Xcode/DerivedData/powernapv2new-aqnqdjigpfxhhbaezrjmudzroopa/Build/Intermediates.noindex/powernapv2new.build/Debug-watchos/powernapv2new\ Watch\ App.build/Objects-normal/arm64_32/ExtendedRuntimeManager.dia -emit-localized-strings -emit-localized-strings-path /Users/michaellee/Library/Developer/Xcode/DerivedData/powernapv2new-aqnqdjigpfxhhbaezrjmudzroopa/Build/Intermediates.noindex/powernapv2new.build/Debug-watchos/powernapv2new\ Watch\ App.build/Objects-normal/arm64_32 -target arm64_32-apple-watchos11.2 -enable-objc-interop -sdk /Applications/Xcode.app/Contents/Developer/Platforms/WatchOS.platform/Developer/SDKs/WatchOS11.2.sdk -I /Users/michaellee/Library/Developer/Xcode/DerivedData/powernapv2new-aqnqdjigpfxhhbaezrjmudzroopa/Build/Products/Debug-watchos -F /Users/michaellee/Library/Developer/Xcode/DerivedData/powernapv2new-aqnqdjigpfxhhbaezrjmudzroopa/Build/Products/Debug-watchos -no-color-diagnostics -enable-testing -g -debug-info-format\=dwarf -dwarf-version\=5 -module-cache-path /Users/michaellee/Library/Developer/Xcode/DerivedData/ModuleCache.noindex -profile-generate -profile-coverage-mapping -swift-version 5 -enforce-exclusivity\=checked -Onone -D DEBUG -serialize-debugging-options -const-gather-protocols-file /Users/michaellee/Library/Developer/Xcode/DerivedData/powernapv2new-aqnqdjigpfxhhbaezrjmudzroopa/Build/Intermediates.noindex/powernapv2new.build/Debug-watchos/powernapv2new\ Watch\ App.build/Objects-normal/arm64_32/powernapv2new\ Watch\ App_const_extract_protocols.json -enable-experimental-feature DebugDescriptionMacro -enable-experimental-feature OpaqueTypeErasure -enable-bare-slash-regex -empty-abi-descriptor -validate-clang-modules-once -clang-build-session-file /Users/michaellee/Library/Developer/Xcode/DerivedData/ModuleCache.noindex/Session.modulevalidation -Xcc -working-directory -Xcc /Users/michaellee/Documents/powernapv2new -resource-dir /Applications/Xcode.app/Contents/Developer/Toolchains/XcodeDefault.xctoolchain/usr/lib/swift -enable-anonymous-context-mangled-names -file-compilation-dir /Users/michaellee/Documents/powernapv2new -Xcc -D_LIBCPP_HARDENING_MODE\=_LIBCPP_HARDENING_MODE_DEBUG -Xcc -ivfsstatcache -Xcc /Users/michaellee/Library/Developer/Xcode/DerivedData/SDKStatCaches.noindex/watchos11.2-22S97-0b3b2baea7cb8f92e0e7a0ebd9acdf21.sdkstatcache -Xcc -I/Users/michaellee/Library/Developer/Xcode/DerivedData/powernapv2new-aqnqdjigpfxhhbaezrjmudzroopa/Build/Intermediates.noindex/powernapv2new.build/Debug-watchos/powernapv2new\ Watch\ App.build/swift-overrides.hmap -Xcc -iquote -Xcc /Users/michaellee/Library/Developer/Xcode/DerivedData/powernapv2new-aqnqdjigpfxhhbaezrjmudzroopa/Build/Intermediates.noindex/powernapv2new.build/Debug-watchos/powernapv2new\ Watch\ App.build/powernapv2new\ Watch\ App-generated-files.hmap -Xcc -I/Users/michaellee/Library/Developer/Xcode/DerivedData/powernapv2new-aqnqdjigpfxhhbaezrjmudzroopa/Build/Intermediates.noindex/powernapv2new.build/Debug-watchos/powernapv2new\ Watch\ App.build/powernapv2new\ Watch\ App-own-target-headers.hmap -Xcc -I/Users/michaellee/Library/Developer/Xcode/DerivedData/powernapv2new-aqnqdjigpfxhhbaezrjmudzroopa/Build/Intermediates.noindex/powernapv2new.build/Debug-watchos/powernapv2new\ Watch\ App.build/powernapv2new\ Watch\ App-all-target-headers.hmap -Xcc -iquote -Xcc /Users/michaellee/Library/Developer/Xcode/DerivedData/powernapv2new-aqnqdjigpfxhhbaezrjmudzroopa/Build/Intermediates.noindex/powernapv2new.build/Debug-watchos/powernapv2new\ Watch\ App.build/powernapv2new\ Watch\ App-project-headers.hmap -Xcc -I/Users/michaellee/Library/Developer/Xcode/DerivedData/powernapv2new-aqnqdjigpfxhhbaezrjmudzroopa/Build/Products/Debug-watchos/include -Xcc -I/Users/michaellee/Library/Developer/Xcode/DerivedData/powernapv2new-aqnqdjigpfxhhbaezrjmudzroopa/Build/Intermediates.noindex/powernapv2new.build/Debug-watchos/powernapv2new\ Watch\ App.build/DerivedSources-normal/arm64_32 -Xcc -I/Users/michaellee/Library/Developer/Xcode/DerivedData/powernapv2new-aqnqdjigpfxhhbaezrjmudzroopa/Build/Intermediates.noindex/powernapv2new.build/Debug-watchos/powernapv2new\ Watch\ App.build/DerivedSources/arm64_32 -Xcc -I/Users/michaellee/Library/Developer/Xcode/DerivedData/powernapv2new-aqnqdjigpfxhhbaezrjmudzroopa/Build/Intermediates.noindex/powernapv2new.build/Debug-watchos/powernapv2new\ Watch\ App.build/DerivedSources -Xcc -DDEBUG\=1 -module-name powernapv2new_Watch_App -frontend-parseable-output -disable-clang-spi -target-sdk-version 11.2 -target-sdk-name watchos11.2 -external-plugin-path /Applications/Xcode.app/Contents/Developer/Platforms/WatchOS.platform/Developer/usr/lib/swift/host/plugins\#/Applications/Xcode.app/Contents/Developer/Platforms/WatchOS.platform/Developer/usr/bin/swift-plugin-server -external-plugin-path /Applications/Xcode.app/Contents/Developer/Platforms/WatchOS.platform/Developer/usr/local/lib/swift/host/plugins\#/Applications/Xcode.app/Contents/Developer/Platforms/WatchOS.platform/Developer/usr/bin/swift-plugin-server -plugin-path /Applications/Xcode.app/Contents/Developer/Toolchains/XcodeDefault.xctoolchain/usr/lib/swift/host/plugins -plugin-path /Applications/Xcode.app/Contents/Developer/Toolchains/XcodeDefault.xctoolchain/usr/local/lib/swift/host/plugins -o /Users/michaellee/Library/Developer/Xcode/DerivedData/powernapv2new-aqnqdjigpfxhhbaezrjmudzroopa/Build/Intermediates.noindex/powernapv2new.build/Debug-watchos/powernapv2new\ Watch\ App.build/Objects-normal/arm64_32/ExtendedRuntimeManager.o -index-unit-output-path /powernapv2new.build/Debug-watchos/powernapv2new\ Watch\ App.build/Objects-normal/arm64_32/ExtendedRuntimeManager.o -index-store-path /Users/michaellee/Library/Developer/Xcode/DerivedData/powernapv2new-aqnqdjigpfxhhbaezrjmudzroopa/Index.noindex/DataStore -index-system-modules

/Users/michaellee/Documents/powernapv2new/powernapv2new Watch App/ExtendedRuntimeManager.swift:5:7: error: invalid redeclaration of 'ExtendedRuntimeManager'
class ExtendedRuntimeManager: NSObject, WKExtendedRuntimeSessionDelegate {
      ^
/Users/michaellee/Documents/powernapv2new/powernapv2new Watch App/PowerNapServices.swift:123:7: note: 'ExtendedRuntimeManager' previously declared here
class ExtendedRuntimeManager: NSObject {
      ^
/Users/michaellee/Documents/powernapv2new/powernapv2new Watch App/PowerNapServices.swift:123:7: note: 'ExtendedRuntimeManager' previously declared here
class ExtendedRuntimeManager: NSObject {
      ^
/Users/michaellee/Documents/powernapv2new/powernapv2new Watch App/ExtendedRuntimeManager.swift:40:15: error: type 'WKExtendedRuntimeSessionInvalidationReason' has no member 'notSupported'
        case .notSupported:
             ~^~~~~~~~~~~~
/Users/michaellee/Documents/powernapv2new/powernapv2new Watch App/ExtendedRuntimeManager.swift:42:15: error: type 'WKExtendedRuntimeSessionInvalidationReason' has no member 'userCancelled'
        case .userCancelled:
             ~^~~~~~~~~~~~~
/Users/michaellee/Documents/powernapv2new/powernapv2new Watch App/ExtendedRuntimeManager.swift:44:15: error: type 'WKExtendedRuntimeSessionInvalidationReason' has no member 'runtime'
        case .runtime:
             ~^~~~~~~
/Users/michaellee/Documents/powernapv2new/powernapv2new Watch App/ExtendedRuntimeManager.swift:46:15: error: type 'WKExtendedRuntimeSessionInvalidationReason' has no member 'failed'
        case .failed:
             ~^~~~~~
/Users/michaellee/Documents/powernapv2new/powernapv2new Watch App/ExtendedRuntimeManager.swift:48:15: error: type 'WKExtendedRuntimeSessionInvalidationReason' has no member 'watchOSVersion'
        case .watchOSVersion:
             ~^~~~~~~~~~~~~~

/Users/michaellee/Documents/powernapv2new/powernapv2new Watch App/ExtendedRuntimeManager.swift:5:7: Invalid redeclaration of 'ExtendedRuntimeManager'

/Users/michaellee/Documents/powernapv2new/powernapv2new Watch App/ExtendedRuntimeManager.swift:40:15: Type 'WKExtendedRuntimeSessionInvalidationReason' has no member 'notSupported'

/Users/michaellee/Documents/powernapv2new/powernapv2new Watch App/ExtendedRuntimeManager.swift:42:15: Type 'WKExtendedRuntimeSessionInvalidationReason' has no member 'userCancelled'

/Users/michaellee/Documents/powernapv2new/powernapv2new Watch App/ExtendedRuntimeManager.swift:44:15: Type 'WKExtendedRuntimeSessionInvalidationReason' has no member 'runtime'

/Users/michaellee/Documents/powernapv2new/powernapv2new Watch App/ExtendedRuntimeManager.swift:46:15: Type 'WKExtendedRuntimeSessionInvalidationReason' has no member 'failed'

/Users/michaellee/Documents/powernapv2new/powernapv2new Watch App/ExtendedRuntimeManager.swift:48:15: Type 'WKExtendedRuntimeSessionInvalidationReason' has no member 'watchOSVersion'

SwiftCompile normal arm64_32 Compiling\ powernapv2newApp.swift /Users/michaellee/Documents/powernapv2new/powernapv2new\ Watch\ App/powernapv2newApp.swift (in target 'powernapv2new Watch App' from project 'powernapv2new')
    cd /Users/michaellee/Documents/powernapv2new
    builtin-swiftTaskExecution -- /Applications/Xcode.app/Contents/Developer/Toolchains/XcodeDefault.xctoolchain/usr/bin/swift-frontend -frontend -c /Users/michaellee/Documents/powernapv2new/powernapv2new\ Watch\ App/ContentView.swift /Users/michaellee/Documents/powernapv2new/powernapv2new\ Watch\ App/PowerNapServices.swift /Users/michaellee/Documents/powernapv2new/powernapv2new\ Watch\ App/MotionManager.swift /Users/michaellee/Documents/powernapv2new/powernapv2new\ Watch\ App/ExtendedRuntimeManager.swift -primary-file /Users/michaellee/Documents/powernapv2new/powernapv2new\ Watch\ App/powernapv2newApp.swift /Users/michaellee/Documents/powernapv2new/powernapv2new\ Watch\ App/SleepDetectionService.swift /Users/michaellee/Documents/powernapv2new/powernapv2new\ Watch\ App/PowerNapViewModel.swift /Users/michaellee/Documents/powernapv2new/powernapv2new\ Watch\ App/WorkoutSessionManager.swift /Users/michaellee/Library/Developer/Xcode/DerivedData/powernapv2new-aqnqdjigpfxhhbaezrjmudzroopa/Build/Intermediates.noindex/powernapv2new.build/Debug-watchos/powernapv2new\ Watch\ App.build/DerivedSources/GeneratedAssetSymbols.swift -emit-dependencies-path /Users/michaellee/Library/Developer/Xcode/DerivedData/powernapv2new-aqnqdjigpfxhhbaezrjmudzroopa/Build/Intermediates.noindex/powernapv2new.build/Debug-watchos/powernapv2new\ Watch\ App.build/Objects-normal/arm64_32/powernapv2newApp.d -emit-const-values-path /Users/michaellee/Library/Developer/Xcode/DerivedData/powernapv2new-aqnqdjigpfxhhbaezrjmudzroopa/Build/Intermediates.noindex/powernapv2new.build/Debug-watchos/powernapv2new\ Watch\ App.build/Objects-normal/arm64_32/powernapv2newApp.swiftconstvalues -emit-reference-dependencies-path /Users/michaellee/Library/Developer/Xcode/DerivedData/powernapv2new-aqnqdjigpfxhhbaezrjmudzroopa/Build/Intermediates.noindex/powernapv2new.build/Debug-watchos/powernapv2new\ Watch\ App.build/Objects-normal/arm64_32/powernapv2newApp.swiftdeps -serialize-diagnostics-path /Users/michaellee/Library/Developer/Xcode/DerivedData/powernapv2new-aqnqdjigpfxhhbaezrjmudzroopa/Build/Intermediates.noindex/powernapv2new.build/Debug-watchos/powernapv2new\ Watch\ App.build/Objects-normal/arm64_32/powernapv2newApp.dia -emit-localized-strings -emit-localized-strings-path /Users/michaellee/Library/Developer/Xcode/DerivedData/powernapv2new-aqnqdjigpfxhhbaezrjmudzroopa/Build/Intermediates.noindex/powernapv2new.build/Debug-watchos/powernapv2new\ Watch\ App.build/Objects-normal/arm64_32 -target arm64_32-apple-watchos11.2 -enable-objc-interop -sdk /Applications/Xcode.app/Contents/Developer/Platforms/WatchOS.platform/Developer/SDKs/WatchOS11.2.sdk -I /Users/michaellee/Library/Developer/Xcode/DerivedData/powernapv2new-aqnqdjigpfxhhbaezrjmudzroopa/Build/Products/Debug-watchos -F /Users/michaellee/Library/Developer/Xcode/DerivedData/powernapv2new-aqnqdjigpfxhhbaezrjmudzroopa/Build/Products/Debug-watchos -no-color-diagnostics -enable-testing -g -debug-info-format\=dwarf -dwarf-version\=5 -module-cache-path /Users/michaellee/Library/Developer/Xcode/DerivedData/ModuleCache.noindex -profile-generate -profile-coverage-mapping -swift-version 5 -enforce-exclusivity\=checked -Onone -D DEBUG -serialize-debugging-options -const-gather-protocols-file /Users/michaellee/Library/Developer/Xcode/DerivedData/powernapv2new-aqnqdjigpfxhhbaezrjmudzroopa/Build/Intermediates.noindex/powernapv2new.build/Debug-watchos/powernapv2new\ Watch\ App.build/Objects-normal/arm64_32/powernapv2new\ Watch\ App_const_extract_protocols.json -enable-experimental-feature DebugDescriptionMacro -enable-experimental-feature OpaqueTypeErasure -enable-bare-slash-regex -empty-abi-descriptor -validate-clang-modules-once -clang-build-session-file /Users/michaellee/Library/Developer/Xcode/DerivedData/ModuleCache.noindex/Session.modulevalidation -Xcc -working-directory -Xcc /Users/michaellee/Documents/powernapv2new -resource-dir /Applications/Xcode.app/Contents/Developer/Toolchains/XcodeDefault.xctoolchain/usr/lib/swift -enable-anonymous-context-mangled-names -file-compilation-dir /Users/michaellee/Documents/powernapv2new -Xcc -D_LIBCPP_HARDENING_MODE\=_LIBCPP_HARDENING_MODE_DEBUG -Xcc -ivfsstatcache -Xcc /Users/michaellee/Library/Developer/Xcode/DerivedData/SDKStatCaches.noindex/watchos11.2-22S97-0b3b2baea7cb8f92e0e7a0ebd9acdf21.sdkstatcache -Xcc -I/Users/michaellee/Library/Developer/Xcode/DerivedData/powernapv2new-aqnqdjigpfxhhbaezrjmudzroopa/Build/Intermediates.noindex/powernapv2new.build/Debug-watchos/powernapv2new\ Watch\ App.build/swift-overrides.hmap -Xcc -iquote -Xcc /Users/michaellee/Library/Developer/Xcode/DerivedData/powernapv2new-aqnqdjigpfxhhbaezrjmudzroopa/Build/Intermediates.noindex/powernapv2new.build/Debug-watchos/powernapv2new\ Watch\ App.build/powernapv2new\ Watch\ App-generated-files.hmap -Xcc -I/Users/michaellee/Library/Developer/Xcode/DerivedData/powernapv2new-aqnqdjigpfxhhbaezrjmudzroopa/Build/Intermediates.noindex/powernapv2new.build/Debug-watchos/powernapv2new\ Watch\ App.build/powernapv2new\ Watch\ App-own-target-headers.hmap -Xcc -I/Users/michaellee/Library/Developer/Xcode/DerivedData/powernapv2new-aqnqdjigpfxhhbaezrjmudzroopa/Build/Intermediates.noindex/powernapv2new.build/Debug-watchos/powernapv2new\ Watch\ App.build/powernapv2new\ Watch\ App-all-target-headers.hmap -Xcc -iquote -Xcc /Users/michaellee/Library/Developer/Xcode/DerivedData/powernapv2new-aqnqdjigpfxhhbaezrjmudzroopa/Build/Intermediates.noindex/powernapv2new.build/Debug-watchos/powernapv2new\ Watch\ App.build/powernapv2new\ Watch\ App-project-headers.hmap -Xcc -I/Users/michaellee/Library/Developer/Xcode/DerivedData/powernapv2new-aqnqdjigpfxhhbaezrjmudzroopa/Build/Products/Debug-watchos/include -Xcc -I/Users/michaellee/Library/Developer/Xcode/DerivedData/powernapv2new-aqnqdjigpfxhhbaezrjmudzroopa/Build/Intermediates.noindex/powernapv2new.build/Debug-watchos/powernapv2new\ Watch\ App.build/DerivedSources-normal/arm64_32 -Xcc -I/Users/michaellee/Library/Developer/Xcode/DerivedData/powernapv2new-aqnqdjigpfxhhbaezrjmudzroopa/Build/Intermediates.noindex/powernapv2new.build/Debug-watchos/powernapv2new\ Watch\ App.build/DerivedSources/arm64_32 -Xcc -I/Users/michaellee/Library/Developer/Xcode/DerivedData/powernapv2new-aqnqdjigpfxhhbaezrjmudzroopa/Build/Intermediates.noindex/powernapv2new.build/Debug-watchos/powernapv2new\ Watch\ App.build/DerivedSources -Xcc -DDEBUG\=1 -module-name powernapv2new_Watch_App -frontend-parseable-output -disable-clang-spi -target-sdk-version 11.2 -target-sdk-name watchos11.2 -external-plugin-path /Applications/Xcode.app/Contents/Developer/Platforms/WatchOS.platform/Developer/usr/lib/swift/host/plugins\#/Applications/Xcode.app/Contents/Developer/Platforms/WatchOS.platform/Developer/usr/bin/swift-plugin-server -external-plugin-path /Applications/Xcode.app/Contents/Developer/Platforms/WatchOS.platform/Developer/usr/local/lib/swift/host/plugins\#/Applications/Xcode.app/Contents/Developer/Platforms/WatchOS.platform/Developer/usr/bin/swift-plugin-server -plugin-path /Applications/Xcode.app/Contents/Developer/Toolchains/XcodeDefault.xctoolchain/usr/lib/swift/host/plugins -plugin-path /Applications/Xcode.app/Contents/Developer/Toolchains/XcodeDefault.xctoolchain/usr/local/lib/swift/host/plugins -o /Users/michaellee/Library/Developer/Xcode/DerivedData/powernapv2new-aqnqdjigpfxhhbaezrjmudzroopa/Build/Intermediates.noindex/powernapv2new.build/Debug-watchos/powernapv2new\ Watch\ App.build/Objects-normal/arm64_32/powernapv2newApp.o -index-unit-output-path /powernapv2new.build/Debug-watchos/powernapv2new\ Watch\ App.build/Objects-normal/arm64_32/powernapv2newApp.o -index-store-path /Users/michaellee/Library/Developer/Xcode/DerivedData/powernapv2new-aqnqdjigpfxhhbaezrjmudzroopa/Index.noindex/DataStore -index-system-modules

Command SwiftCompile failed with a nonzero exit code

Command SwiftCompile failed with a nonzero exit code



Build failed    4/28/25, 7:27PM    1.9 seconds
